[0.661s] DEBUG:colcon:Command line arguments: ['/usr/bin/colcon', 'build']
[0.661s] DEBUG:colcon:Parsed command line arguments: Namespace(log_base=None, log_level=None, verb_name='build', build_base='build', install_base='install', merge_install=False, symlink_install=False, test_result_base=None, continue_on_error=False, executor='parallel', parallel_workers=4, event_handlers=None, ignore_user_meta=False, metas=['./colcon.meta'], base_paths=['.'], packages_ignore=None, packages_ignore_regex=None, paths=None, packages_up_to=None, packages_up_to_regex=None, packages_above=None, packages_above_and_dependencies=None, packages_above_depth=None, packages_select_by_dep=None, packages_skip_by_dep=None, packages_skip_up_to=None, packages_select_build_failed=False, packages_skip_build_finished=False, packages_select_test_failures=False, packages_skip_test_passed=False, packages_select=None, packages_skip=None, packages_select_regex=None, packages_skip_regex=None, packages_start=None, packages_end=None, allow_overriding=[], cmake_args=None, cmake_target=None, cmake_target_skip_unavailable=False, cmake_clean_cache=False, cmake_clean_first=False, cmake_force_configure=False, meson_args=[], ament_cmake_args=None, catkin_cmake_args=None, catkin_skip_building_tests=False, mixin_files=None, mixin=None, verb_parser=<colcon_mixin.mixin.mixin_argument.MixinArgumentDecorator object at 0xffff9aa198e0>, verb_extension=<colcon_core.verb.build.BuildVerb object at 0xffff9abd5f10>, main=<bound method BuildVerb.main of <colcon_core.verb.build.BuildVerb object at 0xffff9abd5f10>>, mixin_verb=('build',))
[0.780s] Level 1:colcon.colcon_core.package_discovery:discover_packages(colcon_meta) check parameters
[0.780s] Level 1:colcon.colcon_core.package_discovery:discover_packages(recursive) check parameters
[0.780s] Level 1:colcon.colcon_core.package_discovery:discover_packages(ignore) check parameters
[0.780s] Level 1:colcon.colcon_core.package_discovery:discover_packages(path) check parameters
[0.780s] Level 1:colcon.colcon_core.package_discovery:discover_packages(colcon_meta) discover
[0.781s] Level 1:colcon.colcon_core.package_discovery:discover_packages(recursive) discover
[0.781s] INFO:colcon.colcon_core.package_discovery:Crawling recursively for packages in '/home/me/maedongyee_ws'
[0.781s] Level 1:colcon.colcon_core.package_identification:_identify(.) by extensions ['ignore', 'ignore_ament_install']
[0.781s] Level 1:colcon.colcon_core.package_identification:_identify(.) by extension 'ignore'
[0.781s] Level 1:colcon.colcon_core.package_identification:_identify(.) by extension 'ignore_ament_install'
[0.781s] Level 1:colcon.colcon_core.package_identification:_identify(.) by extensions ['colcon_pkg']
[0.781s] Level 1:colcon.colcon_core.package_identification:_identify(.) by extension 'colcon_pkg'
[0.782s] Level 1:colcon.colcon_core.package_identification:_identify(.) by extensions ['colcon_meta']
[0.782s] Level 1:colcon.colcon_core.package_identification:_identify(.) by extension 'colcon_meta'
[0.782s] Level 1:colcon.colcon_core.package_identification:_identify(.) by extensions ['ros']
[0.782s] Level 1:colcon.colcon_core.package_identification:_identify(.) by extension 'ros'
[0.853s] Level 1:colcon.colcon_core.package_identification:_identify(.) by extensions ['cmake', 'meson', 'python']
[0.853s] Level 1:colcon.colcon_core.package_identification:_identify(.) by extension 'cmake'
[0.853s] Level 1:colcon.colcon_core.package_identification:_identify(.) by extension 'meson'
[0.855s] Level 1:colcon.colcon_core.package_identification:_identify(.) by extension 'python'
[0.855s] Level 1:colcon.colcon_core.package_identification:_identify(.) by extensions ['python_setup_py']
[0.855s] Level 1:colcon.colcon_core.package_identification:_identify(.) by extension 'python_setup_py'
[0.855s] Level 1:colcon.colcon_core.package_identification:_identify(aicar_bringup) by extensions ['ignore', 'ignore_ament_install']
[0.855s] Level 1:colcon.colcon_core.package_identification:_identify(aicar_bringup) by extension 'ignore'
[0.856s] Level 1:colcon.colcon_core.package_identification:_identify(aicar_bringup) by extension 'ignore_ament_install'
[0.856s] Level 1:colcon.colcon_core.package_identification:_identify(aicar_bringup) by extensions ['colcon_pkg']
[0.856s] Level 1:colcon.colcon_core.package_identification:_identify(aicar_bringup) by extension 'colcon_pkg'
[0.856s] Level 1:colcon.colcon_core.package_identification:_identify(aicar_bringup) by extensions ['colcon_meta']
[0.856s] Level 1:colcon.colcon_core.package_identification:_identify(aicar_bringup) by extension 'colcon_meta'
[0.856s] Level 1:colcon.colcon_core.package_identification:_identify(aicar_bringup) by extensions ['ros']
[0.856s] Level 1:colcon.colcon_core.package_identification:_identify(aicar_bringup) by extension 'ros'
[0.861s] DEBUG:colcon.colcon_core.package_identification:Package 'aicar_bringup' with type 'ros.ament_cmake' and name 'aicar_bringup'
[0.862s] Level 1:colcon.colcon_core.package_identification:_identify(aicar_controller) by extensions ['ignore', 'ignore_ament_install']
[0.862s] Level 1:colcon.colcon_core.package_identification:_identify(aicar_controller) by extension 'ignore'
[0.862s] Level 1:colcon.colcon_core.package_identification:_identify(aicar_controller) by extension 'ignore_ament_install'
[0.862s] Level 1:colcon.colcon_core.package_identification:_identify(aicar_controller) by extensions ['colcon_pkg']
[0.862s] Level 1:colcon.colcon_core.package_identification:_identify(aicar_controller) by extension 'colcon_pkg'
[0.862s] Level 1:colcon.colcon_core.package_identification:_identify(aicar_controller) by extensions ['colcon_meta']
[0.862s] Level 1:colcon.colcon_core.package_identification:_identify(aicar_controller) by extension 'colcon_meta'
[0.862s] Level 1:colcon.colcon_core.package_identification:_identify(aicar_controller) by extensions ['ros']
[0.862s] Level 1:colcon.colcon_core.package_identification:_identify(aicar_controller) by extension 'ros'
[0.863s] DEBUG:colcon.colcon_core.package_identification:Package 'aicar_controller' with type 'ros.ament_python' and name 'aicar_controller'
[0.863s] Level 1:colcon.colcon_core.package_identification:_identify(aicar_driver) by extensions ['ignore', 'ignore_ament_install']
[0.863s] Level 1:colcon.colcon_core.package_identification:_identify(aicar_driver) by extension 'ignore'
[0.863s] Level 1:colcon.colcon_core.package_identification:_identify(aicar_driver) by extension 'ignore_ament_install'
[0.863s] Level 1:colcon.colcon_core.package_identification:_identify(aicar_driver) by extensions ['colcon_pkg']
[0.863s] Level 1:colcon.colcon_core.package_identification:_identify(aicar_driver) by extension 'colcon_pkg'
[0.863s] Level 1:colcon.colcon_core.package_identification:_identify(aicar_driver) by extensions ['colcon_meta']
[0.863s] Level 1:colcon.colcon_core.package_identification:_identify(aicar_driver) by extension 'colcon_meta'
[0.863s] Level 1:colcon.colcon_core.package_identification:_identify(aicar_driver) by extensions ['ros']
[0.863s] Level 1:colcon.colcon_core.package_identification:_identify(aicar_driver) by extension 'ros'
[0.864s] DEBUG:colcon.colcon_core.package_identification:Package 'aicar_driver' with type 'ros.ament_python' and name 'aicar_driver'
[0.864s] Level 1:colcon.colcon_core.package_identification:_identify(aicar_msgs) by extensions ['ignore', 'ignore_ament_install']
[0.864s] Level 1:colcon.colcon_core.package_identification:_identify(aicar_msgs) by extension 'ignore'
[0.864s] Level 1:colcon.colcon_core.package_identification:_identify(aicar_msgs) by extension 'ignore_ament_install'
[0.864s] Level 1:colcon.colcon_core.package_identification:_identify(aicar_msgs) by extensions ['colcon_pkg']
[0.864s] Level 1:colcon.colcon_core.package_identification:_identify(aicar_msgs) by extension 'colcon_pkg'
[0.865s] Level 1:colcon.colcon_core.package_identification:_identify(aicar_msgs) by extensions ['colcon_meta']
[0.865s] Level 1:colcon.colcon_core.package_identification:_identify(aicar_msgs) by extension 'colcon_meta'
[0.865s] Level 1:colcon.colcon_core.package_identification:_identify(aicar_msgs) by extensions ['ros']
[0.865s] Level 1:colcon.colcon_core.package_identification:_identify(aicar_msgs) by extension 'ros'
[0.865s] DEBUG:colcon.colcon_core.package_identification:Package 'aicar_msgs' with type 'ros.ament_cmake' and name 'aicar_msgs'
[0.866s] Level 1:colcon.colcon_core.package_identification:_identify(aicar_ui) by extensions ['ignore', 'ignore_ament_install']
[0.866s] Level 1:colcon.colcon_core.package_identification:_identify(aicar_ui) by extension 'ignore'
[0.866s] Level 1:colcon.colcon_core.package_identification:_identify(aicar_ui) by extension 'ignore_ament_install'
[0.866s] Level 1:colcon.colcon_core.package_identification:_identify(aicar_ui) by extensions ['colcon_pkg']
[0.866s] Level 1:colcon.colcon_core.package_identification:_identify(aicar_ui) by extension 'colcon_pkg'
[0.866s] Level 1:colcon.colcon_core.package_identification:_identify(aicar_ui) by extensions ['colcon_meta']
[0.866s] Level 1:colcon.colcon_core.package_identification:_identify(aicar_ui) by extension 'colcon_meta'
[0.866s] Level 1:colcon.colcon_core.package_identification:_identify(aicar_ui) by extensions ['ros']
[0.866s] Level 1:colcon.colcon_core.package_identification:_identify(aicar_ui) by extension 'ros'
[0.867s] DEBUG:colcon.colcon_core.package_identification:Package 'aicar_ui' with type 'ros.ament_python' and name 'aicar_ui'
[0.867s] Level 1:colcon.colcon_core.package_identification:_identify(aicar_vision) by extensions ['ignore', 'ignore_ament_install']
[0.867s] Level 1:colcon.colcon_core.package_identification:_identify(aicar_vision) by extension 'ignore'
[0.867s] Level 1:colcon.colcon_core.package_identification:_identify(aicar_vision) by extension 'ignore_ament_install'
[0.867s] Level 1:colcon.colcon_core.package_identification:_identify(aicar_vision) by extensions ['colcon_pkg']
[0.867s] Level 1:colcon.colcon_core.package_identification:_identify(aicar_vision) by extension 'colcon_pkg'
[0.867s] Level 1:colcon.colcon_core.package_identification:_identify(aicar_vision) by extensions ['colcon_meta']
[0.867s] Level 1:colcon.colcon_core.package_identification:_identify(aicar_vision) by extension 'colcon_meta'
[0.867s] Level 1:colcon.colcon_core.package_identification:_identify(aicar_vision) by extensions ['ros']
[0.867s] Level 1:colcon.colcon_core.package_identification:_identify(aicar_vision) by extension 'ros'
[0.868s] DEBUG:colcon.colcon_core.package_identification:Package 'aicar_vision' with type 'ros.ament_python' and name 'aicar_vision'
[0.868s] Level 1:colcon.colcon_core.package_identification:_identify(build) by extensions ['ignore', 'ignore_ament_install']
[0.868s] Level 1:colcon.colcon_core.package_identification:_identify(build) by extension 'ignore'
[0.868s] Level 1:colcon.colcon_core.package_identification:_identify(build) ignored
[0.868s] Level 1:colcon.colcon_core.package_identification:_identify(install) by extensions ['ignore', 'ignore_ament_install']
[0.868s] Level 1:colcon.colcon_core.package_identification:_identify(install) by extension 'ignore'
[0.868s] Level 1:colcon.colcon_core.package_identification:_identify(install) ignored
[0.869s] Level 1:colcon.colcon_core.package_identification:_identify(log) by extensions ['ignore', 'ignore_ament_install']
[0.869s] Level 1:colcon.colcon_core.package_identification:_identify(log) by extension 'ignore'
[0.869s] Level 1:colcon.colcon_core.package_identification:_identify(log) ignored
[0.869s] Level 1:colcon.colcon_core.package_discovery:discover_packages(recursive) using defaults
[0.869s] Level 1:colcon.colcon_core.package_discovery:discover_packages(ignore) discover
[0.869s] Level 1:colcon.colcon_core.package_discovery:discover_packages(ignore) using defaults
[0.869s] Level 1:colcon.colcon_core.package_discovery:discover_packages(path) discover
[0.869s] Level 1:colcon.colcon_core.package_discovery:discover_packages(path) using defaults
[0.911s] Level 1:colcon.colcon_core.package_discovery:discover_packages(prefix_path) check parameters
[0.911s] Level 1:colcon.colcon_core.package_discovery:discover_packages(prefix_path) discover
[0.919s] DEBUG:colcon.colcon_installed_package_information.package_discovery:Found 6 installed packages in /home/me/maedongyee_ws/install
[0.923s] DEBUG:colcon.colcon_installed_package_information.package_discovery:Found 292 installed packages in /opt/ros/jazzy
[0.927s] Level 1:colcon.colcon_core.package_discovery:discover_packages(prefix_path) using defaults
[1.119s] Level 5:colcon.colcon_core.verb:set package 'aicar_driver' build argument 'cmake_args' from command line to 'None'
[1.120s] Level 5:colcon.colcon_core.verb:set package 'aicar_driver' build argument 'cmake_target' from command line to 'None'
[1.120s] Level 5:colcon.colcon_core.verb:set package 'aicar_driver' build argument 'cmake_target_skip_unavailable' from command line to 'False'
[1.120s] Level 5:colcon.colcon_core.verb:set package 'aicar_driver' build argument 'cmake_clean_cache' from command line to 'False'
[1.120s] Level 5:colcon.colcon_core.verb:set package 'aicar_driver' build argument 'cmake_clean_first' from command line to 'False'
[1.120s] Level 5:colcon.colcon_core.verb:set package 'aicar_driver' build argument 'cmake_force_configure' from command line to 'False'
[1.120s] Level 5:colcon.colcon_core.verb:set package 'aicar_driver' build argument 'meson_args' from command line to '[]'
[1.120s] Level 5:colcon.colcon_core.verb:set package 'aicar_driver' build argument 'ament_cmake_args' from command line to 'None'
[1.120s] Level 5:colcon.colcon_core.verb:set package 'aicar_driver' build argument 'catkin_cmake_args' from command line to 'None'
[1.120s] Level 5:colcon.colcon_core.verb:set package 'aicar_driver' build argument 'catkin_skip_building_tests' from command line to 'False'
[1.120s] DEBUG:colcon.colcon_core.verb:Building package 'aicar_driver' with the following arguments: {'ament_cmake_args': None, 'build_base': '/home/me/maedongyee_ws/build/aicar_driver', 'catkin_cmake_args': None, 'catkin_skip_building_tests': False, 'cmake_args': None, 'cmake_clean_cache': False, 'cmake_clean_first': False, 'cmake_force_configure': False, 'cmake_target': None, 'cmake_target_skip_unavailable': False, 'install_base': '/home/me/maedongyee_ws/install/aicar_driver', 'merge_install': False, 'meson_args': [], 'path': '/home/me/maedongyee_ws/aicar_driver', 'symlink_install': False, 'test_result_base': None}
[1.133s] Level 5:colcon.colcon_core.verb:set package 'aicar_msgs' build argument 'cmake_args' from command line to 'None'
[1.133s] Level 5:colcon.colcon_core.verb:set package 'aicar_msgs' build argument 'cmake_target' from command line to 'None'
[1.133s] Level 5:colcon.colcon_core.verb:set package 'aicar_msgs' build argument 'cmake_target_skip_unavailable' from command line to 'False'
[1.133s] Level 5:colcon.colcon_core.verb:set package 'aicar_msgs' build argument 'cmake_clean_cache' from command line to 'False'
[1.133s] Level 5:colcon.colcon_core.verb:set package 'aicar_msgs' build argument 'cmake_clean_first' from command line to 'False'
[1.133s] Level 5:colcon.colcon_core.verb:set package 'aicar_msgs' build argument 'cmake_force_configure' from command line to 'False'
[1.133s] Level 5:colcon.colcon_core.verb:set package 'aicar_msgs' build argument 'meson_args' from command line to '[]'
[1.133s] Level 5:colcon.colcon_core.verb:set package 'aicar_msgs' build argument 'ament_cmake_args' from command line to 'None'
[1.133s] Level 5:colcon.colcon_core.verb:set package 'aicar_msgs' build argument 'catkin_cmake_args' from command line to 'None'
[1.133s] Level 5:colcon.colcon_core.verb:set package 'aicar_msgs' build argument 'catkin_skip_building_tests' from command line to 'False'
[1.133s] DEBUG:colcon.colcon_core.verb:Building package 'aicar_msgs' with the following arguments: {'ament_cmake_args': None, 'build_base': '/home/me/maedongyee_ws/build/aicar_msgs', 'catkin_cmake_args': None, 'catkin_skip_building_tests': False, 'cmake_args': None, 'cmake_clean_cache': False, 'cmake_clean_first': False, 'cmake_force_configure': False, 'cmake_target': None, 'cmake_target_skip_unavailable': False, 'install_base': '/home/me/maedongyee_ws/install/aicar_msgs', 'merge_install': False, 'meson_args': [], 'path': '/home/me/maedongyee_ws/aicar_msgs', 'symlink_install': False, 'test_result_base': None}
[1.146s] Level 5:colcon.colcon_core.verb:set package 'aicar_ui' build argument 'cmake_args' from command line to 'None'
[1.146s] Level 5:colcon.colcon_core.verb:set package 'aicar_ui' build argument 'cmake_target' from command line to 'None'
[1.146s] Level 5:colcon.colcon_core.verb:set package 'aicar_ui' build argument 'cmake_target_skip_unavailable' from command line to 'False'
[1.146s] Level 5:colcon.colcon_core.verb:set package 'aicar_ui' build argument 'cmake_clean_cache' from command line to 'False'
[1.146s] Level 5:colcon.colcon_core.verb:set package 'aicar_ui' build argument 'cmake_clean_first' from command line to 'False'
[1.146s] Level 5:colcon.colcon_core.verb:set package 'aicar_ui' build argument 'cmake_force_configure' from command line to 'False'
[1.146s] Level 5:colcon.colcon_core.verb:set package 'aicar_ui' build argument 'meson_args' from command line to '[]'
[1.146s] Level 5:colcon.colcon_core.verb:set package 'aicar_ui' build argument 'ament_cmake_args' from command line to 'None'
[1.146s] Level 5:colcon.colcon_core.verb:set package 'aicar_ui' build argument 'catkin_cmake_args' from command line to 'None'
[1.146s] Level 5:colcon.colcon_core.verb:set package 'aicar_ui' build argument 'catkin_skip_building_tests' from command line to 'False'
[1.147s] DEBUG:colcon.colcon_core.verb:Building package 'aicar_ui' with the following arguments: {'ament_cmake_args': None, 'build_base': '/home/me/maedongyee_ws/build/aicar_ui', 'catkin_cmake_args': None, 'catkin_skip_building_tests': False, 'cmake_args': None, 'cmake_clean_cache': False, 'cmake_clean_first': False, 'cmake_force_configure': False, 'cmake_target': None, 'cmake_target_skip_unavailable': False, 'install_base': '/home/me/maedongyee_ws/install/aicar_ui', 'merge_install': False, 'meson_args': [], 'path': '/home/me/maedongyee_ws/aicar_ui', 'symlink_install': False, 'test_result_base': None}
[1.159s] Level 5:colcon.colcon_core.verb:set package 'aicar_controller' build argument 'cmake_args' from command line to 'None'
[1.159s] Level 5:colcon.colcon_core.verb:set package 'aicar_controller' build argument 'cmake_target' from command line to 'None'
[1.159s] Level 5:colcon.colcon_core.verb:set package 'aicar_controller' build argument 'cmake_target_skip_unavailable' from command line to 'False'
[1.160s] Level 5:colcon.colcon_core.verb:set package 'aicar_controller' build argument 'cmake_clean_cache' from command line to 'False'
[1.160s] Level 5:colcon.colcon_core.verb:set package 'aicar_controller' build argument 'cmake_clean_first' from command line to 'False'
[1.160s] Level 5:colcon.colcon_core.verb:set package 'aicar_controller' build argument 'cmake_force_configure' from command line to 'False'
[1.160s] Level 5:colcon.colcon_core.verb:set package 'aicar_controller' build argument 'meson_args' from command line to '[]'
[1.160s] Level 5:colcon.colcon_core.verb:set package 'aicar_controller' build argument 'ament_cmake_args' from command line to 'None'
[1.160s] Level 5:colcon.colcon_core.verb:set package 'aicar_controller' build argument 'catkin_cmake_args' from command line to 'None'
[1.160s] Level 5:colcon.colcon_core.verb:set package 'aicar_controller' build argument 'catkin_skip_building_tests' from command line to 'False'
[1.160s] DEBUG:colcon.colcon_core.verb:Building package 'aicar_controller' with the following arguments: {'ament_cmake_args': None, 'build_base': '/home/me/maedongyee_ws/build/aicar_controller', 'catkin_cmake_args': None, 'catkin_skip_building_tests': False, 'cmake_args': None, 'cmake_clean_cache': False, 'cmake_clean_first': False, 'cmake_force_configure': False, 'cmake_target': None, 'cmake_target_skip_unavailable': False, 'install_base': '/home/me/maedongyee_ws/install/aicar_controller', 'merge_install': False, 'meson_args': [], 'path': '/home/me/maedongyee_ws/aicar_controller', 'symlink_install': False, 'test_result_base': None}
[1.174s] Level 5:colcon.colcon_core.verb:set package 'aicar_vision' build argument 'cmake_args' from command line to 'None'
[1.175s] Level 5:colcon.colcon_core.verb:set package 'aicar_vision' build argument 'cmake_target' from command line to 'None'
[1.175s] Level 5:colcon.colcon_core.verb:set package 'aicar_vision' build argument 'cmake_target_skip_unavailable' from command line to 'False'
[1.175s] Level 5:colcon.colcon_core.verb:set package 'aicar_vision' build argument 'cmake_clean_cache' from command line to 'False'
[1.175s] Level 5:colcon.colcon_core.verb:set package 'aicar_vision' build argument 'cmake_clean_first' from command line to 'False'
[1.175s] Level 5:colcon.colcon_core.verb:set package 'aicar_vision' build argument 'cmake_force_configure' from command line to 'False'
[1.175s] Level 5:colcon.colcon_core.verb:set package 'aicar_vision' build argument 'meson_args' from command line to '[]'
[1.175s] Level 5:colcon.colcon_core.verb:set package 'aicar_vision' build argument 'ament_cmake_args' from command line to 'None'
[1.175s] Level 5:colcon.colcon_core.verb:set package 'aicar_vision' build argument 'catkin_cmake_args' from command line to 'None'
[1.175s] Level 5:colcon.colcon_core.verb:set package 'aicar_vision' build argument 'catkin_skip_building_tests' from command line to 'False'
[1.175s] DEBUG:colcon.colcon_core.verb:Building package 'aicar_vision' with the following arguments: {'ament_cmake_args': None, 'build_base': '/home/me/maedongyee_ws/build/aicar_vision', 'catkin_cmake_args': None, 'catkin_skip_building_tests': False, 'cmake_args': None, 'cmake_clean_cache': False, 'cmake_clean_first': False, 'cmake_force_configure': False, 'cmake_target': None, 'cmake_target_skip_unavailable': False, 'install_base': '/home/me/maedongyee_ws/install/aicar_vision', 'merge_install': False, 'meson_args': [], 'path': '/home/me/maedongyee_ws/aicar_vision', 'symlink_install': False, 'test_result_base': None}
[1.188s] Level 5:colcon.colcon_core.verb:set package 'aicar_bringup' build argument 'cmake_args' from command line to 'None'
[1.188s] Level 5:colcon.colcon_core.verb:set package 'aicar_bringup' build argument 'cmake_target' from command line to 'None'
[1.188s] Level 5:colcon.colcon_core.verb:set package 'aicar_bringup' build argument 'cmake_target_skip_unavailable' from command line to 'False'
[1.188s] Level 5:colcon.colcon_core.verb:set package 'aicar_bringup' build argument 'cmake_clean_cache' from command line to 'False'
[1.188s] Level 5:colcon.colcon_core.verb:set package 'aicar_bringup' build argument 'cmake_clean_first' from command line to 'False'
[1.188s] Level 5:colcon.colcon_core.verb:set package 'aicar_bringup' build argument 'cmake_force_configure' from command line to 'False'
[1.188s] Level 5:colcon.colcon_core.verb:set package 'aicar_bringup' build argument 'meson_args' from command line to '[]'
[1.188s] Level 5:colcon.colcon_core.verb:set package 'aicar_bringup' build argument 'ament_cmake_args' from command line to 'None'
[1.188s] Level 5:colcon.colcon_core.verb:set package 'aicar_bringup' build argument 'catkin_cmake_args' from command line to 'None'
[1.188s] Level 5:colcon.colcon_core.verb:set package 'aicar_bringup' build argument 'catkin_skip_building_tests' from command line to 'False'
[1.188s] DEBUG:colcon.colcon_core.verb:Building package 'aicar_bringup' with the following arguments: {'ament_cmake_args': None, 'build_base': '/home/me/maedongyee_ws/build/aicar_bringup', 'catkin_cmake_args': None, 'catkin_skip_building_tests': False, 'cmake_args': None, 'cmake_clean_cache': False, 'cmake_clean_first': False, 'cmake_force_configure': False, 'cmake_target': None, 'cmake_target_skip_unavailable': False, 'install_base': '/home/me/maedongyee_ws/install/aicar_bringup', 'merge_install': False, 'meson_args': [], 'path': '/home/me/maedongyee_ws/aicar_bringup', 'symlink_install': False, 'test_result_base': None}
[1.188s] INFO:colcon.colcon_core.executor:Executing jobs using 'parallel' executor
[1.190s] DEBUG:colcon.colcon_parallel_executor.executor.parallel:run_until_complete
[1.190s] INFO:colcon.colcon_ros.task.ament_cmake.build:Building ROS package in '/home/me/maedongyee_ws/aicar_msgs' with build type 'ament_cmake'
[1.190s] INFO:colcon.colcon_cmake.task.cmake.build:Building CMake package in '/home/me/maedongyee_ws/aicar_msgs'
[1.204s] INFO:colcon.colcon_core.plugin_system:Skipping extension 'colcon_core.shell.bat': Not used on non-Windows systems
[1.204s] INFO:colcon.colcon_core.shell:Skip shell extension 'powershell' for command environment: Not usable outside of PowerShell
[1.205s] DEBUG:colcon.colcon_core.shell:Skip shell extension 'dsv' for command environment
[1.212s] INFO:colcon.colcon_ros.task.ament_python.build:Building ROS package in '/home/me/maedongyee_ws/aicar_driver' with build type 'ament_python'
[1.212s] Level 1:colcon.colcon_core.shell:create_environment_hook('aicar_driver', 'ament_prefix_path')
[1.212s] INFO:colcon.colcon_core.shell:Creating environment hook '/home/me/maedongyee_ws/install/aicar_driver/share/aicar_driver/hook/ament_prefix_path.ps1'
[1.214s] INFO:colcon.colcon_core.shell:Creating environment descriptor '/home/me/maedongyee_ws/install/aicar_driver/share/aicar_driver/hook/ament_prefix_path.dsv'
[1.216s] INFO:colcon.colcon_core.shell:Creating environment hook '/home/me/maedongyee_ws/install/aicar_driver/share/aicar_driver/hook/ament_prefix_path.sh'
[1.219s] INFO:colcon.colcon_core.shell:Skip shell extension 'powershell' for command environment: Not usable outside of PowerShell
[1.219s] DEBUG:colcon.colcon_core.shell:Skip shell extension 'dsv' for command environment
[1.225s] INFO:colcon.colcon_ros.task.ament_python.build:Building ROS package in '/home/me/maedongyee_ws/aicar_ui' with build type 'ament_python'
[1.226s] Level 1:colcon.colcon_core.shell:create_environment_hook('aicar_ui', 'ament_prefix_path')
[1.226s] INFO:colcon.colcon_core.shell:Creating environment hook '/home/me/maedongyee_ws/install/aicar_ui/share/aicar_ui/hook/ament_prefix_path.ps1'
[1.228s] INFO:colcon.colcon_core.shell:Creating environment descriptor '/home/me/maedongyee_ws/install/aicar_ui/share/aicar_ui/hook/ament_prefix_path.dsv'
[1.229s] INFO:colcon.colcon_core.shell:Creating environment hook '/home/me/maedongyee_ws/install/aicar_ui/share/aicar_ui/hook/ament_prefix_path.sh'
[1.230s] INFO:colcon.colcon_core.shell:Skip shell extension 'powershell' for command environment: Not usable outside of PowerShell
[1.230s] DEBUG:colcon.colcon_core.shell:Skip shell extension 'dsv' for command environment
[1.245s] DEBUG:colcon.colcon_core.event_handler.log_command:Invoking command in '/home/me/maedongyee_ws/build/aicar_msgs': CMAKE_PREFIX_PATH=${CMAKE_PREFIX_PATH}:/home/me/maedongyee_ws/install/aicar_vision:/home/me/maedongyee_ws/install/aicar_ui:/home/me/maedongyee_ws/install/aicar_controller:/home/me/maedongyee_ws/install/aicar_driver:/opt/ros/jazzy DEBUGINFOD_URLS=https://debuginfod.ubuntu.com /usr/bin/cmake --build /home/me/maedongyee_ws/build/aicar_msgs -- -j4 -l4
[1.632s] INFO:colcon.colcon_core.task.python.build:Building Python package in '/home/me/maedongyee_ws/aicar_driver'
[1.632s] INFO:colcon.colcon_core.shell:Skip shell extension 'powershell' for command environment: Not usable outside of PowerShell
[1.632s] DEBUG:colcon.colcon_core.shell:Skip shell extension 'dsv' for command environment
[2.004s] INFO:colcon.colcon_core.task.python.build:Building Python package in '/home/me/maedongyee_ws/aicar_ui'
[2.004s] INFO:colcon.colcon_core.shell:Skip shell extension 'powershell' for command environment: Not usable outside of PowerShell
[2.004s] DEBUG:colcon.colcon_core.shell:Skip shell extension 'dsv' for command environment
[2.859s] DEBUG:colcon.colcon_core.event_handler.log_command:Invoked command in '/home/me/maedongyee_ws/build/aicar_msgs' returned '0': CMAKE_PREFIX_PATH=${CMAKE_PREFIX_PATH}:/home/me/maedongyee_ws/install/aicar_vision:/home/me/maedongyee_ws/install/aicar_ui:/home/me/maedongyee_ws/install/aicar_controller:/home/me/maedongyee_ws/install/aicar_driver:/opt/ros/jazzy DEBUGINFOD_URLS=https://debuginfod.ubuntu.com /usr/bin/cmake --build /home/me/maedongyee_ws/build/aicar_msgs -- -j4 -l4
[2.881s] DEBUG:colcon.colcon_core.event_handler.log_command:Invoking command in '/home/me/maedongyee_ws/build/aicar_msgs': CMAKE_PREFIX_PATH=${CMAKE_PREFIX_PATH}:/home/me/maedongyee_ws/install/aicar_vision:/home/me/maedongyee_ws/install/aicar_ui:/home/me/maedongyee_ws/install/aicar_controller:/home/me/maedongyee_ws/install/aicar_driver:/opt/ros/jazzy DEBUGINFOD_URLS=https://debuginfod.ubuntu.com /usr/bin/cmake --install /home/me/maedongyee_ws/build/aicar_msgs
[3.037s] Level 1:colcon.colcon_core.environment:create_environment_scripts_only(aicar_msgs)
[3.037s] DEBUG:colcon.colcon_core.event_handler.log_command:Invoked command in '/home/me/maedongyee_ws/build/aicar_msgs' returned '0': CMAKE_PREFIX_PATH=${CMAKE_PREFIX_PATH}:/home/me/maedongyee_ws/install/aicar_vision:/home/me/maedongyee_ws/install/aicar_ui:/home/me/maedongyee_ws/install/aicar_controller:/home/me/maedongyee_ws/install/aicar_driver:/opt/ros/jazzy DEBUGINFOD_URLS=https://debuginfod.ubuntu.com /usr/bin/cmake --install /home/me/maedongyee_ws/build/aicar_msgs
[3.052s] Level 1:colcon.colcon_core.environment:checking '/home/me/maedongyee_ws/install/aicar_msgs' for CMake module files
[3.053s] Level 1:colcon.colcon_core.environment:checking '/home/me/maedongyee_ws/install/aicar_msgs' for CMake config files
[3.054s] Level 1:colcon.colcon_core.shell:create_environment_hook('aicar_msgs', 'cmake_prefix_path')
[3.054s] INFO:colcon.colcon_core.shell:Creating environment hook '/home/me/maedongyee_ws/install/aicar_msgs/share/aicar_msgs/hook/cmake_prefix_path.ps1'
[3.055s] INFO:colcon.colcon_core.shell:Creating environment descriptor '/home/me/maedongyee_ws/install/aicar_msgs/share/aicar_msgs/hook/cmake_prefix_path.dsv'
[3.055s] INFO:colcon.colcon_core.shell:Creating environment hook '/home/me/maedongyee_ws/install/aicar_msgs/share/aicar_msgs/hook/cmake_prefix_path.sh'
[3.056s] Level 1:colcon.colcon_core.environment:checking '/home/me/maedongyee_ws/install/aicar_msgs/lib'
[3.057s] Level 1:colcon.colcon_core.shell:create_environment_hook('aicar_msgs', 'ld_library_path_lib')
[3.057s] INFO:colcon.colcon_core.shell:Creating environment hook '/home/me/maedongyee_ws/install/aicar_msgs/share/aicar_msgs/hook/ld_library_path_lib.ps1'
[3.058s] INFO:colcon.colcon_core.shell:Creating environment descriptor '/home/me/maedongyee_ws/install/aicar_msgs/share/aicar_msgs/hook/ld_library_path_lib.dsv'
[3.058s] INFO:colcon.colcon_core.shell:Creating environment hook '/home/me/maedongyee_ws/install/aicar_msgs/share/aicar_msgs/hook/ld_library_path_lib.sh'
[3.059s] Level 1:colcon.colcon_core.environment:checking '/home/me/maedongyee_ws/install/aicar_msgs/bin'
[3.059s] Level 1:colcon.colcon_core.environment:checking '/home/me/maedongyee_ws/install/aicar_msgs/lib/pkgconfig/aicar_msgs.pc'
[3.059s] Level 1:colcon.colcon_core.environment:checking '/home/me/maedongyee_ws/install/aicar_msgs/lib/python3.12/site-packages'
[3.059s] Level 1:colcon.colcon_core.shell:create_environment_hook('aicar_msgs', 'pythonpath')
[3.060s] INFO:colcon.colcon_core.shell:Creating environment hook '/home/me/maedongyee_ws/install/aicar_msgs/share/aicar_msgs/hook/pythonpath.ps1'
[3.061s] INFO:colcon.colcon_core.shell:Creating environment descriptor '/home/me/maedongyee_ws/install/aicar_msgs/share/aicar_msgs/hook/pythonpath.dsv'
[3.061s] INFO:colcon.colcon_core.shell:Creating environment hook '/home/me/maedongyee_ws/install/aicar_msgs/share/aicar_msgs/hook/pythonpath.sh'
[3.062s] Level 1:colcon.colcon_core.environment:checking '/home/me/maedongyee_ws/install/aicar_msgs/bin'
[3.063s] INFO:colcon.colcon_core.shell:Creating package script '/home/me/maedongyee_ws/install/aicar_msgs/share/aicar_msgs/package.ps1'
[3.067s] INFO:colcon.colcon_core.shell:Creating package descriptor '/home/me/maedongyee_ws/install/aicar_msgs/share/aicar_msgs/package.dsv'
[3.071s] INFO:colcon.colcon_core.shell:Creating package script '/home/me/maedongyee_ws/install/aicar_msgs/share/aicar_msgs/package.sh'
[3.073s] INFO:colcon.colcon_core.shell:Creating package script '/home/me/maedongyee_ws/install/aicar_msgs/share/aicar_msgs/package.bash'
[3.076s] INFO:colcon.colcon_core.shell:Creating package script '/home/me/maedongyee_ws/install/aicar_msgs/share/aicar_msgs/package.zsh'
[3.078s] Level 1:colcon.colcon_core.environment:create_file_with_runtime_dependencies(/home/me/maedongyee_ws/install/aicar_msgs/share/colcon-core/packages/aicar_msgs)
[3.079s] Level 1:colcon.colcon_core.environment:create_environment_scripts_only(aicar_msgs)
[3.079s] Level 1:colcon.colcon_core.environment:checking '/home/me/maedongyee_ws/install/aicar_msgs' for CMake module files
[3.080s] Level 1:colcon.colcon_core.environment:checking '/home/me/maedongyee_ws/install/aicar_msgs' for CMake config files
[3.081s] Level 1:colcon.colcon_core.shell:create_environment_hook('aicar_msgs', 'cmake_prefix_path')
[3.081s] INFO:colcon.colcon_core.shell:Creating environment hook '/home/me/maedongyee_ws/install/aicar_msgs/share/aicar_msgs/hook/cmake_prefix_path.ps1'
[3.082s] INFO:colcon.colcon_core.shell:Creating environment descriptor '/home/me/maedongyee_ws/install/aicar_msgs/share/aicar_msgs/hook/cmake_prefix_path.dsv'
[3.083s] INFO:colcon.colcon_core.shell:Creating environment hook '/home/me/maedongyee_ws/install/aicar_msgs/share/aicar_msgs/hook/cmake_prefix_path.sh'
[3.084s] Level 1:colcon.colcon_core.environment:checking '/home/me/maedongyee_ws/install/aicar_msgs/lib'
[3.085s] Level 1:colcon.colcon_core.shell:create_environment_hook('aicar_msgs', 'ld_library_path_lib')
[3.085s] INFO:colcon.colcon_core.shell:Creating environment hook '/home/me/maedongyee_ws/install/aicar_msgs/share/aicar_msgs/hook/ld_library_path_lib.ps1'
[3.086s] INFO:colcon.colcon_core.shell:Creating environment descriptor '/home/me/maedongyee_ws/install/aicar_msgs/share/aicar_msgs/hook/ld_library_path_lib.dsv'
[3.086s] INFO:colcon.colcon_core.shell:Creating environment hook '/home/me/maedongyee_ws/install/aicar_msgs/share/aicar_msgs/hook/ld_library_path_lib.sh'
[3.088s] Level 1:colcon.colcon_core.environment:checking '/home/me/maedongyee_ws/install/aicar_msgs/bin'
[3.088s] Level 1:colcon.colcon_core.environment:checking '/home/me/maedongyee_ws/install/aicar_msgs/lib/pkgconfig/aicar_msgs.pc'
[3.088s] Level 1:colcon.colcon_core.environment:checking '/home/me/maedongyee_ws/install/aicar_msgs/lib/python3.12/site-packages'
[3.088s] Level 1:colcon.colcon_core.shell:create_environment_hook('aicar_msgs', 'pythonpath')
[3.089s] INFO:colcon.colcon_core.shell:Creating environment hook '/home/me/maedongyee_ws/install/aicar_msgs/share/aicar_msgs/hook/pythonpath.ps1'
[3.089s] INFO:colcon.colcon_core.shell:Creating environment descriptor '/home/me/maedongyee_ws/install/aicar_msgs/share/aicar_msgs/hook/pythonpath.dsv'
[3.090s] INFO:colcon.colcon_core.shell:Creating environment hook '/home/me/maedongyee_ws/install/aicar_msgs/share/aicar_msgs/hook/pythonpath.sh'
[3.092s] Level 1:colcon.colcon_core.environment:checking '/home/me/maedongyee_ws/install/aicar_msgs/bin'
[3.092s] INFO:colcon.colcon_core.shell:Creating package script '/home/me/maedongyee_ws/install/aicar_msgs/share/aicar_msgs/package.ps1'
[3.094s] INFO:colcon.colcon_core.shell:Creating package descriptor '/home/me/maedongyee_ws/install/aicar_msgs/share/aicar_msgs/package.dsv'
[3.094s] INFO:colcon.colcon_core.shell:Creating package script '/home/me/maedongyee_ws/install/aicar_msgs/share/aicar_msgs/package.sh'
[3.095s] INFO:colcon.colcon_core.shell:Creating package script '/home/me/maedongyee_ws/install/aicar_msgs/share/aicar_msgs/package.bash'
[3.095s] INFO:colcon.colcon_core.shell:Creating package script '/home/me/maedongyee_ws/install/aicar_msgs/share/aicar_msgs/package.zsh'
[3.096s] Level 1:colcon.colcon_core.environment:create_file_with_runtime_dependencies(/home/me/maedongyee_ws/install/aicar_msgs/share/colcon-core/packages/aicar_msgs)
[3.096s] INFO:colcon.colcon_ros.task.ament_python.build:Building ROS package in '/home/me/maedongyee_ws/aicar_controller' with build type 'ament_python'
[3.097s] Level 1:colcon.colcon_core.shell:create_environment_hook('aicar_controller', 'ament_prefix_path')
[3.097s] INFO:colcon.colcon_core.shell:Creating environment hook '/home/me/maedongyee_ws/install/aicar_controller/share/aicar_controller/hook/ament_prefix_path.ps1'
[3.098s] INFO:colcon.colcon_core.shell:Creating environment descriptor '/home/me/maedongyee_ws/install/aicar_controller/share/aicar_controller/hook/ament_prefix_path.dsv'
[3.100s] INFO:colcon.colcon_core.shell:Creating environment hook '/home/me/maedongyee_ws/install/aicar_controller/share/aicar_controller/hook/ament_prefix_path.sh'
[3.102s] INFO:colcon.colcon_core.shell:Skip shell extension 'powershell' for command environment: Not usable outside of PowerShell
[3.102s] DEBUG:colcon.colcon_core.shell:Skip shell extension 'dsv' for command environment
[3.109s] INFO:colcon.colcon_ros.task.ament_python.build:Building ROS package in '/home/me/maedongyee_ws/aicar_vision' with build type 'ament_python'
[3.109s] Level 1:colcon.colcon_core.shell:create_environment_hook('aicar_vision', 'ament_prefix_path')
[3.110s] INFO:colcon.colcon_core.shell:Creating environment hook '/home/me/maedongyee_ws/install/aicar_vision/share/aicar_vision/hook/ament_prefix_path.ps1'
[3.112s] INFO:colcon.colcon_core.shell:Creating environment descriptor '/home/me/maedongyee_ws/install/aicar_vision/share/aicar_vision/hook/ament_prefix_path.dsv'
[3.113s] INFO:colcon.colcon_core.shell:Creating environment hook '/home/me/maedongyee_ws/install/aicar_vision/share/aicar_vision/hook/ament_prefix_path.sh'
[3.114s] INFO:colcon.colcon_core.shell:Skip shell extension 'powershell' for command environment: Not usable outside of PowerShell
[3.114s] DEBUG:colcon.colcon_core.shell:Skip shell extension 'dsv' for command environment
[3.493s] INFO:colcon.colcon_core.task.python.build:Building Python package in '/home/me/maedongyee_ws/aicar_controller'
[3.494s] INFO:colcon.colcon_core.shell:Skip shell extension 'powershell' for command environment: Not usable outside of PowerShell
[3.494s] DEBUG:colcon.colcon_core.shell:Skip shell extension 'dsv' for command environment
[3.909s] INFO:colcon.colcon_core.task.python.build:Building Python package in '/home/me/maedongyee_ws/aicar_vision'
[3.910s] INFO:colcon.colcon_core.shell:Skip shell extension 'powershell' for command environment: Not usable outside of PowerShell
[3.910s] DEBUG:colcon.colcon_core.shell:Skip shell extension 'dsv' for command environment
[3.925s] DEBUG:colcon.colcon_core.event_handler.log_command:Invoking command in '/home/me/maedongyee_ws/aicar_ui': DEBUGINFOD_URLS=https://debuginfod.ubuntu.com PYTHONPATH=/home/me/maedongyee_ws/build/aicar_ui/prefix_override:/usr/lib/python3/dist-packages/colcon_core/task/python/colcon_distutils_commands:/home/me/maedongyee_ws/install/aicar_ui/lib/python3.12/site-packages:${PYTHONPATH} /usr/bin/python3 -W ignore:setup.py install is deprecated -W ignore:easy_install command is deprecated setup.py egg_info --egg-base ../build/aicar_ui build --build-base /home/me/maedongyee_ws/build/aicar_ui/build install --record /home/me/maedongyee_ws/build/aicar_ui/install.log --single-version-externally-managed install_data
[3.926s] DEBUG:colcon.colcon_core.event_handler.log_command:Invoking command in '/home/me/maedongyee_ws/aicar_driver': DEBUGINFOD_URLS=https://debuginfod.ubuntu.com PYTHONPATH=/home/me/maedongyee_ws/build/aicar_driver/prefix_override:/usr/lib/python3/dist-packages/colcon_core/task/python/colcon_distutils_commands:/home/me/maedongyee_ws/install/aicar_driver/lib/python3.12/site-packages:${PYTHONPATH} /usr/bin/python3 -W ignore:setup.py install is deprecated -W ignore:easy_install command is deprecated setup.py egg_info --egg-base ../build/aicar_driver build --build-base /home/me/maedongyee_ws/build/aicar_driver/build install --record /home/me/maedongyee_ws/build/aicar_driver/install.log --single-version-externally-managed install_data
[4.925s] Level 1:colcon.colcon_core.environment:checking '/home/me/maedongyee_ws/install/aicar_ui' for CMake module files
[4.927s] Level 1:colcon.colcon_core.environment:checking '/home/me/maedongyee_ws/install/aicar_ui' for CMake config files
[4.927s] Level 1:colcon.colcon_core.environment:checking '/home/me/maedongyee_ws/install/aicar_ui/lib'
[4.928s] Level 1:colcon.colcon_core.environment:checking '/home/me/maedongyee_ws/install/aicar_ui/bin'
[4.926s] DEBUG:colcon.colcon_core.event_handler.log_command:Invoked command in '/home/me/maedongyee_ws/aicar_ui' returned '0': DEBUGINFOD_URLS=https://debuginfod.ubuntu.com PYTHONPATH=/home/me/maedongyee_ws/build/aicar_ui/prefix_override:/usr/lib/python3/dist-packages/colcon_core/task/python/colcon_distutils_commands:/home/me/maedongyee_ws/install/aicar_ui/lib/python3.12/site-packages:${PYTHONPATH} /usr/bin/python3 -W ignore:setup.py install is deprecated -W ignore:easy_install command is deprecated setup.py egg_info --egg-base ../build/aicar_ui build --build-base /home/me/maedongyee_ws/build/aicar_ui/build install --record /home/me/maedongyee_ws/build/aicar_ui/install.log --single-version-externally-managed install_data
[4.928s] Level 1:colcon.colcon_core.environment:checking '/home/me/maedongyee_ws/install/aicar_ui/lib/pkgconfig/aicar_ui.pc'
[4.928s] Level 1:colcon.colcon_core.environment:checking '/home/me/maedongyee_ws/install/aicar_ui/lib/python3.12/site-packages'
[4.929s] Level 1:colcon.colcon_core.shell:create_environment_hook('aicar_ui', 'pythonpath')
[4.929s] INFO:colcon.colcon_core.shell:Creating environment hook '/home/me/maedongyee_ws/install/aicar_ui/share/aicar_ui/hook/pythonpath.ps1'
[4.930s] INFO:colcon.colcon_core.shell:Creating environment descriptor '/home/me/maedongyee_ws/install/aicar_ui/share/aicar_ui/hook/pythonpath.dsv'
[4.931s] INFO:colcon.colcon_core.shell:Creating environment hook '/home/me/maedongyee_ws/install/aicar_ui/share/aicar_ui/hook/pythonpath.sh'
[4.933s] Level 1:colcon.colcon_core.environment:checking '/home/me/maedongyee_ws/install/aicar_ui/bin'
[4.934s] Level 1:colcon.colcon_core.environment:create_environment_scripts_only(aicar_ui)
[4.934s] INFO:colcon.colcon_core.shell:Creating package script '/home/me/maedongyee_ws/install/aicar_ui/share/aicar_ui/package.ps1'
[4.936s] INFO:colcon.colcon_core.shell:Creating package descriptor '/home/me/maedongyee_ws/install/aicar_ui/share/aicar_ui/package.dsv'
[4.937s] INFO:colcon.colcon_core.shell:Creating package script '/home/me/maedongyee_ws/install/aicar_ui/share/aicar_ui/package.sh'
[4.939s] INFO:colcon.colcon_core.shell:Creating package script '/home/me/maedongyee_ws/install/aicar_ui/share/aicar_ui/package.bash'
[4.940s] INFO:colcon.colcon_core.shell:Creating package script '/home/me/maedongyee_ws/install/aicar_ui/share/aicar_ui/package.zsh'
[4.941s] Level 1:colcon.colcon_core.environment:create_file_with_runtime_dependencies(/home/me/maedongyee_ws/install/aicar_ui/share/colcon-core/packages/aicar_ui)
[5.007s] DEBUG:colcon.colcon_core.event_handler.log_command:Invoking command in '/home/me/maedongyee_ws/aicar_controller': CMAKE_PREFIX_PATH=/home/me/maedongyee_ws/install/aicar_msgs:/home/me/maedongyee_ws/install/aicar_bringup:/opt/ros/jazzy/opt/gz_math_vendor:/opt/ros/jazzy/opt/gz_utils_vendor:/opt/ros/jazzy/opt/gz_cmake_vendor DEBUGINFOD_URLS=https://debuginfod.ubuntu.com PYTHONPATH=/home/me/maedongyee_ws/build/aicar_controller/prefix_override:/usr/lib/python3/dist-packages/colcon_core/task/python/colcon_distutils_commands:/home/me/maedongyee_ws/install/aicar_controller/lib/python3.12/site-packages:/home/me/maedongyee_ws/install/aicar_msgs/lib/python3.12/site-packages:/home/me/maedongyee_ws/install/aicar_vision/lib/python3.12/site-packages:/home/me/maedongyee_ws/install/aicar_ui/lib/python3.12/site-packages:/home/me/maedongyee_ws/install/aicar_controller/lib/python3.12/site-packages:/home/me/maedongyee_ws/install/aicar_driver/lib/python3.12/site-packages:/opt/ros/jazzy/lib/python3.12/site-packages /usr/bin/python3 -W ignore:setup.py install is deprecated -W ignore:easy_install command is deprecated setup.py egg_info --egg-base ../build/aicar_controller build --build-base /home/me/maedongyee_ws/build/aicar_controller/build install --record /home/me/maedongyee_ws/build/aicar_controller/install.log --single-version-externally-managed install_data
[5.107s] Level 1:colcon.colcon_core.environment:checking '/home/me/maedongyee_ws/install/aicar_driver' for CMake module files
[5.107s] DEBUG:colcon.colcon_core.event_handler.log_command:Invoked command in '/home/me/maedongyee_ws/aicar_driver' returned '0': DEBUGINFOD_URLS=https://debuginfod.ubuntu.com PYTHONPATH=/home/me/maedongyee_ws/build/aicar_driver/prefix_override:/usr/lib/python3/dist-packages/colcon_core/task/python/colcon_distutils_commands:/home/me/maedongyee_ws/install/aicar_driver/lib/python3.12/site-packages:${PYTHONPATH} /usr/bin/python3 -W ignore:setup.py install is deprecated -W ignore:easy_install command is deprecated setup.py egg_info --egg-base ../build/aicar_driver build --build-base /home/me/maedongyee_ws/build/aicar_driver/build install --record /home/me/maedongyee_ws/build/aicar_driver/install.log --single-version-externally-managed install_data
[5.109s] Level 1:colcon.colcon_core.environment:checking '/home/me/maedongyee_ws/install/aicar_driver' for CMake config files
[5.110s] Level 1:colcon.colcon_core.environment:checking '/home/me/maedongyee_ws/install/aicar_driver/lib'
[5.110s] Level 1:colcon.colcon_core.environment:checking '/home/me/maedongyee_ws/install/aicar_driver/bin'
[5.110s] Level 1:colcon.colcon_core.environment:checking '/home/me/maedongyee_ws/install/aicar_driver/lib/pkgconfig/aicar_driver.pc'
[5.112s] Level 1:colcon.colcon_core.environment:checking '/home/me/maedongyee_ws/install/aicar_driver/lib/python3.12/site-packages'
[5.114s] Level 1:colcon.colcon_core.shell:create_environment_hook('aicar_driver', 'pythonpath')
[5.116s] INFO:colcon.colcon_core.shell:Creating environment hook '/home/me/maedongyee_ws/install/aicar_driver/share/aicar_driver/hook/pythonpath.ps1'
[5.122s] INFO:colcon.colcon_core.shell:Creating environment descriptor '/home/me/maedongyee_ws/install/aicar_driver/share/aicar_driver/hook/pythonpath.dsv'
[5.123s] INFO:colcon.colcon_core.shell:Creating environment hook '/home/me/maedongyee_ws/install/aicar_driver/share/aicar_driver/hook/pythonpath.sh'
[5.124s] Level 1:colcon.colcon_core.environment:checking '/home/me/maedongyee_ws/install/aicar_driver/bin'
[5.124s] Level 1:colcon.colcon_core.environment:create_environment_scripts_only(aicar_driver)
[5.125s] INFO:colcon.colcon_core.shell:Creating package script '/home/me/maedongyee_ws/install/aicar_driver/share/aicar_driver/package.ps1'
[5.126s] INFO:colcon.colcon_core.shell:Creating package descriptor '/home/me/maedongyee_ws/install/aicar_driver/share/aicar_driver/package.dsv'
[5.127s] INFO:colcon.colcon_core.shell:Creating package script '/home/me/maedongyee_ws/install/aicar_driver/share/aicar_driver/package.sh'
[5.128s] INFO:colcon.colcon_core.shell:Creating package script '/home/me/maedongyee_ws/install/aicar_driver/share/aicar_driver/package.bash'
[5.129s] INFO:colcon.colcon_core.shell:Creating package script '/home/me/maedongyee_ws/install/aicar_driver/share/aicar_driver/package.zsh'
[5.130s] Level 1:colcon.colcon_core.environment:create_file_with_runtime_dependencies(/home/me/maedongyee_ws/install/aicar_driver/share/colcon-core/packages/aicar_driver)
[5.136s] DEBUG:colcon.colcon_core.event_handler.log_command:Invoking command in '/home/me/maedongyee_ws/aicar_vision': CMAKE_PREFIX_PATH=/home/me/maedongyee_ws/install/aicar_msgs:/home/me/maedongyee_ws/install/aicar_bringup:/opt/ros/jazzy/opt/gz_math_vendor:/opt/ros/jazzy/opt/gz_utils_vendor:/opt/ros/jazzy/opt/gz_cmake_vendor DEBUGINFOD_URLS=https://debuginfod.ubuntu.com PYTHONPATH=/home/me/maedongyee_ws/build/aicar_vision/prefix_override:/usr/lib/python3/dist-packages/colcon_core/task/python/colcon_distutils_commands:/home/me/maedongyee_ws/install/aicar_vision/lib/python3.12/site-packages:/home/me/maedongyee_ws/install/aicar_msgs/lib/python3.12/site-packages:/home/me/maedongyee_ws/install/aicar_vision/lib/python3.12/site-packages:/home/me/maedongyee_ws/install/aicar_ui/lib/python3.12/site-packages:/home/me/maedongyee_ws/install/aicar_controller/lib/python3.12/site-packages:/home/me/maedongyee_ws/install/aicar_driver/lib/python3.12/site-packages:/opt/ros/jazzy/lib/python3.12/site-packages /usr/bin/python3 -W ignore:setup.py install is deprecated -W ignore:easy_install command is deprecated setup.py egg_info --egg-base ../build/aicar_vision build --build-base /home/me/maedongyee_ws/build/aicar_vision/build install --record /home/me/maedongyee_ws/build/aicar_vision/install.log --single-version-externally-managed install_data
[5.921s] Level 1:colcon.colcon_core.environment:checking '/home/me/maedongyee_ws/install/aicar_controller' for CMake module files
[5.922s] DEBUG:colcon.colcon_core.event_handler.log_command:Invoked command in '/home/me/maedongyee_ws/aicar_controller' returned '0': CMAKE_PREFIX_PATH=/home/me/maedongyee_ws/install/aicar_msgs:/home/me/maedongyee_ws/install/aicar_bringup:/opt/ros/jazzy/opt/gz_math_vendor:/opt/ros/jazzy/opt/gz_utils_vendor:/opt/ros/jazzy/opt/gz_cmake_vendor DEBUGINFOD_URLS=https://debuginfod.ubuntu.com PYTHONPATH=/home/me/maedongyee_ws/build/aicar_controller/prefix_override:/usr/lib/python3/dist-packages/colcon_core/task/python/colcon_distutils_commands:/home/me/maedongyee_ws/install/aicar_controller/lib/python3.12/site-packages:/home/me/maedongyee_ws/install/aicar_msgs/lib/python3.12/site-packages:/home/me/maedongyee_ws/install/aicar_vision/lib/python3.12/site-packages:/home/me/maedongyee_ws/install/aicar_ui/lib/python3.12/site-packages:/home/me/maedongyee_ws/install/aicar_controller/lib/python3.12/site-packages:/home/me/maedongyee_ws/install/aicar_driver/lib/python3.12/site-packages:/opt/ros/jazzy/lib/python3.12/site-packages /usr/bin/python3 -W ignore:setup.py install is deprecated -W ignore:easy_install command is deprecated setup.py egg_info --egg-base ../build/aicar_controller build --build-base /home/me/maedongyee_ws/build/aicar_controller/build install --record /home/me/maedongyee_ws/build/aicar_controller/install.log --single-version-externally-managed install_data
[5.922s] Level 1:colcon.colcon_core.environment:checking '/home/me/maedongyee_ws/install/aicar_controller' for CMake config files
[5.923s] Level 1:colcon.colcon_core.environment:checking '/home/me/maedongyee_ws/install/aicar_controller/lib'
[5.923s] Level 1:colcon.colcon_core.environment:checking '/home/me/maedongyee_ws/install/aicar_controller/bin'
[5.923s] Level 1:colcon.colcon_core.environment:checking '/home/me/maedongyee_ws/install/aicar_controller/lib/pkgconfig/aicar_controller.pc'
[5.923s] Level 1:colcon.colcon_core.environment:checking '/home/me/maedongyee_ws/install/aicar_controller/lib/python3.12/site-packages'
[5.924s] Level 1:colcon.colcon_core.shell:create_environment_hook('aicar_controller', 'pythonpath')
[5.924s] INFO:colcon.colcon_core.shell:Creating environment hook '/home/me/maedongyee_ws/install/aicar_controller/share/aicar_controller/hook/pythonpath.ps1'
[5.925s] INFO:colcon.colcon_core.shell:Creating environment descriptor '/home/me/maedongyee_ws/install/aicar_controller/share/aicar_controller/hook/pythonpath.dsv'
[5.926s] INFO:colcon.colcon_core.shell:Creating environment hook '/home/me/maedongyee_ws/install/aicar_controller/share/aicar_controller/hook/pythonpath.sh'
[5.927s] Level 1:colcon.colcon_core.environment:checking '/home/me/maedongyee_ws/install/aicar_controller/bin'
[5.927s] Level 1:colcon.colcon_core.environment:create_environment_scripts_only(aicar_controller)
[5.927s] INFO:colcon.colcon_core.shell:Creating package script '/home/me/maedongyee_ws/install/aicar_controller/share/aicar_controller/package.ps1'
[5.928s] INFO:colcon.colcon_core.shell:Creating package descriptor '/home/me/maedongyee_ws/install/aicar_controller/share/aicar_controller/package.dsv'
[5.929s] INFO:colcon.colcon_core.shell:Creating package script '/home/me/maedongyee_ws/install/aicar_controller/share/aicar_controller/package.sh'
[5.930s] INFO:colcon.colcon_core.shell:Creating package script '/home/me/maedongyee_ws/install/aicar_controller/share/aicar_controller/package.bash'
[5.931s] INFO:colcon.colcon_core.shell:Creating package script '/home/me/maedongyee_ws/install/aicar_controller/share/aicar_controller/package.zsh'
[5.932s] Level 1:colcon.colcon_core.environment:create_file_with_runtime_dependencies(/home/me/maedongyee_ws/install/aicar_controller/share/colcon-core/packages/aicar_controller)
[6.012s] Level 1:colcon.colcon_core.environment:checking '/home/me/maedongyee_ws/install/aicar_vision' for CMake module files
[6.012s] DEBUG:colcon.colcon_core.event_handler.log_command:Invoked command in '/home/me/maedongyee_ws/aicar_vision' returned '0': CMAKE_PREFIX_PATH=/home/me/maedongyee_ws/install/aicar_msgs:/home/me/maedongyee_ws/install/aicar_bringup:/opt/ros/jazzy/opt/gz_math_vendor:/opt/ros/jazzy/opt/gz_utils_vendor:/opt/ros/jazzy/opt/gz_cmake_vendor DEBUGINFOD_URLS=https://debuginfod.ubuntu.com PYTHONPATH=/home/me/maedongyee_ws/build/aicar_vision/prefix_override:/usr/lib/python3/dist-packages/colcon_core/task/python/colcon_distutils_commands:/home/me/maedongyee_ws/install/aicar_vision/lib/python3.12/site-packages:/home/me/maedongyee_ws/install/aicar_msgs/lib/python3.12/site-packages:/home/me/maedongyee_ws/install/aicar_vision/lib/python3.12/site-packages:/home/me/maedongyee_ws/install/aicar_ui/lib/python3.12/site-packages:/home/me/maedongyee_ws/install/aicar_controller/lib/python3.12/site-packages:/home/me/maedongyee_ws/install/aicar_driver/lib/python3.12/site-packages:/opt/ros/jazzy/lib/python3.12/site-packages /usr/bin/python3 -W ignore:setup.py install is deprecated -W ignore:easy_install command is deprecated setup.py egg_info --egg-base ../build/aicar_vision build --build-base /home/me/maedongyee_ws/build/aicar_vision/build install --record /home/me/maedongyee_ws/build/aicar_vision/install.log --single-version-externally-managed install_data
[6.013s] Level 1:colcon.colcon_core.environment:checking '/home/me/maedongyee_ws/install/aicar_vision' for CMake config files
[6.014s] Level 1:colcon.colcon_core.environment:checking '/home/me/maedongyee_ws/install/aicar_vision/lib'
[6.014s] Level 1:colcon.colcon_core.environment:checking '/home/me/maedongyee_ws/install/aicar_vision/bin'
[6.014s] Level 1:colcon.colcon_core.environment:checking '/home/me/maedongyee_ws/install/aicar_vision/lib/pkgconfig/aicar_vision.pc'
[6.015s] Level 1:colcon.colcon_core.environment:checking '/home/me/maedongyee_ws/install/aicar_vision/lib/python3.12/site-packages'
[6.015s] Level 1:colcon.colcon_core.shell:create_environment_hook('aicar_vision', 'pythonpath')
[6.015s] INFO:colcon.colcon_core.shell:Creating environment hook '/home/me/maedongyee_ws/install/aicar_vision/share/aicar_vision/hook/pythonpath.ps1'
[6.016s] INFO:colcon.colcon_core.shell:Creating environment descriptor '/home/me/maedongyee_ws/install/aicar_vision/share/aicar_vision/hook/pythonpath.dsv'
[6.017s] INFO:colcon.colcon_core.shell:Creating environment hook '/home/me/maedongyee_ws/install/aicar_vision/share/aicar_vision/hook/pythonpath.sh'
[6.019s] Level 1:colcon.colcon_core.environment:checking '/home/me/maedongyee_ws/install/aicar_vision/bin'
[6.019s] Level 1:colcon.colcon_core.environment:create_environment_scripts_only(aicar_vision)
[6.020s] INFO:colcon.colcon_core.shell:Creating package script '/home/me/maedongyee_ws/install/aicar_vision/share/aicar_vision/package.ps1'
[6.022s] INFO:colcon.colcon_core.shell:Creating package descriptor '/home/me/maedongyee_ws/install/aicar_vision/share/aicar_vision/package.dsv'
[6.023s] INFO:colcon.colcon_core.shell:Creating package script '/home/me/maedongyee_ws/install/aicar_vision/share/aicar_vision/package.sh'
[6.023s] INFO:colcon.colcon_core.shell:Creating package script '/home/me/maedongyee_ws/install/aicar_vision/share/aicar_vision/package.bash'
[6.024s] INFO:colcon.colcon_core.shell:Creating package script '/home/me/maedongyee_ws/install/aicar_vision/share/aicar_vision/package.zsh'
[6.025s] Level 1:colcon.colcon_core.environment:create_file_with_runtime_dependencies(/home/me/maedongyee_ws/install/aicar_vision/share/colcon-core/packages/aicar_vision)
[6.026s] INFO:colcon.colcon_ros.task.ament_cmake.build:Building ROS package in '/home/me/maedongyee_ws/aicar_bringup' with build type 'ament_cmake'
[6.026s] INFO:colcon.colcon_cmake.task.cmake.build:Building CMake package in '/home/me/maedongyee_ws/aicar_bringup'
[6.027s] INFO:colcon.colcon_core.shell:Skip shell extension 'powershell' for command environment: Not usable outside of PowerShell
[6.027s] DEBUG:colcon.colcon_core.shell:Skip shell extension 'dsv' for command environment
[6.051s] DEBUG:colcon.colcon_core.event_handler.log_command:Invoking command in '/home/me/maedongyee_ws/build/aicar_bringup': AMENT_PREFIX_PATH=/home/me/maedongyee_ws/install/aicar_vision:/home/me/maedongyee_ws/install/aicar_controller:/home/me/maedongyee_ws/install/aicar_ui:/home/me/maedongyee_ws/install/aicar_driver:/home/me/maedongyee_ws/install/aicar_bringup:/home/me/maedongyee_ws/install/aicar_msgs:/opt/ros/jazzy CMAKE_PREFIX_PATH=/home/me/maedongyee_ws/install/aicar_msgs:/home/me/maedongyee_ws/install/aicar_bringup:/opt/ros/jazzy/opt/gz_math_vendor:/opt/ros/jazzy/opt/gz_utils_vendor:/opt/ros/jazzy/opt/gz_cmake_vendor:/home/me/maedongyee_ws/install/aicar_vision:/home/me/maedongyee_ws/install/aicar_ui:/home/me/maedongyee_ws/install/aicar_controller:/home/me/maedongyee_ws/install/aicar_driver:/opt/ros/jazzy DEBUGINFOD_URLS=https://debuginfod.ubuntu.com PYTHONPATH=/home/me/maedongyee_ws/install/aicar_vision/lib/python3.12/site-packages:/home/me/maedongyee_ws/install/aicar_controller/lib/python3.12/site-packages:/home/me/maedongyee_ws/install/aicar_ui/lib/python3.12/site-packages:/home/me/maedongyee_ws/install/aicar_msgs/lib/python3.12/site-packages:/home/me/maedongyee_ws/install/aicar_driver/lib/python3.12/site-packages:/opt/ros/jazzy/lib/python3.12/site-packages /usr/bin/cmake --build /home/me/maedongyee_ws/build/aicar_bringup -- -j4 -l4
[6.123s] DEBUG:colcon.colcon_core.event_handler.log_command:Invoked command in '/home/me/maedongyee_ws/build/aicar_bringup' returned '0': AMENT_PREFIX_PATH=/home/me/maedongyee_ws/install/aicar_vision:/home/me/maedongyee_ws/install/aicar_controller:/home/me/maedongyee_ws/install/aicar_ui:/home/me/maedongyee_ws/install/aicar_driver:/home/me/maedongyee_ws/install/aicar_bringup:/home/me/maedongyee_ws/install/aicar_msgs:/opt/ros/jazzy CMAKE_PREFIX_PATH=/home/me/maedongyee_ws/install/aicar_msgs:/home/me/maedongyee_ws/install/aicar_bringup:/opt/ros/jazzy/opt/gz_math_vendor:/opt/ros/jazzy/opt/gz_utils_vendor:/opt/ros/jazzy/opt/gz_cmake_vendor:/home/me/maedongyee_ws/install/aicar_vision:/home/me/maedongyee_ws/install/aicar_ui:/home/me/maedongyee_ws/install/aicar_controller:/home/me/maedongyee_ws/install/aicar_driver:/opt/ros/jazzy DEBUGINFOD_URLS=https://debuginfod.ubuntu.com PYTHONPATH=/home/me/maedongyee_ws/install/aicar_vision/lib/python3.12/site-packages:/home/me/maedongyee_ws/install/aicar_controller/lib/python3.12/site-packages:/home/me/maedongyee_ws/install/aicar_ui/lib/python3.12/site-packages:/home/me/maedongyee_ws/install/aicar_msgs/lib/python3.12/site-packages:/home/me/maedongyee_ws/install/aicar_driver/lib/python3.12/site-packages:/opt/ros/jazzy/lib/python3.12/site-packages /usr/bin/cmake --build /home/me/maedongyee_ws/build/aicar_bringup -- -j4 -l4
[6.126s] DEBUG:colcon.colcon_core.event_handler.log_command:Invoking command in '/home/me/maedongyee_ws/build/aicar_bringup': AMENT_PREFIX_PATH=/home/me/maedongyee_ws/install/aicar_vision:/home/me/maedongyee_ws/install/aicar_controller:/home/me/maedongyee_ws/install/aicar_ui:/home/me/maedongyee_ws/install/aicar_driver:/home/me/maedongyee_ws/install/aicar_bringup:/home/me/maedongyee_ws/install/aicar_msgs:/opt/ros/jazzy CMAKE_PREFIX_PATH=/home/me/maedongyee_ws/install/aicar_msgs:/home/me/maedongyee_ws/install/aicar_bringup:/opt/ros/jazzy/opt/gz_math_vendor:/opt/ros/jazzy/opt/gz_utils_vendor:/opt/ros/jazzy/opt/gz_cmake_vendor:/home/me/maedongyee_ws/install/aicar_vision:/home/me/maedongyee_ws/install/aicar_ui:/home/me/maedongyee_ws/install/aicar_controller:/home/me/maedongyee_ws/install/aicar_driver:/opt/ros/jazzy DEBUGINFOD_URLS=https://debuginfod.ubuntu.com PYTHONPATH=/home/me/maedongyee_ws/install/aicar_vision/lib/python3.12/site-packages:/home/me/maedongyee_ws/install/aicar_controller/lib/python3.12/site-packages:/home/me/maedongyee_ws/install/aicar_ui/lib/python3.12/site-packages:/home/me/maedongyee_ws/install/aicar_msgs/lib/python3.12/site-packages:/home/me/maedongyee_ws/install/aicar_driver/lib/python3.12/site-packages:/opt/ros/jazzy/lib/python3.12/site-packages /usr/bin/cmake --install /home/me/maedongyee_ws/build/aicar_bringup
[6.148s] Level 1:colcon.colcon_core.environment:create_environment_scripts_only(aicar_bringup)
[6.148s] Level 1:colcon.colcon_core.environment:checking '/home/me/maedongyee_ws/install/aicar_bringup' for CMake module files
[6.148s] DEBUG:colcon.colcon_core.event_handler.log_command:Invoked command in '/home/me/maedongyee_ws/build/aicar_bringup' returned '0': AMENT_PREFIX_PATH=/home/me/maedongyee_ws/install/aicar_vision:/home/me/maedongyee_ws/install/aicar_controller:/home/me/maedongyee_ws/install/aicar_ui:/home/me/maedongyee_ws/install/aicar_driver:/home/me/maedongyee_ws/install/aicar_bringup:/home/me/maedongyee_ws/install/aicar_msgs:/opt/ros/jazzy CMAKE_PREFIX_PATH=/home/me/maedongyee_ws/install/aicar_msgs:/home/me/maedongyee_ws/install/aicar_bringup:/opt/ros/jazzy/opt/gz_math_vendor:/opt/ros/jazzy/opt/gz_utils_vendor:/opt/ros/jazzy/opt/gz_cmake_vendor:/home/me/maedongyee_ws/install/aicar_vision:/home/me/maedongyee_ws/install/aicar_ui:/home/me/maedongyee_ws/install/aicar_controller:/home/me/maedongyee_ws/install/aicar_driver:/opt/ros/jazzy DEBUGINFOD_URLS=https://debuginfod.ubuntu.com PYTHONPATH=/home/me/maedongyee_ws/install/aicar_vision/lib/python3.12/site-packages:/home/me/maedongyee_ws/install/aicar_controller/lib/python3.12/site-packages:/home/me/maedongyee_ws/install/aicar_ui/lib/python3.12/site-packages:/home/me/maedongyee_ws/install/aicar_msgs/lib/python3.12/site-packages:/home/me/maedongyee_ws/install/aicar_driver/lib/python3.12/site-packages:/opt/ros/jazzy/lib/python3.12/site-packages /usr/bin/cmake --install /home/me/maedongyee_ws/build/aicar_bringup
[6.149s] Level 1:colcon.colcon_core.environment:checking '/home/me/maedongyee_ws/install/aicar_bringup' for CMake config files
[6.149s] Level 1:colcon.colcon_core.shell:create_environment_hook('aicar_bringup', 'cmake_prefix_path')
[6.150s] INFO:colcon.colcon_core.shell:Creating environment hook '/home/me/maedongyee_ws/install/aicar_bringup/share/aicar_bringup/hook/cmake_prefix_path.ps1'
[6.150s] INFO:colcon.colcon_core.shell:Creating environment descriptor '/home/me/maedongyee_ws/install/aicar_bringup/share/aicar_bringup/hook/cmake_prefix_path.dsv'
[6.151s] INFO:colcon.colcon_core.shell:Creating environment hook '/home/me/maedongyee_ws/install/aicar_bringup/share/aicar_bringup/hook/cmake_prefix_path.sh'
[6.152s] Level 1:colcon.colcon_core.environment:checking '/home/me/maedongyee_ws/install/aicar_bringup/bin'
[6.152s] Level 1:colcon.colcon_core.environment:checking '/home/me/maedongyee_ws/install/aicar_bringup/lib/pkgconfig/aicar_bringup.pc'
[6.153s] Level 1:colcon.colcon_core.environment:checking '/home/me/maedongyee_ws/install/aicar_bringup/lib/python3.12/site-packages'
[6.153s] Level 1:colcon.colcon_core.environment:checking '/home/me/maedongyee_ws/install/aicar_bringup/bin'
[6.154s] INFO:colcon.colcon_core.shell:Creating package script '/home/me/maedongyee_ws/install/aicar_bringup/share/aicar_bringup/package.ps1'
[6.154s] INFO:colcon.colcon_core.shell:Creating package descriptor '/home/me/maedongyee_ws/install/aicar_bringup/share/aicar_bringup/package.dsv'
[6.155s] INFO:colcon.colcon_core.shell:Creating package script '/home/me/maedongyee_ws/install/aicar_bringup/share/aicar_bringup/package.sh'
[6.156s] INFO:colcon.colcon_core.shell:Creating package script '/home/me/maedongyee_ws/install/aicar_bringup/share/aicar_bringup/package.bash'
[6.157s] INFO:colcon.colcon_core.shell:Creating package script '/home/me/maedongyee_ws/install/aicar_bringup/share/aicar_bringup/package.zsh'
[6.158s] Level 1:colcon.colcon_core.environment:create_file_with_runtime_dependencies(/home/me/maedongyee_ws/install/aicar_bringup/share/colcon-core/packages/aicar_bringup)
[6.159s] Level 1:colcon.colcon_core.environment:create_environment_scripts_only(aicar_bringup)
[6.159s] Level 1:colcon.colcon_core.environment:checking '/home/me/maedongyee_ws/install/aicar_bringup' for CMake module files
[6.160s] Level 1:colcon.colcon_core.environment:checking '/home/me/maedongyee_ws/install/aicar_bringup' for CMake config files
[6.161s] Level 1:colcon.colcon_core.shell:create_environment_hook('aicar_bringup', 'cmake_prefix_path')
[6.161s] INFO:colcon.colcon_core.shell:Creating environment hook '/home/me/maedongyee_ws/install/aicar_bringup/share/aicar_bringup/hook/cmake_prefix_path.ps1'
[6.161s] INFO:colcon.colcon_core.shell:Creating environment descriptor '/home/me/maedongyee_ws/install/aicar_bringup/share/aicar_bringup/hook/cmake_prefix_path.dsv'
[6.162s] INFO:colcon.colcon_core.shell:Creating environment hook '/home/me/maedongyee_ws/install/aicar_bringup/share/aicar_bringup/hook/cmake_prefix_path.sh'
[6.163s] Level 1:colcon.colcon_core.environment:checking '/home/me/maedongyee_ws/install/aicar_bringup/bin'
[6.164s] Level 1:colcon.colcon_core.environment:checking '/home/me/maedongyee_ws/install/aicar_bringup/lib/pkgconfig/aicar_bringup.pc'
[6.164s] Level 1:colcon.colcon_core.environment:checking '/home/me/maedongyee_ws/install/aicar_bringup/lib/python3.12/site-packages'
[6.165s] Level 1:colcon.colcon_core.environment:checking '/home/me/maedongyee_ws/install/aicar_bringup/bin'
[6.165s] INFO:colcon.colcon_core.shell:Creating package script '/home/me/maedongyee_ws/install/aicar_bringup/share/aicar_bringup/package.ps1'
[6.166s] INFO:colcon.colcon_core.shell:Creating package descriptor '/home/me/maedongyee_ws/install/aicar_bringup/share/aicar_bringup/package.dsv'
[6.167s] INFO:colcon.colcon_core.shell:Creating package script '/home/me/maedongyee_ws/install/aicar_bringup/share/aicar_bringup/package.sh'
[6.168s] INFO:colcon.colcon_core.shell:Creating package script '/home/me/maedongyee_ws/install/aicar_bringup/share/aicar_bringup/package.bash'
[6.169s] INFO:colcon.colcon_core.shell:Creating package script '/home/me/maedongyee_ws/install/aicar_bringup/share/aicar_bringup/package.zsh'
[6.170s] Level 1:colcon.colcon_core.environment:create_file_with_runtime_dependencies(/home/me/maedongyee_ws/install/aicar_bringup/share/colcon-core/packages/aicar_bringup)
[6.170s] DEBUG:colcon.colcon_parallel_executor.executor.parallel:closing loop
[6.171s] DEBUG:colcon.colcon_parallel_executor.executor.parallel:loop closed
[6.171s] DEBUG:colcon.colcon_parallel_executor.executor.parallel:run_until_complete finished with '0'
[6.171s] DEBUG:colcon.colcon_core.event_reactor:joining thread
[6.194s] INFO:colcon.colcon_core.plugin_system:Skipping extension 'colcon_notification.desktop_notification.terminal_notifier': Not used on non-Darwin systems
[6.194s] INFO:colcon.colcon_core.plugin_system:Skipping extension 'colcon_notification.desktop_notification.win32': Not used on non-Windows systems
[6.194s] INFO:colcon.colcon_notification.desktop_notification:Sending desktop notification using 'notify2'
[6.221s] DEBUG:colcon.colcon_core.event_reactor:joined thread
[6.222s] INFO:colcon.colcon_core.shell:Creating prefix script '/home/me/maedongyee_ws/install/local_setup.ps1'
[6.224s] INFO:colcon.colcon_core.shell:Creating prefix util module '/home/me/maedongyee_ws/install/_local_setup_util_ps1.py'
[6.227s] INFO:colcon.colcon_core.shell:Creating prefix chain script '/home/me/maedongyee_ws/install/setup.ps1'
[6.230s] INFO:colcon.colcon_core.shell:Creating prefix script '/home/me/maedongyee_ws/install/local_setup.sh'
[6.232s] INFO:colcon.colcon_core.shell:Creating prefix util module '/home/me/maedongyee_ws/install/_local_setup_util_sh.py'
[6.233s] INFO:colcon.colcon_core.shell:Creating prefix chain script '/home/me/maedongyee_ws/install/setup.sh'
[6.235s] INFO:colcon.colcon_core.shell:Creating prefix script '/home/me/maedongyee_ws/install/local_setup.bash'
[6.237s] INFO:colcon.colcon_core.shell:Creating prefix chain script '/home/me/maedongyee_ws/install/setup.bash'
[6.239s] INFO:colcon.colcon_core.shell:Creating prefix script '/home/me/maedongyee_ws/install/local_setup.zsh'
[6.241s] INFO:colcon.colcon_core.shell:Creating prefix chain script '/home/me/maedongyee_ws/install/setup.zsh'
