[0.899s] DEBUG:colcon:Command line arguments: ['/usr/bin/colcon', 'build']
[0.899s] DEBUG:colcon:Parsed command line arguments: Namespace(log_base=None, log_level=None, verb_name='build', build_base='build', install_base='install', merge_install=False, symlink_install=False, test_result_base=None, continue_on_error=False, executor='parallel', parallel_workers=4, event_handlers=None, ignore_user_meta=False, metas=['./colcon.meta'], base_paths=['.'], packages_ignore=None, packages_ignore_regex=None, paths=None, packages_up_to=None, packages_up_to_regex=None, packages_above=None, packages_above_and_dependencies=None, packages_above_depth=None, packages_select_by_dep=None, packages_skip_by_dep=None, packages_skip_up_to=None, packages_select_build_failed=False, packages_skip_build_finished=False, packages_select_test_failures=False, packages_skip_test_passed=False, packages_select=None, packages_skip=None, packages_select_regex=None, packages_skip_regex=None, packages_start=None, packages_end=None, allow_overriding=[], cmake_args=None, cmake_target=None, cmake_target_skip_unavailable=False, cmake_clean_cache=False, cmake_clean_first=False, cmake_force_configure=False, meson_args=[], ament_cmake_args=None, catkin_cmake_args=None, catkin_skip_building_tests=False, mixin_files=None, mixin=None, verb_parser=<colcon_mixin.mixin.mixin_argument.MixinArgumentDecorator object at 0xffffb0e05790>, verb_extension=<colcon_core.verb.build.BuildVerb object at 0xffffb0fc2090>, main=<bound method BuildVerb.main of <colcon_core.verb.build.BuildVerb object at 0xffffb0fc2090>>, mixin_verb=('build',))
[1.040s] Level 1:colcon.colcon_core.package_discovery:discover_packages(colcon_meta) check parameters
[1.041s] Level 1:colcon.colcon_core.package_discovery:discover_packages(recursive) check parameters
[1.041s] Level 1:colcon.colcon_core.package_discovery:discover_packages(ignore) check parameters
[1.041s] Level 1:colcon.colcon_core.package_discovery:discover_packages(path) check parameters
[1.041s] Level 1:colcon.colcon_core.package_discovery:discover_packages(colcon_meta) discover
[1.041s] Level 1:colcon.colcon_core.package_discovery:discover_packages(recursive) discover
[1.041s] INFO:colcon.colcon_core.package_discovery:Crawling recursively for packages in '/home/me/maedongyee_ws'
[1.041s] Level 1:colcon.colcon_core.package_identification:_identify(.) by extensions ['ignore', 'ignore_ament_install']
[1.041s] Level 1:colcon.colcon_core.package_identification:_identify(.) by extension 'ignore'
[1.041s] Level 1:colcon.colcon_core.package_identification:_identify(.) by extension 'ignore_ament_install'
[1.041s] Level 1:colcon.colcon_core.package_identification:_identify(.) by extensions ['colcon_pkg']
[1.041s] Level 1:colcon.colcon_core.package_identification:_identify(.) by extension 'colcon_pkg'
[1.042s] Level 1:colcon.colcon_core.package_identification:_identify(.) by extensions ['colcon_meta']
[1.042s] Level 1:colcon.colcon_core.package_identification:_identify(.) by extension 'colcon_meta'
[1.042s] Level 1:colcon.colcon_core.package_identification:_identify(.) by extensions ['ros']
[1.042s] Level 1:colcon.colcon_core.package_identification:_identify(.) by extension 'ros'
[1.138s] Level 1:colcon.colcon_core.package_identification:_identify(.) by extensions ['cmake', 'meson', 'python']
[1.139s] Level 1:colcon.colcon_core.package_identification:_identify(.) by extension 'cmake'
[1.139s] Level 1:colcon.colcon_core.package_identification:_identify(.) by extension 'meson'
[1.141s] Level 1:colcon.colcon_core.package_identification:_identify(.) by extension 'python'
[1.141s] Level 1:colcon.colcon_core.package_identification:_identify(.) by extensions ['python_setup_py']
[1.141s] Level 1:colcon.colcon_core.package_identification:_identify(.) by extension 'python_setup_py'
[1.142s] Level 1:colcon.colcon_core.package_identification:_identify(aicar_bringup) by extensions ['ignore', 'ignore_ament_install']
[1.142s] Level 1:colcon.colcon_core.package_identification:_identify(aicar_bringup) by extension 'ignore'
[1.142s] Level 1:colcon.colcon_core.package_identification:_identify(aicar_bringup) by extension 'ignore_ament_install'
[1.142s] Level 1:colcon.colcon_core.package_identification:_identify(aicar_bringup) by extensions ['colcon_pkg']
[1.142s] Level 1:colcon.colcon_core.package_identification:_identify(aicar_bringup) by extension 'colcon_pkg'
[1.142s] Level 1:colcon.colcon_core.package_identification:_identify(aicar_bringup) by extensions ['colcon_meta']
[1.142s] Level 1:colcon.colcon_core.package_identification:_identify(aicar_bringup) by extension 'colcon_meta'
[1.142s] Level 1:colcon.colcon_core.package_identification:_identify(aicar_bringup) by extensions ['ros']
[1.142s] Level 1:colcon.colcon_core.package_identification:_identify(aicar_bringup) by extension 'ros'
[1.149s] DEBUG:colcon.colcon_core.package_identification:Package 'aicar_bringup' with type 'ros.ament_cmake' and name 'aicar_bringup'
[1.149s] Level 1:colcon.colcon_core.package_identification:_identify(aicar_controller) by extensions ['ignore', 'ignore_ament_install']
[1.150s] Level 1:colcon.colcon_core.package_identification:_identify(aicar_controller) by extension 'ignore'
[1.150s] Level 1:colcon.colcon_core.package_identification:_identify(aicar_controller) by extension 'ignore_ament_install'
[1.150s] Level 1:colcon.colcon_core.package_identification:_identify(aicar_controller) by extensions ['colcon_pkg']
[1.150s] Level 1:colcon.colcon_core.package_identification:_identify(aicar_controller) by extension 'colcon_pkg'
[1.150s] Level 1:colcon.colcon_core.package_identification:_identify(aicar_controller) by extensions ['colcon_meta']
[1.150s] Level 1:colcon.colcon_core.package_identification:_identify(aicar_controller) by extension 'colcon_meta'
[1.150s] Level 1:colcon.colcon_core.package_identification:_identify(aicar_controller) by extensions ['ros']
[1.150s] Level 1:colcon.colcon_core.package_identification:_identify(aicar_controller) by extension 'ros'
[1.151s] DEBUG:colcon.colcon_core.package_identification:Package 'aicar_controller' with type 'ros.ament_python' and name 'aicar_controller'
[1.152s] Level 1:colcon.colcon_core.package_identification:_identify(aicar_driver) by extensions ['ignore', 'ignore_ament_install']
[1.152s] Level 1:colcon.colcon_core.package_identification:_identify(aicar_driver) by extension 'ignore'
[1.152s] Level 1:colcon.colcon_core.package_identification:_identify(aicar_driver) by extension 'ignore_ament_install'
[1.152s] Level 1:colcon.colcon_core.package_identification:_identify(aicar_driver) by extensions ['colcon_pkg']
[1.152s] Level 1:colcon.colcon_core.package_identification:_identify(aicar_driver) by extension 'colcon_pkg'
[1.152s] Level 1:colcon.colcon_core.package_identification:_identify(aicar_driver) by extensions ['colcon_meta']
[1.152s] Level 1:colcon.colcon_core.package_identification:_identify(aicar_driver) by extension 'colcon_meta'
[1.152s] Level 1:colcon.colcon_core.package_identification:_identify(aicar_driver) by extensions ['ros']
[1.152s] Level 1:colcon.colcon_core.package_identification:_identify(aicar_driver) by extension 'ros'
[1.153s] DEBUG:colcon.colcon_core.package_identification:Package 'aicar_driver' with type 'ros.ament_python' and name 'aicar_driver'
[1.153s] Level 1:colcon.colcon_core.package_identification:_identify(aicar_msgs) by extensions ['ignore', 'ignore_ament_install']
[1.154s] Level 1:colcon.colcon_core.package_identification:_identify(aicar_msgs) by extension 'ignore'
[1.154s] Level 1:colcon.colcon_core.package_identification:_identify(aicar_msgs) by extension 'ignore_ament_install'
[1.154s] Level 1:colcon.colcon_core.package_identification:_identify(aicar_msgs) by extensions ['colcon_pkg']
[1.154s] Level 1:colcon.colcon_core.package_identification:_identify(aicar_msgs) by extension 'colcon_pkg'
[1.154s] Level 1:colcon.colcon_core.package_identification:_identify(aicar_msgs) by extensions ['colcon_meta']
[1.154s] Level 1:colcon.colcon_core.package_identification:_identify(aicar_msgs) by extension 'colcon_meta'
[1.154s] Level 1:colcon.colcon_core.package_identification:_identify(aicar_msgs) by extensions ['ros']
[1.154s] Level 1:colcon.colcon_core.package_identification:_identify(aicar_msgs) by extension 'ros'
[1.155s] DEBUG:colcon.colcon_core.package_identification:Package 'aicar_msgs' with type 'ros.ament_cmake' and name 'aicar_msgs'
[1.155s] Level 1:colcon.colcon_core.package_identification:_identify(aicar_ui) by extensions ['ignore', 'ignore_ament_install']
[1.155s] Level 1:colcon.colcon_core.package_identification:_identify(aicar_ui) by extension 'ignore'
[1.155s] Level 1:colcon.colcon_core.package_identification:_identify(aicar_ui) by extension 'ignore_ament_install'
[1.155s] Level 1:colcon.colcon_core.package_identification:_identify(aicar_ui) by extensions ['colcon_pkg']
[1.155s] Level 1:colcon.colcon_core.package_identification:_identify(aicar_ui) by extension 'colcon_pkg'
[1.155s] Level 1:colcon.colcon_core.package_identification:_identify(aicar_ui) by extensions ['colcon_meta']
[1.155s] Level 1:colcon.colcon_core.package_identification:_identify(aicar_ui) by extension 'colcon_meta'
[1.155s] Level 1:colcon.colcon_core.package_identification:_identify(aicar_ui) by extensions ['ros']
[1.155s] Level 1:colcon.colcon_core.package_identification:_identify(aicar_ui) by extension 'ros'
[1.156s] DEBUG:colcon.colcon_core.package_identification:Package 'aicar_ui' with type 'ros.ament_python' and name 'aicar_ui'
[1.157s] Level 1:colcon.colcon_core.package_identification:_identify(aicar_vision) by extensions ['ignore', 'ignore_ament_install']
[1.157s] Level 1:colcon.colcon_core.package_identification:_identify(aicar_vision) by extension 'ignore'
[1.157s] Level 1:colcon.colcon_core.package_identification:_identify(aicar_vision) by extension 'ignore_ament_install'
[1.157s] Level 1:colcon.colcon_core.package_identification:_identify(aicar_vision) by extensions ['colcon_pkg']
[1.157s] Level 1:colcon.colcon_core.package_identification:_identify(aicar_vision) by extension 'colcon_pkg'
[1.157s] Level 1:colcon.colcon_core.package_identification:_identify(aicar_vision) by extensions ['colcon_meta']
[1.157s] Level 1:colcon.colcon_core.package_identification:_identify(aicar_vision) by extension 'colcon_meta'
[1.157s] Level 1:colcon.colcon_core.package_identification:_identify(aicar_vision) by extensions ['ros']
[1.157s] Level 1:colcon.colcon_core.package_identification:_identify(aicar_vision) by extension 'ros'
[1.158s] DEBUG:colcon.colcon_core.package_identification:Package 'aicar_vision' with type 'ros.ament_python' and name 'aicar_vision'
[1.158s] Level 1:colcon.colcon_core.package_identification:_identify(build) by extensions ['ignore', 'ignore_ament_install']
[1.159s] Level 1:colcon.colcon_core.package_identification:_identify(build) by extension 'ignore'
[1.159s] Level 1:colcon.colcon_core.package_identification:_identify(build) ignored
[1.159s] Level 1:colcon.colcon_core.package_identification:_identify(install) by extensions ['ignore', 'ignore_ament_install']
[1.159s] Level 1:colcon.colcon_core.package_identification:_identify(install) by extension 'ignore'
[1.159s] Level 1:colcon.colcon_core.package_identification:_identify(install) ignored
[1.159s] Level 1:colcon.colcon_core.package_identification:_identify(log) by extensions ['ignore', 'ignore_ament_install']
[1.159s] Level 1:colcon.colcon_core.package_identification:_identify(log) by extension 'ignore'
[1.159s] Level 1:colcon.colcon_core.package_identification:_identify(log) ignored
[1.159s] Level 1:colcon.colcon_core.package_discovery:discover_packages(recursive) using defaults
[1.159s] Level 1:colcon.colcon_core.package_discovery:discover_packages(ignore) discover
[1.160s] Level 1:colcon.colcon_core.package_discovery:discover_packages(ignore) using defaults
[1.160s] Level 1:colcon.colcon_core.package_discovery:discover_packages(path) discover
[1.160s] Level 1:colcon.colcon_core.package_discovery:discover_packages(path) using defaults
[1.216s] Level 1:colcon.colcon_core.package_discovery:discover_packages(prefix_path) check parameters
[1.217s] Level 1:colcon.colcon_core.package_discovery:discover_packages(prefix_path) discover
[1.224s] DEBUG:colcon.colcon_installed_package_information.package_discovery:Found 6 installed packages in /home/me/maedongyee_ws/install
[1.227s] DEBUG:colcon.colcon_installed_package_information.package_discovery:Found 292 installed packages in /opt/ros/jazzy
[1.230s] Level 1:colcon.colcon_core.package_discovery:discover_packages(prefix_path) using defaults
[1.312s] Level 5:colcon.colcon_core.verb:set package 'aicar_driver' build argument 'cmake_args' from command line to 'None'
[1.312s] Level 5:colcon.colcon_core.verb:set package 'aicar_driver' build argument 'cmake_target' from command line to 'None'
[1.312s] Level 5:colcon.colcon_core.verb:set package 'aicar_driver' build argument 'cmake_target_skip_unavailable' from command line to 'False'
[1.312s] Level 5:colcon.colcon_core.verb:set package 'aicar_driver' build argument 'cmake_clean_cache' from command line to 'False'
[1.312s] Level 5:colcon.colcon_core.verb:set package 'aicar_driver' build argument 'cmake_clean_first' from command line to 'False'
[1.312s] Level 5:colcon.colcon_core.verb:set package 'aicar_driver' build argument 'cmake_force_configure' from command line to 'False'
[1.312s] Level 5:colcon.colcon_core.verb:set package 'aicar_driver' build argument 'meson_args' from command line to '[]'
[1.312s] Level 5:colcon.colcon_core.verb:set package 'aicar_driver' build argument 'ament_cmake_args' from command line to 'None'
[1.312s] Level 5:colcon.colcon_core.verb:set package 'aicar_driver' build argument 'catkin_cmake_args' from command line to 'None'
[1.312s] Level 5:colcon.colcon_core.verb:set package 'aicar_driver' build argument 'catkin_skip_building_tests' from command line to 'False'
[1.312s] DEBUG:colcon.colcon_core.verb:Building package 'aicar_driver' with the following arguments: {'ament_cmake_args': None, 'build_base': '/home/me/maedongyee_ws/build/aicar_driver', 'catkin_cmake_args': None, 'catkin_skip_building_tests': False, 'cmake_args': None, 'cmake_clean_cache': False, 'cmake_clean_first': False, 'cmake_force_configure': False, 'cmake_target': None, 'cmake_target_skip_unavailable': False, 'install_base': '/home/me/maedongyee_ws/install/aicar_driver', 'merge_install': False, 'meson_args': [], 'path': '/home/me/maedongyee_ws/aicar_driver', 'symlink_install': False, 'test_result_base': None}
[1.325s] Level 5:colcon.colcon_core.verb:set package 'aicar_msgs' build argument 'cmake_args' from command line to 'None'
[1.325s] Level 5:colcon.colcon_core.verb:set package 'aicar_msgs' build argument 'cmake_target' from command line to 'None'
[1.325s] Level 5:colcon.colcon_core.verb:set package 'aicar_msgs' build argument 'cmake_target_skip_unavailable' from command line to 'False'
[1.325s] Level 5:colcon.colcon_core.verb:set package 'aicar_msgs' build argument 'cmake_clean_cache' from command line to 'False'
[1.325s] Level 5:colcon.colcon_core.verb:set package 'aicar_msgs' build argument 'cmake_clean_first' from command line to 'False'
[1.325s] Level 5:colcon.colcon_core.verb:set package 'aicar_msgs' build argument 'cmake_force_configure' from command line to 'False'
[1.325s] Level 5:colcon.colcon_core.verb:set package 'aicar_msgs' build argument 'meson_args' from command line to '[]'
[1.325s] Level 5:colcon.colcon_core.verb:set package 'aicar_msgs' build argument 'ament_cmake_args' from command line to 'None'
[1.325s] Level 5:colcon.colcon_core.verb:set package 'aicar_msgs' build argument 'catkin_cmake_args' from command line to 'None'
[1.326s] Level 5:colcon.colcon_core.verb:set package 'aicar_msgs' build argument 'catkin_skip_building_tests' from command line to 'False'
[1.326s] DEBUG:colcon.colcon_core.verb:Building package 'aicar_msgs' with the following arguments: {'ament_cmake_args': None, 'build_base': '/home/me/maedongyee_ws/build/aicar_msgs', 'catkin_cmake_args': None, 'catkin_skip_building_tests': False, 'cmake_args': None, 'cmake_clean_cache': False, 'cmake_clean_first': False, 'cmake_force_configure': False, 'cmake_target': None, 'cmake_target_skip_unavailable': False, 'install_base': '/home/me/maedongyee_ws/install/aicar_msgs', 'merge_install': False, 'meson_args': [], 'path': '/home/me/maedongyee_ws/aicar_msgs', 'symlink_install': False, 'test_result_base': None}
[1.338s] Level 5:colcon.colcon_core.verb:set package 'aicar_ui' build argument 'cmake_args' from command line to 'None'
[1.339s] Level 5:colcon.colcon_core.verb:set package 'aicar_ui' build argument 'cmake_target' from command line to 'None'
[1.339s] Level 5:colcon.colcon_core.verb:set package 'aicar_ui' build argument 'cmake_target_skip_unavailable' from command line to 'False'
[1.339s] Level 5:colcon.colcon_core.verb:set package 'aicar_ui' build argument 'cmake_clean_cache' from command line to 'False'
[1.339s] Level 5:colcon.colcon_core.verb:set package 'aicar_ui' build argument 'cmake_clean_first' from command line to 'False'
[1.339s] Level 5:colcon.colcon_core.verb:set package 'aicar_ui' build argument 'cmake_force_configure' from command line to 'False'
[1.339s] Level 5:colcon.colcon_core.verb:set package 'aicar_ui' build argument 'meson_args' from command line to '[]'
[1.339s] Level 5:colcon.colcon_core.verb:set package 'aicar_ui' build argument 'ament_cmake_args' from command line to 'None'
[1.339s] Level 5:colcon.colcon_core.verb:set package 'aicar_ui' build argument 'catkin_cmake_args' from command line to 'None'
[1.339s] Level 5:colcon.colcon_core.verb:set package 'aicar_ui' build argument 'catkin_skip_building_tests' from command line to 'False'
[1.339s] DEBUG:colcon.colcon_core.verb:Building package 'aicar_ui' with the following arguments: {'ament_cmake_args': None, 'build_base': '/home/me/maedongyee_ws/build/aicar_ui', 'catkin_cmake_args': None, 'catkin_skip_building_tests': False, 'cmake_args': None, 'cmake_clean_cache': False, 'cmake_clean_first': False, 'cmake_force_configure': False, 'cmake_target': None, 'cmake_target_skip_unavailable': False, 'install_base': '/home/me/maedongyee_ws/install/aicar_ui', 'merge_install': False, 'meson_args': [], 'path': '/home/me/maedongyee_ws/aicar_ui', 'symlink_install': False, 'test_result_base': None}
[1.352s] Level 5:colcon.colcon_core.verb:set package 'aicar_controller' build argument 'cmake_args' from command line to 'None'
[1.352s] Level 5:colcon.colcon_core.verb:set package 'aicar_controller' build argument 'cmake_target' from command line to 'None'
[1.352s] Level 5:colcon.colcon_core.verb:set package 'aicar_controller' build argument 'cmake_target_skip_unavailable' from command line to 'False'
[1.352s] Level 5:colcon.colcon_core.verb:set package 'aicar_controller' build argument 'cmake_clean_cache' from command line to 'False'
[1.352s] Level 5:colcon.colcon_core.verb:set package 'aicar_controller' build argument 'cmake_clean_first' from command line to 'False'
[1.352s] Level 5:colcon.colcon_core.verb:set package 'aicar_controller' build argument 'cmake_force_configure' from command line to 'False'
[1.352s] Level 5:colcon.colcon_core.verb:set package 'aicar_controller' build argument 'meson_args' from command line to '[]'
[1.352s] Level 5:colcon.colcon_core.verb:set package 'aicar_controller' build argument 'ament_cmake_args' from command line to 'None'
[1.352s] Level 5:colcon.colcon_core.verb:set package 'aicar_controller' build argument 'catkin_cmake_args' from command line to 'None'
[1.352s] Level 5:colcon.colcon_core.verb:set package 'aicar_controller' build argument 'catkin_skip_building_tests' from command line to 'False'
[1.352s] DEBUG:colcon.colcon_core.verb:Building package 'aicar_controller' with the following arguments: {'ament_cmake_args': None, 'build_base': '/home/me/maedongyee_ws/build/aicar_controller', 'catkin_cmake_args': None, 'catkin_skip_building_tests': False, 'cmake_args': None, 'cmake_clean_cache': False, 'cmake_clean_first': False, 'cmake_force_configure': False, 'cmake_target': None, 'cmake_target_skip_unavailable': False, 'install_base': '/home/me/maedongyee_ws/install/aicar_controller', 'merge_install': False, 'meson_args': [], 'path': '/home/me/maedongyee_ws/aicar_controller', 'symlink_install': False, 'test_result_base': None}
[1.367s] Level 5:colcon.colcon_core.verb:set package 'aicar_vision' build argument 'cmake_args' from command line to 'None'
[1.367s] Level 5:colcon.colcon_core.verb:set package 'aicar_vision' build argument 'cmake_target' from command line to 'None'
[1.367s] Level 5:colcon.colcon_core.verb:set package 'aicar_vision' build argument 'cmake_target_skip_unavailable' from command line to 'False'
[1.367s] Level 5:colcon.colcon_core.verb:set package 'aicar_vision' build argument 'cmake_clean_cache' from command line to 'False'
[1.367s] Level 5:colcon.colcon_core.verb:set package 'aicar_vision' build argument 'cmake_clean_first' from command line to 'False'
[1.367s] Level 5:colcon.colcon_core.verb:set package 'aicar_vision' build argument 'cmake_force_configure' from command line to 'False'
[1.367s] Level 5:colcon.colcon_core.verb:set package 'aicar_vision' build argument 'meson_args' from command line to '[]'
[1.368s] Level 5:colcon.colcon_core.verb:set package 'aicar_vision' build argument 'ament_cmake_args' from command line to 'None'
[1.368s] Level 5:colcon.colcon_core.verb:set package 'aicar_vision' build argument 'catkin_cmake_args' from command line to 'None'
[1.368s] Level 5:colcon.colcon_core.verb:set package 'aicar_vision' build argument 'catkin_skip_building_tests' from command line to 'False'
[1.368s] DEBUG:colcon.colcon_core.verb:Building package 'aicar_vision' with the following arguments: {'ament_cmake_args': None, 'build_base': '/home/me/maedongyee_ws/build/aicar_vision', 'catkin_cmake_args': None, 'catkin_skip_building_tests': False, 'cmake_args': None, 'cmake_clean_cache': False, 'cmake_clean_first': False, 'cmake_force_configure': False, 'cmake_target': None, 'cmake_target_skip_unavailable': False, 'install_base': '/home/me/maedongyee_ws/install/aicar_vision', 'merge_install': False, 'meson_args': [], 'path': '/home/me/maedongyee_ws/aicar_vision', 'symlink_install': False, 'test_result_base': None}
[1.380s] Level 5:colcon.colcon_core.verb:set package 'aicar_bringup' build argument 'cmake_args' from command line to 'None'
[1.381s] Level 5:colcon.colcon_core.verb:set package 'aicar_bringup' build argument 'cmake_target' from command line to 'None'
[1.381s] Level 5:colcon.colcon_core.verb:set package 'aicar_bringup' build argument 'cmake_target_skip_unavailable' from command line to 'False'
[1.381s] Level 5:colcon.colcon_core.verb:set package 'aicar_bringup' build argument 'cmake_clean_cache' from command line to 'False'
[1.381s] Level 5:colcon.colcon_core.verb:set package 'aicar_bringup' build argument 'cmake_clean_first' from command line to 'False'
[1.381s] Level 5:colcon.colcon_core.verb:set package 'aicar_bringup' build argument 'cmake_force_configure' from command line to 'False'
[1.381s] Level 5:colcon.colcon_core.verb:set package 'aicar_bringup' build argument 'meson_args' from command line to '[]'
[1.381s] Level 5:colcon.colcon_core.verb:set package 'aicar_bringup' build argument 'ament_cmake_args' from command line to 'None'
[1.381s] Level 5:colcon.colcon_core.verb:set package 'aicar_bringup' build argument 'catkin_cmake_args' from command line to 'None'
[1.381s] Level 5:colcon.colcon_core.verb:set package 'aicar_bringup' build argument 'catkin_skip_building_tests' from command line to 'False'
[1.381s] DEBUG:colcon.colcon_core.verb:Building package 'aicar_bringup' with the following arguments: {'ament_cmake_args': None, 'build_base': '/home/me/maedongyee_ws/build/aicar_bringup', 'catkin_cmake_args': None, 'catkin_skip_building_tests': False, 'cmake_args': None, 'cmake_clean_cache': False, 'cmake_clean_first': False, 'cmake_force_configure': False, 'cmake_target': None, 'cmake_target_skip_unavailable': False, 'install_base': '/home/me/maedongyee_ws/install/aicar_bringup', 'merge_install': False, 'meson_args': [], 'path': '/home/me/maedongyee_ws/aicar_bringup', 'symlink_install': False, 'test_result_base': None}
[1.381s] INFO:colcon.colcon_core.executor:Executing jobs using 'parallel' executor
[1.382s] DEBUG:colcon.colcon_parallel_executor.executor.parallel:run_until_complete
[1.383s] INFO:colcon.colcon_ros.task.ament_cmake.build:Building ROS package in '/home/me/maedongyee_ws/aicar_msgs' with build type 'ament_cmake'
[1.383s] INFO:colcon.colcon_cmake.task.cmake.build:Building CMake package in '/home/me/maedongyee_ws/aicar_msgs'
[1.396s] INFO:colcon.colcon_core.plugin_system:Skipping extension 'colcon_core.shell.bat': Not used on non-Windows systems
[1.396s] INFO:colcon.colcon_core.shell:Skip shell extension 'powershell' for command environment: Not usable outside of PowerShell
[1.396s] DEBUG:colcon.colcon_core.shell:Skip shell extension 'dsv' for command environment
[1.404s] INFO:colcon.colcon_ros.task.ament_python.build:Building ROS package in '/home/me/maedongyee_ws/aicar_driver' with build type 'ament_python'
[1.404s] Level 1:colcon.colcon_core.shell:create_environment_hook('aicar_driver', 'ament_prefix_path')
[1.404s] INFO:colcon.colcon_core.shell:Creating environment hook '/home/me/maedongyee_ws/install/aicar_driver/share/aicar_driver/hook/ament_prefix_path.ps1'
[1.407s] INFO:colcon.colcon_core.shell:Creating environment descriptor '/home/me/maedongyee_ws/install/aicar_driver/share/aicar_driver/hook/ament_prefix_path.dsv'
[1.410s] INFO:colcon.colcon_core.shell:Creating environment hook '/home/me/maedongyee_ws/install/aicar_driver/share/aicar_driver/hook/ament_prefix_path.sh'
[1.412s] INFO:colcon.colcon_core.shell:Skip shell extension 'powershell' for command environment: Not usable outside of PowerShell
[1.412s] DEBUG:colcon.colcon_core.shell:Skip shell extension 'dsv' for command environment
[1.418s] INFO:colcon.colcon_ros.task.ament_python.build:Building ROS package in '/home/me/maedongyee_ws/aicar_ui' with build type 'ament_python'
[1.418s] Level 1:colcon.colcon_core.shell:create_environment_hook('aicar_ui', 'ament_prefix_path')
[1.418s] INFO:colcon.colcon_core.shell:Creating environment hook '/home/me/maedongyee_ws/install/aicar_ui/share/aicar_ui/hook/ament_prefix_path.ps1'
[1.419s] INFO:colcon.colcon_core.shell:Creating environment descriptor '/home/me/maedongyee_ws/install/aicar_ui/share/aicar_ui/hook/ament_prefix_path.dsv'
[1.420s] INFO:colcon.colcon_core.shell:Creating environment hook '/home/me/maedongyee_ws/install/aicar_ui/share/aicar_ui/hook/ament_prefix_path.sh'
[1.421s] INFO:colcon.colcon_core.shell:Skip shell extension 'powershell' for command environment: Not usable outside of PowerShell
[1.421s] DEBUG:colcon.colcon_core.shell:Skip shell extension 'dsv' for command environment
[1.436s] DEBUG:colcon.colcon_core.event_handler.log_command:Invoking command in '/home/me/maedongyee_ws/build/aicar_msgs': CMAKE_PREFIX_PATH=${CMAKE_PREFIX_PATH}:/home/me/maedongyee_ws/install/aicar_vision:/home/me/maedongyee_ws/install/aicar_ui:/home/me/maedongyee_ws/install/aicar_controller:/home/me/maedongyee_ws/install/aicar_driver:/opt/ros/jazzy DEBUGINFOD_URLS=https://debuginfod.ubuntu.com /usr/bin/cmake --build /home/me/maedongyee_ws/build/aicar_msgs -- -j4 -l4
[1.860s] INFO:colcon.colcon_core.task.python.build:Building Python package in '/home/me/maedongyee_ws/aicar_driver'
[1.860s] INFO:colcon.colcon_core.shell:Skip shell extension 'powershell' for command environment: Not usable outside of PowerShell
[1.860s] DEBUG:colcon.colcon_core.shell:Skip shell extension 'dsv' for command environment
[2.240s] INFO:colcon.colcon_core.task.python.build:Building Python package in '/home/me/maedongyee_ws/aicar_ui'
[2.241s] INFO:colcon.colcon_core.shell:Skip shell extension 'powershell' for command environment: Not usable outside of PowerShell
[2.241s] DEBUG:colcon.colcon_core.shell:Skip shell extension 'dsv' for command environment
[3.542s] DEBUG:colcon.colcon_core.event_handler.log_command:Invoked command in '/home/me/maedongyee_ws/build/aicar_msgs' returned '0': CMAKE_PREFIX_PATH=${CMAKE_PREFIX_PATH}:/home/me/maedongyee_ws/install/aicar_vision:/home/me/maedongyee_ws/install/aicar_ui:/home/me/maedongyee_ws/install/aicar_controller:/home/me/maedongyee_ws/install/aicar_driver:/opt/ros/jazzy DEBUGINFOD_URLS=https://debuginfod.ubuntu.com /usr/bin/cmake --build /home/me/maedongyee_ws/build/aicar_msgs -- -j4 -l4
[3.574s] DEBUG:colcon.colcon_core.event_handler.log_command:Invoking command in '/home/me/maedongyee_ws/build/aicar_msgs': CMAKE_PREFIX_PATH=${CMAKE_PREFIX_PATH}:/home/me/maedongyee_ws/install/aicar_vision:/home/me/maedongyee_ws/install/aicar_ui:/home/me/maedongyee_ws/install/aicar_controller:/home/me/maedongyee_ws/install/aicar_driver:/opt/ros/jazzy DEBUGINFOD_URLS=https://debuginfod.ubuntu.com /usr/bin/cmake --install /home/me/maedongyee_ws/build/aicar_msgs
[3.793s] Level 1:colcon.colcon_core.environment:create_environment_scripts_only(aicar_msgs)
[3.795s] DEBUG:colcon.colcon_core.event_handler.log_command:Invoked command in '/home/me/maedongyee_ws/build/aicar_msgs' returned '0': CMAKE_PREFIX_PATH=${CMAKE_PREFIX_PATH}:/home/me/maedongyee_ws/install/aicar_vision:/home/me/maedongyee_ws/install/aicar_ui:/home/me/maedongyee_ws/install/aicar_controller:/home/me/maedongyee_ws/install/aicar_driver:/opt/ros/jazzy DEBUGINFOD_URLS=https://debuginfod.ubuntu.com /usr/bin/cmake --install /home/me/maedongyee_ws/build/aicar_msgs
[3.813s] Level 1:colcon.colcon_core.environment:checking '/home/me/maedongyee_ws/install/aicar_msgs' for CMake module files
[3.815s] Level 1:colcon.colcon_core.environment:checking '/home/me/maedongyee_ws/install/aicar_msgs' for CMake config files
[3.816s] Level 1:colcon.colcon_core.shell:create_environment_hook('aicar_msgs', 'cmake_prefix_path')
[3.816s] INFO:colcon.colcon_core.shell:Creating environment hook '/home/me/maedongyee_ws/install/aicar_msgs/share/aicar_msgs/hook/cmake_prefix_path.ps1'
[3.817s] INFO:colcon.colcon_core.shell:Creating environment descriptor '/home/me/maedongyee_ws/install/aicar_msgs/share/aicar_msgs/hook/cmake_prefix_path.dsv'
[3.818s] INFO:colcon.colcon_core.shell:Creating environment hook '/home/me/maedongyee_ws/install/aicar_msgs/share/aicar_msgs/hook/cmake_prefix_path.sh'
[3.819s] Level 1:colcon.colcon_core.environment:checking '/home/me/maedongyee_ws/install/aicar_msgs/lib'
[3.819s] Level 1:colcon.colcon_core.shell:create_environment_hook('aicar_msgs', 'ld_library_path_lib')
[3.820s] INFO:colcon.colcon_core.shell:Creating environment hook '/home/me/maedongyee_ws/install/aicar_msgs/share/aicar_msgs/hook/ld_library_path_lib.ps1'
[3.820s] INFO:colcon.colcon_core.shell:Creating environment descriptor '/home/me/maedongyee_ws/install/aicar_msgs/share/aicar_msgs/hook/ld_library_path_lib.dsv'
[3.821s] INFO:colcon.colcon_core.shell:Creating environment hook '/home/me/maedongyee_ws/install/aicar_msgs/share/aicar_msgs/hook/ld_library_path_lib.sh'
[3.822s] Level 1:colcon.colcon_core.environment:checking '/home/me/maedongyee_ws/install/aicar_msgs/bin'
[3.823s] Level 1:colcon.colcon_core.environment:checking '/home/me/maedongyee_ws/install/aicar_msgs/lib/pkgconfig/aicar_msgs.pc'
[3.823s] Level 1:colcon.colcon_core.environment:checking '/home/me/maedongyee_ws/install/aicar_msgs/lib/python3.12/site-packages'
[3.824s] Level 1:colcon.colcon_core.shell:create_environment_hook('aicar_msgs', 'pythonpath')
[3.824s] INFO:colcon.colcon_core.shell:Creating environment hook '/home/me/maedongyee_ws/install/aicar_msgs/share/aicar_msgs/hook/pythonpath.ps1'
[3.825s] INFO:colcon.colcon_core.shell:Creating environment descriptor '/home/me/maedongyee_ws/install/aicar_msgs/share/aicar_msgs/hook/pythonpath.dsv'
[3.826s] INFO:colcon.colcon_core.shell:Creating environment hook '/home/me/maedongyee_ws/install/aicar_msgs/share/aicar_msgs/hook/pythonpath.sh'
[3.827s] Level 1:colcon.colcon_core.environment:checking '/home/me/maedongyee_ws/install/aicar_msgs/bin'
[3.828s] INFO:colcon.colcon_core.shell:Creating package script '/home/me/maedongyee_ws/install/aicar_msgs/share/aicar_msgs/package.ps1'
[3.830s] INFO:colcon.colcon_core.shell:Creating package descriptor '/home/me/maedongyee_ws/install/aicar_msgs/share/aicar_msgs/package.dsv'
[3.832s] INFO:colcon.colcon_core.shell:Creating package script '/home/me/maedongyee_ws/install/aicar_msgs/share/aicar_msgs/package.sh'
[3.834s] INFO:colcon.colcon_core.shell:Creating package script '/home/me/maedongyee_ws/install/aicar_msgs/share/aicar_msgs/package.bash'
[3.836s] INFO:colcon.colcon_core.shell:Creating package script '/home/me/maedongyee_ws/install/aicar_msgs/share/aicar_msgs/package.zsh'
[3.838s] Level 1:colcon.colcon_core.environment:create_file_with_runtime_dependencies(/home/me/maedongyee_ws/install/aicar_msgs/share/colcon-core/packages/aicar_msgs)
[3.840s] Level 1:colcon.colcon_core.environment:create_environment_scripts_only(aicar_msgs)
[3.841s] Level 1:colcon.colcon_core.environment:checking '/home/me/maedongyee_ws/install/aicar_msgs' for CMake module files
[3.842s] Level 1:colcon.colcon_core.environment:checking '/home/me/maedongyee_ws/install/aicar_msgs' for CMake config files
[3.842s] Level 1:colcon.colcon_core.shell:create_environment_hook('aicar_msgs', 'cmake_prefix_path')
[3.842s] INFO:colcon.colcon_core.shell:Creating environment hook '/home/me/maedongyee_ws/install/aicar_msgs/share/aicar_msgs/hook/cmake_prefix_path.ps1'
[3.843s] INFO:colcon.colcon_core.shell:Creating environment descriptor '/home/me/maedongyee_ws/install/aicar_msgs/share/aicar_msgs/hook/cmake_prefix_path.dsv'
[3.844s] INFO:colcon.colcon_core.shell:Creating environment hook '/home/me/maedongyee_ws/install/aicar_msgs/share/aicar_msgs/hook/cmake_prefix_path.sh'
[3.845s] Level 1:colcon.colcon_core.environment:checking '/home/me/maedongyee_ws/install/aicar_msgs/lib'
[3.845s] Level 1:colcon.colcon_core.shell:create_environment_hook('aicar_msgs', 'ld_library_path_lib')
[3.845s] INFO:colcon.colcon_core.shell:Creating environment hook '/home/me/maedongyee_ws/install/aicar_msgs/share/aicar_msgs/hook/ld_library_path_lib.ps1'
[3.846s] INFO:colcon.colcon_core.shell:Creating environment descriptor '/home/me/maedongyee_ws/install/aicar_msgs/share/aicar_msgs/hook/ld_library_path_lib.dsv'
[3.847s] INFO:colcon.colcon_core.shell:Creating environment hook '/home/me/maedongyee_ws/install/aicar_msgs/share/aicar_msgs/hook/ld_library_path_lib.sh'
[3.848s] Level 1:colcon.colcon_core.environment:checking '/home/me/maedongyee_ws/install/aicar_msgs/bin'
[3.848s] Level 1:colcon.colcon_core.environment:checking '/home/me/maedongyee_ws/install/aicar_msgs/lib/pkgconfig/aicar_msgs.pc'
[3.848s] Level 1:colcon.colcon_core.environment:checking '/home/me/maedongyee_ws/install/aicar_msgs/lib/python3.12/site-packages'
[3.848s] Level 1:colcon.colcon_core.shell:create_environment_hook('aicar_msgs', 'pythonpath')
[3.849s] INFO:colcon.colcon_core.shell:Creating environment hook '/home/me/maedongyee_ws/install/aicar_msgs/share/aicar_msgs/hook/pythonpath.ps1'
[3.849s] INFO:colcon.colcon_core.shell:Creating environment descriptor '/home/me/maedongyee_ws/install/aicar_msgs/share/aicar_msgs/hook/pythonpath.dsv'
[3.850s] INFO:colcon.colcon_core.shell:Creating environment hook '/home/me/maedongyee_ws/install/aicar_msgs/share/aicar_msgs/hook/pythonpath.sh'
[3.852s] Level 1:colcon.colcon_core.environment:checking '/home/me/maedongyee_ws/install/aicar_msgs/bin'
[3.852s] INFO:colcon.colcon_core.shell:Creating package script '/home/me/maedongyee_ws/install/aicar_msgs/share/aicar_msgs/package.ps1'
[3.853s] INFO:colcon.colcon_core.shell:Creating package descriptor '/home/me/maedongyee_ws/install/aicar_msgs/share/aicar_msgs/package.dsv'
[3.854s] INFO:colcon.colcon_core.shell:Creating package script '/home/me/maedongyee_ws/install/aicar_msgs/share/aicar_msgs/package.sh'
[3.855s] INFO:colcon.colcon_core.shell:Creating package script '/home/me/maedongyee_ws/install/aicar_msgs/share/aicar_msgs/package.bash'
[3.856s] INFO:colcon.colcon_core.shell:Creating package script '/home/me/maedongyee_ws/install/aicar_msgs/share/aicar_msgs/package.zsh'
[3.857s] Level 1:colcon.colcon_core.environment:create_file_with_runtime_dependencies(/home/me/maedongyee_ws/install/aicar_msgs/share/colcon-core/packages/aicar_msgs)
[3.858s] INFO:colcon.colcon_ros.task.ament_python.build:Building ROS package in '/home/me/maedongyee_ws/aicar_controller' with build type 'ament_python'
[3.859s] Level 1:colcon.colcon_core.shell:create_environment_hook('aicar_controller', 'ament_prefix_path')
[3.859s] INFO:colcon.colcon_core.shell:Creating environment hook '/home/me/maedongyee_ws/install/aicar_controller/share/aicar_controller/hook/ament_prefix_path.ps1'
[3.860s] INFO:colcon.colcon_core.shell:Creating environment descriptor '/home/me/maedongyee_ws/install/aicar_controller/share/aicar_controller/hook/ament_prefix_path.dsv'
[3.862s] INFO:colcon.colcon_core.shell:Creating environment hook '/home/me/maedongyee_ws/install/aicar_controller/share/aicar_controller/hook/ament_prefix_path.sh'
[3.863s] INFO:colcon.colcon_core.shell:Skip shell extension 'powershell' for command environment: Not usable outside of PowerShell
[3.863s] DEBUG:colcon.colcon_core.shell:Skip shell extension 'dsv' for command environment
[3.874s] INFO:colcon.colcon_ros.task.ament_python.build:Building ROS package in '/home/me/maedongyee_ws/aicar_vision' with build type 'ament_python'
[3.875s] Level 1:colcon.colcon_core.shell:create_environment_hook('aicar_vision', 'ament_prefix_path')
[3.875s] INFO:colcon.colcon_core.shell:Creating environment hook '/home/me/maedongyee_ws/install/aicar_vision/share/aicar_vision/hook/ament_prefix_path.ps1'
[3.876s] INFO:colcon.colcon_core.shell:Creating environment descriptor '/home/me/maedongyee_ws/install/aicar_vision/share/aicar_vision/hook/ament_prefix_path.dsv'
[3.877s] INFO:colcon.colcon_core.shell:Creating environment hook '/home/me/maedongyee_ws/install/aicar_vision/share/aicar_vision/hook/ament_prefix_path.sh'
[3.878s] INFO:colcon.colcon_core.shell:Skip shell extension 'powershell' for command environment: Not usable outside of PowerShell
[3.878s] DEBUG:colcon.colcon_core.shell:Skip shell extension 'dsv' for command environment
[4.326s] INFO:colcon.colcon_core.task.python.build:Building Python package in '/home/me/maedongyee_ws/aicar_controller'
[4.326s] INFO:colcon.colcon_core.shell:Skip shell extension 'powershell' for command environment: Not usable outside of PowerShell
[4.326s] DEBUG:colcon.colcon_core.shell:Skip shell extension 'dsv' for command environment
[4.667s] INFO:colcon.colcon_core.task.python.build:Building Python package in '/home/me/maedongyee_ws/aicar_vision'
[4.667s] INFO:colcon.colcon_core.shell:Skip shell extension 'powershell' for command environment: Not usable outside of PowerShell
[4.667s] DEBUG:colcon.colcon_core.shell:Skip shell extension 'dsv' for command environment
[4.675s] DEBUG:colcon.colcon_core.event_handler.log_command:Invoking command in '/home/me/maedongyee_ws/aicar_ui': DEBUGINFOD_URLS=https://debuginfod.ubuntu.com PYTHONPATH=/home/me/maedongyee_ws/build/aicar_ui/prefix_override:/usr/lib/python3/dist-packages/colcon_core/task/python/colcon_distutils_commands:/home/me/maedongyee_ws/install/aicar_ui/lib/python3.12/site-packages:${PYTHONPATH} /usr/bin/python3 -W ignore:setup.py install is deprecated -W ignore:easy_install command is deprecated setup.py egg_info --egg-base ../build/aicar_ui build --build-base /home/me/maedongyee_ws/build/aicar_ui/build install --record /home/me/maedongyee_ws/build/aicar_ui/install.log --single-version-externally-managed install_data
[4.679s] DEBUG:colcon.colcon_core.event_handler.log_command:Invoking command in '/home/me/maedongyee_ws/aicar_driver': DEBUGINFOD_URLS=https://debuginfod.ubuntu.com PYTHONPATH=/home/me/maedongyee_ws/build/aicar_driver/prefix_override:/usr/lib/python3/dist-packages/colcon_core/task/python/colcon_distutils_commands:/home/me/maedongyee_ws/install/aicar_driver/lib/python3.12/site-packages:${PYTHONPATH} /usr/bin/python3 -W ignore:setup.py install is deprecated -W ignore:easy_install command is deprecated setup.py egg_info --egg-base ../build/aicar_driver build --build-base /home/me/maedongyee_ws/build/aicar_driver/build install --record /home/me/maedongyee_ws/build/aicar_driver/install.log --single-version-externally-managed install_data
[5.683s] Level 1:colcon.colcon_core.environment:checking '/home/me/maedongyee_ws/install/aicar_ui' for CMake module files
[5.683s] DEBUG:colcon.colcon_core.event_handler.log_command:Invoked command in '/home/me/maedongyee_ws/aicar_ui' returned '0': DEBUGINFOD_URLS=https://debuginfod.ubuntu.com PYTHONPATH=/home/me/maedongyee_ws/build/aicar_ui/prefix_override:/usr/lib/python3/dist-packages/colcon_core/task/python/colcon_distutils_commands:/home/me/maedongyee_ws/install/aicar_ui/lib/python3.12/site-packages:${PYTHONPATH} /usr/bin/python3 -W ignore:setup.py install is deprecated -W ignore:easy_install command is deprecated setup.py egg_info --egg-base ../build/aicar_ui build --build-base /home/me/maedongyee_ws/build/aicar_ui/build install --record /home/me/maedongyee_ws/build/aicar_ui/install.log --single-version-externally-managed install_data
[5.698s] Level 1:colcon.colcon_core.environment:checking '/home/me/maedongyee_ws/install/aicar_ui' for CMake config files
[5.700s] Level 1:colcon.colcon_core.environment:checking '/home/me/maedongyee_ws/install/aicar_ui/lib'
[5.701s] Level 1:colcon.colcon_core.environment:checking '/home/me/maedongyee_ws/install/aicar_ui/bin'
[5.701s] Level 1:colcon.colcon_core.environment:checking '/home/me/maedongyee_ws/install/aicar_ui/lib/pkgconfig/aicar_ui.pc'
[5.701s] Level 1:colcon.colcon_core.environment:checking '/home/me/maedongyee_ws/install/aicar_ui/lib/python3.12/site-packages'
[5.702s] Level 1:colcon.colcon_core.shell:create_environment_hook('aicar_ui', 'pythonpath')
[5.702s] INFO:colcon.colcon_core.shell:Creating environment hook '/home/me/maedongyee_ws/install/aicar_ui/share/aicar_ui/hook/pythonpath.ps1'
[5.704s] INFO:colcon.colcon_core.shell:Creating environment descriptor '/home/me/maedongyee_ws/install/aicar_ui/share/aicar_ui/hook/pythonpath.dsv'
[5.706s] INFO:colcon.colcon_core.shell:Creating environment hook '/home/me/maedongyee_ws/install/aicar_ui/share/aicar_ui/hook/pythonpath.sh'
[5.710s] Level 1:colcon.colcon_core.environment:checking '/home/me/maedongyee_ws/install/aicar_ui/bin'
[5.710s] Level 1:colcon.colcon_core.environment:create_environment_scripts_only(aicar_ui)
[5.711s] INFO:colcon.colcon_core.shell:Creating package script '/home/me/maedongyee_ws/install/aicar_ui/share/aicar_ui/package.ps1'
[5.715s] INFO:colcon.colcon_core.shell:Creating package descriptor '/home/me/maedongyee_ws/install/aicar_ui/share/aicar_ui/package.dsv'
[5.718s] INFO:colcon.colcon_core.shell:Creating package script '/home/me/maedongyee_ws/install/aicar_ui/share/aicar_ui/package.sh'
[5.721s] INFO:colcon.colcon_core.shell:Creating package script '/home/me/maedongyee_ws/install/aicar_ui/share/aicar_ui/package.bash'
[5.722s] INFO:colcon.colcon_core.shell:Creating package script '/home/me/maedongyee_ws/install/aicar_ui/share/aicar_ui/package.zsh'
[5.723s] Level 1:colcon.colcon_core.environment:create_file_with_runtime_dependencies(/home/me/maedongyee_ws/install/aicar_ui/share/colcon-core/packages/aicar_ui)
[5.808s] Level 1:colcon.colcon_core.environment:checking '/home/me/maedongyee_ws/install/aicar_driver' for CMake module files
[5.810s] DEBUG:colcon.colcon_core.event_handler.log_command:Invoked command in '/home/me/maedongyee_ws/aicar_driver' returned '0': DEBUGINFOD_URLS=https://debuginfod.ubuntu.com PYTHONPATH=/home/me/maedongyee_ws/build/aicar_driver/prefix_override:/usr/lib/python3/dist-packages/colcon_core/task/python/colcon_distutils_commands:/home/me/maedongyee_ws/install/aicar_driver/lib/python3.12/site-packages:${PYTHONPATH} /usr/bin/python3 -W ignore:setup.py install is deprecated -W ignore:easy_install command is deprecated setup.py egg_info --egg-base ../build/aicar_driver build --build-base /home/me/maedongyee_ws/build/aicar_driver/build install --record /home/me/maedongyee_ws/build/aicar_driver/install.log --single-version-externally-managed install_data
[5.812s] Level 1:colcon.colcon_core.environment:checking '/home/me/maedongyee_ws/install/aicar_driver' for CMake config files
[5.817s] Level 1:colcon.colcon_core.environment:checking '/home/me/maedongyee_ws/install/aicar_driver/lib'
[5.817s] Level 1:colcon.colcon_core.environment:checking '/home/me/maedongyee_ws/install/aicar_driver/bin'
[5.818s] Level 1:colcon.colcon_core.environment:checking '/home/me/maedongyee_ws/install/aicar_driver/lib/pkgconfig/aicar_driver.pc'
[5.818s] Level 1:colcon.colcon_core.environment:checking '/home/me/maedongyee_ws/install/aicar_driver/lib/python3.12/site-packages'
[5.819s] Level 1:colcon.colcon_core.shell:create_environment_hook('aicar_driver', 'pythonpath')
[5.820s] INFO:colcon.colcon_core.shell:Creating environment hook '/home/me/maedongyee_ws/install/aicar_driver/share/aicar_driver/hook/pythonpath.ps1'
[5.821s] INFO:colcon.colcon_core.shell:Creating environment descriptor '/home/me/maedongyee_ws/install/aicar_driver/share/aicar_driver/hook/pythonpath.dsv'
[5.823s] INFO:colcon.colcon_core.shell:Creating environment hook '/home/me/maedongyee_ws/install/aicar_driver/share/aicar_driver/hook/pythonpath.sh'
[5.824s] Level 1:colcon.colcon_core.environment:checking '/home/me/maedongyee_ws/install/aicar_driver/bin'
[5.824s] Level 1:colcon.colcon_core.environment:create_environment_scripts_only(aicar_driver)
[5.825s] INFO:colcon.colcon_core.shell:Creating package script '/home/me/maedongyee_ws/install/aicar_driver/share/aicar_driver/package.ps1'
[5.827s] INFO:colcon.colcon_core.shell:Creating package descriptor '/home/me/maedongyee_ws/install/aicar_driver/share/aicar_driver/package.dsv'
[5.828s] INFO:colcon.colcon_core.shell:Creating package script '/home/me/maedongyee_ws/install/aicar_driver/share/aicar_driver/package.sh'
[5.830s] INFO:colcon.colcon_core.shell:Creating package script '/home/me/maedongyee_ws/install/aicar_driver/share/aicar_driver/package.bash'
[5.831s] INFO:colcon.colcon_core.shell:Creating package script '/home/me/maedongyee_ws/install/aicar_driver/share/aicar_driver/package.zsh'
[5.831s] Level 1:colcon.colcon_core.environment:create_file_with_runtime_dependencies(/home/me/maedongyee_ws/install/aicar_driver/share/colcon-core/packages/aicar_driver)
[5.838s] DEBUG:colcon.colcon_core.event_handler.log_command:Invoking command in '/home/me/maedongyee_ws/aicar_vision': CMAKE_PREFIX_PATH=/home/me/maedongyee_ws/install/aicar_msgs:/home/me/maedongyee_ws/install/aicar_bringup:/opt/ros/jazzy/opt/gz_math_vendor:/opt/ros/jazzy/opt/gz_utils_vendor:/opt/ros/jazzy/opt/gz_cmake_vendor DEBUGINFOD_URLS=https://debuginfod.ubuntu.com PYTHONPATH=/home/me/maedongyee_ws/build/aicar_vision/prefix_override:/usr/lib/python3/dist-packages/colcon_core/task/python/colcon_distutils_commands:/home/me/maedongyee_ws/install/aicar_vision/lib/python3.12/site-packages:/home/me/maedongyee_ws/install/aicar_msgs/lib/python3.12/site-packages:/home/me/maedongyee_ws/install/aicar_vision/lib/python3.12/site-packages:/home/me/maedongyee_ws/install/aicar_ui/lib/python3.12/site-packages:/home/me/maedongyee_ws/install/aicar_controller/lib/python3.12/site-packages:/home/me/maedongyee_ws/install/aicar_driver/lib/python3.12/site-packages:/opt/ros/jazzy/lib/python3.12/site-packages /usr/bin/python3 -W ignore:setup.py install is deprecated -W ignore:easy_install command is deprecated setup.py egg_info --egg-base ../build/aicar_vision build --build-base /home/me/maedongyee_ws/build/aicar_vision/build install --record /home/me/maedongyee_ws/build/aicar_vision/install.log --single-version-externally-managed install_data
[5.945s] DEBUG:colcon.colcon_core.event_handler.log_command:Invoking command in '/home/me/maedongyee_ws/aicar_controller': CMAKE_PREFIX_PATH=/home/me/maedongyee_ws/install/aicar_msgs:/home/me/maedongyee_ws/install/aicar_bringup:/opt/ros/jazzy/opt/gz_math_vendor:/opt/ros/jazzy/opt/gz_utils_vendor:/opt/ros/jazzy/opt/gz_cmake_vendor DEBUGINFOD_URLS=https://debuginfod.ubuntu.com PYTHONPATH=/home/me/maedongyee_ws/build/aicar_controller/prefix_override:/usr/lib/python3/dist-packages/colcon_core/task/python/colcon_distutils_commands:/home/me/maedongyee_ws/install/aicar_controller/lib/python3.12/site-packages:/home/me/maedongyee_ws/install/aicar_msgs/lib/python3.12/site-packages:/home/me/maedongyee_ws/install/aicar_vision/lib/python3.12/site-packages:/home/me/maedongyee_ws/install/aicar_ui/lib/python3.12/site-packages:/home/me/maedongyee_ws/install/aicar_controller/lib/python3.12/site-packages:/home/me/maedongyee_ws/install/aicar_driver/lib/python3.12/site-packages:/opt/ros/jazzy/lib/python3.12/site-packages /usr/bin/python3 -W ignore:setup.py install is deprecated -W ignore:easy_install command is deprecated setup.py egg_info --egg-base ../build/aicar_controller build --build-base /home/me/maedongyee_ws/build/aicar_controller/build install --record /home/me/maedongyee_ws/build/aicar_controller/install.log --single-version-externally-managed install_data
[6.735s] Level 1:colcon.colcon_core.environment:checking '/home/me/maedongyee_ws/install/aicar_vision' for CMake module files
[6.736s] DEBUG:colcon.colcon_core.event_handler.log_command:Invoked command in '/home/me/maedongyee_ws/aicar_vision' returned '0': CMAKE_PREFIX_PATH=/home/me/maedongyee_ws/install/aicar_msgs:/home/me/maedongyee_ws/install/aicar_bringup:/opt/ros/jazzy/opt/gz_math_vendor:/opt/ros/jazzy/opt/gz_utils_vendor:/opt/ros/jazzy/opt/gz_cmake_vendor DEBUGINFOD_URLS=https://debuginfod.ubuntu.com PYTHONPATH=/home/me/maedongyee_ws/build/aicar_vision/prefix_override:/usr/lib/python3/dist-packages/colcon_core/task/python/colcon_distutils_commands:/home/me/maedongyee_ws/install/aicar_vision/lib/python3.12/site-packages:/home/me/maedongyee_ws/install/aicar_msgs/lib/python3.12/site-packages:/home/me/maedongyee_ws/install/aicar_vision/lib/python3.12/site-packages:/home/me/maedongyee_ws/install/aicar_ui/lib/python3.12/site-packages:/home/me/maedongyee_ws/install/aicar_controller/lib/python3.12/site-packages:/home/me/maedongyee_ws/install/aicar_driver/lib/python3.12/site-packages:/opt/ros/jazzy/lib/python3.12/site-packages /usr/bin/python3 -W ignore:setup.py install is deprecated -W ignore:easy_install command is deprecated setup.py egg_info --egg-base ../build/aicar_vision build --build-base /home/me/maedongyee_ws/build/aicar_vision/build install --record /home/me/maedongyee_ws/build/aicar_vision/install.log --single-version-externally-managed install_data
[6.737s] Level 1:colcon.colcon_core.environment:checking '/home/me/maedongyee_ws/install/aicar_vision' for CMake config files
[6.740s] Level 1:colcon.colcon_core.environment:checking '/home/me/maedongyee_ws/install/aicar_vision/lib'
[6.740s] Level 1:colcon.colcon_core.environment:checking '/home/me/maedongyee_ws/install/aicar_vision/bin'
[6.740s] Level 1:colcon.colcon_core.environment:checking '/home/me/maedongyee_ws/install/aicar_vision/lib/pkgconfig/aicar_vision.pc'
[6.740s] Level 1:colcon.colcon_core.environment:checking '/home/me/maedongyee_ws/install/aicar_vision/lib/python3.12/site-packages'
[6.741s] Level 1:colcon.colcon_core.shell:create_environment_hook('aicar_vision', 'pythonpath')
[6.741s] INFO:colcon.colcon_core.shell:Creating environment hook '/home/me/maedongyee_ws/install/aicar_vision/share/aicar_vision/hook/pythonpath.ps1'
[6.742s] INFO:colcon.colcon_core.shell:Creating environment descriptor '/home/me/maedongyee_ws/install/aicar_vision/share/aicar_vision/hook/pythonpath.dsv'
[6.743s] INFO:colcon.colcon_core.shell:Creating environment hook '/home/me/maedongyee_ws/install/aicar_vision/share/aicar_vision/hook/pythonpath.sh'
[6.744s] Level 1:colcon.colcon_core.environment:checking '/home/me/maedongyee_ws/install/aicar_vision/bin'
[6.744s] Level 1:colcon.colcon_core.environment:create_environment_scripts_only(aicar_vision)
[6.744s] INFO:colcon.colcon_core.shell:Creating package script '/home/me/maedongyee_ws/install/aicar_vision/share/aicar_vision/package.ps1'
[6.745s] INFO:colcon.colcon_core.shell:Creating package descriptor '/home/me/maedongyee_ws/install/aicar_vision/share/aicar_vision/package.dsv'
[6.746s] INFO:colcon.colcon_core.shell:Creating package script '/home/me/maedongyee_ws/install/aicar_vision/share/aicar_vision/package.sh'
[6.747s] INFO:colcon.colcon_core.shell:Creating package script '/home/me/maedongyee_ws/install/aicar_vision/share/aicar_vision/package.bash'
[6.748s] INFO:colcon.colcon_core.shell:Creating package script '/home/me/maedongyee_ws/install/aicar_vision/share/aicar_vision/package.zsh'
[6.749s] Level 1:colcon.colcon_core.environment:create_file_with_runtime_dependencies(/home/me/maedongyee_ws/install/aicar_vision/share/colcon-core/packages/aicar_vision)
[6.832s] Level 1:colcon.colcon_core.environment:checking '/home/me/maedongyee_ws/install/aicar_controller' for CMake module files
[6.833s] DEBUG:colcon.colcon_core.event_handler.log_command:Invoked command in '/home/me/maedongyee_ws/aicar_controller' returned '0': CMAKE_PREFIX_PATH=/home/me/maedongyee_ws/install/aicar_msgs:/home/me/maedongyee_ws/install/aicar_bringup:/opt/ros/jazzy/opt/gz_math_vendor:/opt/ros/jazzy/opt/gz_utils_vendor:/opt/ros/jazzy/opt/gz_cmake_vendor DEBUGINFOD_URLS=https://debuginfod.ubuntu.com PYTHONPATH=/home/me/maedongyee_ws/build/aicar_controller/prefix_override:/usr/lib/python3/dist-packages/colcon_core/task/python/colcon_distutils_commands:/home/me/maedongyee_ws/install/aicar_controller/lib/python3.12/site-packages:/home/me/maedongyee_ws/install/aicar_msgs/lib/python3.12/site-packages:/home/me/maedongyee_ws/install/aicar_vision/lib/python3.12/site-packages:/home/me/maedongyee_ws/install/aicar_ui/lib/python3.12/site-packages:/home/me/maedongyee_ws/install/aicar_controller/lib/python3.12/site-packages:/home/me/maedongyee_ws/install/aicar_driver/lib/python3.12/site-packages:/opt/ros/jazzy/lib/python3.12/site-packages /usr/bin/python3 -W ignore:setup.py install is deprecated -W ignore:easy_install command is deprecated setup.py egg_info --egg-base ../build/aicar_controller build --build-base /home/me/maedongyee_ws/build/aicar_controller/build install --record /home/me/maedongyee_ws/build/aicar_controller/install.log --single-version-externally-managed install_data
[6.834s] Level 1:colcon.colcon_core.environment:checking '/home/me/maedongyee_ws/install/aicar_controller' for CMake config files
[6.835s] Level 1:colcon.colcon_core.environment:checking '/home/me/maedongyee_ws/install/aicar_controller/lib'
[6.835s] Level 1:colcon.colcon_core.environment:checking '/home/me/maedongyee_ws/install/aicar_controller/bin'
[6.835s] Level 1:colcon.colcon_core.environment:checking '/home/me/maedongyee_ws/install/aicar_controller/lib/pkgconfig/aicar_controller.pc'
[6.836s] Level 1:colcon.colcon_core.environment:checking '/home/me/maedongyee_ws/install/aicar_controller/lib/python3.12/site-packages'
[6.836s] Level 1:colcon.colcon_core.shell:create_environment_hook('aicar_controller', 'pythonpath')
[6.836s] INFO:colcon.colcon_core.shell:Creating environment hook '/home/me/maedongyee_ws/install/aicar_controller/share/aicar_controller/hook/pythonpath.ps1'
[6.837s] INFO:colcon.colcon_core.shell:Creating environment descriptor '/home/me/maedongyee_ws/install/aicar_controller/share/aicar_controller/hook/pythonpath.dsv'
[6.838s] INFO:colcon.colcon_core.shell:Creating environment hook '/home/me/maedongyee_ws/install/aicar_controller/share/aicar_controller/hook/pythonpath.sh'
[6.839s] Level 1:colcon.colcon_core.environment:checking '/home/me/maedongyee_ws/install/aicar_controller/bin'
[6.839s] Level 1:colcon.colcon_core.environment:create_environment_scripts_only(aicar_controller)
[6.840s] INFO:colcon.colcon_core.shell:Creating package script '/home/me/maedongyee_ws/install/aicar_controller/share/aicar_controller/package.ps1'
[6.840s] INFO:colcon.colcon_core.shell:Creating package descriptor '/home/me/maedongyee_ws/install/aicar_controller/share/aicar_controller/package.dsv'
[6.841s] INFO:colcon.colcon_core.shell:Creating package script '/home/me/maedongyee_ws/install/aicar_controller/share/aicar_controller/package.sh'
[6.842s] INFO:colcon.colcon_core.shell:Creating package script '/home/me/maedongyee_ws/install/aicar_controller/share/aicar_controller/package.bash'
[6.843s] INFO:colcon.colcon_core.shell:Creating package script '/home/me/maedongyee_ws/install/aicar_controller/share/aicar_controller/package.zsh'
[6.844s] Level 1:colcon.colcon_core.environment:create_file_with_runtime_dependencies(/home/me/maedongyee_ws/install/aicar_controller/share/colcon-core/packages/aicar_controller)
[6.845s] INFO:colcon.colcon_ros.task.ament_cmake.build:Building ROS package in '/home/me/maedongyee_ws/aicar_bringup' with build type 'ament_cmake'
[6.845s] INFO:colcon.colcon_cmake.task.cmake.build:Building CMake package in '/home/me/maedongyee_ws/aicar_bringup'
[6.845s] INFO:colcon.colcon_core.shell:Skip shell extension 'powershell' for command environment: Not usable outside of PowerShell
[6.845s] DEBUG:colcon.colcon_core.shell:Skip shell extension 'dsv' for command environment
[6.873s] DEBUG:colcon.colcon_core.event_handler.log_command:Invoking command in '/home/me/maedongyee_ws/build/aicar_bringup': AMENT_PREFIX_PATH=/home/me/maedongyee_ws/install/aicar_vision:/home/me/maedongyee_ws/install/aicar_controller:/home/me/maedongyee_ws/install/aicar_ui:/home/me/maedongyee_ws/install/aicar_driver:/home/me/maedongyee_ws/install/aicar_bringup:/home/me/maedongyee_ws/install/aicar_msgs:/opt/ros/jazzy CMAKE_PREFIX_PATH=/home/me/maedongyee_ws/install/aicar_msgs:/home/me/maedongyee_ws/install/aicar_bringup:/opt/ros/jazzy/opt/gz_math_vendor:/opt/ros/jazzy/opt/gz_utils_vendor:/opt/ros/jazzy/opt/gz_cmake_vendor:/home/me/maedongyee_ws/install/aicar_vision:/home/me/maedongyee_ws/install/aicar_ui:/home/me/maedongyee_ws/install/aicar_controller:/home/me/maedongyee_ws/install/aicar_driver:/opt/ros/jazzy DEBUGINFOD_URLS=https://debuginfod.ubuntu.com PYTHONPATH=/home/me/maedongyee_ws/install/aicar_vision/lib/python3.12/site-packages:/home/me/maedongyee_ws/install/aicar_controller/lib/python3.12/site-packages:/home/me/maedongyee_ws/install/aicar_ui/lib/python3.12/site-packages:/home/me/maedongyee_ws/install/aicar_msgs/lib/python3.12/site-packages:/home/me/maedongyee_ws/install/aicar_driver/lib/python3.12/site-packages:/opt/ros/jazzy/lib/python3.12/site-packages /usr/bin/cmake --build /home/me/maedongyee_ws/build/aicar_bringup -- -j4 -l4
[6.950s] DEBUG:colcon.colcon_core.event_handler.log_command:Invoked command in '/home/me/maedongyee_ws/build/aicar_bringup' returned '0': AMENT_PREFIX_PATH=/home/me/maedongyee_ws/install/aicar_vision:/home/me/maedongyee_ws/install/aicar_controller:/home/me/maedongyee_ws/install/aicar_ui:/home/me/maedongyee_ws/install/aicar_driver:/home/me/maedongyee_ws/install/aicar_bringup:/home/me/maedongyee_ws/install/aicar_msgs:/opt/ros/jazzy CMAKE_PREFIX_PATH=/home/me/maedongyee_ws/install/aicar_msgs:/home/me/maedongyee_ws/install/aicar_bringup:/opt/ros/jazzy/opt/gz_math_vendor:/opt/ros/jazzy/opt/gz_utils_vendor:/opt/ros/jazzy/opt/gz_cmake_vendor:/home/me/maedongyee_ws/install/aicar_vision:/home/me/maedongyee_ws/install/aicar_ui:/home/me/maedongyee_ws/install/aicar_controller:/home/me/maedongyee_ws/install/aicar_driver:/opt/ros/jazzy DEBUGINFOD_URLS=https://debuginfod.ubuntu.com PYTHONPATH=/home/me/maedongyee_ws/install/aicar_vision/lib/python3.12/site-packages:/home/me/maedongyee_ws/install/aicar_controller/lib/python3.12/site-packages:/home/me/maedongyee_ws/install/aicar_ui/lib/python3.12/site-packages:/home/me/maedongyee_ws/install/aicar_msgs/lib/python3.12/site-packages:/home/me/maedongyee_ws/install/aicar_driver/lib/python3.12/site-packages:/opt/ros/jazzy/lib/python3.12/site-packages /usr/bin/cmake --build /home/me/maedongyee_ws/build/aicar_bringup -- -j4 -l4
[6.952s] DEBUG:colcon.colcon_core.event_handler.log_command:Invoking command in '/home/me/maedongyee_ws/build/aicar_bringup': AMENT_PREFIX_PATH=/home/me/maedongyee_ws/install/aicar_vision:/home/me/maedongyee_ws/install/aicar_controller:/home/me/maedongyee_ws/install/aicar_ui:/home/me/maedongyee_ws/install/aicar_driver:/home/me/maedongyee_ws/install/aicar_bringup:/home/me/maedongyee_ws/install/aicar_msgs:/opt/ros/jazzy CMAKE_PREFIX_PATH=/home/me/maedongyee_ws/install/aicar_msgs:/home/me/maedongyee_ws/install/aicar_bringup:/opt/ros/jazzy/opt/gz_math_vendor:/opt/ros/jazzy/opt/gz_utils_vendor:/opt/ros/jazzy/opt/gz_cmake_vendor:/home/me/maedongyee_ws/install/aicar_vision:/home/me/maedongyee_ws/install/aicar_ui:/home/me/maedongyee_ws/install/aicar_controller:/home/me/maedongyee_ws/install/aicar_driver:/opt/ros/jazzy DEBUGINFOD_URLS=https://debuginfod.ubuntu.com PYTHONPATH=/home/me/maedongyee_ws/install/aicar_vision/lib/python3.12/site-packages:/home/me/maedongyee_ws/install/aicar_controller/lib/python3.12/site-packages:/home/me/maedongyee_ws/install/aicar_ui/lib/python3.12/site-packages:/home/me/maedongyee_ws/install/aicar_msgs/lib/python3.12/site-packages:/home/me/maedongyee_ws/install/aicar_driver/lib/python3.12/site-packages:/opt/ros/jazzy/lib/python3.12/site-packages /usr/bin/cmake --install /home/me/maedongyee_ws/build/aicar_bringup
[6.974s] Level 1:colcon.colcon_core.environment:create_environment_scripts_only(aicar_bringup)
[6.974s] Level 1:colcon.colcon_core.environment:checking '/home/me/maedongyee_ws/install/aicar_bringup' for CMake module files
[6.975s] DEBUG:colcon.colcon_core.event_handler.log_command:Invoked command in '/home/me/maedongyee_ws/build/aicar_bringup' returned '0': AMENT_PREFIX_PATH=/home/me/maedongyee_ws/install/aicar_vision:/home/me/maedongyee_ws/install/aicar_controller:/home/me/maedongyee_ws/install/aicar_ui:/home/me/maedongyee_ws/install/aicar_driver:/home/me/maedongyee_ws/install/aicar_bringup:/home/me/maedongyee_ws/install/aicar_msgs:/opt/ros/jazzy CMAKE_PREFIX_PATH=/home/me/maedongyee_ws/install/aicar_msgs:/home/me/maedongyee_ws/install/aicar_bringup:/opt/ros/jazzy/opt/gz_math_vendor:/opt/ros/jazzy/opt/gz_utils_vendor:/opt/ros/jazzy/opt/gz_cmake_vendor:/home/me/maedongyee_ws/install/aicar_vision:/home/me/maedongyee_ws/install/aicar_ui:/home/me/maedongyee_ws/install/aicar_controller:/home/me/maedongyee_ws/install/aicar_driver:/opt/ros/jazzy DEBUGINFOD_URLS=https://debuginfod.ubuntu.com PYTHONPATH=/home/me/maedongyee_ws/install/aicar_vision/lib/python3.12/site-packages:/home/me/maedongyee_ws/install/aicar_controller/lib/python3.12/site-packages:/home/me/maedongyee_ws/install/aicar_ui/lib/python3.12/site-packages:/home/me/maedongyee_ws/install/aicar_msgs/lib/python3.12/site-packages:/home/me/maedongyee_ws/install/aicar_driver/lib/python3.12/site-packages:/opt/ros/jazzy/lib/python3.12/site-packages /usr/bin/cmake --install /home/me/maedongyee_ws/build/aicar_bringup
[6.976s] Level 1:colcon.colcon_core.environment:checking '/home/me/maedongyee_ws/install/aicar_bringup' for CMake config files
[6.977s] Level 1:colcon.colcon_core.shell:create_environment_hook('aicar_bringup', 'cmake_prefix_path')
[6.977s] INFO:colcon.colcon_core.shell:Creating environment hook '/home/me/maedongyee_ws/install/aicar_bringup/share/aicar_bringup/hook/cmake_prefix_path.ps1'
[6.978s] INFO:colcon.colcon_core.shell:Creating environment descriptor '/home/me/maedongyee_ws/install/aicar_bringup/share/aicar_bringup/hook/cmake_prefix_path.dsv'
[6.979s] INFO:colcon.colcon_core.shell:Creating environment hook '/home/me/maedongyee_ws/install/aicar_bringup/share/aicar_bringup/hook/cmake_prefix_path.sh'
[6.980s] Level 1:colcon.colcon_core.environment:checking '/home/me/maedongyee_ws/install/aicar_bringup/bin'
[6.980s] Level 1:colcon.colcon_core.environment:checking '/home/me/maedongyee_ws/install/aicar_bringup/lib/pkgconfig/aicar_bringup.pc'
[6.981s] Level 1:colcon.colcon_core.environment:checking '/home/me/maedongyee_ws/install/aicar_bringup/lib/python3.12/site-packages'
[6.981s] Level 1:colcon.colcon_core.environment:checking '/home/me/maedongyee_ws/install/aicar_bringup/bin'
[6.982s] INFO:colcon.colcon_core.shell:Creating package script '/home/me/maedongyee_ws/install/aicar_bringup/share/aicar_bringup/package.ps1'
[6.983s] INFO:colcon.colcon_core.shell:Creating package descriptor '/home/me/maedongyee_ws/install/aicar_bringup/share/aicar_bringup/package.dsv'
[6.983s] INFO:colcon.colcon_core.shell:Creating package script '/home/me/maedongyee_ws/install/aicar_bringup/share/aicar_bringup/package.sh'
[6.984s] INFO:colcon.colcon_core.shell:Creating package script '/home/me/maedongyee_ws/install/aicar_bringup/share/aicar_bringup/package.bash'
[6.985s] INFO:colcon.colcon_core.shell:Creating package script '/home/me/maedongyee_ws/install/aicar_bringup/share/aicar_bringup/package.zsh'
[6.986s] Level 1:colcon.colcon_core.environment:create_file_with_runtime_dependencies(/home/me/maedongyee_ws/install/aicar_bringup/share/colcon-core/packages/aicar_bringup)
[6.987s] Level 1:colcon.colcon_core.environment:create_environment_scripts_only(aicar_bringup)
[6.987s] Level 1:colcon.colcon_core.environment:checking '/home/me/maedongyee_ws/install/aicar_bringup' for CMake module files
[6.988s] Level 1:colcon.colcon_core.environment:checking '/home/me/maedongyee_ws/install/aicar_bringup' for CMake config files
[6.988s] Level 1:colcon.colcon_core.shell:create_environment_hook('aicar_bringup', 'cmake_prefix_path')
[6.989s] INFO:colcon.colcon_core.shell:Creating environment hook '/home/me/maedongyee_ws/install/aicar_bringup/share/aicar_bringup/hook/cmake_prefix_path.ps1'
[6.989s] INFO:colcon.colcon_core.shell:Creating environment descriptor '/home/me/maedongyee_ws/install/aicar_bringup/share/aicar_bringup/hook/cmake_prefix_path.dsv'
[6.990s] INFO:colcon.colcon_core.shell:Creating environment hook '/home/me/maedongyee_ws/install/aicar_bringup/share/aicar_bringup/hook/cmake_prefix_path.sh'
[6.991s] Level 1:colcon.colcon_core.environment:checking '/home/me/maedongyee_ws/install/aicar_bringup/bin'
[6.991s] Level 1:colcon.colcon_core.environment:checking '/home/me/maedongyee_ws/install/aicar_bringup/lib/pkgconfig/aicar_bringup.pc'
[6.991s] Level 1:colcon.colcon_core.environment:checking '/home/me/maedongyee_ws/install/aicar_bringup/lib/python3.12/site-packages'
[6.992s] Level 1:colcon.colcon_core.environment:checking '/home/me/maedongyee_ws/install/aicar_bringup/bin'
[6.992s] INFO:colcon.colcon_core.shell:Creating package script '/home/me/maedongyee_ws/install/aicar_bringup/share/aicar_bringup/package.ps1'
[6.993s] INFO:colcon.colcon_core.shell:Creating package descriptor '/home/me/maedongyee_ws/install/aicar_bringup/share/aicar_bringup/package.dsv'
[6.994s] INFO:colcon.colcon_core.shell:Creating package script '/home/me/maedongyee_ws/install/aicar_bringup/share/aicar_bringup/package.sh'
[6.995s] INFO:colcon.colcon_core.shell:Creating package script '/home/me/maedongyee_ws/install/aicar_bringup/share/aicar_bringup/package.bash'
[6.996s] INFO:colcon.colcon_core.shell:Creating package script '/home/me/maedongyee_ws/install/aicar_bringup/share/aicar_bringup/package.zsh'
[6.997s] Level 1:colcon.colcon_core.environment:create_file_with_runtime_dependencies(/home/me/maedongyee_ws/install/aicar_bringup/share/colcon-core/packages/aicar_bringup)
[6.998s] DEBUG:colcon.colcon_parallel_executor.executor.parallel:closing loop
[6.999s] DEBUG:colcon.colcon_parallel_executor.executor.parallel:loop closed
[6.999s] DEBUG:colcon.colcon_parallel_executor.executor.parallel:run_until_complete finished with '0'
[6.999s] DEBUG:colcon.colcon_core.event_reactor:joining thread
[7.034s] INFO:colcon.colcon_core.plugin_system:Skipping extension 'colcon_notification.desktop_notification.terminal_notifier': Not used on non-Darwin systems
[7.034s] INFO:colcon.colcon_core.plugin_system:Skipping extension 'colcon_notification.desktop_notification.win32': Not used on non-Windows systems
[7.034s] INFO:colcon.colcon_notification.desktop_notification:Sending desktop notification using 'notify2'
[7.083s] DEBUG:colcon.colcon_core.event_reactor:joined thread
[7.084s] INFO:colcon.colcon_core.shell:Creating prefix script '/home/me/maedongyee_ws/install/local_setup.ps1'
[7.086s] INFO:colcon.colcon_core.shell:Creating prefix util module '/home/me/maedongyee_ws/install/_local_setup_util_ps1.py'
[7.088s] INFO:colcon.colcon_core.shell:Creating prefix chain script '/home/me/maedongyee_ws/install/setup.ps1'
[7.092s] INFO:colcon.colcon_core.shell:Creating prefix script '/home/me/maedongyee_ws/install/local_setup.sh'
[7.094s] INFO:colcon.colcon_core.shell:Creating prefix util module '/home/me/maedongyee_ws/install/_local_setup_util_sh.py'
[7.095s] INFO:colcon.colcon_core.shell:Creating prefix chain script '/home/me/maedongyee_ws/install/setup.sh'
[7.098s] INFO:colcon.colcon_core.shell:Creating prefix script '/home/me/maedongyee_ws/install/local_setup.bash'
[7.100s] INFO:colcon.colcon_core.shell:Creating prefix chain script '/home/me/maedongyee_ws/install/setup.bash'
[7.102s] INFO:colcon.colcon_core.shell:Creating prefix script '/home/me/maedongyee_ws/install/local_setup.zsh'
[7.103s] INFO:colcon.colcon_core.shell:Creating prefix chain script '/home/me/maedongyee_ws/install/setup.zsh'
