[2.486s] Invoking command in '/home/me/maedongyee_ws/aicar_driver': DEBUGINFOD_URLS=https://debuginfod.ubuntu.com PYTHONPATH=/home/me/maedongyee_ws/build/aicar_driver/prefix_override:/usr/lib/python3/dist-packages/colcon_core/task/python/colcon_distutils_commands:/home/me/maedongyee_ws/install/aicar_driver/lib/python3.12/site-packages:${PYTHONPATH} /usr/bin/python3 -W ignore:setup.py install is deprecated -W ignore:easy_install command is deprecated setup.py egg_info --egg-base ../build/aicar_driver build --build-base /home/me/maedongyee_ws/build/aicar_driver/build install --record /home/me/maedongyee_ws/build/aicar_driver/install.log --single-version-externally-managed install_data
[3.021s] running egg_info
[3.055s] writing ../build/aicar_driver/aicar_driver.egg-info/PKG-INFO
[3.055s] writing dependency_links to ../build/aicar_driver/aicar_driver.egg-info/dependency_links.txt
[3.058s] writing entry points to ../build/aicar_driver/aicar_driver.egg-info/entry_points.txt
[3.058s] writing requirements to ../build/aicar_driver/aicar_driver.egg-info/requires.txt
[3.059s] writing top-level names to ../build/aicar_driver/aicar_driver.egg-info/top_level.txt
[3.142s] reading manifest file '../build/aicar_driver/aicar_driver.egg-info/SOURCES.txt'
[3.143s] writing manifest file '../build/aicar_driver/aicar_driver.egg-info/SOURCES.txt'
[3.143s] running build
[3.143s] running build_py
[3.143s] running install
[3.158s] running install_lib
[3.191s] running install_data
[3.191s] running install_egg_info
[3.230s] removing '/home/me/maedongyee_ws/install/aicar_driver/lib/python3.12/site-packages/aicar_driver-0.2.0-py3.12.egg-info' (and everything under it)
[3.232s] Copying ../build/aicar_driver/aicar_driver.egg-info to /home/me/maedongyee_ws/install/aicar_driver/lib/python3.12/site-packages/aicar_driver-0.2.0-py3.12.egg-info
[3.234s] running install_scripts
[3.525s] Installing differential_drive_node script to /home/me/maedongyee_ws/install/aicar_driver/lib/aicar_driver
[3.526s] writing list of installed files to '/home/me/maedongyee_ws/build/aicar_driver/install.log'
[3.654s] Invoked command in '/home/me/maedongyee_ws/aicar_driver' returned '0': DEBUGINFOD_URLS=https://debuginfod.ubuntu.com PYTHONPATH=/home/me/maedongyee_ws/build/aicar_driver/prefix_override:/usr/lib/python3/dist-packages/colcon_core/task/python/colcon_distutils_commands:/home/me/maedongyee_ws/install/aicar_driver/lib/python3.12/site-packages:${PYTHONPATH} /usr/bin/python3 -W ignore:setup.py install is deprecated -W ignore:easy_install command is deprecated setup.py egg_info --egg-base ../build/aicar_driver build --build-base /home/me/maedongyee_ws/build/aicar_driver/build install --record /home/me/maedongyee_ws/build/aicar_driver/install.log --single-version-externally-managed install_data
