running egg_info
creating ../build/aicar_vision/aicar_vision.egg-info
writing ../build/aicar_vision/aicar_vision.egg-info/PKG-INFO
writing dependency_links to ../build/aicar_vision/aicar_vision.egg-info/dependency_links.txt
writing entry points to ../build/aicar_vision/aicar_vision.egg-info/entry_points.txt
writing requirements to ../build/aicar_vision/aicar_vision.egg-info/requires.txt
writing top-level names to ../build/aicar_vision/aicar_vision.egg-info/top_level.txt
writing manifest file '../build/aicar_vision/aicar_vision.egg-info/SOURCES.txt'
reading manifest file '../build/aicar_vision/aicar_vision.egg-info/SOURCES.txt'
writing manifest file '../build/aicar_vision/aicar_vision.egg-info/SOURCES.txt'
running build
running build_py
creating /home/me/maedongyee_ws/build/aicar_vision/build
creating /home/me/maedongyee_ws/build/aicar_vision/build/lib
creating /home/me/maedongyee_ws/build/aicar_vision/build/lib/aicar_vision
copying aicar_vision/sign_detector_node.py -> /home/me/maedongyee_ws/build/aicar_vision/build/lib/aicar_vision
copying aicar_vision/__init__.py -> /home/me/maedongyee_ws/build/aicar_vision/build/lib/aicar_vision
copying aicar_vision/fake_detector_node.py -> /home/me/maedongyee_ws/build/aicar_vision/build/lib/aicar_vision
copying aicar_vision/lane_detector_node.py -> /home/me/maedongyee_ws/build/aicar_vision/build/lib/aicar_vision
running install
running install_lib
creating /home/me/maedongyee_ws/install/aicar_vision/lib/python3.12/site-packages/aicar_vision
copying /home/me/maedongyee_ws/build/aicar_vision/build/lib/aicar_vision/sign_detector_node.py -> /home/me/maedongyee_ws/install/aicar_vision/lib/python3.12/site-packages/aicar_vision
copying /home/me/maedongyee_ws/build/aicar_vision/build/lib/aicar_vision/__init__.py -> /home/me/maedongyee_ws/install/aicar_vision/lib/python3.12/site-packages/aicar_vision
copying /home/me/maedongyee_ws/build/aicar_vision/build/lib/aicar_vision/fake_detector_node.py -> /home/me/maedongyee_ws/install/aicar_vision/lib/python3.12/site-packages/aicar_vision
copying /home/me/maedongyee_ws/build/aicar_vision/build/lib/aicar_vision/lane_detector_node.py -> /home/me/maedongyee_ws/install/aicar_vision/lib/python3.12/site-packages/aicar_vision
byte-compiling /home/me/maedongyee_ws/install/aicar_vision/lib/python3.12/site-packages/aicar_vision/sign_detector_node.py to sign_detector_node.cpython-312.pyc
byte-compiling /home/me/maedongyee_ws/install/aicar_vision/lib/python3.12/site-packages/aicar_vision/__init__.py to __init__.cpython-312.pyc
byte-compiling /home/me/maedongyee_ws/install/aicar_vision/lib/python3.12/site-packages/aicar_vision/fake_detector_node.py to fake_detector_node.cpython-312.pyc
byte-compiling /home/me/maedongyee_ws/install/aicar_vision/lib/python3.12/site-packages/aicar_vision/lane_detector_node.py to lane_detector_node.cpython-312.pyc
running install_data
creating /home/me/maedongyee_ws/install/aicar_vision/share/ament_index
creating /home/me/maedongyee_ws/install/aicar_vision/share/ament_index/resource_index
creating /home/me/maedongyee_ws/install/aicar_vision/share/ament_index/resource_index/packages
copying resource/aicar_vision -> /home/me/maedongyee_ws/install/aicar_vision/share/ament_index/resource_index/packages
copying package.xml -> /home/me/maedongyee_ws/install/aicar_vision/share/aicar_vision
creating /home/me/maedongyee_ws/install/aicar_vision/share/aicar_vision/calibration_data
creating /home/me/maedongyee_ws/install/aicar_vision/share/aicar_vision/models
running install_egg_info
Copying ../build/aicar_vision/aicar_vision.egg-info to /home/me/maedongyee_ws/install/aicar_vision/lib/python3.12/site-packages/aicar_vision-0.2.0-py3.12.egg-info
running install_scripts
Installing fake_detector_node script to /home/me/maedongyee_ws/install/aicar_vision/lib/aicar_vision
Installing lane_detector_node script to /home/me/maedongyee_ws/install/aicar_vision/lib/aicar_vision
Installing sign_detector_node script to /home/me/maedongyee_ws/install/aicar_vision/lib/aicar_vision
writing list of installed files to '/home/me/maedongyee_ws/build/aicar_vision/install.log'
