[3.660s] Invoking command in '/home/me/maedongyee_ws/aicar_vision': CMAKE_PREFIX_PATH=/home/me/maedongyee_ws/install/aicar_msgs:/home/me/maedongyee_ws/install/aicar_bringup:/opt/ros/jazzy/opt/gz_math_vendor:/opt/ros/jazzy/opt/gz_utils_vendor:/opt/ros/jazzy/opt/gz_cmake_vendor DEBUGINFOD_URLS=https://debuginfod.ubuntu.com PYTHONPATH=/home/me/maedongyee_ws/build/aicar_vision/prefix_override:/usr/lib/python3/dist-packages/colcon_core/task/python/colcon_distutils_commands:/home/me/maedongyee_ws/install/aicar_vision/lib/python3.12/site-packages:/home/me/maedongyee_ws/install/aicar_msgs/lib/python3.12/site-packages:/home/me/maedongyee_ws/build/aicar_vision:/home/me/maedongyee_ws/install/aicar_vision/lib/python3.12/site-packages:/home/me/maedongyee_ws/build/aicar_ui:/home/me/maedongyee_ws/install/aicar_ui/lib/python3.12/site-packages:/home/me/maedongyee_ws/build/aicar_controller:/home/me/maedongyee_ws/install/aicar_controller/lib/python3.12/site-packages:/home/me/maedongyee_ws/build/aicar_driver:/home/me/maedongyee_ws/install/aicar_driver/lib/python3.12/site-packages:/opt/ros/jazzy/lib/python3.12/site-packages /usr/bin/python3 -W ignore:setup.py install is deprecated -W ignore:easy_install command is deprecated setup.py egg_info --egg-base ../build/aicar_vision build --build-base /home/me/maedongyee_ws/build/aicar_vision/build install --record /home/me/maedongyee_ws/build/aicar_vision/install.log --single-version-externally-managed install_data
[4.309s] running egg_info
[4.311s] creating ../build/aicar_vision/aicar_vision.egg-info
[4.352s] writing ../build/aicar_vision/aicar_vision.egg-info/PKG-INFO
[4.356s] writing dependency_links to ../build/aicar_vision/aicar_vision.egg-info/dependency_links.txt
[4.356s] writing entry points to ../build/aicar_vision/aicar_vision.egg-info/entry_points.txt
[4.359s] writing requirements to ../build/aicar_vision/aicar_vision.egg-info/requires.txt
[4.359s] writing top-level names to ../build/aicar_vision/aicar_vision.egg-info/top_level.txt
[4.359s] writing manifest file '../build/aicar_vision/aicar_vision.egg-info/SOURCES.txt'
[4.443s] reading manifest file '../build/aicar_vision/aicar_vision.egg-info/SOURCES.txt'
[4.445s] writing manifest file '../build/aicar_vision/aicar_vision.egg-info/SOURCES.txt'
[4.445s] running build
[4.445s] running build_py
[4.445s] creating /home/me/maedongyee_ws/build/aicar_vision/build
[4.445s] creating /home/me/maedongyee_ws/build/aicar_vision/build/lib
[4.445s] creating /home/me/maedongyee_ws/build/aicar_vision/build/lib/aicar_vision
[4.445s] copying aicar_vision/sign_detector_node.py -> /home/me/maedongyee_ws/build/aicar_vision/build/lib/aicar_vision
[4.446s] copying aicar_vision/__init__.py -> /home/me/maedongyee_ws/build/aicar_vision/build/lib/aicar_vision
[4.446s] copying aicar_vision/fake_detector_node.py -> /home/me/maedongyee_ws/build/aicar_vision/build/lib/aicar_vision
[4.447s] copying aicar_vision/lane_detector_node.py -> /home/me/maedongyee_ws/build/aicar_vision/build/lib/aicar_vision
[4.447s] running install
[4.458s] running install_lib
[4.508s] creating /home/me/maedongyee_ws/install/aicar_vision/lib/python3.12/site-packages/aicar_vision
[4.509s] copying /home/me/maedongyee_ws/build/aicar_vision/build/lib/aicar_vision/sign_detector_node.py -> /home/me/maedongyee_ws/install/aicar_vision/lib/python3.12/site-packages/aicar_vision
[4.510s] copying /home/me/maedongyee_ws/build/aicar_vision/build/lib/aicar_vision/__init__.py -> /home/me/maedongyee_ws/install/aicar_vision/lib/python3.12/site-packages/aicar_vision
[4.510s] copying /home/me/maedongyee_ws/build/aicar_vision/build/lib/aicar_vision/fake_detector_node.py -> /home/me/maedongyee_ws/install/aicar_vision/lib/python3.12/site-packages/aicar_vision
[4.511s] copying /home/me/maedongyee_ws/build/aicar_vision/build/lib/aicar_vision/lane_detector_node.py -> /home/me/maedongyee_ws/install/aicar_vision/lib/python3.12/site-packages/aicar_vision
[4.512s] byte-compiling /home/me/maedongyee_ws/install/aicar_vision/lib/python3.12/site-packages/aicar_vision/sign_detector_node.py to sign_detector_node.cpython-312.pyc
[4.515s] byte-compiling /home/me/maedongyee_ws/install/aicar_vision/lib/python3.12/site-packages/aicar_vision/__init__.py to __init__.cpython-312.pyc
[4.516s] byte-compiling /home/me/maedongyee_ws/install/aicar_vision/lib/python3.12/site-packages/aicar_vision/fake_detector_node.py to fake_detector_node.cpython-312.pyc
[4.517s] byte-compiling /home/me/maedongyee_ws/install/aicar_vision/lib/python3.12/site-packages/aicar_vision/lane_detector_node.py to lane_detector_node.cpython-312.pyc
[4.520s] running install_data
[4.521s] creating /home/me/maedongyee_ws/install/aicar_vision/share/ament_index
[4.521s] creating /home/me/maedongyee_ws/install/aicar_vision/share/ament_index/resource_index
[4.521s] creating /home/me/maedongyee_ws/install/aicar_vision/share/ament_index/resource_index/packages
[4.521s] copying resource/aicar_vision -> /home/me/maedongyee_ws/install/aicar_vision/share/ament_index/resource_index/packages
[4.522s] copying package.xml -> /home/me/maedongyee_ws/install/aicar_vision/share/aicar_vision
[4.522s] creating /home/me/maedongyee_ws/install/aicar_vision/share/aicar_vision/calibration_data
[4.522s] creating /home/me/maedongyee_ws/install/aicar_vision/share/aicar_vision/models
[4.523s] running install_egg_info
[4.561s] Copying ../build/aicar_vision/aicar_vision.egg-info to /home/me/maedongyee_ws/install/aicar_vision/lib/python3.12/site-packages/aicar_vision-0.2.0-py3.12.egg-info
[4.563s] running install_scripts
[4.860s] Installing fake_detector_node script to /home/me/maedongyee_ws/install/aicar_vision/lib/aicar_vision
[4.860s] Installing lane_detector_node script to /home/me/maedongyee_ws/install/aicar_vision/lib/aicar_vision
[4.861s] Installing sign_detector_node script to /home/me/maedongyee_ws/install/aicar_vision/lib/aicar_vision
[4.861s] writing list of installed files to '/home/me/maedongyee_ws/build/aicar_vision/install.log'
[4.962s] Invoked command in '/home/me/maedongyee_ws/aicar_vision' returned '0': CMAKE_PREFIX_PATH=/home/me/maedongyee_ws/install/aicar_msgs:/home/me/maedongyee_ws/install/aicar_bringup:/opt/ros/jazzy/opt/gz_math_vendor:/opt/ros/jazzy/opt/gz_utils_vendor:/opt/ros/jazzy/opt/gz_cmake_vendor DEBUGINFOD_URLS=https://debuginfod.ubuntu.com PYTHONPATH=/home/me/maedongyee_ws/build/aicar_vision/prefix_override:/usr/lib/python3/dist-packages/colcon_core/task/python/colcon_distutils_commands:/home/me/maedongyee_ws/install/aicar_vision/lib/python3.12/site-packages:/home/me/maedongyee_ws/install/aicar_msgs/lib/python3.12/site-packages:/home/me/maedongyee_ws/build/aicar_vision:/home/me/maedongyee_ws/install/aicar_vision/lib/python3.12/site-packages:/home/me/maedongyee_ws/build/aicar_ui:/home/me/maedongyee_ws/install/aicar_ui/lib/python3.12/site-packages:/home/me/maedongyee_ws/build/aicar_controller:/home/me/maedongyee_ws/install/aicar_controller/lib/python3.12/site-packages:/home/me/maedongyee_ws/build/aicar_driver:/home/me/maedongyee_ws/install/aicar_driver/lib/python3.12/site-packages:/opt/ros/jazzy/lib/python3.12/site-packages /usr/bin/python3 -W ignore:setup.py install is deprecated -W ignore:easy_install command is deprecated setup.py egg_info --egg-base ../build/aicar_vision build --build-base /home/me/maedongyee_ws/build/aicar_vision/build install --record /home/me/maedongyee_ws/build/aicar_vision/install.log --single-version-externally-managed install_data
