[2.985s] Invoking command in '/home/me/maedongyee_ws/aicar_ui': DEBUGINFOD_URLS=https://debuginfod.ubuntu.com PYTHONPATH=/home/me/maedongyee_ws/build/aicar_ui/prefix_override:/usr/lib/python3/dist-packages/colcon_core/task/python/colcon_distutils_commands:/home/me/maedongyee_ws/install/aicar_ui/lib/python3.12/site-packages:${PYTHONPATH} /usr/bin/python3 -W ignore:setup.py install is deprecated -W ignore:easy_install command is deprecated setup.py egg_info --egg-base ../build/aicar_ui build --build-base /home/me/maedongyee_ws/build/aicar_ui/build install --record /home/me/maedongyee_ws/build/aicar_ui/install.log --single-version-externally-managed install_data
[3.485s] running egg_info
[3.518s] writing ../build/aicar_ui/aicar_ui.egg-info/PKG-INFO
[3.518s] writing dependency_links to ../build/aicar_ui/aicar_ui.egg-info/dependency_links.txt
[3.518s] writing entry points to ../build/aicar_ui/aicar_ui.egg-info/entry_points.txt
[3.519s] writing requirements to ../build/aicar_ui/aicar_ui.egg-info/requires.txt
[3.521s] writing top-level names to ../build/aicar_ui/aicar_ui.egg-info/top_level.txt
[3.598s] reading manifest file '../build/aicar_ui/aicar_ui.egg-info/SOURCES.txt'
[3.601s] writing manifest file '../build/aicar_ui/aicar_ui.egg-info/SOURCES.txt'
[3.601s] running build
[3.603s] running build_py
[3.603s] copying aicar_ui/dashboard_node.py -> /home/me/maedongyee_ws/build/aicar_ui/build/lib/aicar_ui
[3.604s] running install
[3.616s] running install_lib
[3.657s] copying /home/me/maedongyee_ws/build/aicar_ui/build/lib/aicar_ui/dashboard_node.py -> /home/me/maedongyee_ws/install/aicar_ui/lib/python3.12/site-packages/aicar_ui
[3.659s] byte-compiling /home/me/maedongyee_ws/install/aicar_ui/lib/python3.12/site-packages/aicar_ui/dashboard_node.py to dashboard_node.cpython-312.pyc
[3.667s] running install_data
[3.669s] running install_egg_info
[3.703s] removing '/home/me/maedongyee_ws/install/aicar_ui/lib/python3.12/site-packages/aicar_ui-0.1.0-py3.12.egg-info' (and everything under it)
[3.706s] Copying ../build/aicar_ui/aicar_ui.egg-info to /home/me/maedongyee_ws/install/aicar_ui/lib/python3.12/site-packages/aicar_ui-0.1.0-py3.12.egg-info
[3.708s] running install_scripts
[3.946s] Installing dashboard_node script to /home/me/maedongyee_ws/install/aicar_ui/lib/aicar_ui
[3.947s] writing list of installed files to '/home/me/maedongyee_ws/build/aicar_ui/install.log'
[4.068s] Invoked command in '/home/me/maedongyee_ws/aicar_ui' returned '0': DEBUGINFOD_URLS=https://debuginfod.ubuntu.com PYTHONPATH=/home/me/maedongyee_ws/build/aicar_ui/prefix_override:/usr/lib/python3/dist-packages/colcon_core/task/python/colcon_distutils_commands:/home/me/maedongyee_ws/install/aicar_ui/lib/python3.12/site-packages:${PYTHONPATH} /usr/bin/python3 -W ignore:setup.py install is deprecated -W ignore:easy_install command is deprecated setup.py egg_info --egg-base ../build/aicar_ui build --build-base /home/me/maedongyee_ws/build/aicar_ui/build install --record /home/me/maedongyee_ws/build/aicar_ui/install.log --single-version-externally-managed install_data
