[2.264s] Invoking command in '/home/me/maedongyee_ws/aicar_vision': CMAKE_PREFIX_PATH=/home/me/maedongyee_ws/install/aicar_msgs:/home/me/maedongyee_ws/install/aicar_bringup:/opt/ros/jazzy/opt/gz_math_vendor:/opt/ros/jazzy/opt/gz_utils_vendor:/opt/ros/jazzy/opt/gz_cmake_vendor DEBUGINFOD_URLS=https://debuginfod.ubuntu.com PYTHONPATH=/home/me/maedongyee_ws/build/aicar_vision/prefix_override:/usr/lib/python3/dist-packages/colcon_core/task/python/colcon_distutils_commands:/home/me/maedongyee_ws/install/aicar_vision/lib/python3.12/site-packages:/home/me/maedongyee_ws/install/aicar_msgs/lib/python3.12/site-packages:/home/me/maedongyee_ws/build/aicar_vision:/home/me/maedongyee_ws/install/aicar_vision/lib/python3.12/site-packages:/home/me/maedongyee_ws/build/aicar_ui:/home/me/maedongyee_ws/install/aicar_ui/lib/python3.12/site-packages:/home/me/maedongyee_ws/build/aicar_controller:/home/me/maedongyee_ws/install/aicar_controller/lib/python3.12/site-packages:/home/me/maedongyee_ws/build/aicar_driver:/home/me/maedongyee_ws/install/aicar_driver/lib/python3.12/site-packages:/opt/ros/jazzy/lib/python3.12/site-packages /usr/bin/python3 -W ignore:setup.py install is deprecated -W ignore:easy_install command is deprecated setup.py egg_info --egg-base ../build/aicar_vision build --build-base /home/me/maedongyee_ws/build/aicar_vision/build install --record /home/me/maedongyee_ws/build/aicar_vision/install.log --single-version-externally-managed install_data
[2.701s] running egg_info
[2.730s] writing ../build/aicar_vision/aicar_vision.egg-info/PKG-INFO
[2.730s] writing dependency_links to ../build/aicar_vision/aicar_vision.egg-info/dependency_links.txt
[2.731s] writing entry points to ../build/aicar_vision/aicar_vision.egg-info/entry_points.txt
[2.732s] writing requirements to ../build/aicar_vision/aicar_vision.egg-info/requires.txt
[2.733s] writing top-level names to ../build/aicar_vision/aicar_vision.egg-info/top_level.txt
[2.793s] reading manifest file '../build/aicar_vision/aicar_vision.egg-info/SOURCES.txt'
[2.795s] writing manifest file '../build/aicar_vision/aicar_vision.egg-info/SOURCES.txt'
[2.795s] running build
[2.795s] running build_py
[2.796s] copying aicar_vision/lane_detector_node.py -> /home/me/maedongyee_ws/build/aicar_vision/build/lib/aicar_vision
[2.796s] running install
[2.806s] running install_lib
[2.836s] copying /home/me/maedongyee_ws/build/aicar_vision/build/lib/aicar_vision/lane_detector_node.py -> /home/me/maedongyee_ws/install/aicar_vision/lib/python3.12/site-packages/aicar_vision
[2.837s] byte-compiling /home/me/maedongyee_ws/install/aicar_vision/lib/python3.12/site-packages/aicar_vision/lane_detector_node.py to lane_detector_node.cpython-312.pyc
[2.840s] running install_data
[2.841s] running install_egg_info
[2.873s] removing '/home/me/maedongyee_ws/install/aicar_vision/lib/python3.12/site-packages/aicar_vision-0.2.0-py3.12.egg-info' (and everything under it)
[2.873s] Copying ../build/aicar_vision/aicar_vision.egg-info to /home/me/maedongyee_ws/install/aicar_vision/lib/python3.12/site-packages/aicar_vision-0.2.0-py3.12.egg-info
[2.875s] running install_scripts
[3.087s] Installing fake_detector_node script to /home/me/maedongyee_ws/install/aicar_vision/lib/aicar_vision
[3.088s] Installing lane_detector_node script to /home/me/maedongyee_ws/install/aicar_vision/lib/aicar_vision
[3.088s] Installing sign_detector_node script to /home/me/maedongyee_ws/install/aicar_vision/lib/aicar_vision
[3.089s] writing list of installed files to '/home/me/maedongyee_ws/build/aicar_vision/install.log'
[3.226s] Invoked command in '/home/me/maedongyee_ws/aicar_vision' returned '0': CMAKE_PREFIX_PATH=/home/me/maedongyee_ws/install/aicar_msgs:/home/me/maedongyee_ws/install/aicar_bringup:/opt/ros/jazzy/opt/gz_math_vendor:/opt/ros/jazzy/opt/gz_utils_vendor:/opt/ros/jazzy/opt/gz_cmake_vendor DEBUGINFOD_URLS=https://debuginfod.ubuntu.com PYTHONPATH=/home/me/maedongyee_ws/build/aicar_vision/prefix_override:/usr/lib/python3/dist-packages/colcon_core/task/python/colcon_distutils_commands:/home/me/maedongyee_ws/install/aicar_vision/lib/python3.12/site-packages:/home/me/maedongyee_ws/install/aicar_msgs/lib/python3.12/site-packages:/home/me/maedongyee_ws/build/aicar_vision:/home/me/maedongyee_ws/install/aicar_vision/lib/python3.12/site-packages:/home/me/maedongyee_ws/build/aicar_ui:/home/me/maedongyee_ws/install/aicar_ui/lib/python3.12/site-packages:/home/me/maedongyee_ws/build/aicar_controller:/home/me/maedongyee_ws/install/aicar_controller/lib/python3.12/site-packages:/home/me/maedongyee_ws/build/aicar_driver:/home/me/maedongyee_ws/install/aicar_driver/lib/python3.12/site-packages:/opt/ros/jazzy/lib/python3.12/site-packages /usr/bin/python3 -W ignore:setup.py install is deprecated -W ignore:easy_install command is deprecated setup.py egg_info --egg-base ../build/aicar_vision build --build-base /home/me/maedongyee_ws/build/aicar_vision/build install --record /home/me/maedongyee_ws/build/aicar_vision/install.log --single-version-externally-managed install_data
