/home/me/maedongyee_ws/install/aicar_vision/lib/python3.12/site-packages/aicar_vision/sign_detector_node.py
/home/me/maedongyee_ws/install/aicar_vision/lib/python3.12/site-packages/aicar_vision/__init__.py
/home/me/maedongyee_ws/install/aicar_vision/lib/python3.12/site-packages/aicar_vision/fake_detector_node.py
/home/me/maedongyee_ws/install/aicar_vision/lib/python3.12/site-packages/aicar_vision/lane_detector_node.py
/home/me/maedongyee_ws/install/aicar_vision/lib/python3.12/site-packages/aicar_vision/__pycache__/sign_detector_node.cpython-312.pyc
/home/me/maedongyee_ws/install/aicar_vision/lib/python3.12/site-packages/aicar_vision/__pycache__/__init__.cpython-312.pyc
/home/me/maedongyee_ws/install/aicar_vision/lib/python3.12/site-packages/aicar_vision/__pycache__/fake_detector_node.cpython-312.pyc
/home/me/maedongyee_ws/install/aicar_vision/lib/python3.12/site-packages/aicar_vision/__pycache__/lane_detector_node.cpython-312.pyc
/home/me/maedongyee_ws/install/aicar_vision/share/ament_index/resource_index/packages/aicar_vision
/home/me/maedongyee_ws/install/aicar_vision/share/aicar_vision/package.xml
/home/me/maedongyee_ws/install/aicar_vision/share/aicar_vision/calibration_data/calibration.p
/home/me/maedongyee_ws/install/aicar_vision/share/aicar_vision/models
/home/me/maedongyee_ws/install/aicar_vision/lib/python3.12/site-packages/aicar_vision-0.2.0-py3.12.egg-info/requires.txt
/home/me/maedongyee_ws/install/aicar_vision/lib/python3.12/site-packages/aicar_vision-0.2.0-py3.12.egg-info/top_level.txt
/home/me/maedongyee_ws/install/aicar_vision/lib/python3.12/site-packages/aicar_vision-0.2.0-py3.12.egg-info/zip-safe
/home/me/maedongyee_ws/install/aicar_vision/lib/python3.12/site-packages/aicar_vision-0.2.0-py3.12.egg-info/PKG-INFO
/home/me/maedongyee_ws/install/aicar_vision/lib/python3.12/site-packages/aicar_vision-0.2.0-py3.12.egg-info/SOURCES.txt
/home/me/maedongyee_ws/install/aicar_vision/lib/python3.12/site-packages/aicar_vision-0.2.0-py3.12.egg-info/dependency_links.txt
/home/me/maedongyee_ws/install/aicar_vision/lib/python3.12/site-packages/aicar_vision-0.2.0-py3.12.egg-info/entry_points.txt
/home/me/maedongyee_ws/install/aicar_vision/lib/aicar_vision/fake_detector_node
/home/me/maedongyee_ws/install/aicar_vision/lib/aicar_vision/lane_detector_node
/home/me/maedongyee_ws/install/aicar_vision/lib/aicar_vision/sign_detector_node
