running egg_info
writing ../build/aicar_controller/aicar_controller.egg-info/PKG-INFO
writing dependency_links to ../build/aicar_controller/aicar_controller.egg-info/dependency_links.txt
writing entry points to ../build/aicar_controller/aicar_controller.egg-info/entry_points.txt
writing requirements to ../build/aicar_controller/aicar_controller.egg-info/requires.txt
writing top-level names to ../build/aicar_controller/aicar_controller.egg-info/top_level.txt
reading manifest file '../build/aicar_controller/aicar_controller.egg-info/SOURCES.txt'
writing manifest file '../build/aicar_controller/aicar_controller.egg-info/SOURCES.txt'
running build
running build_py
copying aicar_controller/driving_controller_node.py -> /home/me/maedongyee_ws/build/aicar_controller/build/lib/aicar_controller
running install
running install_lib
copying /home/me/maedongyee_ws/build/aicar_controller/build/lib/aicar_controller/driving_controller_node.py -> /home/me/maedongyee_ws/install/aicar_controller/lib/python3.12/site-packages/aicar_controller
byte-compiling /home/me/maedongyee_ws/install/aicar_controller/lib/python3.12/site-packages/aicar_controller/driving_controller_node.py to driving_controller_node.cpython-312.pyc
running install_data
running install_egg_info
removing '/home/me/maedongyee_ws/install/aicar_controller/lib/python3.12/site-packages/aicar_controller-0.2.0-py3.12.egg-info' (and everything under it)
Copying ../build/aicar_controller/aicar_controller.egg-info to /home/me/maedongyee_ws/install/aicar_controller/lib/python3.12/site-packages/aicar_controller-0.2.0-py3.12.egg-info
running install_scripts
Installing driving_controller_node script to /home/me/maedongyee_ws/install/aicar_controller/lib/aicar_controller
writing list of installed files to '/home/me/maedongyee_ws/build/aicar_controller/install.log'
