[3.355s] Invoking command in '/home/me/maedongyee_ws/aicar_driver': DEBUGINFOD_URLS=https://debuginfod.ubuntu.com PYTHONPATH=/home/me/maedongyee_ws/build/aicar_driver/prefix_override:/usr/lib/python3/dist-packages/colcon_core/task/python/colcon_distutils_commands:/home/me/maedongyee_ws/install/aicar_driver/lib/python3.12/site-packages:${PYTHONPATH} /usr/bin/python3 -W ignore:setup.py install is deprecated -W ignore:easy_install command is deprecated setup.py egg_info --egg-base ../build/aicar_driver build --build-base /home/me/maedongyee_ws/build/aicar_driver/build install --record /home/me/maedongyee_ws/build/aicar_driver/install.log --single-version-externally-managed install_data
[4.257s] running egg_info
[4.258s] creating ../build/aicar_driver/aicar_driver.egg-info
[4.297s] writing ../build/aicar_driver/aicar_driver.egg-info/PKG-INFO
[4.298s] writing dependency_links to ../build/aicar_driver/aicar_driver.egg-info/dependency_links.txt
[4.300s] writing entry points to ../build/aicar_driver/aicar_driver.egg-info/entry_points.txt
[4.303s] writing requirements to ../build/aicar_driver/aicar_driver.egg-info/requires.txt
[4.303s] writing top-level names to ../build/aicar_driver/aicar_driver.egg-info/top_level.txt
[4.303s] writing manifest file '../build/aicar_driver/aicar_driver.egg-info/SOURCES.txt'
[4.432s] reading manifest file '../build/aicar_driver/aicar_driver.egg-info/SOURCES.txt'
[4.432s] writing manifest file '../build/aicar_driver/aicar_driver.egg-info/SOURCES.txt'
[4.433s] running build
[4.433s] running build_py
[4.433s] creating /home/me/maedongyee_ws/build/aicar_driver/build
[4.433s] creating /home/me/maedongyee_ws/build/aicar_driver/build/lib
[4.436s] creating /home/me/maedongyee_ws/build/aicar_driver/build/lib/aicar_driver
[4.436s] copying aicar_driver/__init__.py -> /home/me/maedongyee_ws/build/aicar_driver/build/lib/aicar_driver
[4.436s] copying aicar_driver/differential_drive_node.py -> /home/me/maedongyee_ws/build/aicar_driver/build/lib/aicar_driver
[4.436s] running install
[4.447s] running install_lib
[4.481s] creating /home/me/maedongyee_ws/install/aicar_driver/lib/python3.12/site-packages/aicar_driver
[4.481s] copying /home/me/maedongyee_ws/build/aicar_driver/build/lib/aicar_driver/__init__.py -> /home/me/maedongyee_ws/install/aicar_driver/lib/python3.12/site-packages/aicar_driver
[4.481s] copying /home/me/maedongyee_ws/build/aicar_driver/build/lib/aicar_driver/differential_drive_node.py -> /home/me/maedongyee_ws/install/aicar_driver/lib/python3.12/site-packages/aicar_driver
[4.483s] byte-compiling /home/me/maedongyee_ws/install/aicar_driver/lib/python3.12/site-packages/aicar_driver/__init__.py to __init__.cpython-312.pyc
[4.483s] byte-compiling /home/me/maedongyee_ws/install/aicar_driver/lib/python3.12/site-packages/aicar_driver/differential_drive_node.py to differential_drive_node.cpython-312.pyc
[4.486s] running install_data
[4.486s] creating /home/me/maedongyee_ws/install/aicar_driver/share/ament_index
[4.487s] creating /home/me/maedongyee_ws/install/aicar_driver/share/ament_index/resource_index
[4.487s] creating /home/me/maedongyee_ws/install/aicar_driver/share/ament_index/resource_index/packages
[4.487s] copying resource/aicar_driver -> /home/me/maedongyee_ws/install/aicar_driver/share/ament_index/resource_index/packages
[4.488s] copying package.xml -> /home/me/maedongyee_ws/install/aicar_driver/share/aicar_driver
[4.488s] running install_egg_info
[4.533s] Copying ../build/aicar_driver/aicar_driver.egg-info to /home/me/maedongyee_ws/install/aicar_driver/lib/python3.12/site-packages/aicar_driver-0.2.0-py3.12.egg-info
[4.533s] running install_scripts
[4.817s] Installing differential_drive_node script to /home/me/maedongyee_ws/install/aicar_driver/lib/aicar_driver
[4.818s] writing list of installed files to '/home/me/maedongyee_ws/build/aicar_driver/install.log'
[4.935s] Invoked command in '/home/me/maedongyee_ws/aicar_driver' returned '0': DEBUGINFOD_URLS=https://debuginfod.ubuntu.com PYTHONPATH=/home/me/maedongyee_ws/build/aicar_driver/prefix_override:/usr/lib/python3/dist-packages/colcon_core/task/python/colcon_distutils_commands:/home/me/maedongyee_ws/install/aicar_driver/lib/python3.12/site-packages:${PYTHONPATH} /usr/bin/python3 -W ignore:setup.py install is deprecated -W ignore:easy_install command is deprecated setup.py egg_info --egg-base ../build/aicar_driver build --build-base /home/me/maedongyee_ws/build/aicar_driver/build install --record /home/me/maedongyee_ws/build/aicar_driver/install.log --single-version-externally-managed install_data
