[2.944s] Invoking command in '/home/me/maedongyee_ws/aicar_vision': CMAKE_PREFIX_PATH=/home/me/maedongyee_ws/install/aicar_msgs:/home/me/maedongyee_ws/install/aicar_bringup:/opt/ros/jazzy/opt/gz_math_vendor:/opt/ros/jazzy/opt/gz_utils_vendor:/opt/ros/jazzy/opt/gz_cmake_vendor DEBUGINFOD_URLS=https://debuginfod.ubuntu.com PYTHONPATH=/home/me/maedongyee_ws/build/aicar_vision/prefix_override:/usr/lib/python3/dist-packages/colcon_core/task/python/colcon_distutils_commands:/home/me/maedongyee_ws/install/aicar_vision/lib/python3.12/site-packages:/home/me/maedongyee_ws/install/aicar_msgs/lib/python3.12/site-packages:/home/me/maedongyee_ws/build/aicar_vision:/home/me/maedongyee_ws/install/aicar_vision/lib/python3.12/site-packages:/home/me/maedongyee_ws/build/aicar_ui:/home/me/maedongyee_ws/install/aicar_ui/lib/python3.12/site-packages:/home/me/maedongyee_ws/build/aicar_controller:/home/me/maedongyee_ws/install/aicar_controller/lib/python3.12/site-packages:/home/me/maedongyee_ws/build/aicar_driver:/home/me/maedongyee_ws/install/aicar_driver/lib/python3.12/site-packages:/opt/ros/jazzy/lib/python3.12/site-packages /usr/bin/python3 -W ignore:setup.py install is deprecated -W ignore:easy_install command is deprecated setup.py egg_info --egg-base ../build/aicar_vision build --build-base /home/me/maedongyee_ws/build/aicar_vision/build install --record /home/me/maedongyee_ws/build/aicar_vision/install.log --single-version-externally-managed install_data
[3.456s] running egg_info
[3.488s] writing ../build/aicar_vision/aicar_vision.egg-info/PKG-INFO
[3.488s] writing dependency_links to ../build/aicar_vision/aicar_vision.egg-info/dependency_links.txt
[3.489s] writing entry points to ../build/aicar_vision/aicar_vision.egg-info/entry_points.txt
[3.489s] writing requirements to ../build/aicar_vision/aicar_vision.egg-info/requires.txt
[3.489s] writing top-level names to ../build/aicar_vision/aicar_vision.egg-info/top_level.txt
[3.563s] reading manifest file '../build/aicar_vision/aicar_vision.egg-info/SOURCES.txt'
[3.563s] writing manifest file '../build/aicar_vision/aicar_vision.egg-info/SOURCES.txt'
[3.564s] running build
[3.564s] running build_py
[3.566s] copying aicar_vision/lane_detector_node.py -> /home/me/maedongyee_ws/build/aicar_vision/build/lib/aicar_vision
[3.568s] running install
[3.578s] running install_lib
[3.616s] copying /home/me/maedongyee_ws/build/aicar_vision/build/lib/aicar_vision/lane_detector_node.py -> /home/me/maedongyee_ws/install/aicar_vision/lib/python3.12/site-packages/aicar_vision
[3.620s] byte-compiling /home/me/maedongyee_ws/install/aicar_vision/lib/python3.12/site-packages/aicar_vision/lane_detector_node.py to lane_detector_node.cpython-312.pyc
[3.622s] running install_data
[3.624s] running install_egg_info
[3.664s] removing '/home/me/maedongyee_ws/install/aicar_vision/lib/python3.12/site-packages/aicar_vision-0.2.0-py3.12.egg-info' (and everything under it)
[3.665s] Copying ../build/aicar_vision/aicar_vision.egg-info to /home/me/maedongyee_ws/install/aicar_vision/lib/python3.12/site-packages/aicar_vision-0.2.0-py3.12.egg-info
[3.667s] running install_scripts
[3.909s] Installing fake_detector_node script to /home/me/maedongyee_ws/install/aicar_vision/lib/aicar_vision
[3.910s] Installing lane_detector_node script to /home/me/maedongyee_ws/install/aicar_vision/lib/aicar_vision
[3.910s] Installing sign_detector_node script to /home/me/maedongyee_ws/install/aicar_vision/lib/aicar_vision
[3.912s] writing list of installed files to '/home/me/maedongyee_ws/build/aicar_vision/install.log'
[4.009s] Invoked command in '/home/me/maedongyee_ws/aicar_vision' returned '0': CMAKE_PREFIX_PATH=/home/me/maedongyee_ws/install/aicar_msgs:/home/me/maedongyee_ws/install/aicar_bringup:/opt/ros/jazzy/opt/gz_math_vendor:/opt/ros/jazzy/opt/gz_utils_vendor:/opt/ros/jazzy/opt/gz_cmake_vendor DEBUGINFOD_URLS=https://debuginfod.ubuntu.com PYTHONPATH=/home/me/maedongyee_ws/build/aicar_vision/prefix_override:/usr/lib/python3/dist-packages/colcon_core/task/python/colcon_distutils_commands:/home/me/maedongyee_ws/install/aicar_vision/lib/python3.12/site-packages:/home/me/maedongyee_ws/install/aicar_msgs/lib/python3.12/site-packages:/home/me/maedongyee_ws/build/aicar_vision:/home/me/maedongyee_ws/install/aicar_vision/lib/python3.12/site-packages:/home/me/maedongyee_ws/build/aicar_ui:/home/me/maedongyee_ws/install/aicar_ui/lib/python3.12/site-packages:/home/me/maedongyee_ws/build/aicar_controller:/home/me/maedongyee_ws/install/aicar_controller/lib/python3.12/site-packages:/home/me/maedongyee_ws/build/aicar_driver:/home/me/maedongyee_ws/install/aicar_driver/lib/python3.12/site-packages:/opt/ros/jazzy/lib/python3.12/site-packages /usr/bin/python3 -W ignore:setup.py install is deprecated -W ignore:easy_install command is deprecated setup.py egg_info --egg-base ../build/aicar_vision build --build-base /home/me/maedongyee_ws/build/aicar_vision/build install --record /home/me/maedongyee_ws/build/aicar_vision/install.log --single-version-externally-managed install_data
