[0.034s] Invoking command in '/home/me/maedongyee_ws/build/aicar_bringup': AMENT_PREFIX_PATH=/home/me/maedongyee_ws/install/aicar_vision:/home/me/maedongyee_ws/install/aicar_controller:/home/me/maedongyee_ws/install/aicar_ui:/home/me/maedongyee_ws/install/aicar_driver:/home/me/maedongyee_ws/install/aicar_bringup:/home/me/maedongyee_ws/install/aicar_msgs:/opt/ros/jazzy CMAKE_PREFIX_PATH=/home/me/maedongyee_ws/install/aicar_msgs:/home/me/maedongyee_ws/install/aicar_bringup:/opt/ros/jazzy/opt/gz_math_vendor:/opt/ros/jazzy/opt/gz_utils_vendor:/opt/ros/jazzy/opt/gz_cmake_vendor:/home/me/maedongyee_ws/install/aicar_vision:/home/me/maedongyee_ws/install/aicar_ui:/home/me/maedongyee_ws/install/aicar_controller:/home/me/maedongyee_ws/install/aicar_driver:/opt/ros/jazzy DEBUGINFOD_URLS=https://debuginfod.ubuntu.com PYTHONPATH=/home/me/maedongyee_ws/install/aicar_vision/lib/python3.12/site-packages:/home/me/maedongyee_ws/install/aicar_controller/lib/python3.12/site-packages:/home/me/maedongyee_ws/install/aicar_ui/lib/python3.12/site-packages:/home/me/maedongyee_ws/install/aicar_msgs/lib/python3.12/site-packages:/home/me/maedongyee_ws/install/aicar_driver/lib/python3.12/site-packages:/home/me/maedongyee_ws/build/aicar_vision:/home/me/maedongyee_ws/build/aicar_ui:/home/me/maedongyee_ws/build/aicar_controller:/home/me/maedongyee_ws/build/aicar_driver:/opt/ros/jazzy/lib/python3.12/site-packages /usr/bin/cmake /home/me/maedongyee_ws/aicar_bringup -DCMAKE_INSTALL_PREFIX=/home/me/maedongyee_ws/install/aicar_bringup
[0.147s] -- The C compiler identification is GNU 13.3.0
[0.256s] -- The CXX compiler identification is GNU 13.3.0
[0.287s] -- Detecting C compiler ABI info
[0.464s] -- Detecting C compiler ABI info - done
[0.480s] -- Check for working C compiler: /usr/bin/cc - skipped
[0.481s] -- Detecting C compile features
[0.481s] -- Detecting C compile features - done
[0.496s] -- Detecting CXX compiler ABI info
[0.680s] -- Detecting CXX compiler ABI info - done
[0.700s] -- Check for working CXX compiler: /usr/bin/c++ - skipped
[0.700s] -- Detecting CXX compile features
[0.701s] -- Detecting CXX compile features - done
[0.706s] -- Found ament_cmake: 2.5.6 (/opt/ros/jazzy/share/ament_cmake/cmake)
[0.976s] -- Found Python3: /usr/bin/python3 (found version "3.12.3") found components: Interpreter 
[1.335s] -- Configuring done (1.3s)
[1.340s] -- Generating done (0.0s)
[1.343s] -- Build files have been written to: /home/me/maedongyee_ws/build/aicar_bringup
[1.351s] Invoked command in '/home/me/maedongyee_ws/build/aicar_bringup' returned '0': AMENT_PREFIX_PATH=/home/me/maedongyee_ws/install/aicar_vision:/home/me/maedongyee_ws/install/aicar_controller:/home/me/maedongyee_ws/install/aicar_ui:/home/me/maedongyee_ws/install/aicar_driver:/home/me/maedongyee_ws/install/aicar_bringup:/home/me/maedongyee_ws/install/aicar_msgs:/opt/ros/jazzy CMAKE_PREFIX_PATH=/home/me/maedongyee_ws/install/aicar_msgs:/home/me/maedongyee_ws/install/aicar_bringup:/opt/ros/jazzy/opt/gz_math_vendor:/opt/ros/jazzy/opt/gz_utils_vendor:/opt/ros/jazzy/opt/gz_cmake_vendor:/home/me/maedongyee_ws/install/aicar_vision:/home/me/maedongyee_ws/install/aicar_ui:/home/me/maedongyee_ws/install/aicar_controller:/home/me/maedongyee_ws/install/aicar_driver:/opt/ros/jazzy DEBUGINFOD_URLS=https://debuginfod.ubuntu.com PYTHONPATH=/home/me/maedongyee_ws/install/aicar_vision/lib/python3.12/site-packages:/home/me/maedongyee_ws/install/aicar_controller/lib/python3.12/site-packages:/home/me/maedongyee_ws/install/aicar_ui/lib/python3.12/site-packages:/home/me/maedongyee_ws/install/aicar_msgs/lib/python3.12/site-packages:/home/me/maedongyee_ws/install/aicar_driver/lib/python3.12/site-packages:/home/me/maedongyee_ws/build/aicar_vision:/home/me/maedongyee_ws/build/aicar_ui:/home/me/maedongyee_ws/build/aicar_controller:/home/me/maedongyee_ws/build/aicar_driver:/opt/ros/jazzy/lib/python3.12/site-packages /usr/bin/cmake /home/me/maedongyee_ws/aicar_bringup -DCMAKE_INSTALL_PREFIX=/home/me/maedongyee_ws/install/aicar_bringup
[1.353s] Invoking command in '/home/me/maedongyee_ws/build/aicar_bringup': AMENT_PREFIX_PATH=/home/me/maedongyee_ws/install/aicar_vision:/home/me/maedongyee_ws/install/aicar_controller:/home/me/maedongyee_ws/install/aicar_ui:/home/me/maedongyee_ws/install/aicar_driver:/home/me/maedongyee_ws/install/aicar_bringup:/home/me/maedongyee_ws/install/aicar_msgs:/opt/ros/jazzy CMAKE_PREFIX_PATH=/home/me/maedongyee_ws/install/aicar_msgs:/home/me/maedongyee_ws/install/aicar_bringup:/opt/ros/jazzy/opt/gz_math_vendor:/opt/ros/jazzy/opt/gz_utils_vendor:/opt/ros/jazzy/opt/gz_cmake_vendor:/home/me/maedongyee_ws/install/aicar_vision:/home/me/maedongyee_ws/install/aicar_ui:/home/me/maedongyee_ws/install/aicar_controller:/home/me/maedongyee_ws/install/aicar_driver:/opt/ros/jazzy DEBUGINFOD_URLS=https://debuginfod.ubuntu.com PYTHONPATH=/home/me/maedongyee_ws/install/aicar_vision/lib/python3.12/site-packages:/home/me/maedongyee_ws/install/aicar_controller/lib/python3.12/site-packages:/home/me/maedongyee_ws/install/aicar_ui/lib/python3.12/site-packages:/home/me/maedongyee_ws/install/aicar_msgs/lib/python3.12/site-packages:/home/me/maedongyee_ws/install/aicar_driver/lib/python3.12/site-packages:/home/me/maedongyee_ws/build/aicar_vision:/home/me/maedongyee_ws/build/aicar_ui:/home/me/maedongyee_ws/build/aicar_controller:/home/me/maedongyee_ws/build/aicar_driver:/opt/ros/jazzy/lib/python3.12/site-packages /usr/bin/cmake --build /home/me/maedongyee_ws/build/aicar_bringup -- -j4 -l4
[1.426s] Invoked command in '/home/me/maedongyee_ws/build/aicar_bringup' returned '0': AMENT_PREFIX_PATH=/home/me/maedongyee_ws/install/aicar_vision:/home/me/maedongyee_ws/install/aicar_controller:/home/me/maedongyee_ws/install/aicar_ui:/home/me/maedongyee_ws/install/aicar_driver:/home/me/maedongyee_ws/install/aicar_bringup:/home/me/maedongyee_ws/install/aicar_msgs:/opt/ros/jazzy CMAKE_PREFIX_PATH=/home/me/maedongyee_ws/install/aicar_msgs:/home/me/maedongyee_ws/install/aicar_bringup:/opt/ros/jazzy/opt/gz_math_vendor:/opt/ros/jazzy/opt/gz_utils_vendor:/opt/ros/jazzy/opt/gz_cmake_vendor:/home/me/maedongyee_ws/install/aicar_vision:/home/me/maedongyee_ws/install/aicar_ui:/home/me/maedongyee_ws/install/aicar_controller:/home/me/maedongyee_ws/install/aicar_driver:/opt/ros/jazzy DEBUGINFOD_URLS=https://debuginfod.ubuntu.com PYTHONPATH=/home/me/maedongyee_ws/install/aicar_vision/lib/python3.12/site-packages:/home/me/maedongyee_ws/install/aicar_controller/lib/python3.12/site-packages:/home/me/maedongyee_ws/install/aicar_ui/lib/python3.12/site-packages:/home/me/maedongyee_ws/install/aicar_msgs/lib/python3.12/site-packages:/home/me/maedongyee_ws/install/aicar_driver/lib/python3.12/site-packages:/home/me/maedongyee_ws/build/aicar_vision:/home/me/maedongyee_ws/build/aicar_ui:/home/me/maedongyee_ws/build/aicar_controller:/home/me/maedongyee_ws/build/aicar_driver:/opt/ros/jazzy/lib/python3.12/site-packages /usr/bin/cmake --build /home/me/maedongyee_ws/build/aicar_bringup -- -j4 -l4
[1.450s] Invoking command in '/home/me/maedongyee_ws/build/aicar_bringup': AMENT_PREFIX_PATH=/home/me/maedongyee_ws/install/aicar_vision:/home/me/maedongyee_ws/install/aicar_controller:/home/me/maedongyee_ws/install/aicar_ui:/home/me/maedongyee_ws/install/aicar_driver:/home/me/maedongyee_ws/install/aicar_bringup:/home/me/maedongyee_ws/install/aicar_msgs:/opt/ros/jazzy CMAKE_PREFIX_PATH=/home/me/maedongyee_ws/install/aicar_msgs:/home/me/maedongyee_ws/install/aicar_bringup:/opt/ros/jazzy/opt/gz_math_vendor:/opt/ros/jazzy/opt/gz_utils_vendor:/opt/ros/jazzy/opt/gz_cmake_vendor:/home/me/maedongyee_ws/install/aicar_vision:/home/me/maedongyee_ws/install/aicar_ui:/home/me/maedongyee_ws/install/aicar_controller:/home/me/maedongyee_ws/install/aicar_driver:/opt/ros/jazzy DEBUGINFOD_URLS=https://debuginfod.ubuntu.com PYTHONPATH=/home/me/maedongyee_ws/install/aicar_vision/lib/python3.12/site-packages:/home/me/maedongyee_ws/install/aicar_controller/lib/python3.12/site-packages:/home/me/maedongyee_ws/install/aicar_ui/lib/python3.12/site-packages:/home/me/maedongyee_ws/install/aicar_msgs/lib/python3.12/site-packages:/home/me/maedongyee_ws/install/aicar_driver/lib/python3.12/site-packages:/home/me/maedongyee_ws/build/aicar_vision:/home/me/maedongyee_ws/build/aicar_ui:/home/me/maedongyee_ws/build/aicar_controller:/home/me/maedongyee_ws/build/aicar_driver:/opt/ros/jazzy/lib/python3.12/site-packages /usr/bin/cmake --install /home/me/maedongyee_ws/build/aicar_bringup
[1.463s] -- Install configuration: ""
[1.464s] -- Installing: /home/me/maedongyee_ws/install/aicar_bringup/share/aicar_bringup/launch
[1.464s] -- Installing: /home/me/maedongyee_ws/install/aicar_bringup/share/aicar_bringup/launch/aicar_debug.launch.py
[1.464s] -- Installing: /home/me/maedongyee_ws/install/aicar_bringup/share/aicar_bringup/launch/aicar_drive.launch.py
[1.465s] -- Installing: /home/me/maedongyee_ws/install/aicar_bringup/share/ament_index/resource_index/package_run_dependencies/aicar_bringup
[1.465s] -- Installing: /home/me/maedongyee_ws/install/aicar_bringup/share/ament_index/resource_index/parent_prefix_path/aicar_bringup
[1.465s] -- Installing: /home/me/maedongyee_ws/install/aicar_bringup/share/aicar_bringup/environment/ament_prefix_path.sh
[1.466s] -- Installing: /home/me/maedongyee_ws/install/aicar_bringup/share/aicar_bringup/environment/ament_prefix_path.dsv
[1.466s] -- Installing: /home/me/maedongyee_ws/install/aicar_bringup/share/aicar_bringup/environment/path.sh
[1.466s] -- Installing: /home/me/maedongyee_ws/install/aicar_bringup/share/aicar_bringup/environment/path.dsv
[1.466s] -- Installing: /home/me/maedongyee_ws/install/aicar_bringup/share/aicar_bringup/local_setup.bash
[1.467s] -- Installing: /home/me/maedongyee_ws/install/aicar_bringup/share/aicar_bringup/local_setup.sh
[1.467s] -- Installing: /home/me/maedongyee_ws/install/aicar_bringup/share/aicar_bringup/local_setup.zsh
[1.467s] -- Installing: /home/me/maedongyee_ws/install/aicar_bringup/share/aicar_bringup/local_setup.dsv
[1.467s] -- Installing: /home/me/maedongyee_ws/install/aicar_bringup/share/aicar_bringup/package.dsv
[1.468s] -- Installing: /home/me/maedongyee_ws/install/aicar_bringup/share/ament_index/resource_index/packages/aicar_bringup
[1.468s] -- Installing: /home/me/maedongyee_ws/install/aicar_bringup/share/aicar_bringup/cmake/aicar_bringupConfig.cmake
[1.468s] -- Installing: /home/me/maedongyee_ws/install/aicar_bringup/share/aicar_bringup/cmake/aicar_bringupConfig-version.cmake
[1.468s] -- Installing: /home/me/maedongyee_ws/install/aicar_bringup/share/aicar_bringup/package.xml
[1.472s] Invoked command in '/home/me/maedongyee_ws/build/aicar_bringup' returned '0': AMENT_PREFIX_PATH=/home/me/maedongyee_ws/install/aicar_vision:/home/me/maedongyee_ws/install/aicar_controller:/home/me/maedongyee_ws/install/aicar_ui:/home/me/maedongyee_ws/install/aicar_driver:/home/me/maedongyee_ws/install/aicar_bringup:/home/me/maedongyee_ws/install/aicar_msgs:/opt/ros/jazzy CMAKE_PREFIX_PATH=/home/me/maedongyee_ws/install/aicar_msgs:/home/me/maedongyee_ws/install/aicar_bringup:/opt/ros/jazzy/opt/gz_math_vendor:/opt/ros/jazzy/opt/gz_utils_vendor:/opt/ros/jazzy/opt/gz_cmake_vendor:/home/me/maedongyee_ws/install/aicar_vision:/home/me/maedongyee_ws/install/aicar_ui:/home/me/maedongyee_ws/install/aicar_controller:/home/me/maedongyee_ws/install/aicar_driver:/opt/ros/jazzy DEBUGINFOD_URLS=https://debuginfod.ubuntu.com PYTHONPATH=/home/me/maedongyee_ws/install/aicar_vision/lib/python3.12/site-packages:/home/me/maedongyee_ws/install/aicar_controller/lib/python3.12/site-packages:/home/me/maedongyee_ws/install/aicar_ui/lib/python3.12/site-packages:/home/me/maedongyee_ws/install/aicar_msgs/lib/python3.12/site-packages:/home/me/maedongyee_ws/install/aicar_driver/lib/python3.12/site-packages:/home/me/maedongyee_ws/build/aicar_vision:/home/me/maedongyee_ws/build/aicar_ui:/home/me/maedongyee_ws/build/aicar_controller:/home/me/maedongyee_ws/build/aicar_driver:/opt/ros/jazzy/lib/python3.12/site-packages /usr/bin/cmake --install /home/me/maedongyee_ws/build/aicar_bringup
