[2.007s] Invoking command in '/home/me/maedongyee_ws/aicar_vision': CMAKE_PREFIX_PATH=/home/me/maedongyee_ws/install/aicar_msgs:/home/me/maedongyee_ws/install/aicar_bringup:/opt/ros/jazzy/opt/gz_math_vendor:/opt/ros/jazzy/opt/gz_utils_vendor:/opt/ros/jazzy/opt/gz_cmake_vendor DEBUGINFOD_URLS=https://debuginfod.ubuntu.com PYTHONPATH=/home/me/maedongyee_ws/build/aicar_vision/prefix_override:/usr/lib/python3/dist-packages/colcon_core/task/python/colcon_distutils_commands:/home/me/maedongyee_ws/install/aicar_vision/lib/python3.12/site-packages:/home/me/maedongyee_ws/install/aicar_msgs/lib/python3.12/site-packages:/home/me/maedongyee_ws/install/aicar_vision/lib/python3.12/site-packages:/home/me/maedongyee_ws/install/aicar_ui/lib/python3.12/site-packages:/home/me/maedongyee_ws/install/aicar_controller/lib/python3.12/site-packages:/home/me/maedongyee_ws/install/aicar_driver/lib/python3.12/site-packages:/opt/ros/jazzy/lib/python3.12/site-packages /usr/bin/python3 -W ignore:setup.py install is deprecated -W ignore:easy_install command is deprecated setup.py egg_info --egg-base ../build/aicar_vision build --build-base /home/me/maedongyee_ws/build/aicar_vision/build install --record /home/me/maedongyee_ws/build/aicar_vision/install.log --single-version-externally-managed install_data
[2.418s] running egg_info
[2.450s] writing ../build/aicar_vision/aicar_vision.egg-info/PKG-INFO
[2.450s] writing dependency_links to ../build/aicar_vision/aicar_vision.egg-info/dependency_links.txt
[2.452s] writing entry points to ../build/aicar_vision/aicar_vision.egg-info/entry_points.txt
[2.452s] writing requirements to ../build/aicar_vision/aicar_vision.egg-info/requires.txt
[2.453s] writing top-level names to ../build/aicar_vision/aicar_vision.egg-info/top_level.txt
[2.513s] reading manifest file '../build/aicar_vision/aicar_vision.egg-info/SOURCES.txt'
[2.515s] writing manifest file '../build/aicar_vision/aicar_vision.egg-info/SOURCES.txt'
[2.515s] running build
[2.515s] running build_py
[2.516s] running install
[2.529s] running install_lib
[2.558s] running install_data
[2.559s] running install_egg_info
[2.591s] removing '/home/me/maedongyee_ws/install/aicar_vision/lib/python3.12/site-packages/aicar_vision-0.2.0-py3.12.egg-info' (and everything under it)
[2.591s] Copying ../build/aicar_vision/aicar_vision.egg-info to /home/me/maedongyee_ws/install/aicar_vision/lib/python3.12/site-packages/aicar_vision-0.2.0-py3.12.egg-info
[2.593s] running install_scripts
[2.799s] Installing fake_detector_node script to /home/me/maedongyee_ws/install/aicar_vision/lib/aicar_vision
[2.800s] Installing lane_detector_node script to /home/me/maedongyee_ws/install/aicar_vision/lib/aicar_vision
[2.801s] Installing sign_detector_node script to /home/me/maedongyee_ws/install/aicar_vision/lib/aicar_vision
[2.802s] writing list of installed files to '/home/me/maedongyee_ws/build/aicar_vision/install.log'
[2.892s] Invoked command in '/home/me/maedongyee_ws/aicar_vision' returned '0': CMAKE_PREFIX_PATH=/home/me/maedongyee_ws/install/aicar_msgs:/home/me/maedongyee_ws/install/aicar_bringup:/opt/ros/jazzy/opt/gz_math_vendor:/opt/ros/jazzy/opt/gz_utils_vendor:/opt/ros/jazzy/opt/gz_cmake_vendor DEBUGINFOD_URLS=https://debuginfod.ubuntu.com PYTHONPATH=/home/me/maedongyee_ws/build/aicar_vision/prefix_override:/usr/lib/python3/dist-packages/colcon_core/task/python/colcon_distutils_commands:/home/me/maedongyee_ws/install/aicar_vision/lib/python3.12/site-packages:/home/me/maedongyee_ws/install/aicar_msgs/lib/python3.12/site-packages:/home/me/maedongyee_ws/install/aicar_vision/lib/python3.12/site-packages:/home/me/maedongyee_ws/install/aicar_ui/lib/python3.12/site-packages:/home/me/maedongyee_ws/install/aicar_controller/lib/python3.12/site-packages:/home/me/maedongyee_ws/install/aicar_driver/lib/python3.12/site-packages:/opt/ros/jazzy/lib/python3.12/site-packages /usr/bin/python3 -W ignore:setup.py install is deprecated -W ignore:easy_install command is deprecated setup.py egg_info --egg-base ../build/aicar_vision build --build-base /home/me/maedongyee_ws/build/aicar_vision/build install --record /home/me/maedongyee_ws/build/aicar_vision/install.log --single-version-externally-managed install_data
