[0.052s] Invoking command in '/home/me/maedongyee_ws/build/aicar_msgs': CMAKE_PREFIX_PATH=${CMAKE_PREFIX_PATH}:/home/me/maedongyee_ws/install/aicar_vision:/home/me/maedongyee_ws/install/aicar_ui:/home/me/maedongyee_ws/install/aicar_controller:/home/me/maedongyee_ws/install/aicar_driver:/opt/ros/jazzy DEBUGINFOD_URLS=https://debuginfod.ubuntu.com /usr/bin/cmake --build /home/me/maedongyee_ws/build/aicar_msgs -- -j4 -l4
[0.468s] [  2%] Built target aicar_msgs__rosidl_generator_type_description
[0.484s] [  2%] Built target ament_cmake_python_copy_aicar_msgs
[0.528s] [  5%] Built target aicar_msgs__cpp
[0.908s] running egg_info
[0.943s] writing aicar_msgs.egg-info/PKG-INFO
[0.944s] writing dependency_links to aicar_msgs.egg-info/dependency_links.txt
[0.945s] writing top-level names to aicar_msgs.egg-info/top_level.txt
[1.047s] reading manifest file 'aicar_msgs.egg-info/SOURCES.txt'
[1.050s] writing manifest file 'aicar_msgs.egg-info/SOURCES.txt'
[1.140s] [  5%] Built target ament_cmake_python_build_aicar_msgs_egg
[1.224s] [ 20%] Built target aicar_msgs__rosidl_generator_c
[1.283s] [ 22%] Built target aicar_msgs__rs
[1.380s] [ 31%] Built target aicar_msgs__rosidl_typesupport_introspection_cpp
[1.436s] [ 40%] Built target aicar_msgs__rosidl_typesupport_cpp
[1.498s] [ 48%] Built target aicar_msgs__rosidl_typesupport_fastrtps_c
[1.556s] [ 57%] Built target aicar_msgs__rosidl_typesupport_introspection_c
[1.606s] [ 65%] Built target aicar_msgs__rosidl_typesupport_fastrtps_cpp
[1.660s] [ 74%] Built target aicar_msgs__rosidl_typesupport_c
[1.701s] [ 74%] Built target aicar_msgs
[1.751s] [ 77%] Built target aicar_msgs__py
[1.952s] [ 82%] Built target aicar_msgs__rosidl_generator_py
[2.006s] [ 88%] Built target aicar_msgs_s__rosidl_typesupport_fastrtps_c
[2.068s] [ 94%] Built target aicar_msgs_s__rosidl_typesupport_c
[2.121s] [100%] Built target aicar_msgs_s__rosidl_typesupport_introspection_c
[2.144s] Invoked command in '/home/me/maedongyee_ws/build/aicar_msgs' returned '0': CMAKE_PREFIX_PATH=${CMAKE_PREFIX_PATH}:/home/me/maedongyee_ws/install/aicar_vision:/home/me/maedongyee_ws/install/aicar_ui:/home/me/maedongyee_ws/install/aicar_controller:/home/me/maedongyee_ws/install/aicar_driver:/opt/ros/jazzy DEBUGINFOD_URLS=https://debuginfod.ubuntu.com /usr/bin/cmake --build /home/me/maedongyee_ws/build/aicar_msgs -- -j4 -l4
[2.168s] Invoking command in '/home/me/maedongyee_ws/build/aicar_msgs': CMAKE_PREFIX_PATH=${CMAKE_PREFIX_PATH}:/home/me/maedongyee_ws/install/aicar_vision:/home/me/maedongyee_ws/install/aicar_ui:/home/me/maedongyee_ws/install/aicar_controller:/home/me/maedongyee_ws/install/aicar_driver:/opt/ros/jazzy DEBUGINFOD_URLS=https://debuginfod.ubuntu.com /usr/bin/cmake --install /home/me/maedongyee_ws/build/aicar_msgs
[2.187s] -- Install configuration: ""
[2.188s] -- Up-to-date: /home/me/maedongyee_ws/install/aicar_msgs/share/ament_index/resource_index/rosidl_interfaces/aicar_msgs
[2.188s] -- Up-to-date: /home/me/maedongyee_ws/install/aicar_msgs/share/aicar_msgs/msg/LaneInfo.json
[2.188s] -- Up-to-date: /home/me/maedongyee_ws/install/aicar_msgs/include/aicar_msgs/aicar_msgs
[2.188s] -- Up-to-date: /home/me/maedongyee_ws/install/aicar_msgs/include/aicar_msgs/aicar_msgs/msg
[2.188s] -- Up-to-date: /home/me/maedongyee_ws/install/aicar_msgs/include/aicar_msgs/aicar_msgs/msg/rosidl_generator_c__visibility_control.h
[2.188s] -- Up-to-date: /home/me/maedongyee_ws/install/aicar_msgs/include/aicar_msgs/aicar_msgs/msg/lane_info.h
[2.188s] -- Up-to-date: /home/me/maedongyee_ws/install/aicar_msgs/include/aicar_msgs/aicar_msgs/msg/detail
[2.188s] -- Up-to-date: /home/me/maedongyee_ws/install/aicar_msgs/include/aicar_msgs/aicar_msgs/msg/detail/lane_info__functions.h
[2.188s] -- Up-to-date: /home/me/maedongyee_ws/install/aicar_msgs/include/aicar_msgs/aicar_msgs/msg/detail/lane_info__description.c
[2.189s] -- Up-to-date: /home/me/maedongyee_ws/install/aicar_msgs/include/aicar_msgs/aicar_msgs/msg/detail/lane_info__type_support.h
[2.189s] -- Installing: /home/me/maedongyee_ws/install/aicar_msgs/include/aicar_msgs/aicar_msgs/msg/detail/lane_info__type_support.c
[2.193s] -- Up-to-date: /home/me/maedongyee_ws/install/aicar_msgs/include/aicar_msgs/aicar_msgs/msg/detail/lane_info__struct.h
[2.193s] -- Up-to-date: /home/me/maedongyee_ws/install/aicar_msgs/include/aicar_msgs/aicar_msgs/msg/detail/lane_info__functions.c
[2.193s] -- Up-to-date: /home/me/maedongyee_ws/install/aicar_msgs/share/aicar_msgs/environment/library_path.sh
[2.193s] -- Up-to-date: /home/me/maedongyee_ws/install/aicar_msgs/share/aicar_msgs/environment/library_path.dsv
[2.200s] -- Up-to-date: /home/me/maedongyee_ws/install/aicar_msgs/lib/libaicar_msgs__rosidl_generator_c.so
[2.200s] -- Up-to-date: /home/me/maedongyee_ws/install/aicar_msgs/include/aicar_msgs/aicar_msgs
[2.200s] -- Up-to-date: /home/me/maedongyee_ws/install/aicar_msgs/include/aicar_msgs/aicar_msgs/msg
[2.201s] -- Up-to-date: /home/me/maedongyee_ws/install/aicar_msgs/include/aicar_msgs/aicar_msgs/msg/rosidl_typesupport_fastrtps_c__visibility_control.h
[2.201s] -- Up-to-date: /home/me/maedongyee_ws/install/aicar_msgs/include/aicar_msgs/aicar_msgs/msg/detail
[2.201s] -- Up-to-date: /home/me/maedongyee_ws/install/aicar_msgs/include/aicar_msgs/aicar_msgs/msg/detail/lane_info__rosidl_typesupport_fastrtps_c.h
[2.205s] -- Up-to-date: /home/me/maedongyee_ws/install/aicar_msgs/lib/libaicar_msgs__rosidl_typesupport_fastrtps_c.so
[2.205s] -- Up-to-date: /home/me/maedongyee_ws/install/aicar_msgs/include/aicar_msgs/aicar_msgs
[2.206s] -- Up-to-date: /home/me/maedongyee_ws/install/aicar_msgs/include/aicar_msgs/aicar_msgs/msg
[2.206s] -- Up-to-date: /home/me/maedongyee_ws/install/aicar_msgs/include/aicar_msgs/aicar_msgs/msg/rosidl_typesupport_introspection_c__visibility_control.h
[2.206s] -- Up-to-date: /home/me/maedongyee_ws/install/aicar_msgs/include/aicar_msgs/aicar_msgs/msg/detail
[2.206s] -- Installing: /home/me/maedongyee_ws/install/aicar_msgs/include/aicar_msgs/aicar_msgs/msg/detail/lane_info__type_support.c
[2.208s] -- Up-to-date: /home/me/maedongyee_ws/install/aicar_msgs/include/aicar_msgs/aicar_msgs/msg/detail/lane_info__rosidl_typesupport_introspection_c.h
[2.209s] -- Up-to-date: /home/me/maedongyee_ws/install/aicar_msgs/lib/libaicar_msgs__rosidl_typesupport_introspection_c.so
[2.209s] -- Up-to-date: /home/me/maedongyee_ws/install/aicar_msgs/lib/libaicar_msgs__rosidl_typesupport_c.so
[2.210s] -- Up-to-date: /home/me/maedongyee_ws/install/aicar_msgs/include/aicar_msgs/aicar_msgs
[2.212s] -- Up-to-date: /home/me/maedongyee_ws/install/aicar_msgs/include/aicar_msgs/aicar_msgs/msg
[2.212s] -- Up-to-date: /home/me/maedongyee_ws/install/aicar_msgs/include/aicar_msgs/aicar_msgs/msg/lane_info.hpp
[2.213s] -- Up-to-date: /home/me/maedongyee_ws/install/aicar_msgs/include/aicar_msgs/aicar_msgs/msg/rosidl_generator_cpp__visibility_control.hpp
[2.213s] -- Up-to-date: /home/me/maedongyee_ws/install/aicar_msgs/include/aicar_msgs/aicar_msgs/msg/detail
[2.213s] -- Up-to-date: /home/me/maedongyee_ws/install/aicar_msgs/include/aicar_msgs/aicar_msgs/msg/detail/lane_info__struct.hpp
[2.213s] -- Up-to-date: /home/me/maedongyee_ws/install/aicar_msgs/include/aicar_msgs/aicar_msgs/msg/detail/lane_info__traits.hpp
[2.213s] -- Up-to-date: /home/me/maedongyee_ws/install/aicar_msgs/include/aicar_msgs/aicar_msgs/msg/detail/lane_info__type_support.hpp
[2.213s] -- Up-to-date: /home/me/maedongyee_ws/install/aicar_msgs/include/aicar_msgs/aicar_msgs/msg/detail/lane_info__builder.hpp
[2.214s] -- Up-to-date: /home/me/maedongyee_ws/install/aicar_msgs/include/aicar_msgs/aicar_msgs
[2.215s] -- Up-to-date: /home/me/maedongyee_ws/install/aicar_msgs/include/aicar_msgs/aicar_msgs/msg
[2.215s] -- Up-to-date: /home/me/maedongyee_ws/install/aicar_msgs/include/aicar_msgs/aicar_msgs/msg/rosidl_typesupport_fastrtps_cpp__visibility_control.h
[2.215s] -- Up-to-date: /home/me/maedongyee_ws/install/aicar_msgs/include/aicar_msgs/aicar_msgs/msg/detail
[2.215s] -- Up-to-date: /home/me/maedongyee_ws/install/aicar_msgs/include/aicar_msgs/aicar_msgs/msg/detail/dds_fastrtps
[2.215s] -- Up-to-date: /home/me/maedongyee_ws/install/aicar_msgs/include/aicar_msgs/aicar_msgs/msg/detail/lane_info__rosidl_typesupport_fastrtps_cpp.hpp
[2.215s] -- Up-to-date: /home/me/maedongyee_ws/install/aicar_msgs/lib/libaicar_msgs__rosidl_typesupport_fastrtps_cpp.so
[2.215s] -- Up-to-date: /home/me/maedongyee_ws/install/aicar_msgs/include/aicar_msgs/aicar_msgs
[2.215s] -- Up-to-date: /home/me/maedongyee_ws/install/aicar_msgs/include/aicar_msgs/aicar_msgs/msg
[2.216s] -- Up-to-date: /home/me/maedongyee_ws/install/aicar_msgs/include/aicar_msgs/aicar_msgs/msg/detail
[2.216s] -- Up-to-date: /home/me/maedongyee_ws/install/aicar_msgs/include/aicar_msgs/aicar_msgs/msg/detail/lane_info__type_support.cpp
[2.216s] -- Up-to-date: /home/me/maedongyee_ws/install/aicar_msgs/include/aicar_msgs/aicar_msgs/msg/detail/lane_info__rosidl_typesupport_introspection_cpp.hpp
[2.216s] -- Up-to-date: /home/me/maedongyee_ws/install/aicar_msgs/lib/libaicar_msgs__rosidl_typesupport_introspection_cpp.so
[2.219s] -- Up-to-date: /home/me/maedongyee_ws/install/aicar_msgs/lib/libaicar_msgs__rosidl_typesupport_cpp.so
[2.220s] -- Up-to-date: /home/me/maedongyee_ws/install/aicar_msgs/share/aicar_msgs/environment/pythonpath.sh
[2.220s] -- Up-to-date: /home/me/maedongyee_ws/install/aicar_msgs/share/aicar_msgs/environment/pythonpath.dsv
[2.221s] -- Up-to-date: /home/me/maedongyee_ws/install/aicar_msgs/lib/python3.12/site-packages/aicar_msgs-0.1.0-py3.12.egg-info
[2.221s] -- Installing: /home/me/maedongyee_ws/install/aicar_msgs/lib/python3.12/site-packages/aicar_msgs-0.1.0-py3.12.egg-info/top_level.txt
[2.221s] -- Installing: /home/me/maedongyee_ws/install/aicar_msgs/lib/python3.12/site-packages/aicar_msgs-0.1.0-py3.12.egg-info/PKG-INFO
[2.221s] -- Installing: /home/me/maedongyee_ws/install/aicar_msgs/lib/python3.12/site-packages/aicar_msgs-0.1.0-py3.12.egg-info/SOURCES.txt
[2.221s] -- Installing: /home/me/maedongyee_ws/install/aicar_msgs/lib/python3.12/site-packages/aicar_msgs-0.1.0-py3.12.egg-info/dependency_links.txt
[2.221s] -- Up-to-date: /home/me/maedongyee_ws/install/aicar_msgs/lib/python3.12/site-packages/aicar_msgs
[2.222s] -- Up-to-date: /home/me/maedongyee_ws/install/aicar_msgs/lib/python3.12/site-packages/aicar_msgs/aicar_msgs_s__rosidl_typesupport_c.so
[2.222s] -- Up-to-date: /home/me/maedongyee_ws/install/aicar_msgs/lib/python3.12/site-packages/aicar_msgs/msg
[2.222s] -- Up-to-date: /home/me/maedongyee_ws/install/aicar_msgs/lib/python3.12/site-packages/aicar_msgs/msg/_lane_info.py
[2.222s] -- Up-to-date: /home/me/maedongyee_ws/install/aicar_msgs/lib/python3.12/site-packages/aicar_msgs/msg/__init__.py
[2.222s] -- Up-to-date: /home/me/maedongyee_ws/install/aicar_msgs/lib/python3.12/site-packages/aicar_msgs/msg/_lane_info_s.c
[2.222s] -- Up-to-date: /home/me/maedongyee_ws/install/aicar_msgs/lib/python3.12/site-packages/aicar_msgs/__init__.py
[2.223s] -- Up-to-date: /home/me/maedongyee_ws/install/aicar_msgs/lib/python3.12/site-packages/aicar_msgs/aicar_msgs_s__rosidl_typesupport_fastrtps_c.so
[2.223s] -- Up-to-date: /home/me/maedongyee_ws/install/aicar_msgs/lib/python3.12/site-packages/aicar_msgs/_aicar_msgs_s.ep.rosidl_typesupport_fastrtps_c.c
[2.223s] -- Up-to-date: /home/me/maedongyee_ws/install/aicar_msgs/lib/python3.12/site-packages/aicar_msgs/_aicar_msgs_s.ep.rosidl_typesupport_c.c
[2.223s] -- Up-to-date: /home/me/maedongyee_ws/install/aicar_msgs/lib/python3.12/site-packages/aicar_msgs/_aicar_msgs_s.ep.rosidl_typesupport_introspection_c.c
[2.223s] -- Up-to-date: /home/me/maedongyee_ws/install/aicar_msgs/lib/python3.12/site-packages/aicar_msgs/aicar_msgs_s__rosidl_typesupport_introspection_c.so
[2.292s] Listing '/home/me/maedongyee_ws/install/aicar_msgs/lib/python3.12/site-packages/aicar_msgs'...
[2.292s] Listing '/home/me/maedongyee_ws/install/aicar_msgs/lib/python3.12/site-packages/aicar_msgs/msg'...
[2.308s] -- Up-to-date: /home/me/maedongyee_ws/install/aicar_msgs/lib/python3.12/site-packages/aicar_msgs/aicar_msgs_s__rosidl_typesupport_fastrtps_c.so
[2.308s] -- Up-to-date: /home/me/maedongyee_ws/install/aicar_msgs/lib/python3.12/site-packages/aicar_msgs/aicar_msgs_s__rosidl_typesupport_introspection_c.so
[2.314s] -- Up-to-date: /home/me/maedongyee_ws/install/aicar_msgs/lib/python3.12/site-packages/aicar_msgs/aicar_msgs_s__rosidl_typesupport_c.so
[2.314s] -- Up-to-date: /home/me/maedongyee_ws/install/aicar_msgs/lib/libaicar_msgs__rosidl_generator_py.so
[2.315s] -- Up-to-date: /home/me/maedongyee_ws/install/aicar_msgs/share/ament_index/resource_index/rust_packages/aicar_msgs
[2.315s] -- Up-to-date: /home/me/maedongyee_ws/install/aicar_msgs/share/aicar_msgs/rust
[2.316s] -- Up-to-date: /home/me/maedongyee_ws/install/aicar_msgs/share/aicar_msgs/rust/build.rs
[2.316s] -- Up-to-date: /home/me/maedongyee_ws/install/aicar_msgs/share/aicar_msgs/rust/src
[2.316s] -- Up-to-date: /home/me/maedongyee_ws/install/aicar_msgs/share/aicar_msgs/rust/src/msg
[2.316s] -- Up-to-date: /home/me/maedongyee_ws/install/aicar_msgs/share/aicar_msgs/rust/src/msg/rmw.rs
[2.316s] -- Up-to-date: /home/me/maedongyee_ws/install/aicar_msgs/share/aicar_msgs/rust/src/lib.rs
[2.316s] -- Up-to-date: /home/me/maedongyee_ws/install/aicar_msgs/share/aicar_msgs/rust/src/msg.rs
[2.319s] -- Up-to-date: /home/me/maedongyee_ws/install/aicar_msgs/share/aicar_msgs/rust/Cargo.toml
[2.319s] -- Up-to-date: /home/me/maedongyee_ws/install/aicar_msgs/share/aicar_msgs/msg/LaneInfo.idl
[2.319s] -- Up-to-date: /home/me/maedongyee_ws/install/aicar_msgs/share/aicar_msgs/msg/LaneInfo.msg
[2.319s] -- Up-to-date: /home/me/maedongyee_ws/install/aicar_msgs/share/ament_index/resource_index/package_run_dependencies/aicar_msgs
[2.319s] -- Up-to-date: /home/me/maedongyee_ws/install/aicar_msgs/share/ament_index/resource_index/parent_prefix_path/aicar_msgs
[2.319s] -- Up-to-date: /home/me/maedongyee_ws/install/aicar_msgs/share/aicar_msgs/environment/ament_prefix_path.sh
[2.319s] -- Up-to-date: /home/me/maedongyee_ws/install/aicar_msgs/share/aicar_msgs/environment/ament_prefix_path.dsv
[2.319s] -- Up-to-date: /home/me/maedongyee_ws/install/aicar_msgs/share/aicar_msgs/environment/path.sh
[2.319s] -- Up-to-date: /home/me/maedongyee_ws/install/aicar_msgs/share/aicar_msgs/environment/path.dsv
[2.320s] -- Up-to-date: /home/me/maedongyee_ws/install/aicar_msgs/share/aicar_msgs/local_setup.bash
[2.320s] -- Up-to-date: /home/me/maedongyee_ws/install/aicar_msgs/share/aicar_msgs/local_setup.sh
[2.320s] -- Up-to-date: /home/me/maedongyee_ws/install/aicar_msgs/share/aicar_msgs/local_setup.zsh
[2.320s] -- Up-to-date: /home/me/maedongyee_ws/install/aicar_msgs/share/aicar_msgs/local_setup.dsv
[2.320s] -- Installing: /home/me/maedongyee_ws/install/aicar_msgs/share/aicar_msgs/package.dsv
[2.320s] -- Up-to-date: /home/me/maedongyee_ws/install/aicar_msgs/share/ament_index/resource_index/packages/aicar_msgs
[2.320s] -- Up-to-date: /home/me/maedongyee_ws/install/aicar_msgs/share/aicar_msgs/cmake/export_aicar_msgs__rosidl_generator_cExport.cmake
[2.320s] -- Up-to-date: /home/me/maedongyee_ws/install/aicar_msgs/share/aicar_msgs/cmake/export_aicar_msgs__rosidl_generator_cExport-noconfig.cmake
[2.320s] -- Up-to-date: /home/me/maedongyee_ws/install/aicar_msgs/share/aicar_msgs/cmake/export_aicar_msgs__rosidl_typesupport_fastrtps_cExport.cmake
[2.321s] -- Up-to-date: /home/me/maedongyee_ws/install/aicar_msgs/share/aicar_msgs/cmake/export_aicar_msgs__rosidl_typesupport_fastrtps_cExport-noconfig.cmake
[2.322s] -- Up-to-date: /home/me/maedongyee_ws/install/aicar_msgs/share/aicar_msgs/cmake/aicar_msgs__rosidl_typesupport_introspection_cExport.cmake
[2.322s] -- Up-to-date: /home/me/maedongyee_ws/install/aicar_msgs/share/aicar_msgs/cmake/aicar_msgs__rosidl_typesupport_introspection_cExport-noconfig.cmake
[2.323s] -- Up-to-date: /home/me/maedongyee_ws/install/aicar_msgs/share/aicar_msgs/cmake/aicar_msgs__rosidl_typesupport_cExport.cmake
[2.323s] -- Up-to-date: /home/me/maedongyee_ws/install/aicar_msgs/share/aicar_msgs/cmake/aicar_msgs__rosidl_typesupport_cExport-noconfig.cmake
[2.324s] -- Up-to-date: /home/me/maedongyee_ws/install/aicar_msgs/share/aicar_msgs/cmake/export_aicar_msgs__rosidl_generator_cppExport.cmake
[2.325s] -- Up-to-date: /home/me/maedongyee_ws/install/aicar_msgs/share/aicar_msgs/cmake/export_aicar_msgs__rosidl_typesupport_fastrtps_cppExport.cmake
[2.325s] -- Up-to-date: /home/me/maedongyee_ws/install/aicar_msgs/share/aicar_msgs/cmake/export_aicar_msgs__rosidl_typesupport_fastrtps_cppExport-noconfig.cmake
[2.325s] -- Up-to-date: /home/me/maedongyee_ws/install/aicar_msgs/share/aicar_msgs/cmake/aicar_msgs__rosidl_typesupport_introspection_cppExport.cmake
[2.326s] -- Up-to-date: /home/me/maedongyee_ws/install/aicar_msgs/share/aicar_msgs/cmake/aicar_msgs__rosidl_typesupport_introspection_cppExport-noconfig.cmake
[2.327s] -- Up-to-date: /home/me/maedongyee_ws/install/aicar_msgs/share/aicar_msgs/cmake/aicar_msgs__rosidl_typesupport_cppExport.cmake
[2.327s] -- Up-to-date: /home/me/maedongyee_ws/install/aicar_msgs/share/aicar_msgs/cmake/aicar_msgs__rosidl_typesupport_cppExport-noconfig.cmake
[2.328s] -- Up-to-date: /home/me/maedongyee_ws/install/aicar_msgs/share/aicar_msgs/cmake/export_aicar_msgs__rosidl_generator_pyExport.cmake
[2.328s] -- Up-to-date: /home/me/maedongyee_ws/install/aicar_msgs/share/aicar_msgs/cmake/export_aicar_msgs__rosidl_generator_pyExport-noconfig.cmake
[2.328s] -- Up-to-date: /home/me/maedongyee_ws/install/aicar_msgs/share/aicar_msgs/cmake/rosidl_cmake-extras.cmake
[2.328s] -- Up-to-date: /home/me/maedongyee_ws/install/aicar_msgs/share/aicar_msgs/cmake/ament_cmake_export_dependencies-extras.cmake
[2.329s] -- Up-to-date: /home/me/maedongyee_ws/install/aicar_msgs/share/aicar_msgs/cmake/ament_cmake_export_include_directories-extras.cmake
[2.329s] -- Up-to-date: /home/me/maedongyee_ws/install/aicar_msgs/share/aicar_msgs/cmake/ament_cmake_export_libraries-extras.cmake
[2.329s] -- Up-to-date: /home/me/maedongyee_ws/install/aicar_msgs/share/aicar_msgs/cmake/ament_cmake_export_targets-extras.cmake
[2.329s] -- Up-to-date: /home/me/maedongyee_ws/install/aicar_msgs/share/aicar_msgs/cmake/rosidl_cmake_export_typesupport_targets-extras.cmake
[2.329s] -- Up-to-date: /home/me/maedongyee_ws/install/aicar_msgs/share/aicar_msgs/cmake/rosidl_cmake_export_typesupport_libraries-extras.cmake
[2.329s] -- Up-to-date: /home/me/maedongyee_ws/install/aicar_msgs/share/aicar_msgs/cmake/aicar_msgsConfig.cmake
[2.329s] -- Up-to-date: /home/me/maedongyee_ws/install/aicar_msgs/share/aicar_msgs/cmake/aicar_msgsConfig-version.cmake
[2.329s] -- Up-to-date: /home/me/maedongyee_ws/install/aicar_msgs/share/aicar_msgs/package.xml
[2.334s] Invoked command in '/home/me/maedongyee_ws/build/aicar_msgs' returned '0': CMAKE_PREFIX_PATH=${CMAKE_PREFIX_PATH}:/home/me/maedongyee_ws/install/aicar_vision:/home/me/maedongyee_ws/install/aicar_ui:/home/me/maedongyee_ws/install/aicar_controller:/home/me/maedongyee_ws/install/aicar_driver:/opt/ros/jazzy DEBUGINFOD_URLS=https://debuginfod.ubuntu.com /usr/bin/cmake --install /home/me/maedongyee_ws/build/aicar_msgs
