[0.051s] Invoking command in '/home/me/maedongyee_ws/build/aicar_msgs': CMAKE_PREFIX_PATH=${CMAKE_PREFIX_PATH}:/home/me/maedongyee_ws/install/aicar_vision:/home/me/maedongyee_ws/install/aicar_ui:/home/me/maedongyee_ws/install/aicar_controller:/home/me/maedongyee_ws/install/aicar_driver:/opt/ros/jazzy DEBUGINFOD_URLS=https://debuginfod.ubuntu.com /usr/bin/cmake --build /home/me/maedongyee_ws/build/aicar_msgs -- -j4 -l4
[0.483s] [  2%] Built target aicar_msgs__rosidl_generator_type_description
[0.529s] [  2%] Built target ament_cmake_python_copy_aicar_msgs
[0.573s] [  5%] Built target aicar_msgs__cpp
[0.941s] running egg_info
[0.975s] writing aicar_msgs.egg-info/PKG-INFO
[0.975s] writing dependency_links to aicar_msgs.egg-info/dependency_links.txt
[0.976s] writing top-level names to aicar_msgs.egg-info/top_level.txt
[1.081s] reading manifest file 'aicar_msgs.egg-info/SOURCES.txt'
[1.085s] writing manifest file 'aicar_msgs.egg-info/SOURCES.txt'
[1.168s] [  5%] Built target ament_cmake_python_build_aicar_msgs_egg
[1.245s] [ 20%] Built target aicar_msgs__rosidl_generator_c
[1.322s] [ 22%] Built target aicar_msgs__rs
[1.410s] [ 31%] Built target aicar_msgs__rosidl_typesupport_introspection_cpp
[1.465s] [ 40%] Built target aicar_msgs__rosidl_typesupport_cpp
[1.522s] [ 48%] Built target aicar_msgs__rosidl_typesupport_fastrtps_c
[1.574s] [ 57%] Built target aicar_msgs__rosidl_typesupport_introspection_c
[1.634s] [ 65%] Built target aicar_msgs__rosidl_typesupport_fastrtps_cpp
[1.691s] [ 74%] Built target aicar_msgs__rosidl_typesupport_c
[1.738s] [ 74%] Built target aicar_msgs
[1.794s] [ 77%] Built target aicar_msgs__py
[1.959s] [ 82%] Built target aicar_msgs__rosidl_generator_py
[2.018s] [ 88%] Built target aicar_msgs_s__rosidl_typesupport_fastrtps_c
[2.071s] [ 94%] Built target aicar_msgs_s__rosidl_typesupport_c
[2.126s] [100%] Built target aicar_msgs_s__rosidl_typesupport_introspection_c
[2.149s] Invoked command in '/home/me/maedongyee_ws/build/aicar_msgs' returned '0': CMAKE_PREFIX_PATH=${CMAKE_PREFIX_PATH}:/home/me/maedongyee_ws/install/aicar_vision:/home/me/maedongyee_ws/install/aicar_ui:/home/me/maedongyee_ws/install/aicar_controller:/home/me/maedongyee_ws/install/aicar_driver:/opt/ros/jazzy DEBUGINFOD_URLS=https://debuginfod.ubuntu.com /usr/bin/cmake --build /home/me/maedongyee_ws/build/aicar_msgs -- -j4 -l4
[2.181s] Invoking command in '/home/me/maedongyee_ws/build/aicar_msgs': CMAKE_PREFIX_PATH=${CMAKE_PREFIX_PATH}:/home/me/maedongyee_ws/install/aicar_vision:/home/me/maedongyee_ws/install/aicar_ui:/home/me/maedongyee_ws/install/aicar_controller:/home/me/maedongyee_ws/install/aicar_driver:/opt/ros/jazzy DEBUGINFOD_URLS=https://debuginfod.ubuntu.com /usr/bin/cmake --install /home/me/maedongyee_ws/build/aicar_msgs
[2.198s] -- Install configuration: ""
[2.199s] -- Up-to-date: /home/me/maedongyee_ws/install/aicar_msgs/share/ament_index/resource_index/rosidl_interfaces/aicar_msgs
[2.200s] -- Up-to-date: /home/me/maedongyee_ws/install/aicar_msgs/share/aicar_msgs/msg/LaneInfo.json
[2.200s] -- Up-to-date: /home/me/maedongyee_ws/install/aicar_msgs/include/aicar_msgs/aicar_msgs
[2.201s] -- Up-to-date: /home/me/maedongyee_ws/install/aicar_msgs/include/aicar_msgs/aicar_msgs/msg
[2.201s] -- Up-to-date: /home/me/maedongyee_ws/install/aicar_msgs/include/aicar_msgs/aicar_msgs/msg/rosidl_generator_c__visibility_control.h
[2.202s] -- Up-to-date: /home/me/maedongyee_ws/install/aicar_msgs/include/aicar_msgs/aicar_msgs/msg/lane_info.h
[2.202s] -- Up-to-date: /home/me/maedongyee_ws/install/aicar_msgs/include/aicar_msgs/aicar_msgs/msg/detail
[2.204s] -- Up-to-date: /home/me/maedongyee_ws/install/aicar_msgs/include/aicar_msgs/aicar_msgs/msg/detail/lane_info__functions.h
[2.204s] -- Up-to-date: /home/me/maedongyee_ws/install/aicar_msgs/include/aicar_msgs/aicar_msgs/msg/detail/lane_info__description.c
[2.205s] -- Up-to-date: /home/me/maedongyee_ws/install/aicar_msgs/include/aicar_msgs/aicar_msgs/msg/detail/lane_info__type_support.h
[2.205s] -- Installing: /home/me/maedongyee_ws/install/aicar_msgs/include/aicar_msgs/aicar_msgs/msg/detail/lane_info__type_support.c
[2.205s] -- Up-to-date: /home/me/maedongyee_ws/install/aicar_msgs/include/aicar_msgs/aicar_msgs/msg/detail/lane_info__struct.h
[2.205s] -- Up-to-date: /home/me/maedongyee_ws/install/aicar_msgs/include/aicar_msgs/aicar_msgs/msg/detail/lane_info__functions.c
[2.206s] -- Up-to-date: /home/me/maedongyee_ws/install/aicar_msgs/share/aicar_msgs/environment/library_path.sh
[2.207s] -- Up-to-date: /home/me/maedongyee_ws/install/aicar_msgs/share/aicar_msgs/environment/library_path.dsv
[2.209s] -- Up-to-date: /home/me/maedongyee_ws/install/aicar_msgs/lib/libaicar_msgs__rosidl_generator_c.so
[2.209s] -- Up-to-date: /home/me/maedongyee_ws/install/aicar_msgs/include/aicar_msgs/aicar_msgs
[2.210s] -- Up-to-date: /home/me/maedongyee_ws/install/aicar_msgs/include/aicar_msgs/aicar_msgs/msg
[2.210s] -- Up-to-date: /home/me/maedongyee_ws/install/aicar_msgs/include/aicar_msgs/aicar_msgs/msg/rosidl_typesupport_fastrtps_c__visibility_control.h
[2.210s] -- Up-to-date: /home/me/maedongyee_ws/install/aicar_msgs/include/aicar_msgs/aicar_msgs/msg/detail
[2.210s] -- Up-to-date: /home/me/maedongyee_ws/install/aicar_msgs/include/aicar_msgs/aicar_msgs/msg/detail/lane_info__rosidl_typesupport_fastrtps_c.h
[2.210s] -- Up-to-date: /home/me/maedongyee_ws/install/aicar_msgs/lib/libaicar_msgs__rosidl_typesupport_fastrtps_c.so
[2.210s] -- Up-to-date: /home/me/maedongyee_ws/install/aicar_msgs/include/aicar_msgs/aicar_msgs
[2.211s] -- Up-to-date: /home/me/maedongyee_ws/install/aicar_msgs/include/aicar_msgs/aicar_msgs/msg
[2.211s] -- Up-to-date: /home/me/maedongyee_ws/install/aicar_msgs/include/aicar_msgs/aicar_msgs/msg/rosidl_typesupport_introspection_c__visibility_control.h
[2.211s] -- Up-to-date: /home/me/maedongyee_ws/install/aicar_msgs/include/aicar_msgs/aicar_msgs/msg/detail
[2.211s] -- Installing: /home/me/maedongyee_ws/install/aicar_msgs/include/aicar_msgs/aicar_msgs/msg/detail/lane_info__type_support.c
[2.212s] -- Up-to-date: /home/me/maedongyee_ws/install/aicar_msgs/include/aicar_msgs/aicar_msgs/msg/detail/lane_info__rosidl_typesupport_introspection_c.h
[2.212s] -- Up-to-date: /home/me/maedongyee_ws/install/aicar_msgs/lib/libaicar_msgs__rosidl_typesupport_introspection_c.so
[2.213s] -- Up-to-date: /home/me/maedongyee_ws/install/aicar_msgs/lib/libaicar_msgs__rosidl_typesupport_c.so
[2.213s] -- Up-to-date: /home/me/maedongyee_ws/install/aicar_msgs/include/aicar_msgs/aicar_msgs
[2.214s] -- Up-to-date: /home/me/maedongyee_ws/install/aicar_msgs/include/aicar_msgs/aicar_msgs/msg
[2.214s] -- Up-to-date: /home/me/maedongyee_ws/install/aicar_msgs/include/aicar_msgs/aicar_msgs/msg/lane_info.hpp
[2.215s] -- Up-to-date: /home/me/maedongyee_ws/install/aicar_msgs/include/aicar_msgs/aicar_msgs/msg/rosidl_generator_cpp__visibility_control.hpp
[2.215s] -- Up-to-date: /home/me/maedongyee_ws/install/aicar_msgs/include/aicar_msgs/aicar_msgs/msg/detail
[2.215s] -- Up-to-date: /home/me/maedongyee_ws/install/aicar_msgs/include/aicar_msgs/aicar_msgs/msg/detail/lane_info__struct.hpp
[2.215s] -- Up-to-date: /home/me/maedongyee_ws/install/aicar_msgs/include/aicar_msgs/aicar_msgs/msg/detail/lane_info__traits.hpp
[2.215s] -- Up-to-date: /home/me/maedongyee_ws/install/aicar_msgs/include/aicar_msgs/aicar_msgs/msg/detail/lane_info__type_support.hpp
[2.215s] -- Up-to-date: /home/me/maedongyee_ws/install/aicar_msgs/include/aicar_msgs/aicar_msgs/msg/detail/lane_info__builder.hpp
[2.215s] -- Up-to-date: /home/me/maedongyee_ws/install/aicar_msgs/include/aicar_msgs/aicar_msgs
[2.215s] -- Up-to-date: /home/me/maedongyee_ws/install/aicar_msgs/include/aicar_msgs/aicar_msgs/msg
[2.215s] -- Up-to-date: /home/me/maedongyee_ws/install/aicar_msgs/include/aicar_msgs/aicar_msgs/msg/rosidl_typesupport_fastrtps_cpp__visibility_control.h
[2.216s] -- Up-to-date: /home/me/maedongyee_ws/install/aicar_msgs/include/aicar_msgs/aicar_msgs/msg/detail
[2.216s] -- Up-to-date: /home/me/maedongyee_ws/install/aicar_msgs/include/aicar_msgs/aicar_msgs/msg/detail/dds_fastrtps
[2.216s] -- Up-to-date: /home/me/maedongyee_ws/install/aicar_msgs/include/aicar_msgs/aicar_msgs/msg/detail/lane_info__rosidl_typesupport_fastrtps_cpp.hpp
[2.218s] -- Up-to-date: /home/me/maedongyee_ws/install/aicar_msgs/lib/libaicar_msgs__rosidl_typesupport_fastrtps_cpp.so
[2.218s] -- Up-to-date: /home/me/maedongyee_ws/install/aicar_msgs/include/aicar_msgs/aicar_msgs
[2.220s] -- Up-to-date: /home/me/maedongyee_ws/install/aicar_msgs/include/aicar_msgs/aicar_msgs/msg
[2.221s] -- Up-to-date: /home/me/maedongyee_ws/install/aicar_msgs/include/aicar_msgs/aicar_msgs/msg/detail
[2.221s] -- Up-to-date: /home/me/maedongyee_ws/install/aicar_msgs/include/aicar_msgs/aicar_msgs/msg/detail/lane_info__type_support.cpp
[2.221s] -- Up-to-date: /home/me/maedongyee_ws/install/aicar_msgs/include/aicar_msgs/aicar_msgs/msg/detail/lane_info__rosidl_typesupport_introspection_cpp.hpp
[2.228s] -- Up-to-date: /home/me/maedongyee_ws/install/aicar_msgs/lib/libaicar_msgs__rosidl_typesupport_introspection_cpp.so
[2.231s] -- Up-to-date: /home/me/maedongyee_ws/install/aicar_msgs/lib/libaicar_msgs__rosidl_typesupport_cpp.so
[2.231s] -- Up-to-date: /home/me/maedongyee_ws/install/aicar_msgs/share/aicar_msgs/environment/pythonpath.sh
[2.231s] -- Up-to-date: /home/me/maedongyee_ws/install/aicar_msgs/share/aicar_msgs/environment/pythonpath.dsv
[2.231s] -- Up-to-date: /home/me/maedongyee_ws/install/aicar_msgs/lib/python3.12/site-packages/aicar_msgs-0.1.0-py3.12.egg-info
[2.232s] -- Installing: /home/me/maedongyee_ws/install/aicar_msgs/lib/python3.12/site-packages/aicar_msgs-0.1.0-py3.12.egg-info/top_level.txt
[2.233s] -- Installing: /home/me/maedongyee_ws/install/aicar_msgs/lib/python3.12/site-packages/aicar_msgs-0.1.0-py3.12.egg-info/PKG-INFO
[2.233s] -- Installing: /home/me/maedongyee_ws/install/aicar_msgs/lib/python3.12/site-packages/aicar_msgs-0.1.0-py3.12.egg-info/SOURCES.txt
[2.233s] -- Installing: /home/me/maedongyee_ws/install/aicar_msgs/lib/python3.12/site-packages/aicar_msgs-0.1.0-py3.12.egg-info/dependency_links.txt
[2.233s] -- Up-to-date: /home/me/maedongyee_ws/install/aicar_msgs/lib/python3.12/site-packages/aicar_msgs
[2.233s] -- Up-to-date: /home/me/maedongyee_ws/install/aicar_msgs/lib/python3.12/site-packages/aicar_msgs/aicar_msgs_s__rosidl_typesupport_c.so
[2.233s] -- Up-to-date: /home/me/maedongyee_ws/install/aicar_msgs/lib/python3.12/site-packages/aicar_msgs/msg
[2.234s] -- Up-to-date: /home/me/maedongyee_ws/install/aicar_msgs/lib/python3.12/site-packages/aicar_msgs/msg/_lane_info.py
[2.234s] -- Up-to-date: /home/me/maedongyee_ws/install/aicar_msgs/lib/python3.12/site-packages/aicar_msgs/msg/__init__.py
[2.234s] -- Up-to-date: /home/me/maedongyee_ws/install/aicar_msgs/lib/python3.12/site-packages/aicar_msgs/msg/_lane_info_s.c
[2.234s] -- Up-to-date: /home/me/maedongyee_ws/install/aicar_msgs/lib/python3.12/site-packages/aicar_msgs/__init__.py
[2.234s] -- Up-to-date: /home/me/maedongyee_ws/install/aicar_msgs/lib/python3.12/site-packages/aicar_msgs/aicar_msgs_s__rosidl_typesupport_fastrtps_c.so
[2.234s] -- Up-to-date: /home/me/maedongyee_ws/install/aicar_msgs/lib/python3.12/site-packages/aicar_msgs/_aicar_msgs_s.ep.rosidl_typesupport_fastrtps_c.c
[2.235s] -- Up-to-date: /home/me/maedongyee_ws/install/aicar_msgs/lib/python3.12/site-packages/aicar_msgs/_aicar_msgs_s.ep.rosidl_typesupport_c.c
[2.235s] -- Up-to-date: /home/me/maedongyee_ws/install/aicar_msgs/lib/python3.12/site-packages/aicar_msgs/_aicar_msgs_s.ep.rosidl_typesupport_introspection_c.c
[2.235s] -- Up-to-date: /home/me/maedongyee_ws/install/aicar_msgs/lib/python3.12/site-packages/aicar_msgs/aicar_msgs_s__rosidl_typesupport_introspection_c.so
[2.313s] Listing '/home/me/maedongyee_ws/install/aicar_msgs/lib/python3.12/site-packages/aicar_msgs'...
[2.314s] Listing '/home/me/maedongyee_ws/install/aicar_msgs/lib/python3.12/site-packages/aicar_msgs/msg'...
[2.325s] -- Up-to-date: /home/me/maedongyee_ws/install/aicar_msgs/lib/python3.12/site-packages/aicar_msgs/aicar_msgs_s__rosidl_typesupport_fastrtps_c.so
[2.329s] -- Up-to-date: /home/me/maedongyee_ws/install/aicar_msgs/lib/python3.12/site-packages/aicar_msgs/aicar_msgs_s__rosidl_typesupport_introspection_c.so
[2.329s] -- Up-to-date: /home/me/maedongyee_ws/install/aicar_msgs/lib/python3.12/site-packages/aicar_msgs/aicar_msgs_s__rosidl_typesupport_c.so
[2.329s] -- Up-to-date: /home/me/maedongyee_ws/install/aicar_msgs/lib/libaicar_msgs__rosidl_generator_py.so
[2.329s] -- Up-to-date: /home/me/maedongyee_ws/install/aicar_msgs/share/ament_index/resource_index/rust_packages/aicar_msgs
[2.330s] -- Up-to-date: /home/me/maedongyee_ws/install/aicar_msgs/share/aicar_msgs/rust
[2.330s] -- Up-to-date: /home/me/maedongyee_ws/install/aicar_msgs/share/aicar_msgs/rust/build.rs
[2.330s] -- Up-to-date: /home/me/maedongyee_ws/install/aicar_msgs/share/aicar_msgs/rust/src
[2.331s] -- Up-to-date: /home/me/maedongyee_ws/install/aicar_msgs/share/aicar_msgs/rust/src/msg
[2.331s] -- Up-to-date: /home/me/maedongyee_ws/install/aicar_msgs/share/aicar_msgs/rust/src/msg/rmw.rs
[2.332s] -- Up-to-date: /home/me/maedongyee_ws/install/aicar_msgs/share/aicar_msgs/rust/src/lib.rs
[2.332s] -- Up-to-date: /home/me/maedongyee_ws/install/aicar_msgs/share/aicar_msgs/rust/src/msg.rs
[2.332s] -- Up-to-date: /home/me/maedongyee_ws/install/aicar_msgs/share/aicar_msgs/rust/Cargo.toml
[2.332s] -- Up-to-date: /home/me/maedongyee_ws/install/aicar_msgs/share/aicar_msgs/msg/LaneInfo.idl
[2.332s] -- Up-to-date: /home/me/maedongyee_ws/install/aicar_msgs/share/aicar_msgs/msg/LaneInfo.msg
[2.332s] -- Up-to-date: /home/me/maedongyee_ws/install/aicar_msgs/share/ament_index/resource_index/package_run_dependencies/aicar_msgs
[2.333s] -- Up-to-date: /home/me/maedongyee_ws/install/aicar_msgs/share/ament_index/resource_index/parent_prefix_path/aicar_msgs
[2.333s] -- Up-to-date: /home/me/maedongyee_ws/install/aicar_msgs/share/aicar_msgs/environment/ament_prefix_path.sh
[2.333s] -- Up-to-date: /home/me/maedongyee_ws/install/aicar_msgs/share/aicar_msgs/environment/ament_prefix_path.dsv
[2.333s] -- Up-to-date: /home/me/maedongyee_ws/install/aicar_msgs/share/aicar_msgs/environment/path.sh
[2.334s] -- Up-to-date: /home/me/maedongyee_ws/install/aicar_msgs/share/aicar_msgs/environment/path.dsv
[2.335s] -- Up-to-date: /home/me/maedongyee_ws/install/aicar_msgs/share/aicar_msgs/local_setup.bash
[2.335s] -- Up-to-date: /home/me/maedongyee_ws/install/aicar_msgs/share/aicar_msgs/local_setup.sh
[2.335s] -- Up-to-date: /home/me/maedongyee_ws/install/aicar_msgs/share/aicar_msgs/local_setup.zsh
[2.335s] -- Up-to-date: /home/me/maedongyee_ws/install/aicar_msgs/share/aicar_msgs/local_setup.dsv
[2.335s] -- Installing: /home/me/maedongyee_ws/install/aicar_msgs/share/aicar_msgs/package.dsv
[2.336s] -- Up-to-date: /home/me/maedongyee_ws/install/aicar_msgs/share/ament_index/resource_index/packages/aicar_msgs
[2.338s] -- Up-to-date: /home/me/maedongyee_ws/install/aicar_msgs/share/aicar_msgs/cmake/export_aicar_msgs__rosidl_generator_cExport.cmake
[2.338s] -- Up-to-date: /home/me/maedongyee_ws/install/aicar_msgs/share/aicar_msgs/cmake/export_aicar_msgs__rosidl_generator_cExport-noconfig.cmake
[2.339s] -- Up-to-date: /home/me/maedongyee_ws/install/aicar_msgs/share/aicar_msgs/cmake/export_aicar_msgs__rosidl_typesupport_fastrtps_cExport.cmake
[2.339s] -- Up-to-date: /home/me/maedongyee_ws/install/aicar_msgs/share/aicar_msgs/cmake/export_aicar_msgs__rosidl_typesupport_fastrtps_cExport-noconfig.cmake
[2.340s] -- Up-to-date: /home/me/maedongyee_ws/install/aicar_msgs/share/aicar_msgs/cmake/aicar_msgs__rosidl_typesupport_introspection_cExport.cmake
[2.342s] -- Up-to-date: /home/me/maedongyee_ws/install/aicar_msgs/share/aicar_msgs/cmake/aicar_msgs__rosidl_typesupport_introspection_cExport-noconfig.cmake
[2.342s] -- Up-to-date: /home/me/maedongyee_ws/install/aicar_msgs/share/aicar_msgs/cmake/aicar_msgs__rosidl_typesupport_cExport.cmake
[2.342s] -- Up-to-date: /home/me/maedongyee_ws/install/aicar_msgs/share/aicar_msgs/cmake/aicar_msgs__rosidl_typesupport_cExport-noconfig.cmake
[2.343s] -- Up-to-date: /home/me/maedongyee_ws/install/aicar_msgs/share/aicar_msgs/cmake/export_aicar_msgs__rosidl_generator_cppExport.cmake
[2.344s] -- Up-to-date: /home/me/maedongyee_ws/install/aicar_msgs/share/aicar_msgs/cmake/export_aicar_msgs__rosidl_typesupport_fastrtps_cppExport.cmake
[2.345s] -- Up-to-date: /home/me/maedongyee_ws/install/aicar_msgs/share/aicar_msgs/cmake/export_aicar_msgs__rosidl_typesupport_fastrtps_cppExport-noconfig.cmake
[2.346s] -- Up-to-date: /home/me/maedongyee_ws/install/aicar_msgs/share/aicar_msgs/cmake/aicar_msgs__rosidl_typesupport_introspection_cppExport.cmake
[2.346s] -- Up-to-date: /home/me/maedongyee_ws/install/aicar_msgs/share/aicar_msgs/cmake/aicar_msgs__rosidl_typesupport_introspection_cppExport-noconfig.cmake
[2.346s] -- Up-to-date: /home/me/maedongyee_ws/install/aicar_msgs/share/aicar_msgs/cmake/aicar_msgs__rosidl_typesupport_cppExport.cmake
[2.346s] -- Up-to-date: /home/me/maedongyee_ws/install/aicar_msgs/share/aicar_msgs/cmake/aicar_msgs__rosidl_typesupport_cppExport-noconfig.cmake
[2.348s] -- Up-to-date: /home/me/maedongyee_ws/install/aicar_msgs/share/aicar_msgs/cmake/export_aicar_msgs__rosidl_generator_pyExport.cmake
[2.348s] -- Up-to-date: /home/me/maedongyee_ws/install/aicar_msgs/share/aicar_msgs/cmake/export_aicar_msgs__rosidl_generator_pyExport-noconfig.cmake
[2.348s] -- Up-to-date: /home/me/maedongyee_ws/install/aicar_msgs/share/aicar_msgs/cmake/rosidl_cmake-extras.cmake
[2.348s] -- Up-to-date: /home/me/maedongyee_ws/install/aicar_msgs/share/aicar_msgs/cmake/ament_cmake_export_dependencies-extras.cmake
[2.349s] -- Up-to-date: /home/me/maedongyee_ws/install/aicar_msgs/share/aicar_msgs/cmake/ament_cmake_export_include_directories-extras.cmake
[2.349s] -- Up-to-date: /home/me/maedongyee_ws/install/aicar_msgs/share/aicar_msgs/cmake/ament_cmake_export_libraries-extras.cmake
[2.349s] -- Up-to-date: /home/me/maedongyee_ws/install/aicar_msgs/share/aicar_msgs/cmake/ament_cmake_export_targets-extras.cmake
[2.349s] -- Up-to-date: /home/me/maedongyee_ws/install/aicar_msgs/share/aicar_msgs/cmake/rosidl_cmake_export_typesupport_targets-extras.cmake
[2.349s] -- Up-to-date: /home/me/maedongyee_ws/install/aicar_msgs/share/aicar_msgs/cmake/rosidl_cmake_export_typesupport_libraries-extras.cmake
[2.349s] -- Up-to-date: /home/me/maedongyee_ws/install/aicar_msgs/share/aicar_msgs/cmake/aicar_msgsConfig.cmake
[2.349s] -- Up-to-date: /home/me/maedongyee_ws/install/aicar_msgs/share/aicar_msgs/cmake/aicar_msgsConfig-version.cmake
[2.349s] -- Up-to-date: /home/me/maedongyee_ws/install/aicar_msgs/share/aicar_msgs/package.xml
[2.354s] Invoked command in '/home/me/maedongyee_ws/build/aicar_msgs' returned '0': CMAKE_PREFIX_PATH=${CMAKE_PREFIX_PATH}:/home/me/maedongyee_ws/install/aicar_vision:/home/me/maedongyee_ws/install/aicar_ui:/home/me/maedongyee_ws/install/aicar_controller:/home/me/maedongyee_ws/install/aicar_driver:/opt/ros/jazzy DEBUGINFOD_URLS=https://debuginfod.ubuntu.com /usr/bin/cmake --install /home/me/maedongyee_ws/build/aicar_msgs
