[2.155s] Invoking command in '/home/me/maedongyee_ws/aicar_controller': CMAKE_PREFIX_PATH=/home/me/maedongyee_ws/install/aicar_msgs:/home/me/maedongyee_ws/install/aicar_bringup:/opt/ros/jazzy/opt/gz_math_vendor:/opt/ros/jazzy/opt/gz_utils_vendor:/opt/ros/jazzy/opt/gz_cmake_vendor DEBUGINFOD_URLS=https://debuginfod.ubuntu.com PYTHONPATH=/home/me/maedongyee_ws/build/aicar_controller/prefix_override:/usr/lib/python3/dist-packages/colcon_core/task/python/colcon_distutils_commands:/home/me/maedongyee_ws/install/aicar_controller/lib/python3.12/site-packages:/home/me/maedongyee_ws/install/aicar_msgs/lib/python3.12/site-packages:/home/me/maedongyee_ws/install/aicar_vision/lib/python3.12/site-packages:/home/me/maedongyee_ws/install/aicar_ui/lib/python3.12/site-packages:/home/me/maedongyee_ws/install/aicar_controller/lib/python3.12/site-packages:/home/me/maedongyee_ws/install/aicar_driver/lib/python3.12/site-packages:/opt/ros/jazzy/lib/python3.12/site-packages /usr/bin/python3 -W ignore:setup.py install is deprecated -W ignore:easy_install command is deprecated setup.py egg_info --egg-base ../build/aicar_controller build --build-base /home/me/maedongyee_ws/build/aicar_controller/build install --record /home/me/maedongyee_ws/build/aicar_controller/install.log --single-version-externally-managed install_data
[2.562s] running egg_info
[2.591s] writing ../build/aicar_controller/aicar_controller.egg-info/PKG-INFO
[2.592s] writing dependency_links to ../build/aicar_controller/aicar_controller.egg-info/dependency_links.txt
[2.593s] writing entry points to ../build/aicar_controller/aicar_controller.egg-info/entry_points.txt
[2.593s] writing requirements to ../build/aicar_controller/aicar_controller.egg-info/requires.txt
[2.594s] writing top-level names to ../build/aicar_controller/aicar_controller.egg-info/top_level.txt
[2.656s] reading manifest file '../build/aicar_controller/aicar_controller.egg-info/SOURCES.txt'
[2.658s] writing manifest file '../build/aicar_controller/aicar_controller.egg-info/SOURCES.txt'
[2.658s] running build
[2.658s] running build_py
[2.659s] copying aicar_controller/constants.py -> /home/me/maedongyee_ws/build/aicar_controller/build/lib/aicar_controller
[2.660s] running install
[2.670s] running install_lib
[2.700s] copying /home/me/maedongyee_ws/build/aicar_controller/build/lib/aicar_controller/constants.py -> /home/me/maedongyee_ws/install/aicar_controller/lib/python3.12/site-packages/aicar_controller
[2.702s] byte-compiling /home/me/maedongyee_ws/install/aicar_controller/lib/python3.12/site-packages/aicar_controller/constants.py to constants.cpython-312.pyc
[2.702s] running install_data
[2.704s] running install_egg_info
[2.735s] removing '/home/me/maedongyee_ws/install/aicar_controller/lib/python3.12/site-packages/aicar_controller-0.2.0-py3.12.egg-info' (and everything under it)
[2.736s] Copying ../build/aicar_controller/aicar_controller.egg-info to /home/me/maedongyee_ws/install/aicar_controller/lib/python3.12/site-packages/aicar_controller-0.2.0-py3.12.egg-info
[2.740s] running install_scripts
[2.945s] Installing driving_controller_node script to /home/me/maedongyee_ws/install/aicar_controller/lib/aicar_controller
[2.946s] writing list of installed files to '/home/me/maedongyee_ws/build/aicar_controller/install.log'
[3.054s] Invoked command in '/home/me/maedongyee_ws/aicar_controller' returned '0': CMAKE_PREFIX_PATH=/home/me/maedongyee_ws/install/aicar_msgs:/home/me/maedongyee_ws/install/aicar_bringup:/opt/ros/jazzy/opt/gz_math_vendor:/opt/ros/jazzy/opt/gz_utils_vendor:/opt/ros/jazzy/opt/gz_cmake_vendor DEBUGINFOD_URLS=https://debuginfod.ubuntu.com PYTHONPATH=/home/me/maedongyee_ws/build/aicar_controller/prefix_override:/usr/lib/python3/dist-packages/colcon_core/task/python/colcon_distutils_commands:/home/me/maedongyee_ws/install/aicar_controller/lib/python3.12/site-packages:/home/me/maedongyee_ws/install/aicar_msgs/lib/python3.12/site-packages:/home/me/maedongyee_ws/install/aicar_vision/lib/python3.12/site-packages:/home/me/maedongyee_ws/install/aicar_ui/lib/python3.12/site-packages:/home/me/maedongyee_ws/install/aicar_controller/lib/python3.12/site-packages:/home/me/maedongyee_ws/install/aicar_driver/lib/python3.12/site-packages:/opt/ros/jazzy/lib/python3.12/site-packages /usr/bin/python3 -W ignore:setup.py install is deprecated -W ignore:easy_install command is deprecated setup.py egg_info --egg-base ../build/aicar_controller build --build-base /home/me/maedongyee_ws/build/aicar_controller/build install --record /home/me/maedongyee_ws/build/aicar_controller/install.log --single-version-externally-managed install_data
