[6.569s] Invoking command in '/home/me/maedongyee_ws/aicar_ui': DEBUGINFOD_URLS=https://debuginfod.ubuntu.com PYTHONPATH=/home/me/maedongyee_ws/build/aicar_ui/prefix_override:/usr/lib/python3/dist-packages/colcon_core/task/python/colcon_distutils_commands:/home/me/maedongyee_ws/install/aicar_ui/lib/python3.12/site-packages:${PYTHONPATH} /usr/bin/python3 -W ignore:setup.py install is deprecated -W ignore:easy_install command is deprecated setup.py egg_info --egg-base ../build/aicar_ui build --build-base /home/me/maedongyee_ws/build/aicar_ui/build install --record /home/me/maedongyee_ws/build/aicar_ui/install.log --single-version-externally-managed install_data
[7.391s] running egg_info
[7.432s] writing ../build/aicar_ui/aicar_ui.egg-info/PKG-INFO
[7.433s] writing dependency_links to ../build/aicar_ui/aicar_ui.egg-info/dependency_links.txt
[7.433s] writing entry points to ../build/aicar_ui/aicar_ui.egg-info/entry_points.txt
[7.434s] writing requirements to ../build/aicar_ui/aicar_ui.egg-info/requires.txt
[7.436s] writing top-level names to ../build/aicar_ui/aicar_ui.egg-info/top_level.txt
[7.611s] reading manifest file '../build/aicar_ui/aicar_ui.egg-info/SOURCES.txt'
[7.614s] writing manifest file '../build/aicar_ui/aicar_ui.egg-info/SOURCES.txt'
[7.615s] running build
[7.615s] running build_py
[7.615s] running install
[7.641s] running install_lib
[7.731s] running install_data
[7.732s] running install_egg_info
[7.797s] removing '/home/me/maedongyee_ws/install/aicar_ui/lib/python3.12/site-packages/aicar_ui-0.1.0-py3.12.egg-info' (and everything under it)
[7.797s] Copying ../build/aicar_ui/aicar_ui.egg-info to /home/me/maedongyee_ws/install/aicar_ui/lib/python3.12/site-packages/aicar_ui-0.1.0-py3.12.egg-info
[7.800s] running install_scripts
[8.216s] Installing dashboard_node script to /home/me/maedongyee_ws/install/aicar_ui/lib/aicar_ui
[8.221s] writing list of installed files to '/home/me/maedongyee_ws/build/aicar_ui/install.log'
[8.396s] Invoked command in '/home/me/maedongyee_ws/aicar_ui' returned '0': DEBUGINFOD_URLS=https://debuginfod.ubuntu.com PYTHONPATH=/home/me/maedongyee_ws/build/aicar_ui/prefix_override:/usr/lib/python3/dist-packages/colcon_core/task/python/colcon_distutils_commands:/home/me/maedongyee_ws/install/aicar_ui/lib/python3.12/site-packages:${PYTHONPATH} /usr/bin/python3 -W ignore:setup.py install is deprecated -W ignore:easy_install command is deprecated setup.py egg_info --egg-base ../build/aicar_ui build --build-base /home/me/maedongyee_ws/build/aicar_ui/build install --record /home/me/maedongyee_ws/build/aicar_ui/install.log --single-version-externally-managed install_data
