running egg_info
creating ../build/aicar_controller/aicar_controller.egg-info
writing ../build/aicar_controller/aicar_controller.egg-info/PKG-INFO
writing dependency_links to ../build/aicar_controller/aicar_controller.egg-info/dependency_links.txt
writing entry points to ../build/aicar_controller/aicar_controller.egg-info/entry_points.txt
writing requirements to ../build/aicar_controller/aicar_controller.egg-info/requires.txt
writing top-level names to ../build/aicar_controller/aicar_controller.egg-info/top_level.txt
writing manifest file '../build/aicar_controller/aicar_controller.egg-info/SOURCES.txt'
reading manifest file '../build/aicar_controller/aicar_controller.egg-info/SOURCES.txt'
writing manifest file '../build/aicar_controller/aicar_controller.egg-info/SOURCES.txt'
running build
running build_py
creating /home/me/maedongyee_ws/build/aicar_controller/build
creating /home/me/maedongyee_ws/build/aicar_controller/build/lib
creating /home/me/maedongyee_ws/build/aicar_controller/build/lib/aicar_controller
copying aicar_controller/__init__.py -> /home/me/maedongyee_ws/build/aicar_controller/build/lib/aicar_controller
copying aicar_controller/driving_controller_node.py -> /home/me/maedongyee_ws/build/aicar_controller/build/lib/aicar_controller
copying aicar_controller/line_tracer.py -> /home/me/maedongyee_ws/build/aicar_controller/build/lib/aicar_controller
copying aicar_controller/constants.py -> /home/me/maedongyee_ws/build/aicar_controller/build/lib/aicar_controller
running install
running install_lib
creating /home/me/maedongyee_ws/install/aicar_controller/lib/python3.12/site-packages/aicar_controller
copying /home/me/maedongyee_ws/build/aicar_controller/build/lib/aicar_controller/__init__.py -> /home/me/maedongyee_ws/install/aicar_controller/lib/python3.12/site-packages/aicar_controller
copying /home/me/maedongyee_ws/build/aicar_controller/build/lib/aicar_controller/driving_controller_node.py -> /home/me/maedongyee_ws/install/aicar_controller/lib/python3.12/site-packages/aicar_controller
copying /home/me/maedongyee_ws/build/aicar_controller/build/lib/aicar_controller/line_tracer.py -> /home/me/maedongyee_ws/install/aicar_controller/lib/python3.12/site-packages/aicar_controller
copying /home/me/maedongyee_ws/build/aicar_controller/build/lib/aicar_controller/constants.py -> /home/me/maedongyee_ws/install/aicar_controller/lib/python3.12/site-packages/aicar_controller
byte-compiling /home/me/maedongyee_ws/install/aicar_controller/lib/python3.12/site-packages/aicar_controller/__init__.py to __init__.cpython-312.pyc
byte-compiling /home/me/maedongyee_ws/install/aicar_controller/lib/python3.12/site-packages/aicar_controller/driving_controller_node.py to driving_controller_node.cpython-312.pyc
byte-compiling /home/me/maedongyee_ws/install/aicar_controller/lib/python3.12/site-packages/aicar_controller/line_tracer.py to line_tracer.cpython-312.pyc
byte-compiling /home/me/maedongyee_ws/install/aicar_controller/lib/python3.12/site-packages/aicar_controller/constants.py to constants.cpython-312.pyc
running install_data
creating /home/me/maedongyee_ws/install/aicar_controller/share/ament_index
creating /home/me/maedongyee_ws/install/aicar_controller/share/ament_index/resource_index
creating /home/me/maedongyee_ws/install/aicar_controller/share/ament_index/resource_index/packages
copying resource/aicar_controller -> /home/me/maedongyee_ws/install/aicar_controller/share/ament_index/resource_index/packages
copying package.xml -> /home/me/maedongyee_ws/install/aicar_controller/share/aicar_controller
running install_egg_info
Copying ../build/aicar_controller/aicar_controller.egg-info to /home/me/maedongyee_ws/install/aicar_controller/lib/python3.12/site-packages/aicar_controller-0.2.0-py3.12.egg-info
running install_scripts
Installing driving_controller_node script to /home/me/maedongyee_ws/install/aicar_controller/lib/aicar_controller
writing list of installed files to '/home/me/maedongyee_ws/build/aicar_controller/install.log'
