[3.426s] Invoking command in '/home/me/maedongyee_ws/aicar_controller': CMAKE_PREFIX_PATH=/home/me/maedongyee_ws/install/aicar_msgs:/home/me/maedongyee_ws/install/aicar_bringup:/opt/ros/jazzy/opt/gz_math_vendor:/opt/ros/jazzy/opt/gz_utils_vendor:/opt/ros/jazzy/opt/gz_cmake_vendor DEBUGINFOD_URLS=https://debuginfod.ubuntu.com PYTHONPATH=/home/me/maedongyee_ws/build/aicar_controller/prefix_override:/usr/lib/python3/dist-packages/colcon_core/task/python/colcon_distutils_commands:/home/me/maedongyee_ws/install/aicar_controller/lib/python3.12/site-packages:/home/me/maedongyee_ws/install/aicar_msgs/lib/python3.12/site-packages:/home/me/maedongyee_ws/build/aicar_vision:/home/me/maedongyee_ws/install/aicar_vision/lib/python3.12/site-packages:/home/me/maedongyee_ws/build/aicar_ui:/home/me/maedongyee_ws/install/aicar_ui/lib/python3.12/site-packages:/home/me/maedongyee_ws/build/aicar_controller:/home/me/maedongyee_ws/install/aicar_controller/lib/python3.12/site-packages:/home/me/maedongyee_ws/build/aicar_driver:/home/me/maedongyee_ws/install/aicar_driver/lib/python3.12/site-packages:/opt/ros/jazzy/lib/python3.12/site-packages /usr/bin/python3 -W ignore:setup.py install is deprecated -W ignore:easy_install command is deprecated setup.py egg_info --egg-base ../build/aicar_controller build --build-base /home/me/maedongyee_ws/build/aicar_controller/build install --record /home/me/maedongyee_ws/build/aicar_controller/install.log --single-version-externally-managed install_data
[4.155s] running egg_info
[4.156s] creating ../build/aicar_controller/aicar_controller.egg-info
[4.196s] writing ../build/aicar_controller/aicar_controller.egg-info/PKG-INFO
[4.198s] writing dependency_links to ../build/aicar_controller/aicar_controller.egg-info/dependency_links.txt
[4.201s] writing entry points to ../build/aicar_controller/aicar_controller.egg-info/entry_points.txt
[4.201s] writing requirements to ../build/aicar_controller/aicar_controller.egg-info/requires.txt
[4.201s] writing top-level names to ../build/aicar_controller/aicar_controller.egg-info/top_level.txt
[4.201s] writing manifest file '../build/aicar_controller/aicar_controller.egg-info/SOURCES.txt'
[4.292s] reading manifest file '../build/aicar_controller/aicar_controller.egg-info/SOURCES.txt'
[4.293s] writing manifest file '../build/aicar_controller/aicar_controller.egg-info/SOURCES.txt'
[4.293s] running build
[4.294s] running build_py
[4.294s] creating /home/me/maedongyee_ws/build/aicar_controller/build
[4.294s] creating /home/me/maedongyee_ws/build/aicar_controller/build/lib
[4.294s] creating /home/me/maedongyee_ws/build/aicar_controller/build/lib/aicar_controller
[4.295s] copying aicar_controller/__init__.py -> /home/me/maedongyee_ws/build/aicar_controller/build/lib/aicar_controller
[4.295s] copying aicar_controller/driving_controller_node.py -> /home/me/maedongyee_ws/build/aicar_controller/build/lib/aicar_controller
[4.297s] copying aicar_controller/line_tracer.py -> /home/me/maedongyee_ws/build/aicar_controller/build/lib/aicar_controller
[4.297s] copying aicar_controller/constants.py -> /home/me/maedongyee_ws/build/aicar_controller/build/lib/aicar_controller
[4.297s] running install
[4.317s] running install_lib
[4.367s] creating /home/me/maedongyee_ws/install/aicar_controller/lib/python3.12/site-packages/aicar_controller
[4.368s] copying /home/me/maedongyee_ws/build/aicar_controller/build/lib/aicar_controller/__init__.py -> /home/me/maedongyee_ws/install/aicar_controller/lib/python3.12/site-packages/aicar_controller
[4.368s] copying /home/me/maedongyee_ws/build/aicar_controller/build/lib/aicar_controller/driving_controller_node.py -> /home/me/maedongyee_ws/install/aicar_controller/lib/python3.12/site-packages/aicar_controller
[4.368s] copying /home/me/maedongyee_ws/build/aicar_controller/build/lib/aicar_controller/line_tracer.py -> /home/me/maedongyee_ws/install/aicar_controller/lib/python3.12/site-packages/aicar_controller
[4.368s] copying /home/me/maedongyee_ws/build/aicar_controller/build/lib/aicar_controller/constants.py -> /home/me/maedongyee_ws/install/aicar_controller/lib/python3.12/site-packages/aicar_controller
[4.370s] byte-compiling /home/me/maedongyee_ws/install/aicar_controller/lib/python3.12/site-packages/aicar_controller/__init__.py to __init__.cpython-312.pyc
[4.370s] byte-compiling /home/me/maedongyee_ws/install/aicar_controller/lib/python3.12/site-packages/aicar_controller/driving_controller_node.py to driving_controller_node.cpython-312.pyc
[4.378s] byte-compiling /home/me/maedongyee_ws/install/aicar_controller/lib/python3.12/site-packages/aicar_controller/line_tracer.py to line_tracer.cpython-312.pyc
[4.380s] byte-compiling /home/me/maedongyee_ws/install/aicar_controller/lib/python3.12/site-packages/aicar_controller/constants.py to constants.cpython-312.pyc
[4.381s] running install_data
[4.383s] creating /home/me/maedongyee_ws/install/aicar_controller/share/ament_index
[4.383s] creating /home/me/maedongyee_ws/install/aicar_controller/share/ament_index/resource_index
[4.383s] creating /home/me/maedongyee_ws/install/aicar_controller/share/ament_index/resource_index/packages
[4.383s] copying resource/aicar_controller -> /home/me/maedongyee_ws/install/aicar_controller/share/ament_index/resource_index/packages
[4.383s] copying package.xml -> /home/me/maedongyee_ws/install/aicar_controller/share/aicar_controller
[4.384s] running install_egg_info
[4.428s] Copying ../build/aicar_controller/aicar_controller.egg-info to /home/me/maedongyee_ws/install/aicar_controller/lib/python3.12/site-packages/aicar_controller-0.2.0-py3.12.egg-info
[4.430s] running install_scripts
[4.698s] Installing driving_controller_node script to /home/me/maedongyee_ws/install/aicar_controller/lib/aicar_controller
[4.698s] writing list of installed files to '/home/me/maedongyee_ws/build/aicar_controller/install.log'
[4.794s] Invoked command in '/home/me/maedongyee_ws/aicar_controller' returned '0': CMAKE_PREFIX_PATH=/home/me/maedongyee_ws/install/aicar_msgs:/home/me/maedongyee_ws/install/aicar_bringup:/opt/ros/jazzy/opt/gz_math_vendor:/opt/ros/jazzy/opt/gz_utils_vendor:/opt/ros/jazzy/opt/gz_cmake_vendor DEBUGINFOD_URLS=https://debuginfod.ubuntu.com PYTHONPATH=/home/me/maedongyee_ws/build/aicar_controller/prefix_override:/usr/lib/python3/dist-packages/colcon_core/task/python/colcon_distutils_commands:/home/me/maedongyee_ws/install/aicar_controller/lib/python3.12/site-packages:/home/me/maedongyee_ws/install/aicar_msgs/lib/python3.12/site-packages:/home/me/maedongyee_ws/build/aicar_vision:/home/me/maedongyee_ws/install/aicar_vision/lib/python3.12/site-packages:/home/me/maedongyee_ws/build/aicar_ui:/home/me/maedongyee_ws/install/aicar_ui/lib/python3.12/site-packages:/home/me/maedongyee_ws/build/aicar_controller:/home/me/maedongyee_ws/install/aicar_controller/lib/python3.12/site-packages:/home/me/maedongyee_ws/build/aicar_driver:/home/me/maedongyee_ws/install/aicar_driver/lib/python3.12/site-packages:/opt/ros/jazzy/lib/python3.12/site-packages /usr/bin/python3 -W ignore:setup.py install is deprecated -W ignore:easy_install command is deprecated setup.py egg_info --egg-base ../build/aicar_controller build --build-base /home/me/maedongyee_ws/build/aicar_controller/build install --record /home/me/maedongyee_ws/build/aicar_controller/install.log --single-version-externally-managed install_data
