[0.054s] Invoking command in '/home/me/maedongyee_ws/build/aicar_msgs': CMAKE_PREFIX_PATH=${CMAKE_PREFIX_PATH}:/home/me/maedongyee_ws/install/aicar_vision:/home/me/maedongyee_ws/install/aicar_ui:/home/me/maedongyee_ws/install/aicar_controller:/home/me/maedongyee_ws/install/aicar_driver:/opt/ros/jazzy DEBUGINFOD_URLS=https://debuginfod.ubuntu.com /usr/bin/cmake --build /home/me/maedongyee_ws/build/aicar_msgs -- -j4 -l4
[0.497s] [  2%] Built target aicar_msgs__rosidl_generator_type_description
[0.498s] [  2%] Built target ament_cmake_python_copy_aicar_msgs
[0.498s] [  5%] Built target aicar_msgs__cpp
[0.714s] running egg_info
[0.746s] writing aicar_msgs.egg-info/PKG-INFO
[0.746s] writing dependency_links to aicar_msgs.egg-info/dependency_links.txt
[0.747s] writing top-level names to aicar_msgs.egg-info/top_level.txt
[0.846s] reading manifest file 'aicar_msgs.egg-info/SOURCES.txt'
[0.847s] writing manifest file 'aicar_msgs.egg-info/SOURCES.txt'
[0.937s] [  5%] Built target ament_cmake_python_build_aicar_msgs_egg
[0.988s] [ 20%] Built target aicar_msgs__rosidl_generator_c
[1.039s] [ 22%] Built target aicar_msgs__rs
[1.088s] [ 31%] Built target aicar_msgs__rosidl_typesupport_introspection_cpp
[1.134s] [ 40%] Built target aicar_msgs__rosidl_typesupport_cpp
[1.181s] [ 48%] Built target aicar_msgs__rosidl_typesupport_fastrtps_c
[1.231s] [ 57%] Built target aicar_msgs__rosidl_typesupport_introspection_c
[1.279s] [ 65%] Built target aicar_msgs__rosidl_typesupport_fastrtps_cpp
[1.325s] [ 74%] Built target aicar_msgs__rosidl_typesupport_c
[1.364s] [ 74%] Built target aicar_msgs
[1.406s] [ 77%] Built target aicar_msgs__py
[1.457s] [ 82%] Built target aicar_msgs__rosidl_generator_py
[1.507s] [ 88%] Built target aicar_msgs_s__rosidl_typesupport_fastrtps_c
[1.564s] [ 94%] Built target aicar_msgs_s__rosidl_typesupport_c
[1.613s] [100%] Built target aicar_msgs_s__rosidl_typesupport_introspection_c
[1.638s] Invoked command in '/home/me/maedongyee_ws/build/aicar_msgs' returned '0': CMAKE_PREFIX_PATH=${CMAKE_PREFIX_PATH}:/home/me/maedongyee_ws/install/aicar_vision:/home/me/maedongyee_ws/install/aicar_ui:/home/me/maedongyee_ws/install/aicar_controller:/home/me/maedongyee_ws/install/aicar_driver:/opt/ros/jazzy DEBUGINFOD_URLS=https://debuginfod.ubuntu.com /usr/bin/cmake --build /home/me/maedongyee_ws/build/aicar_msgs -- -j4 -l4
[1.662s] Invoking command in '/home/me/maedongyee_ws/build/aicar_msgs': CMAKE_PREFIX_PATH=${CMAKE_PREFIX_PATH}:/home/me/maedongyee_ws/install/aicar_vision:/home/me/maedongyee_ws/install/aicar_ui:/home/me/maedongyee_ws/install/aicar_controller:/home/me/maedongyee_ws/install/aicar_driver:/opt/ros/jazzy DEBUGINFOD_URLS=https://debuginfod.ubuntu.com /usr/bin/cmake --install /home/me/maedongyee_ws/build/aicar_msgs
[1.680s] -- Install configuration: ""
[1.680s] -- Up-to-date: /home/me/maedongyee_ws/install/aicar_msgs/share/ament_index/resource_index/rosidl_interfaces/aicar_msgs
[1.680s] -- Up-to-date: /home/me/maedongyee_ws/install/aicar_msgs/share/aicar_msgs/msg/LaneInfo.json
[1.680s] -- Up-to-date: /home/me/maedongyee_ws/install/aicar_msgs/include/aicar_msgs/aicar_msgs
[1.680s] -- Up-to-date: /home/me/maedongyee_ws/install/aicar_msgs/include/aicar_msgs/aicar_msgs/msg
[1.681s] -- Up-to-date: /home/me/maedongyee_ws/install/aicar_msgs/include/aicar_msgs/aicar_msgs/msg/rosidl_generator_c__visibility_control.h
[1.681s] -- Up-to-date: /home/me/maedongyee_ws/install/aicar_msgs/include/aicar_msgs/aicar_msgs/msg/lane_info.h
[1.681s] -- Up-to-date: /home/me/maedongyee_ws/install/aicar_msgs/include/aicar_msgs/aicar_msgs/msg/detail
[1.681s] -- Up-to-date: /home/me/maedongyee_ws/install/aicar_msgs/include/aicar_msgs/aicar_msgs/msg/detail/lane_info__functions.h
[1.681s] -- Up-to-date: /home/me/maedongyee_ws/install/aicar_msgs/include/aicar_msgs/aicar_msgs/msg/detail/lane_info__description.c
[1.681s] -- Up-to-date: /home/me/maedongyee_ws/install/aicar_msgs/include/aicar_msgs/aicar_msgs/msg/detail/lane_info__type_support.h
[1.681s] -- Installing: /home/me/maedongyee_ws/install/aicar_msgs/include/aicar_msgs/aicar_msgs/msg/detail/lane_info__type_support.c
[1.683s] -- Up-to-date: /home/me/maedongyee_ws/install/aicar_msgs/include/aicar_msgs/aicar_msgs/msg/detail/lane_info__struct.h
[1.683s] -- Up-to-date: /home/me/maedongyee_ws/install/aicar_msgs/include/aicar_msgs/aicar_msgs/msg/detail/lane_info__functions.c
[1.683s] -- Up-to-date: /home/me/maedongyee_ws/install/aicar_msgs/share/aicar_msgs/environment/library_path.sh
[1.683s] -- Up-to-date: /home/me/maedongyee_ws/install/aicar_msgs/share/aicar_msgs/environment/library_path.dsv
[1.683s] -- Up-to-date: /home/me/maedongyee_ws/install/aicar_msgs/lib/libaicar_msgs__rosidl_generator_c.so
[1.683s] -- Up-to-date: /home/me/maedongyee_ws/install/aicar_msgs/include/aicar_msgs/aicar_msgs
[1.684s] -- Up-to-date: /home/me/maedongyee_ws/install/aicar_msgs/include/aicar_msgs/aicar_msgs/msg
[1.684s] -- Up-to-date: /home/me/maedongyee_ws/install/aicar_msgs/include/aicar_msgs/aicar_msgs/msg/rosidl_typesupport_fastrtps_c__visibility_control.h
[1.684s] -- Up-to-date: /home/me/maedongyee_ws/install/aicar_msgs/include/aicar_msgs/aicar_msgs/msg/detail
[1.684s] -- Up-to-date: /home/me/maedongyee_ws/install/aicar_msgs/include/aicar_msgs/aicar_msgs/msg/detail/lane_info__rosidl_typesupport_fastrtps_c.h
[1.684s] -- Up-to-date: /home/me/maedongyee_ws/install/aicar_msgs/lib/libaicar_msgs__rosidl_typesupport_fastrtps_c.so
[1.684s] -- Up-to-date: /home/me/maedongyee_ws/install/aicar_msgs/include/aicar_msgs/aicar_msgs
[1.684s] -- Up-to-date: /home/me/maedongyee_ws/install/aicar_msgs/include/aicar_msgs/aicar_msgs/msg
[1.685s] -- Up-to-date: /home/me/maedongyee_ws/install/aicar_msgs/include/aicar_msgs/aicar_msgs/msg/rosidl_typesupport_introspection_c__visibility_control.h
[1.685s] -- Up-to-date: /home/me/maedongyee_ws/install/aicar_msgs/include/aicar_msgs/aicar_msgs/msg/detail
[1.685s] -- Installing: /home/me/maedongyee_ws/install/aicar_msgs/include/aicar_msgs/aicar_msgs/msg/detail/lane_info__type_support.c
[1.686s] -- Up-to-date: /home/me/maedongyee_ws/install/aicar_msgs/include/aicar_msgs/aicar_msgs/msg/detail/lane_info__rosidl_typesupport_introspection_c.h
[1.687s] -- Up-to-date: /home/me/maedongyee_ws/install/aicar_msgs/lib/libaicar_msgs__rosidl_typesupport_introspection_c.so
[1.687s] -- Up-to-date: /home/me/maedongyee_ws/install/aicar_msgs/lib/libaicar_msgs__rosidl_typesupport_c.so
[1.687s] -- Up-to-date: /home/me/maedongyee_ws/install/aicar_msgs/include/aicar_msgs/aicar_msgs
[1.688s] -- Up-to-date: /home/me/maedongyee_ws/install/aicar_msgs/include/aicar_msgs/aicar_msgs/msg
[1.688s] -- Up-to-date: /home/me/maedongyee_ws/install/aicar_msgs/include/aicar_msgs/aicar_msgs/msg/lane_info.hpp
[1.688s] -- Up-to-date: /home/me/maedongyee_ws/install/aicar_msgs/include/aicar_msgs/aicar_msgs/msg/rosidl_generator_cpp__visibility_control.hpp
[1.688s] -- Up-to-date: /home/me/maedongyee_ws/install/aicar_msgs/include/aicar_msgs/aicar_msgs/msg/detail
[1.688s] -- Up-to-date: /home/me/maedongyee_ws/install/aicar_msgs/include/aicar_msgs/aicar_msgs/msg/detail/lane_info__struct.hpp
[1.688s] -- Up-to-date: /home/me/maedongyee_ws/install/aicar_msgs/include/aicar_msgs/aicar_msgs/msg/detail/lane_info__traits.hpp
[1.688s] -- Up-to-date: /home/me/maedongyee_ws/install/aicar_msgs/include/aicar_msgs/aicar_msgs/msg/detail/lane_info__type_support.hpp
[1.689s] -- Up-to-date: /home/me/maedongyee_ws/install/aicar_msgs/include/aicar_msgs/aicar_msgs/msg/detail/lane_info__builder.hpp
[1.689s] -- Up-to-date: /home/me/maedongyee_ws/install/aicar_msgs/include/aicar_msgs/aicar_msgs
[1.689s] -- Up-to-date: /home/me/maedongyee_ws/install/aicar_msgs/include/aicar_msgs/aicar_msgs/msg
[1.689s] -- Up-to-date: /home/me/maedongyee_ws/install/aicar_msgs/include/aicar_msgs/aicar_msgs/msg/rosidl_typesupport_fastrtps_cpp__visibility_control.h
[1.689s] -- Up-to-date: /home/me/maedongyee_ws/install/aicar_msgs/include/aicar_msgs/aicar_msgs/msg/detail
[1.689s] -- Up-to-date: /home/me/maedongyee_ws/install/aicar_msgs/include/aicar_msgs/aicar_msgs/msg/detail/dds_fastrtps
[1.689s] -- Up-to-date: /home/me/maedongyee_ws/install/aicar_msgs/include/aicar_msgs/aicar_msgs/msg/detail/lane_info__rosidl_typesupport_fastrtps_cpp.hpp
[1.696s] -- Up-to-date: /home/me/maedongyee_ws/install/aicar_msgs/lib/libaicar_msgs__rosidl_typesupport_fastrtps_cpp.so
[1.696s] -- Up-to-date: /home/me/maedongyee_ws/install/aicar_msgs/include/aicar_msgs/aicar_msgs
[1.696s] -- Up-to-date: /home/me/maedongyee_ws/install/aicar_msgs/include/aicar_msgs/aicar_msgs/msg
[1.697s] -- Up-to-date: /home/me/maedongyee_ws/install/aicar_msgs/include/aicar_msgs/aicar_msgs/msg/detail
[1.697s] -- Up-to-date: /home/me/maedongyee_ws/install/aicar_msgs/include/aicar_msgs/aicar_msgs/msg/detail/lane_info__type_support.cpp
[1.697s] -- Up-to-date: /home/me/maedongyee_ws/install/aicar_msgs/include/aicar_msgs/aicar_msgs/msg/detail/lane_info__rosidl_typesupport_introspection_cpp.hpp
[1.706s] -- Up-to-date: /home/me/maedongyee_ws/install/aicar_msgs/lib/libaicar_msgs__rosidl_typesupport_introspection_cpp.so
[1.717s] -- Up-to-date: /home/me/maedongyee_ws/install/aicar_msgs/lib/libaicar_msgs__rosidl_typesupport_cpp.so
[1.717s] -- Up-to-date: /home/me/maedongyee_ws/install/aicar_msgs/share/aicar_msgs/environment/pythonpath.sh
[1.717s] -- Up-to-date: /home/me/maedongyee_ws/install/aicar_msgs/share/aicar_msgs/environment/pythonpath.dsv
[1.717s] -- Up-to-date: /home/me/maedongyee_ws/install/aicar_msgs/lib/python3.12/site-packages/aicar_msgs-0.1.0-py3.12.egg-info
[1.718s] -- Installing: /home/me/maedongyee_ws/install/aicar_msgs/lib/python3.12/site-packages/aicar_msgs-0.1.0-py3.12.egg-info/top_level.txt
[1.718s] -- Installing: /home/me/maedongyee_ws/install/aicar_msgs/lib/python3.12/site-packages/aicar_msgs-0.1.0-py3.12.egg-info/PKG-INFO
[1.718s] -- Installing: /home/me/maedongyee_ws/install/aicar_msgs/lib/python3.12/site-packages/aicar_msgs-0.1.0-py3.12.egg-info/SOURCES.txt
[1.718s] -- Installing: /home/me/maedongyee_ws/install/aicar_msgs/lib/python3.12/site-packages/aicar_msgs-0.1.0-py3.12.egg-info/dependency_links.txt
[1.718s] -- Up-to-date: /home/me/maedongyee_ws/install/aicar_msgs/lib/python3.12/site-packages/aicar_msgs
[1.718s] -- Up-to-date: /home/me/maedongyee_ws/install/aicar_msgs/lib/python3.12/site-packages/aicar_msgs/aicar_msgs_s__rosidl_typesupport_c.so
[1.719s] -- Up-to-date: /home/me/maedongyee_ws/install/aicar_msgs/lib/python3.12/site-packages/aicar_msgs/msg
[1.719s] -- Up-to-date: /home/me/maedongyee_ws/install/aicar_msgs/lib/python3.12/site-packages/aicar_msgs/msg/_lane_info.py
[1.719s] -- Up-to-date: /home/me/maedongyee_ws/install/aicar_msgs/lib/python3.12/site-packages/aicar_msgs/msg/__init__.py
[1.719s] -- Up-to-date: /home/me/maedongyee_ws/install/aicar_msgs/lib/python3.12/site-packages/aicar_msgs/msg/_lane_info_s.c
[1.719s] -- Up-to-date: /home/me/maedongyee_ws/install/aicar_msgs/lib/python3.12/site-packages/aicar_msgs/__init__.py
[1.719s] -- Up-to-date: /home/me/maedongyee_ws/install/aicar_msgs/lib/python3.12/site-packages/aicar_msgs/aicar_msgs_s__rosidl_typesupport_fastrtps_c.so
[1.720s] -- Up-to-date: /home/me/maedongyee_ws/install/aicar_msgs/lib/python3.12/site-packages/aicar_msgs/_aicar_msgs_s.ep.rosidl_typesupport_fastrtps_c.c
[1.720s] -- Up-to-date: /home/me/maedongyee_ws/install/aicar_msgs/lib/python3.12/site-packages/aicar_msgs/_aicar_msgs_s.ep.rosidl_typesupport_c.c
[1.720s] -- Up-to-date: /home/me/maedongyee_ws/install/aicar_msgs/lib/python3.12/site-packages/aicar_msgs/_aicar_msgs_s.ep.rosidl_typesupport_introspection_c.c
[1.720s] -- Up-to-date: /home/me/maedongyee_ws/install/aicar_msgs/lib/python3.12/site-packages/aicar_msgs/aicar_msgs_s__rosidl_typesupport_introspection_c.so
[1.782s] Listing '/home/me/maedongyee_ws/install/aicar_msgs/lib/python3.12/site-packages/aicar_msgs'...
[1.782s] Listing '/home/me/maedongyee_ws/install/aicar_msgs/lib/python3.12/site-packages/aicar_msgs/msg'...
[1.797s] -- Up-to-date: /home/me/maedongyee_ws/install/aicar_msgs/lib/python3.12/site-packages/aicar_msgs/aicar_msgs_s__rosidl_typesupport_fastrtps_c.so
[1.800s] -- Up-to-date: /home/me/maedongyee_ws/install/aicar_msgs/lib/python3.12/site-packages/aicar_msgs/aicar_msgs_s__rosidl_typesupport_introspection_c.so
[1.800s] -- Up-to-date: /home/me/maedongyee_ws/install/aicar_msgs/lib/python3.12/site-packages/aicar_msgs/aicar_msgs_s__rosidl_typesupport_c.so
[1.801s] -- Up-to-date: /home/me/maedongyee_ws/install/aicar_msgs/lib/libaicar_msgs__rosidl_generator_py.so
[1.801s] -- Up-to-date: /home/me/maedongyee_ws/install/aicar_msgs/share/ament_index/resource_index/rust_packages/aicar_msgs
[1.801s] -- Up-to-date: /home/me/maedongyee_ws/install/aicar_msgs/share/aicar_msgs/rust
[1.801s] -- Up-to-date: /home/me/maedongyee_ws/install/aicar_msgs/share/aicar_msgs/rust/build.rs
[1.801s] -- Up-to-date: /home/me/maedongyee_ws/install/aicar_msgs/share/aicar_msgs/rust/src
[1.802s] -- Up-to-date: /home/me/maedongyee_ws/install/aicar_msgs/share/aicar_msgs/rust/src/msg
[1.802s] -- Up-to-date: /home/me/maedongyee_ws/install/aicar_msgs/share/aicar_msgs/rust/src/msg/rmw.rs
[1.802s] -- Up-to-date: /home/me/maedongyee_ws/install/aicar_msgs/share/aicar_msgs/rust/src/lib.rs
[1.802s] -- Up-to-date: /home/me/maedongyee_ws/install/aicar_msgs/share/aicar_msgs/rust/src/msg.rs
[1.802s] -- Up-to-date: /home/me/maedongyee_ws/install/aicar_msgs/share/aicar_msgs/rust/Cargo.toml
[1.802s] -- Up-to-date: /home/me/maedongyee_ws/install/aicar_msgs/share/aicar_msgs/msg/LaneInfo.idl
[1.802s] -- Up-to-date: /home/me/maedongyee_ws/install/aicar_msgs/share/aicar_msgs/msg/LaneInfo.msg
[1.803s] -- Up-to-date: /home/me/maedongyee_ws/install/aicar_msgs/share/ament_index/resource_index/package_run_dependencies/aicar_msgs
[1.803s] -- Up-to-date: /home/me/maedongyee_ws/install/aicar_msgs/share/ament_index/resource_index/parent_prefix_path/aicar_msgs
[1.803s] -- Up-to-date: /home/me/maedongyee_ws/install/aicar_msgs/share/aicar_msgs/environment/ament_prefix_path.sh
[1.803s] -- Up-to-date: /home/me/maedongyee_ws/install/aicar_msgs/share/aicar_msgs/environment/ament_prefix_path.dsv
[1.803s] -- Up-to-date: /home/me/maedongyee_ws/install/aicar_msgs/share/aicar_msgs/environment/path.sh
[1.803s] -- Up-to-date: /home/me/maedongyee_ws/install/aicar_msgs/share/aicar_msgs/environment/path.dsv
[1.803s] -- Up-to-date: /home/me/maedongyee_ws/install/aicar_msgs/share/aicar_msgs/local_setup.bash
[1.803s] -- Up-to-date: /home/me/maedongyee_ws/install/aicar_msgs/share/aicar_msgs/local_setup.sh
[1.803s] -- Up-to-date: /home/me/maedongyee_ws/install/aicar_msgs/share/aicar_msgs/local_setup.zsh
[1.804s] -- Up-to-date: /home/me/maedongyee_ws/install/aicar_msgs/share/aicar_msgs/local_setup.dsv
[1.804s] -- Installing: /home/me/maedongyee_ws/install/aicar_msgs/share/aicar_msgs/package.dsv
[1.804s] -- Up-to-date: /home/me/maedongyee_ws/install/aicar_msgs/share/ament_index/resource_index/packages/aicar_msgs
[1.805s] -- Up-to-date: /home/me/maedongyee_ws/install/aicar_msgs/share/aicar_msgs/cmake/export_aicar_msgs__rosidl_generator_cExport.cmake
[1.806s] -- Up-to-date: /home/me/maedongyee_ws/install/aicar_msgs/share/aicar_msgs/cmake/export_aicar_msgs__rosidl_generator_cExport-noconfig.cmake
[1.809s] -- Up-to-date: /home/me/maedongyee_ws/install/aicar_msgs/share/aicar_msgs/cmake/export_aicar_msgs__rosidl_typesupport_fastrtps_cExport.cmake
[1.809s] -- Up-to-date: /home/me/maedongyee_ws/install/aicar_msgs/share/aicar_msgs/cmake/export_aicar_msgs__rosidl_typesupport_fastrtps_cExport-noconfig.cmake
[1.810s] -- Up-to-date: /home/me/maedongyee_ws/install/aicar_msgs/share/aicar_msgs/cmake/aicar_msgs__rosidl_typesupport_introspection_cExport.cmake
[1.811s] -- Up-to-date: /home/me/maedongyee_ws/install/aicar_msgs/share/aicar_msgs/cmake/aicar_msgs__rosidl_typesupport_introspection_cExport-noconfig.cmake
[1.812s] -- Up-to-date: /home/me/maedongyee_ws/install/aicar_msgs/share/aicar_msgs/cmake/aicar_msgs__rosidl_typesupport_cExport.cmake
[1.812s] -- Up-to-date: /home/me/maedongyee_ws/install/aicar_msgs/share/aicar_msgs/cmake/aicar_msgs__rosidl_typesupport_cExport-noconfig.cmake
[1.813s] -- Up-to-date: /home/me/maedongyee_ws/install/aicar_msgs/share/aicar_msgs/cmake/export_aicar_msgs__rosidl_generator_cppExport.cmake
[1.814s] -- Up-to-date: /home/me/maedongyee_ws/install/aicar_msgs/share/aicar_msgs/cmake/export_aicar_msgs__rosidl_typesupport_fastrtps_cppExport.cmake
[1.815s] -- Up-to-date: /home/me/maedongyee_ws/install/aicar_msgs/share/aicar_msgs/cmake/export_aicar_msgs__rosidl_typesupport_fastrtps_cppExport-noconfig.cmake
[1.816s] -- Up-to-date: /home/me/maedongyee_ws/install/aicar_msgs/share/aicar_msgs/cmake/aicar_msgs__rosidl_typesupport_introspection_cppExport.cmake
[1.816s] -- Up-to-date: /home/me/maedongyee_ws/install/aicar_msgs/share/aicar_msgs/cmake/aicar_msgs__rosidl_typesupport_introspection_cppExport-noconfig.cmake
[1.817s] -- Up-to-date: /home/me/maedongyee_ws/install/aicar_msgs/share/aicar_msgs/cmake/aicar_msgs__rosidl_typesupport_cppExport.cmake
[1.818s] -- Up-to-date: /home/me/maedongyee_ws/install/aicar_msgs/share/aicar_msgs/cmake/aicar_msgs__rosidl_typesupport_cppExport-noconfig.cmake
[1.819s] -- Up-to-date: /home/me/maedongyee_ws/install/aicar_msgs/share/aicar_msgs/cmake/export_aicar_msgs__rosidl_generator_pyExport.cmake
[1.819s] -- Up-to-date: /home/me/maedongyee_ws/install/aicar_msgs/share/aicar_msgs/cmake/export_aicar_msgs__rosidl_generator_pyExport-noconfig.cmake
[1.819s] -- Up-to-date: /home/me/maedongyee_ws/install/aicar_msgs/share/aicar_msgs/cmake/rosidl_cmake-extras.cmake
[1.819s] -- Up-to-date: /home/me/maedongyee_ws/install/aicar_msgs/share/aicar_msgs/cmake/ament_cmake_export_dependencies-extras.cmake
[1.819s] -- Up-to-date: /home/me/maedongyee_ws/install/aicar_msgs/share/aicar_msgs/cmake/ament_cmake_export_include_directories-extras.cmake
[1.819s] -- Up-to-date: /home/me/maedongyee_ws/install/aicar_msgs/share/aicar_msgs/cmake/ament_cmake_export_libraries-extras.cmake
[1.820s] -- Up-to-date: /home/me/maedongyee_ws/install/aicar_msgs/share/aicar_msgs/cmake/ament_cmake_export_targets-extras.cmake
[1.820s] -- Up-to-date: /home/me/maedongyee_ws/install/aicar_msgs/share/aicar_msgs/cmake/rosidl_cmake_export_typesupport_targets-extras.cmake
[1.820s] -- Up-to-date: /home/me/maedongyee_ws/install/aicar_msgs/share/aicar_msgs/cmake/rosidl_cmake_export_typesupport_libraries-extras.cmake
[1.820s] -- Up-to-date: /home/me/maedongyee_ws/install/aicar_msgs/share/aicar_msgs/cmake/aicar_msgsConfig.cmake
[1.820s] -- Up-to-date: /home/me/maedongyee_ws/install/aicar_msgs/share/aicar_msgs/cmake/aicar_msgsConfig-version.cmake
[1.820s] -- Up-to-date: /home/me/maedongyee_ws/install/aicar_msgs/share/aicar_msgs/package.xml
[1.825s] Invoked command in '/home/me/maedongyee_ws/build/aicar_msgs' returned '0': CMAKE_PREFIX_PATH=${CMAKE_PREFIX_PATH}:/home/me/maedongyee_ws/install/aicar_vision:/home/me/maedongyee_ws/install/aicar_ui:/home/me/maedongyee_ws/install/aicar_controller:/home/me/maedongyee_ws/install/aicar_driver:/opt/ros/jazzy DEBUGINFOD_URLS=https://debuginfod.ubuntu.com /usr/bin/cmake --install /home/me/maedongyee_ws/build/aicar_msgs
