[3.275s] Invoking command in '/home/me/maedongyee_ws/aicar_driver': DEBUGINFOD_URLS=https://debuginfod.ubuntu.com PYTHONPATH=/home/me/maedongyee_ws/build/aicar_driver/prefix_override:/usr/lib/python3/dist-packages/colcon_core/task/python/colcon_distutils_commands:/home/me/maedongyee_ws/install/aicar_driver/lib/python3.12/site-packages:${PYTHONPATH} /usr/bin/python3 -W ignore:setup.py install is deprecated -W ignore:easy_install command is deprecated setup.py egg_info --egg-base ../build/aicar_driver build --build-base /home/me/maedongyee_ws/build/aicar_driver/build install --record /home/me/maedongyee_ws/build/aicar_driver/install.log --single-version-externally-managed install_data
[3.784s] running egg_info
[3.824s] writing ../build/aicar_driver/aicar_driver.egg-info/PKG-INFO
[3.826s] writing dependency_links to ../build/aicar_driver/aicar_driver.egg-info/dependency_links.txt
[3.826s] writing entry points to ../build/aicar_driver/aicar_driver.egg-info/entry_points.txt
[3.827s] writing requirements to ../build/aicar_driver/aicar_driver.egg-info/requires.txt
[3.829s] writing top-level names to ../build/aicar_driver/aicar_driver.egg-info/top_level.txt
[3.908s] reading manifest file '../build/aicar_driver/aicar_driver.egg-info/SOURCES.txt'
[3.912s] writing manifest file '../build/aicar_driver/aicar_driver.egg-info/SOURCES.txt'
[3.912s] running build
[3.912s] running build_py
[3.915s] running install
[3.925s] running install_lib
[3.963s] running install_data
[3.963s] running install_egg_info
[3.995s] removing '/home/me/maedongyee_ws/install/aicar_driver/lib/python3.12/site-packages/aicar_driver-0.2.0-py3.12.egg-info' (and everything under it)
[3.996s] Copying ../build/aicar_driver/aicar_driver.egg-info to /home/me/maedongyee_ws/install/aicar_driver/lib/python3.12/site-packages/aicar_driver-0.2.0-py3.12.egg-info
[4.001s] running install_scripts
[4.249s] Installing differential_drive_node script to /home/me/maedongyee_ws/install/aicar_driver/lib/aicar_driver
[4.292s] writing list of installed files to '/home/me/maedongyee_ws/build/aicar_driver/install.log'
[4.405s] Invoked command in '/home/me/maedongyee_ws/aicar_driver' returned '0': DEBUGINFOD_URLS=https://debuginfod.ubuntu.com PYTHONPATH=/home/me/maedongyee_ws/build/aicar_driver/prefix_override:/usr/lib/python3/dist-packages/colcon_core/task/python/colcon_distutils_commands:/home/me/maedongyee_ws/install/aicar_driver/lib/python3.12/site-packages:${PYTHONPATH} /usr/bin/python3 -W ignore:setup.py install is deprecated -W ignore:easy_install command is deprecated setup.py egg_info --egg-base ../build/aicar_driver build --build-base /home/me/maedongyee_ws/build/aicar_driver/build install --record /home/me/maedongyee_ws/build/aicar_driver/install.log --single-version-externally-managed install_data
