[3.240s] Invoking command in '/home/me/maedongyee_ws/aicar_driver': DEBUGINFOD_URLS=https://debuginfod.ubuntu.com PYTHONPATH=/home/me/maedongyee_ws/build/aicar_driver/prefix_override:/usr/lib/python3/dist-packages/colcon_core/task/python/colcon_distutils_commands:/home/me/maedongyee_ws/install/aicar_driver/lib/python3.12/site-packages:${PYTHONPATH} /usr/bin/python3 -W ignore:setup.py install is deprecated -W ignore:easy_install command is deprecated setup.py egg_info --egg-base ../build/aicar_driver build --build-base /home/me/maedongyee_ws/build/aicar_driver/build install --record /home/me/maedongyee_ws/build/aicar_driver/install.log --single-version-externally-managed install_data
[4.014s] running egg_info
[4.052s] writing ../build/aicar_driver/aicar_driver.egg-info/PKG-INFO
[4.052s] writing dependency_links to ../build/aicar_driver/aicar_driver.egg-info/dependency_links.txt
[4.052s] writing entry points to ../build/aicar_driver/aicar_driver.egg-info/entry_points.txt
[4.054s] writing requirements to ../build/aicar_driver/aicar_driver.egg-info/requires.txt
[4.054s] writing top-level names to ../build/aicar_driver/aicar_driver.egg-info/top_level.txt
[4.143s] reading manifest file '../build/aicar_driver/aicar_driver.egg-info/SOURCES.txt'
[4.147s] writing manifest file '../build/aicar_driver/aicar_driver.egg-info/SOURCES.txt'
[4.147s] running build
[4.148s] running build_py
[4.148s] running install
[4.164s] running install_lib
[4.222s] running install_data
[4.222s] running install_egg_info
[4.254s] removing '/home/me/maedongyee_ws/install/aicar_driver/lib/python3.12/site-packages/aicar_driver-0.2.0-py3.12.egg-info' (and everything under it)
[4.258s] Copying ../build/aicar_driver/aicar_driver.egg-info to /home/me/maedongyee_ws/install/aicar_driver/lib/python3.12/site-packages/aicar_driver-0.2.0-py3.12.egg-info
[4.261s] running install_scripts
[4.525s] Installing differential_drive_node script to /home/me/maedongyee_ws/install/aicar_driver/lib/aicar_driver
[4.527s] writing list of installed files to '/home/me/maedongyee_ws/build/aicar_driver/install.log'
[4.672s] Invoked command in '/home/me/maedongyee_ws/aicar_driver' returned '0': DEBUGINFOD_URLS=https://debuginfod.ubuntu.com PYTHONPATH=/home/me/maedongyee_ws/build/aicar_driver/prefix_override:/usr/lib/python3/dist-packages/colcon_core/task/python/colcon_distutils_commands:/home/me/maedongyee_ws/install/aicar_driver/lib/python3.12/site-packages:${PYTHONPATH} /usr/bin/python3 -W ignore:setup.py install is deprecated -W ignore:easy_install command is deprecated setup.py egg_info --egg-base ../build/aicar_driver build --build-base /home/me/maedongyee_ws/build/aicar_driver/build install --record /home/me/maedongyee_ws/build/aicar_driver/install.log --single-version-externally-managed install_data
