[0.021s] Invoking command in '/home/me/maedongyee_ws/build/aicar_msgs': CMAKE_PREFIX_PATH=${CMAKE_PREFIX_PATH}:/home/me/maedongyee_ws/install/aicar_vision:/home/me/maedongyee_ws/install/aicar_ui:/home/me/maedongyee_ws/install/aicar_controller:/home/me/maedongyee_ws/install/aicar_driver:/opt/ros/jazzy DEBUGINFOD_URLS=https://debuginfod.ubuntu.com /usr/bin/cmake /home/me/maedongyee_ws/aicar_msgs -DCMAKE_INSTALL_PREFIX=/home/me/maedongyee_ws/install/aicar_msgs
[0.136s] -- The C compiler identification is GNU 13.3.0
[0.236s] -- The CXX compiler identification is GNU 13.3.0
[0.269s] -- Detecting C compiler ABI info
[0.431s] -- Detecting C compiler ABI info - done
[0.447s] -- Check for working C compiler: /usr/bin/cc - skipped
[0.447s] -- Detecting C compile features
[0.448s] -- Detecting C compile features - done
[0.462s] -- Detecting CXX compiler ABI info
[0.637s] -- Detecting CXX compiler ABI info - done
[0.651s] -- Check for working CXX compiler: /usr/bin/c++ - skipped
[0.652s] -- Detecting CXX compile features
[0.652s] -- Detecting CXX compile features - done
[0.658s] -- Found ament_cmake: 2.5.6 (/opt/ros/jazzy/share/ament_cmake/cmake)
[0.923s] -- Found Python3: /usr/bin/python3 (found version "3.12.3") found components: Interpreter 
[1.083s] -- Found rosidl_default_generators: 1.6.0 (/opt/ros/jazzy/share/rosidl_default_generators/cmake)
[1.092s] -- Using all available rosidl_typesupport_c: rosidl_typesupport_fastrtps_c;rosidl_typesupport_introspection_c
[1.164s] -- Using all available rosidl_typesupport_cpp: rosidl_typesupport_fastrtps_cpp;rosidl_typesupport_introspection_cpp
[1.229s] -- Found rosidl_adapter: 4.6.7 (/opt/ros/jazzy/share/rosidl_adapter/cmake)
[1.233s] -- Found std_msgs: 5.3.7 (/opt/ros/jazzy/share/std_msgs/cmake)
[2.348s] -- Found ament_cmake_ros: 0.12.0 (/opt/ros/jazzy/share/ament_cmake_ros/cmake)
[3.371s] -- Using all available rosidl_typesupport_c: rosidl_typesupport_fastrtps_c;rosidl_typesupport_introspection_c
[4.458s] -- Using all available rosidl_typesupport_cpp: rosidl_typesupport_fastrtps_cpp;rosidl_typesupport_introspection_cpp
[4.462s] -- Found python_cmake_module: 0.11.1 (/opt/ros/jazzy/share/python_cmake_module/cmake)
[4.775s] -- Found PythonExtra: /usr/bin/python3  
[5.593s] -- Found Python3: /usr/bin/python3 (found version "3.12.3") found components: Interpreter Development NumPy Development.Module Development.Embed 
[5.744s] -- Found Python3: /usr/bin/python3 (found version "3.12.3") found components: Interpreter 
[5.759s] -- Configuring done (5.7s)
[5.832s] -- Generating done (0.1s)
[5.855s] -- Build files have been written to: /home/me/maedongyee_ws/build/aicar_msgs
[5.868s] Invoked command in '/home/me/maedongyee_ws/build/aicar_msgs' returned '0': CMAKE_PREFIX_PATH=${CMAKE_PREFIX_PATH}:/home/me/maedongyee_ws/install/aicar_vision:/home/me/maedongyee_ws/install/aicar_ui:/home/me/maedongyee_ws/install/aicar_controller:/home/me/maedongyee_ws/install/aicar_driver:/opt/ros/jazzy DEBUGINFOD_URLS=https://debuginfod.ubuntu.com /usr/bin/cmake /home/me/maedongyee_ws/aicar_msgs -DCMAKE_INSTALL_PREFIX=/home/me/maedongyee_ws/install/aicar_msgs
[5.871s] Invoking command in '/home/me/maedongyee_ws/build/aicar_msgs': CMAKE_PREFIX_PATH=${CMAKE_PREFIX_PATH}:/home/me/maedongyee_ws/install/aicar_vision:/home/me/maedongyee_ws/install/aicar_ui:/home/me/maedongyee_ws/install/aicar_controller:/home/me/maedongyee_ws/install/aicar_driver:/opt/ros/jazzy DEBUGINFOD_URLS=https://debuginfod.ubuntu.com /usr/bin/cmake --build /home/me/maedongyee_ws/build/aicar_msgs -- -j4 -l4
[5.963s] [  5%] [34m[1mGenerating Rust code for ROS interfaces[0m
[5.963s] [  5%] [34m[1mGenerating type hashes for ROS interfaces[0m
[5.979s] [  5%] Built target ament_cmake_python_copy_aicar_msgs
[6.362s] running egg_info
[6.364s] creating aicar_msgs.egg-info
[6.385s] [  5%] Built target aicar_msgs__rosidl_generator_type_description
[6.408s] [  8%] [34m[1mGenerating C code for ROS interfaces[0m
[6.408s] writing aicar_msgs.egg-info/PKG-INFO
[6.408s] writing dependency_links to aicar_msgs.egg-info/dependency_links.txt
[6.408s] writing top-level names to aicar_msgs.egg-info/top_level.txt
[6.408s] writing manifest file 'aicar_msgs.egg-info/SOURCES.txt'
[6.437s] [ 11%] [34m[1mGenerating C++ code for ROS interfaces[0m
[6.494s] [ 11%] Built target aicar_msgs__rs
[6.538s] reading manifest file 'aicar_msgs.egg-info/SOURCES.txt'
[6.540s] writing manifest file 'aicar_msgs.egg-info/SOURCES.txt'
[6.619s] [ 11%] Built target ament_cmake_python_build_aicar_msgs_egg
[6.955s] [ 11%] Built target aicar_msgs__cpp
[6.971s] [ 17%] [32mBuilding C object CMakeFiles/aicar_msgs__rosidl_generator_c.dir/rosidl_generator_c/aicar_msgs/msg/detail/lane_info__description.c.o[0m
[6.971s] [ 17%] [32mBuilding C object CMakeFiles/aicar_msgs__rosidl_generator_c.dir/rosidl_generator_c/aicar_msgs/msg/detail/lane_info__type_support.c.o[0m
[6.971s] [ 20%] [32mBuilding C object CMakeFiles/aicar_msgs__rosidl_generator_c.dir/rosidl_generator_c/aicar_msgs/msg/detail/lane_info__functions.c.o[0m
[7.081s] [ 22%] [32m[1mLinking C shared library libaicar_msgs__rosidl_generator_c.so[0m
[7.159s] [ 22%] Built target aicar_msgs__rosidl_generator_c
[7.182s] [ 25%] [34m[1mGenerating C++ introspection for ROS interfaces[0m
[7.182s] [ 28%] [34m[1mGenerating C type support dispatch for ROS interfaces[0m
[7.183s] [ 31%] [34m[1mGenerating C++ type support dispatch for ROS interfaces[0m
[7.185s] [ 34%] [34m[1mGenerating C++ type support for eProsima Fast-RTPS[0m
[7.713s] [ 37%] [32mBuilding CXX object CMakeFiles/aicar_msgs__rosidl_typesupport_cpp.dir/rosidl_typesupport_cpp/aicar_msgs/msg/lane_info__type_support.cpp.o[0m
[7.721s] [ 40%] [32mBuilding CXX object CMakeFiles/aicar_msgs__rosidl_typesupport_c.dir/rosidl_typesupport_c/aicar_msgs/msg/lane_info__type_support.cpp.o[0m
[7.750s] [ 42%] [32mBuilding CXX object CMakeFiles/aicar_msgs__rosidl_typesupport_introspection_cpp.dir/rosidl_typesupport_introspection_cpp/aicar_msgs/msg/detail/lane_info__type_support.cpp.o[0m
[7.830s] [ 45%] [32m[1mLinking CXX shared library libaicar_msgs__rosidl_typesupport_c.so[0m
[7.855s] [ 48%] [32mBuilding CXX object CMakeFiles/aicar_msgs__rosidl_typesupport_fastrtps_cpp.dir/rosidl_typesupport_fastrtps_cpp/aicar_msgs/msg/detail/dds_fastrtps/lane_info__type_support.cpp.o[0m
[7.912s] [ 48%] Built target aicar_msgs__rosidl_typesupport_c
[7.936s] [ 51%] [34m[1mGenerating C type support for eProsima Fast-RTPS[0m
[8.368s] [ 54%] [32m[1mLinking CXX shared library libaicar_msgs__rosidl_typesupport_cpp.so[0m
[8.455s] [ 54%] Built target aicar_msgs__rosidl_typesupport_cpp
[8.478s] [ 57%] [34m[1mGenerating C introspection for ROS interfaces[0m
[8.499s] [ 60%] [32m[1mLinking CXX shared library libaicar_msgs__rosidl_typesupport_introspection_cpp.so[0m
[8.712s] [ 62%] [32mBuilding CXX object CMakeFiles/aicar_msgs__rosidl_typesupport_fastrtps_c.dir/rosidl_typesupport_fastrtps_c/aicar_msgs/msg/detail/lane_info__type_support_c.cpp.o[0m
[8.717s] [ 62%] Built target aicar_msgs__rosidl_typesupport_introspection_cpp
[8.905s] [ 65%] [32m[1mLinking CXX shared library libaicar_msgs__rosidl_typesupport_fastrtps_cpp.so[0m
[9.017s] [ 65%] Built target aicar_msgs__rosidl_typesupport_fastrtps_cpp
[9.061s] [ 68%] [32mBuilding C object CMakeFiles/aicar_msgs__rosidl_typesupport_introspection_c.dir/rosidl_typesupport_introspection_c/aicar_msgs/msg/detail/lane_info__type_support.c.o[0m
[9.127s] [ 71%] [32m[1mLinking C shared library libaicar_msgs__rosidl_typesupport_introspection_c.so[0m
[9.183s] [ 71%] Built target aicar_msgs__rosidl_typesupport_introspection_c
[9.491s] [ 74%] [32m[1mLinking CXX shared library libaicar_msgs__rosidl_typesupport_fastrtps_c.so[0m
[9.576s] [ 74%] Built target aicar_msgs__rosidl_typesupport_fastrtps_c
[9.612s] [ 74%] Built target aicar_msgs
[9.651s] [ 77%] [34m[1mGenerating Python code for ROS interfaces[0m
[10.306s] [ 77%] Built target aicar_msgs__py
[10.354s] [ 80%] [32mBuilding C object CMakeFiles/aicar_msgs__rosidl_generator_py.dir/rosidl_generator_py/aicar_msgs/msg/_lane_info_s.c.o[0m
[10.610s] [ 82%] [32m[1mLinking C shared library libaicar_msgs__rosidl_generator_py.so[0m
[10.692s] [ 82%] Built target aicar_msgs__rosidl_generator_py
[10.737s] [ 85%] [32mBuilding C object CMakeFiles/aicar_msgs_s__rosidl_typesupport_c.dir/rosidl_generator_py/aicar_msgs/_aicar_msgs_s.ep.rosidl_typesupport_c.c.o[0m
[10.746s] [ 88%] [32mBuilding C object CMakeFiles/aicar_msgs_s__rosidl_typesupport_introspection_c.dir/rosidl_generator_py/aicar_msgs/_aicar_msgs_s.ep.rosidl_typesupport_introspection_c.c.o[0m
[10.765s] [ 91%] [32mBuilding C object CMakeFiles/aicar_msgs_s__rosidl_typesupport_fastrtps_c.dir/rosidl_generator_py/aicar_msgs/_aicar_msgs_s.ep.rosidl_typesupport_fastrtps_c.c.o[0m
[10.989s] [ 94%] [32m[1mLinking C shared module rosidl_generator_py/aicar_msgs/aicar_msgs_s__rosidl_typesupport_c.so[0m
[11.021s] [ 97%] [32m[1mLinking C shared module rosidl_generator_py/aicar_msgs/aicar_msgs_s__rosidl_typesupport_introspection_c.so[0m
[11.039s] [100%] [32m[1mLinking C shared module rosidl_generator_py/aicar_msgs/aicar_msgs_s__rosidl_typesupport_fastrtps_c.so[0m
[11.067s] [100%] Built target aicar_msgs_s__rosidl_typesupport_c
[11.096s] [100%] Built target aicar_msgs_s__rosidl_typesupport_introspection_c
[11.145s] [100%] Built target aicar_msgs_s__rosidl_typesupport_fastrtps_c
[11.232s] Invoked command in '/home/me/maedongyee_ws/build/aicar_msgs' returned '0': CMAKE_PREFIX_PATH=${CMAKE_PREFIX_PATH}:/home/me/maedongyee_ws/install/aicar_vision:/home/me/maedongyee_ws/install/aicar_ui:/home/me/maedongyee_ws/install/aicar_controller:/home/me/maedongyee_ws/install/aicar_driver:/opt/ros/jazzy DEBUGINFOD_URLS=https://debuginfod.ubuntu.com /usr/bin/cmake --build /home/me/maedongyee_ws/build/aicar_msgs -- -j4 -l4
[11.265s] Invoking command in '/home/me/maedongyee_ws/build/aicar_msgs': CMAKE_PREFIX_PATH=${CMAKE_PREFIX_PATH}:/home/me/maedongyee_ws/install/aicar_vision:/home/me/maedongyee_ws/install/aicar_ui:/home/me/maedongyee_ws/install/aicar_controller:/home/me/maedongyee_ws/install/aicar_driver:/opt/ros/jazzy DEBUGINFOD_URLS=https://debuginfod.ubuntu.com /usr/bin/cmake --install /home/me/maedongyee_ws/build/aicar_msgs
[11.293s] -- Install configuration: ""
[11.293s] -- Installing: /home/me/maedongyee_ws/install/aicar_msgs/share/ament_index/resource_index/rosidl_interfaces/aicar_msgs
[11.293s] -- Installing: /home/me/maedongyee_ws/install/aicar_msgs/share/aicar_msgs/msg/LaneInfo.json
[11.294s] -- Installing: /home/me/maedongyee_ws/install/aicar_msgs/include/aicar_msgs/aicar_msgs
[11.339s] -- Installing: /home/me/maedongyee_ws/install/aicar_msgs/include/aicar_msgs/aicar_msgs/msg
[11.340s] -- Installing: /home/me/maedongyee_ws/install/aicar_msgs/include/aicar_msgs/aicar_msgs/msg/rosidl_generator_c__visibility_control.h
[11.340s] -- Installing: /home/me/maedongyee_ws/install/aicar_msgs/include/aicar_msgs/aicar_msgs/msg/lane_info.h
[11.340s] -- Installing: /home/me/maedongyee_ws/install/aicar_msgs/include/aicar_msgs/aicar_msgs/msg/detail
[11.340s] -- Installing: /home/me/maedongyee_ws/install/aicar_msgs/include/aicar_msgs/aicar_msgs/msg/detail/lane_info__functions.h
[11.340s] -- Installing: /home/me/maedongyee_ws/install/aicar_msgs/include/aicar_msgs/aicar_msgs/msg/detail/lane_info__description.c
[11.341s] -- Installing: /home/me/maedongyee_ws/install/aicar_msgs/include/aicar_msgs/aicar_msgs/msg/detail/lane_info__type_support.h
[11.341s] -- Installing: /home/me/maedongyee_ws/install/aicar_msgs/include/aicar_msgs/aicar_msgs/msg/detail/lane_info__type_support.c
[11.341s] -- Installing: /home/me/maedongyee_ws/install/aicar_msgs/include/aicar_msgs/aicar_msgs/msg/detail/lane_info__struct.h
[11.341s] -- Installing: /home/me/maedongyee_ws/install/aicar_msgs/include/aicar_msgs/aicar_msgs/msg/detail/lane_info__functions.c
[11.341s] -- Installing: /home/me/maedongyee_ws/install/aicar_msgs/share/aicar_msgs/environment/library_path.sh
[11.342s] -- Installing: /home/me/maedongyee_ws/install/aicar_msgs/share/aicar_msgs/environment/library_path.dsv
[11.342s] -- Installing: /home/me/maedongyee_ws/install/aicar_msgs/lib/libaicar_msgs__rosidl_generator_c.so
[11.344s] -- Set non-toolchain portion of runtime path of "/home/me/maedongyee_ws/install/aicar_msgs/lib/libaicar_msgs__rosidl_generator_c.so" to ""
[11.344s] -- Up-to-date: /home/me/maedongyee_ws/install/aicar_msgs/include/aicar_msgs/aicar_msgs
[11.344s] -- Up-to-date: /home/me/maedongyee_ws/install/aicar_msgs/include/aicar_msgs/aicar_msgs/msg
[11.345s] -- Installing: /home/me/maedongyee_ws/install/aicar_msgs/include/aicar_msgs/aicar_msgs/msg/rosidl_typesupport_fastrtps_c__visibility_control.h
[11.347s] -- Up-to-date: /home/me/maedongyee_ws/install/aicar_msgs/include/aicar_msgs/aicar_msgs/msg/detail
[11.348s] -- Installing: /home/me/maedongyee_ws/install/aicar_msgs/include/aicar_msgs/aicar_msgs/msg/detail/lane_info__rosidl_typesupport_fastrtps_c.h
[11.348s] -- Installing: /home/me/maedongyee_ws/install/aicar_msgs/lib/libaicar_msgs__rosidl_typesupport_fastrtps_c.so
[11.349s] -- Set non-toolchain portion of runtime path of "/home/me/maedongyee_ws/install/aicar_msgs/lib/libaicar_msgs__rosidl_typesupport_fastrtps_c.so" to ""
[11.349s] -- Up-to-date: /home/me/maedongyee_ws/install/aicar_msgs/include/aicar_msgs/aicar_msgs
[11.350s] -- Up-to-date: /home/me/maedongyee_ws/install/aicar_msgs/include/aicar_msgs/aicar_msgs/msg
[11.350s] -- Installing: /home/me/maedongyee_ws/install/aicar_msgs/include/aicar_msgs/aicar_msgs/msg/rosidl_typesupport_introspection_c__visibility_control.h
[11.350s] -- Up-to-date: /home/me/maedongyee_ws/install/aicar_msgs/include/aicar_msgs/aicar_msgs/msg/detail
[11.350s] -- Installing: /home/me/maedongyee_ws/install/aicar_msgs/include/aicar_msgs/aicar_msgs/msg/detail/lane_info__type_support.c
[11.350s] -- Installing: /home/me/maedongyee_ws/install/aicar_msgs/include/aicar_msgs/aicar_msgs/msg/detail/lane_info__rosidl_typesupport_introspection_c.h
[11.350s] -- Installing: /home/me/maedongyee_ws/install/aicar_msgs/lib/libaicar_msgs__rosidl_typesupport_introspection_c.so
[11.351s] -- Set non-toolchain portion of runtime path of "/home/me/maedongyee_ws/install/aicar_msgs/lib/libaicar_msgs__rosidl_typesupport_introspection_c.so" to ""
[11.351s] -- Installing: /home/me/maedongyee_ws/install/aicar_msgs/lib/libaicar_msgs__rosidl_typesupport_c.so
[11.352s] -- Set non-toolchain portion of runtime path of "/home/me/maedongyee_ws/install/aicar_msgs/lib/libaicar_msgs__rosidl_typesupport_c.so" to ""
[11.352s] -- Up-to-date: /home/me/maedongyee_ws/install/aicar_msgs/include/aicar_msgs/aicar_msgs
[11.353s] -- Up-to-date: /home/me/maedongyee_ws/install/aicar_msgs/include/aicar_msgs/aicar_msgs/msg
[11.353s] -- Installing: /home/me/maedongyee_ws/install/aicar_msgs/include/aicar_msgs/aicar_msgs/msg/lane_info.hpp
[11.353s] -- Installing: /home/me/maedongyee_ws/install/aicar_msgs/include/aicar_msgs/aicar_msgs/msg/rosidl_generator_cpp__visibility_control.hpp
[11.353s] -- Up-to-date: /home/me/maedongyee_ws/install/aicar_msgs/include/aicar_msgs/aicar_msgs/msg/detail
[11.353s] -- Installing: /home/me/maedongyee_ws/install/aicar_msgs/include/aicar_msgs/aicar_msgs/msg/detail/lane_info__struct.hpp
[11.353s] -- Installing: /home/me/maedongyee_ws/install/aicar_msgs/include/aicar_msgs/aicar_msgs/msg/detail/lane_info__traits.hpp
[11.355s] -- Installing: /home/me/maedongyee_ws/install/aicar_msgs/include/aicar_msgs/aicar_msgs/msg/detail/lane_info__type_support.hpp
[11.355s] -- Installing: /home/me/maedongyee_ws/install/aicar_msgs/include/aicar_msgs/aicar_msgs/msg/detail/lane_info__builder.hpp
[11.355s] -- Up-to-date: /home/me/maedongyee_ws/install/aicar_msgs/include/aicar_msgs/aicar_msgs
[11.355s] -- Up-to-date: /home/me/maedongyee_ws/install/aicar_msgs/include/aicar_msgs/aicar_msgs/msg
[11.355s] -- Installing: /home/me/maedongyee_ws/install/aicar_msgs/include/aicar_msgs/aicar_msgs/msg/rosidl_typesupport_fastrtps_cpp__visibility_control.h
[11.355s] -- Up-to-date: /home/me/maedongyee_ws/install/aicar_msgs/include/aicar_msgs/aicar_msgs/msg/detail
[11.355s] -- Installing: /home/me/maedongyee_ws/install/aicar_msgs/include/aicar_msgs/aicar_msgs/msg/detail/dds_fastrtps
[11.355s] -- Installing: /home/me/maedongyee_ws/install/aicar_msgs/include/aicar_msgs/aicar_msgs/msg/detail/lane_info__rosidl_typesupport_fastrtps_cpp.hpp
[11.356s] -- Installing: /home/me/maedongyee_ws/install/aicar_msgs/lib/libaicar_msgs__rosidl_typesupport_fastrtps_cpp.so
[11.356s] -- Set non-toolchain portion of runtime path of "/home/me/maedongyee_ws/install/aicar_msgs/lib/libaicar_msgs__rosidl_typesupport_fastrtps_cpp.so" to ""
[11.356s] -- Up-to-date: /home/me/maedongyee_ws/install/aicar_msgs/include/aicar_msgs/aicar_msgs
[11.356s] -- Up-to-date: /home/me/maedongyee_ws/install/aicar_msgs/include/aicar_msgs/aicar_msgs/msg
[11.356s] -- Up-to-date: /home/me/maedongyee_ws/install/aicar_msgs/include/aicar_msgs/aicar_msgs/msg/detail
[11.356s] -- Installing: /home/me/maedongyee_ws/install/aicar_msgs/include/aicar_msgs/aicar_msgs/msg/detail/lane_info__type_support.cpp
[11.357s] -- Installing: /home/me/maedongyee_ws/install/aicar_msgs/include/aicar_msgs/aicar_msgs/msg/detail/lane_info__rosidl_typesupport_introspection_cpp.hpp
[11.357s] -- Installing: /home/me/maedongyee_ws/install/aicar_msgs/lib/libaicar_msgs__rosidl_typesupport_introspection_cpp.so
[11.357s] -- Set non-toolchain portion of runtime path of "/home/me/maedongyee_ws/install/aicar_msgs/lib/libaicar_msgs__rosidl_typesupport_introspection_cpp.so" to ""
[11.357s] -- Installing: /home/me/maedongyee_ws/install/aicar_msgs/lib/libaicar_msgs__rosidl_typesupport_cpp.so
[11.358s] -- Set non-toolchain portion of runtime path of "/home/me/maedongyee_ws/install/aicar_msgs/lib/libaicar_msgs__rosidl_typesupport_cpp.so" to ""
[11.358s] -- Installing: /home/me/maedongyee_ws/install/aicar_msgs/share/aicar_msgs/environment/pythonpath.sh
[11.358s] -- Installing: /home/me/maedongyee_ws/install/aicar_msgs/share/aicar_msgs/environment/pythonpath.dsv
[11.358s] -- Installing: /home/me/maedongyee_ws/install/aicar_msgs/lib/python3.12/site-packages/aicar_msgs-0.1.0-py3.12.egg-info
[11.360s] -- Installing: /home/me/maedongyee_ws/install/aicar_msgs/lib/python3.12/site-packages/aicar_msgs-0.1.0-py3.12.egg-info/top_level.txt
[11.360s] -- Installing: /home/me/maedongyee_ws/install/aicar_msgs/lib/python3.12/site-packages/aicar_msgs-0.1.0-py3.12.egg-info/PKG-INFO
[11.360s] -- Installing: /home/me/maedongyee_ws/install/aicar_msgs/lib/python3.12/site-packages/aicar_msgs-0.1.0-py3.12.egg-info/SOURCES.txt
[11.360s] -- Installing: /home/me/maedongyee_ws/install/aicar_msgs/lib/python3.12/site-packages/aicar_msgs-0.1.0-py3.12.egg-info/dependency_links.txt
[11.360s] -- Installing: /home/me/maedongyee_ws/install/aicar_msgs/lib/python3.12/site-packages/aicar_msgs
[11.360s] -- Installing: /home/me/maedongyee_ws/install/aicar_msgs/lib/python3.12/site-packages/aicar_msgs/aicar_msgs_s__rosidl_typesupport_c.so
[11.361s] -- Installing: /home/me/maedongyee_ws/install/aicar_msgs/lib/python3.12/site-packages/aicar_msgs/msg
[11.361s] -- Installing: /home/me/maedongyee_ws/install/aicar_msgs/lib/python3.12/site-packages/aicar_msgs/msg/_lane_info.py
[11.361s] -- Installing: /home/me/maedongyee_ws/install/aicar_msgs/lib/python3.12/site-packages/aicar_msgs/msg/__init__.py
[11.361s] -- Installing: /home/me/maedongyee_ws/install/aicar_msgs/lib/python3.12/site-packages/aicar_msgs/msg/_lane_info_s.c
[11.361s] -- Installing: /home/me/maedongyee_ws/install/aicar_msgs/lib/python3.12/site-packages/aicar_msgs/__init__.py
[11.361s] -- Installing: /home/me/maedongyee_ws/install/aicar_msgs/lib/python3.12/site-packages/aicar_msgs/aicar_msgs_s__rosidl_typesupport_fastrtps_c.so
[11.362s] -- Installing: /home/me/maedongyee_ws/install/aicar_msgs/lib/python3.12/site-packages/aicar_msgs/_aicar_msgs_s.ep.rosidl_typesupport_fastrtps_c.c
[11.362s] -- Installing: /home/me/maedongyee_ws/install/aicar_msgs/lib/python3.12/site-packages/aicar_msgs/_aicar_msgs_s.ep.rosidl_typesupport_c.c
[11.362s] -- Installing: /home/me/maedongyee_ws/install/aicar_msgs/lib/python3.12/site-packages/aicar_msgs/_aicar_msgs_s.ep.rosidl_typesupport_introspection_c.c
[11.362s] -- Installing: /home/me/maedongyee_ws/install/aicar_msgs/lib/python3.12/site-packages/aicar_msgs/aicar_msgs_s__rosidl_typesupport_introspection_c.so
[11.446s] Listing '/home/me/maedongyee_ws/install/aicar_msgs/lib/python3.12/site-packages/aicar_msgs'...
[11.447s] Compiling '/home/me/maedongyee_ws/install/aicar_msgs/lib/python3.12/site-packages/aicar_msgs/__init__.py'...
[11.447s] Listing '/home/me/maedongyee_ws/install/aicar_msgs/lib/python3.12/site-packages/aicar_msgs/msg'...
[11.447s] Compiling '/home/me/maedongyee_ws/install/aicar_msgs/lib/python3.12/site-packages/aicar_msgs/msg/__init__.py'...
[11.447s] Compiling '/home/me/maedongyee_ws/install/aicar_msgs/lib/python3.12/site-packages/aicar_msgs/msg/_lane_info.py'...
[11.469s] -- Installing: /home/me/maedongyee_ws/install/aicar_msgs/lib/python3.12/site-packages/aicar_msgs/aicar_msgs_s__rosidl_typesupport_fastrtps_c.so
[11.470s] -- Set non-toolchain portion of runtime path of "/home/me/maedongyee_ws/install/aicar_msgs/lib/python3.12/site-packages/aicar_msgs/aicar_msgs_s__rosidl_typesupport_fastrtps_c.so" to ""
[11.471s] -- Installing: /home/me/maedongyee_ws/install/aicar_msgs/lib/python3.12/site-packages/aicar_msgs/aicar_msgs_s__rosidl_typesupport_introspection_c.so
[11.472s] -- Set non-toolchain portion of runtime path of "/home/me/maedongyee_ws/install/aicar_msgs/lib/python3.12/site-packages/aicar_msgs/aicar_msgs_s__rosidl_typesupport_introspection_c.so" to ""
[11.472s] -- Installing: /home/me/maedongyee_ws/install/aicar_msgs/lib/python3.12/site-packages/aicar_msgs/aicar_msgs_s__rosidl_typesupport_c.so
[11.473s] -- Set non-toolchain portion of runtime path of "/home/me/maedongyee_ws/install/aicar_msgs/lib/python3.12/site-packages/aicar_msgs/aicar_msgs_s__rosidl_typesupport_c.so" to ""
[11.474s] -- Installing: /home/me/maedongyee_ws/install/aicar_msgs/lib/libaicar_msgs__rosidl_generator_py.so
[11.475s] -- Set non-toolchain portion of runtime path of "/home/me/maedongyee_ws/install/aicar_msgs/lib/libaicar_msgs__rosidl_generator_py.so" to ""
[11.475s] -- Installing: /home/me/maedongyee_ws/install/aicar_msgs/share/ament_index/resource_index/rust_packages/aicar_msgs
[11.476s] -- Installing: /home/me/maedongyee_ws/install/aicar_msgs/share/aicar_msgs/rust
[11.476s] -- Installing: /home/me/maedongyee_ws/install/aicar_msgs/share/aicar_msgs/rust/build.rs
[11.476s] -- Installing: /home/me/maedongyee_ws/install/aicar_msgs/share/aicar_msgs/rust/src
[11.476s] -- Installing: /home/me/maedongyee_ws/install/aicar_msgs/share/aicar_msgs/rust/src/msg
[11.477s] -- Installing: /home/me/maedongyee_ws/install/aicar_msgs/share/aicar_msgs/rust/src/msg/rmw.rs
[11.477s] -- Installing: /home/me/maedongyee_ws/install/aicar_msgs/share/aicar_msgs/rust/src/lib.rs
[11.477s] -- Installing: /home/me/maedongyee_ws/install/aicar_msgs/share/aicar_msgs/rust/src/msg.rs
[11.477s] -- Installing: /home/me/maedongyee_ws/install/aicar_msgs/share/aicar_msgs/rust/Cargo.toml
[11.477s] -- Installing: /home/me/maedongyee_ws/install/aicar_msgs/share/aicar_msgs/msg/LaneInfo.idl
[11.478s] -- Installing: /home/me/maedongyee_ws/install/aicar_msgs/share/aicar_msgs/msg/LaneInfo.msg
[11.478s] -- Installing: /home/me/maedongyee_ws/install/aicar_msgs/share/ament_index/resource_index/package_run_dependencies/aicar_msgs
[11.478s] -- Installing: /home/me/maedongyee_ws/install/aicar_msgs/share/ament_index/resource_index/parent_prefix_path/aicar_msgs
[11.478s] -- Installing: /home/me/maedongyee_ws/install/aicar_msgs/share/aicar_msgs/environment/ament_prefix_path.sh
[11.479s] -- Installing: /home/me/maedongyee_ws/install/aicar_msgs/share/aicar_msgs/environment/ament_prefix_path.dsv
[11.479s] -- Installing: /home/me/maedongyee_ws/install/aicar_msgs/share/aicar_msgs/environment/path.sh
[11.479s] -- Installing: /home/me/maedongyee_ws/install/aicar_msgs/share/aicar_msgs/environment/path.dsv
[11.479s] -- Installing: /home/me/maedongyee_ws/install/aicar_msgs/share/aicar_msgs/local_setup.bash
[11.479s] -- Installing: /home/me/maedongyee_ws/install/aicar_msgs/share/aicar_msgs/local_setup.sh
[11.480s] -- Installing: /home/me/maedongyee_ws/install/aicar_msgs/share/aicar_msgs/local_setup.zsh
[11.480s] -- Installing: /home/me/maedongyee_ws/install/aicar_msgs/share/aicar_msgs/local_setup.dsv
[11.480s] -- Installing: /home/me/maedongyee_ws/install/aicar_msgs/share/aicar_msgs/package.dsv
[11.480s] -- Installing: /home/me/maedongyee_ws/install/aicar_msgs/share/ament_index/resource_index/packages/aicar_msgs
[11.480s] -- Installing: /home/me/maedongyee_ws/install/aicar_msgs/share/aicar_msgs/cmake/export_aicar_msgs__rosidl_generator_cExport.cmake
[11.481s] -- Installing: /home/me/maedongyee_ws/install/aicar_msgs/share/aicar_msgs/cmake/export_aicar_msgs__rosidl_generator_cExport-noconfig.cmake
[11.481s] -- Installing: /home/me/maedongyee_ws/install/aicar_msgs/share/aicar_msgs/cmake/export_aicar_msgs__rosidl_typesupport_fastrtps_cExport.cmake
[11.481s] -- Installing: /home/me/maedongyee_ws/install/aicar_msgs/share/aicar_msgs/cmake/export_aicar_msgs__rosidl_typesupport_fastrtps_cExport-noconfig.cmake
[11.481s] -- Installing: /home/me/maedongyee_ws/install/aicar_msgs/share/aicar_msgs/cmake/aicar_msgs__rosidl_typesupport_introspection_cExport.cmake
[11.482s] -- Installing: /home/me/maedongyee_ws/install/aicar_msgs/share/aicar_msgs/cmake/aicar_msgs__rosidl_typesupport_introspection_cExport-noconfig.cmake
[11.482s] -- Installing: /home/me/maedongyee_ws/install/aicar_msgs/share/aicar_msgs/cmake/aicar_msgs__rosidl_typesupport_cExport.cmake
[11.482s] -- Installing: /home/me/maedongyee_ws/install/aicar_msgs/share/aicar_msgs/cmake/aicar_msgs__rosidl_typesupport_cExport-noconfig.cmake
[11.483s] -- Installing: /home/me/maedongyee_ws/install/aicar_msgs/share/aicar_msgs/cmake/export_aicar_msgs__rosidl_generator_cppExport.cmake
[11.483s] -- Installing: /home/me/maedongyee_ws/install/aicar_msgs/share/aicar_msgs/cmake/export_aicar_msgs__rosidl_typesupport_fastrtps_cppExport.cmake
[11.483s] -- Installing: /home/me/maedongyee_ws/install/aicar_msgs/share/aicar_msgs/cmake/export_aicar_msgs__rosidl_typesupport_fastrtps_cppExport-noconfig.cmake
[11.484s] -- Installing: /home/me/maedongyee_ws/install/aicar_msgs/share/aicar_msgs/cmake/aicar_msgs__rosidl_typesupport_introspection_cppExport.cmake
[11.484s] -- Installing: /home/me/maedongyee_ws/install/aicar_msgs/share/aicar_msgs/cmake/aicar_msgs__rosidl_typesupport_introspection_cppExport-noconfig.cmake
[11.485s] -- Installing: /home/me/maedongyee_ws/install/aicar_msgs/share/aicar_msgs/cmake/aicar_msgs__rosidl_typesupport_cppExport.cmake
[11.485s] -- Installing: /home/me/maedongyee_ws/install/aicar_msgs/share/aicar_msgs/cmake/aicar_msgs__rosidl_typesupport_cppExport-noconfig.cmake
[11.485s] -- Installing: /home/me/maedongyee_ws/install/aicar_msgs/share/aicar_msgs/cmake/export_aicar_msgs__rosidl_generator_pyExport.cmake
[11.485s] -- Installing: /home/me/maedongyee_ws/install/aicar_msgs/share/aicar_msgs/cmake/export_aicar_msgs__rosidl_generator_pyExport-noconfig.cmake
[11.485s] -- Installing: /home/me/maedongyee_ws/install/aicar_msgs/share/aicar_msgs/cmake/rosidl_cmake-extras.cmake
[11.485s] -- Installing: /home/me/maedongyee_ws/install/aicar_msgs/share/aicar_msgs/cmake/ament_cmake_export_dependencies-extras.cmake
[11.486s] -- Installing: /home/me/maedongyee_ws/install/aicar_msgs/share/aicar_msgs/cmake/ament_cmake_export_include_directories-extras.cmake
[11.486s] -- Installing: /home/me/maedongyee_ws/install/aicar_msgs/share/aicar_msgs/cmake/ament_cmake_export_libraries-extras.cmake
[11.486s] -- Installing: /home/me/maedongyee_ws/install/aicar_msgs/share/aicar_msgs/cmake/ament_cmake_export_targets-extras.cmake
[11.486s] -- Installing: /home/me/maedongyee_ws/install/aicar_msgs/share/aicar_msgs/cmake/rosidl_cmake_export_typesupport_targets-extras.cmake
[11.488s] -- Installing: /home/me/maedongyee_ws/install/aicar_msgs/share/aicar_msgs/cmake/rosidl_cmake_export_typesupport_libraries-extras.cmake
[11.489s] -- Installing: /home/me/maedongyee_ws/install/aicar_msgs/share/aicar_msgs/cmake/aicar_msgsConfig.cmake
[11.489s] -- Installing: /home/me/maedongyee_ws/install/aicar_msgs/share/aicar_msgs/cmake/aicar_msgsConfig-version.cmake
[11.489s] -- Installing: /home/me/maedongyee_ws/install/aicar_msgs/share/aicar_msgs/package.xml
[11.495s] Invoked command in '/home/me/maedongyee_ws/build/aicar_msgs' returned '0': CMAKE_PREFIX_PATH=${CMAKE_PREFIX_PATH}:/home/me/maedongyee_ws/install/aicar_vision:/home/me/maedongyee_ws/install/aicar_ui:/home/me/maedongyee_ws/install/aicar_controller:/home/me/maedongyee_ws/install/aicar_driver:/opt/ros/jazzy DEBUGINFOD_URLS=https://debuginfod.ubuntu.com /usr/bin/cmake --install /home/me/maedongyee_ws/build/aicar_msgs
