[1.897s] Invoking command in '/home/me/maedongyee_ws/aicar_controller': CMAKE_PREFIX_PATH=/home/me/maedongyee_ws/install/aicar_msgs:/home/me/maedongyee_ws/install/aicar_bringup:/opt/ros/jazzy/opt/gz_math_vendor:/opt/ros/jazzy/opt/gz_utils_vendor:/opt/ros/jazzy/opt/gz_cmake_vendor DEBUGINFOD_URLS=https://debuginfod.ubuntu.com PYTHONPATH=/home/me/maedongyee_ws/build/aicar_controller/prefix_override:/usr/lib/python3/dist-packages/colcon_core/task/python/colcon_distutils_commands:/home/me/maedongyee_ws/install/aicar_controller/lib/python3.12/site-packages:/home/me/maedongyee_ws/install/aicar_msgs/lib/python3.12/site-packages:/home/me/maedongyee_ws/install/aicar_vision/lib/python3.12/site-packages:/home/me/maedongyee_ws/install/aicar_ui/lib/python3.12/site-packages:/home/me/maedongyee_ws/install/aicar_controller/lib/python3.12/site-packages:/home/me/maedongyee_ws/install/aicar_driver/lib/python3.12/site-packages:/opt/ros/jazzy/lib/python3.12/site-packages /usr/bin/python3 -W ignore:setup.py install is deprecated -W ignore:easy_install command is deprecated setup.py egg_info --egg-base ../build/aicar_controller build --build-base /home/me/maedongyee_ws/build/aicar_controller/build install --record /home/me/maedongyee_ws/build/aicar_controller/install.log --single-version-externally-managed install_data
[2.418s] running egg_info
[2.449s] writing ../build/aicar_controller/aicar_controller.egg-info/PKG-INFO
[2.449s] writing dependency_links to ../build/aicar_controller/aicar_controller.egg-info/dependency_links.txt
[2.450s] writing entry points to ../build/aicar_controller/aicar_controller.egg-info/entry_points.txt
[2.451s] writing requirements to ../build/aicar_controller/aicar_controller.egg-info/requires.txt
[2.452s] writing top-level names to ../build/aicar_controller/aicar_controller.egg-info/top_level.txt
[2.513s] reading manifest file '../build/aicar_controller/aicar_controller.egg-info/SOURCES.txt'
[2.514s] writing manifest file '../build/aicar_controller/aicar_controller.egg-info/SOURCES.txt'
[2.514s] running build
[2.515s] running build_py
[2.515s] copying aicar_controller/driving_controller_node.py -> /home/me/maedongyee_ws/build/aicar_controller/build/lib/aicar_controller
[2.515s] copying aicar_controller/constants.py -> /home/me/maedongyee_ws/build/aicar_controller/build/lib/aicar_controller
[2.516s] running install
[2.525s] running install_lib
[2.558s] copying /home/me/maedongyee_ws/build/aicar_controller/build/lib/aicar_controller/driving_controller_node.py -> /home/me/maedongyee_ws/install/aicar_controller/lib/python3.12/site-packages/aicar_controller
[2.558s] copying /home/me/maedongyee_ws/build/aicar_controller/build/lib/aicar_controller/constants.py -> /home/me/maedongyee_ws/install/aicar_controller/lib/python3.12/site-packages/aicar_controller
[2.559s] byte-compiling /home/me/maedongyee_ws/install/aicar_controller/lib/python3.12/site-packages/aicar_controller/driving_controller_node.py to driving_controller_node.cpython-312.pyc
[2.564s] byte-compiling /home/me/maedongyee_ws/install/aicar_controller/lib/python3.12/site-packages/aicar_controller/constants.py to constants.cpython-312.pyc
[2.565s] running install_data
[2.565s] running install_egg_info
[2.597s] removing '/home/me/maedongyee_ws/install/aicar_controller/lib/python3.12/site-packages/aicar_controller-0.2.0-py3.12.egg-info' (and everything under it)
[2.597s] Copying ../build/aicar_controller/aicar_controller.egg-info to /home/me/maedongyee_ws/install/aicar_controller/lib/python3.12/site-packages/aicar_controller-0.2.0-py3.12.egg-info
[2.601s] running install_scripts
[2.803s] Installing driving_controller_node script to /home/me/maedongyee_ws/install/aicar_controller/lib/aicar_controller
[2.803s] writing list of installed files to '/home/me/maedongyee_ws/build/aicar_controller/install.log'
[2.892s] Invoked command in '/home/me/maedongyee_ws/aicar_controller' returned '0': CMAKE_PREFIX_PATH=/home/me/maedongyee_ws/install/aicar_msgs:/home/me/maedongyee_ws/install/aicar_bringup:/opt/ros/jazzy/opt/gz_math_vendor:/opt/ros/jazzy/opt/gz_utils_vendor:/opt/ros/jazzy/opt/gz_cmake_vendor DEBUGINFOD_URLS=https://debuginfod.ubuntu.com PYTHONPATH=/home/me/maedongyee_ws/build/aicar_controller/prefix_override:/usr/lib/python3/dist-packages/colcon_core/task/python/colcon_distutils_commands:/home/me/maedongyee_ws/install/aicar_controller/lib/python3.12/site-packages:/home/me/maedongyee_ws/install/aicar_msgs/lib/python3.12/site-packages:/home/me/maedongyee_ws/install/aicar_vision/lib/python3.12/site-packages:/home/me/maedongyee_ws/install/aicar_ui/lib/python3.12/site-packages:/home/me/maedongyee_ws/install/aicar_controller/lib/python3.12/site-packages:/home/me/maedongyee_ws/install/aicar_driver/lib/python3.12/site-packages:/opt/ros/jazzy/lib/python3.12/site-packages /usr/bin/python3 -W ignore:setup.py install is deprecated -W ignore:easy_install command is deprecated setup.py egg_info --egg-base ../build/aicar_controller build --build-base /home/me/maedongyee_ws/build/aicar_controller/build install --record /home/me/maedongyee_ws/build/aicar_controller/install.log --single-version-externally-managed install_data
