[0.333s] DEBUG:colcon:Command line arguments: ['/usr/bin/colcon', 'build']
[0.333s] DEBUG:colcon:Parsed command line arguments: Namespace(log_base=None, log_level=None, verb_name='build', build_base='build', install_base='install', merge_install=False, symlink_install=False, test_result_base=None, continue_on_error=False, executor='parallel', parallel_workers=4, event_handlers=None, ignore_user_meta=False, metas=['./colcon.meta'], base_paths=['.'], packages_ignore=None, packages_ignore_regex=None, paths=None, packages_up_to=None, packages_up_to_regex=None, packages_above=None, packages_above_and_dependencies=None, packages_above_depth=None, packages_select_by_dep=None, packages_skip_by_dep=None, packages_skip_up_to=None, packages_select_build_failed=False, packages_skip_build_finished=False, packages_select_test_failures=False, packages_skip_test_passed=False, packages_select=None, packages_skip=None, packages_select_regex=None, packages_skip_regex=None, packages_start=None, packages_end=None, allow_overriding=[], cmake_args=None, cmake_target=None, cmake_target_skip_unavailable=False, cmake_clean_cache=False, cmake_clean_first=False, cmake_force_configure=False, meson_args=[], ament_cmake_args=None, catkin_cmake_args=None, catkin_skip_building_tests=False, mixin_files=None, mixin=None, verb_parser=<colcon_mixin.mixin.mixin_argument.MixinArgumentDecorator object at 0xffff8c559940>, verb_extension=<colcon_core.verb.build.BuildVerb object at 0xffff8c715fa0>, main=<bound method BuildVerb.main of <colcon_core.verb.build.BuildVerb object at 0xffff8c715fa0>>, mixin_verb=('build',))
[0.389s] Level 1:colcon.colcon_core.package_discovery:discover_packages(colcon_meta) check parameters
[0.389s] Level 1:colcon.colcon_core.package_discovery:discover_packages(recursive) check parameters
[0.389s] Level 1:colcon.colcon_core.package_discovery:discover_packages(ignore) check parameters
[0.389s] Level 1:colcon.colcon_core.package_discovery:discover_packages(path) check parameters
[0.389s] Level 1:colcon.colcon_core.package_discovery:discover_packages(colcon_meta) discover
[0.389s] Level 1:colcon.colcon_core.package_discovery:discover_packages(recursive) discover
[0.389s] INFO:colcon.colcon_core.package_discovery:Crawling recursively for packages in '/home/me/maedongyee_ws'
[0.389s] Level 1:colcon.colcon_core.package_identification:_identify(.) by extensions ['ignore', 'ignore_ament_install']
[0.389s] Level 1:colcon.colcon_core.package_identification:_identify(.) by extension 'ignore'
[0.389s] Level 1:colcon.colcon_core.package_identification:_identify(.) by extension 'ignore_ament_install'
[0.390s] Level 1:colcon.colcon_core.package_identification:_identify(.) by extensions ['colcon_pkg']
[0.390s] Level 1:colcon.colcon_core.package_identification:_identify(.) by extension 'colcon_pkg'
[0.390s] Level 1:colcon.colcon_core.package_identification:_identify(.) by extensions ['colcon_meta']
[0.390s] Level 1:colcon.colcon_core.package_identification:_identify(.) by extension 'colcon_meta'
[0.390s] Level 1:colcon.colcon_core.package_identification:_identify(.) by extensions ['ros']
[0.390s] Level 1:colcon.colcon_core.package_identification:_identify(.) by extension 'ros'
[0.454s] Level 1:colcon.colcon_core.package_identification:_identify(.) by extensions ['cmake', 'meson', 'python']
[0.454s] Level 1:colcon.colcon_core.package_identification:_identify(.) by extension 'cmake'
[0.454s] Level 1:colcon.colcon_core.package_identification:_identify(.) by extension 'meson'
[0.456s] Level 1:colcon.colcon_core.package_identification:_identify(.) by extension 'python'
[0.456s] Level 1:colcon.colcon_core.package_identification:_identify(.) by extensions ['python_setup_py']
[0.456s] Level 1:colcon.colcon_core.package_identification:_identify(.) by extension 'python_setup_py'
[0.456s] Level 1:colcon.colcon_core.package_identification:_identify(aicar_bringup) by extensions ['ignore', 'ignore_ament_install']
[0.457s] Level 1:colcon.colcon_core.package_identification:_identify(aicar_bringup) by extension 'ignore'
[0.457s] Level 1:colcon.colcon_core.package_identification:_identify(aicar_bringup) by extension 'ignore_ament_install'
[0.457s] Level 1:colcon.colcon_core.package_identification:_identify(aicar_bringup) by extensions ['colcon_pkg']
[0.457s] Level 1:colcon.colcon_core.package_identification:_identify(aicar_bringup) by extension 'colcon_pkg'
[0.457s] Level 1:colcon.colcon_core.package_identification:_identify(aicar_bringup) by extensions ['colcon_meta']
[0.457s] Level 1:colcon.colcon_core.package_identification:_identify(aicar_bringup) by extension 'colcon_meta'
[0.457s] Level 1:colcon.colcon_core.package_identification:_identify(aicar_bringup) by extensions ['ros']
[0.457s] Level 1:colcon.colcon_core.package_identification:_identify(aicar_bringup) by extension 'ros'
[0.460s] DEBUG:colcon.colcon_core.package_identification:Package 'aicar_bringup' with type 'ros.ament_cmake' and name 'aicar_bringup'
[0.460s] Level 1:colcon.colcon_core.package_identification:_identify(aicar_controller) by extensions ['ignore', 'ignore_ament_install']
[0.460s] Level 1:colcon.colcon_core.package_identification:_identify(aicar_controller) by extension 'ignore'
[0.460s] Level 1:colcon.colcon_core.package_identification:_identify(aicar_controller) by extension 'ignore_ament_install'
[0.460s] Level 1:colcon.colcon_core.package_identification:_identify(aicar_controller) by extensions ['colcon_pkg']
[0.460s] Level 1:colcon.colcon_core.package_identification:_identify(aicar_controller) by extension 'colcon_pkg'
[0.460s] Level 1:colcon.colcon_core.package_identification:_identify(aicar_controller) by extensions ['colcon_meta']
[0.460s] Level 1:colcon.colcon_core.package_identification:_identify(aicar_controller) by extension 'colcon_meta'
[0.461s] Level 1:colcon.colcon_core.package_identification:_identify(aicar_controller) by extensions ['ros']
[0.461s] Level 1:colcon.colcon_core.package_identification:_identify(aicar_controller) by extension 'ros'
[0.461s] DEBUG:colcon.colcon_core.package_identification:Package 'aicar_controller' with type 'ros.ament_python' and name 'aicar_controller'
[0.461s] Level 1:colcon.colcon_core.package_identification:_identify(aicar_driver) by extensions ['ignore', 'ignore_ament_install']
[0.461s] Level 1:colcon.colcon_core.package_identification:_identify(aicar_driver) by extension 'ignore'
[0.461s] Level 1:colcon.colcon_core.package_identification:_identify(aicar_driver) by extension 'ignore_ament_install'
[0.462s] Level 1:colcon.colcon_core.package_identification:_identify(aicar_driver) by extensions ['colcon_pkg']
[0.462s] Level 1:colcon.colcon_core.package_identification:_identify(aicar_driver) by extension 'colcon_pkg'
[0.462s] Level 1:colcon.colcon_core.package_identification:_identify(aicar_driver) by extensions ['colcon_meta']
[0.462s] Level 1:colcon.colcon_core.package_identification:_identify(aicar_driver) by extension 'colcon_meta'
[0.462s] Level 1:colcon.colcon_core.package_identification:_identify(aicar_driver) by extensions ['ros']
[0.462s] Level 1:colcon.colcon_core.package_identification:_identify(aicar_driver) by extension 'ros'
[0.462s] DEBUG:colcon.colcon_core.package_identification:Package 'aicar_driver' with type 'ros.ament_python' and name 'aicar_driver'
[0.462s] Level 1:colcon.colcon_core.package_identification:_identify(aicar_msgs) by extensions ['ignore', 'ignore_ament_install']
[0.462s] Level 1:colcon.colcon_core.package_identification:_identify(aicar_msgs) by extension 'ignore'
[0.463s] Level 1:colcon.colcon_core.package_identification:_identify(aicar_msgs) by extension 'ignore_ament_install'
[0.463s] Level 1:colcon.colcon_core.package_identification:_identify(aicar_msgs) by extensions ['colcon_pkg']
[0.463s] Level 1:colcon.colcon_core.package_identification:_identify(aicar_msgs) by extension 'colcon_pkg'
[0.463s] Level 1:colcon.colcon_core.package_identification:_identify(aicar_msgs) by extensions ['colcon_meta']
[0.463s] Level 1:colcon.colcon_core.package_identification:_identify(aicar_msgs) by extension 'colcon_meta'
[0.463s] Level 1:colcon.colcon_core.package_identification:_identify(aicar_msgs) by extensions ['ros']
[0.463s] Level 1:colcon.colcon_core.package_identification:_identify(aicar_msgs) by extension 'ros'
[0.463s] DEBUG:colcon.colcon_core.package_identification:Package 'aicar_msgs' with type 'ros.ament_cmake' and name 'aicar_msgs'
[0.463s] Level 1:colcon.colcon_core.package_identification:_identify(aicar_ui) by extensions ['ignore', 'ignore_ament_install']
[0.464s] Level 1:colcon.colcon_core.package_identification:_identify(aicar_ui) by extension 'ignore'
[0.464s] Level 1:colcon.colcon_core.package_identification:_identify(aicar_ui) by extension 'ignore_ament_install'
[0.464s] Level 1:colcon.colcon_core.package_identification:_identify(aicar_ui) by extensions ['colcon_pkg']
[0.464s] Level 1:colcon.colcon_core.package_identification:_identify(aicar_ui) by extension 'colcon_pkg'
[0.464s] Level 1:colcon.colcon_core.package_identification:_identify(aicar_ui) by extensions ['colcon_meta']
[0.464s] Level 1:colcon.colcon_core.package_identification:_identify(aicar_ui) by extension 'colcon_meta'
[0.464s] Level 1:colcon.colcon_core.package_identification:_identify(aicar_ui) by extensions ['ros']
[0.464s] Level 1:colcon.colcon_core.package_identification:_identify(aicar_ui) by extension 'ros'
[0.464s] DEBUG:colcon.colcon_core.package_identification:Package 'aicar_ui' with type 'ros.ament_python' and name 'aicar_ui'
[0.465s] Level 1:colcon.colcon_core.package_identification:_identify(aicar_vision) by extensions ['ignore', 'ignore_ament_install']
[0.465s] Level 1:colcon.colcon_core.package_identification:_identify(aicar_vision) by extension 'ignore'
[0.465s] Level 1:colcon.colcon_core.package_identification:_identify(aicar_vision) by extension 'ignore_ament_install'
[0.465s] Level 1:colcon.colcon_core.package_identification:_identify(aicar_vision) by extensions ['colcon_pkg']
[0.465s] Level 1:colcon.colcon_core.package_identification:_identify(aicar_vision) by extension 'colcon_pkg'
[0.465s] Level 1:colcon.colcon_core.package_identification:_identify(aicar_vision) by extensions ['colcon_meta']
[0.465s] Level 1:colcon.colcon_core.package_identification:_identify(aicar_vision) by extension 'colcon_meta'
[0.465s] Level 1:colcon.colcon_core.package_identification:_identify(aicar_vision) by extensions ['ros']
[0.465s] Level 1:colcon.colcon_core.package_identification:_identify(aicar_vision) by extension 'ros'
[0.465s] DEBUG:colcon.colcon_core.package_identification:Package 'aicar_vision' with type 'ros.ament_python' and name 'aicar_vision'
[0.466s] Level 1:colcon.colcon_core.package_identification:_identify(build) by extensions ['ignore', 'ignore_ament_install']
[0.466s] Level 1:colcon.colcon_core.package_identification:_identify(build) by extension 'ignore'
[0.466s] Level 1:colcon.colcon_core.package_identification:_identify(build) ignored
[0.466s] Level 1:colcon.colcon_core.package_identification:_identify(install) by extensions ['ignore', 'ignore_ament_install']
[0.466s] Level 1:colcon.colcon_core.package_identification:_identify(install) by extension 'ignore'
[0.466s] Level 1:colcon.colcon_core.package_identification:_identify(install) ignored
[0.466s] Level 1:colcon.colcon_core.package_identification:_identify(log) by extensions ['ignore', 'ignore_ament_install']
[0.466s] Level 1:colcon.colcon_core.package_identification:_identify(log) by extension 'ignore'
[0.466s] Level 1:colcon.colcon_core.package_identification:_identify(log) ignored
[0.466s] Level 1:colcon.colcon_core.package_discovery:discover_packages(recursive) using defaults
[0.466s] Level 1:colcon.colcon_core.package_discovery:discover_packages(ignore) discover
[0.466s] Level 1:colcon.colcon_core.package_discovery:discover_packages(ignore) using defaults
[0.466s] Level 1:colcon.colcon_core.package_discovery:discover_packages(path) discover
[0.466s] Level 1:colcon.colcon_core.package_discovery:discover_packages(path) using defaults
[0.487s] Level 1:colcon.colcon_core.package_discovery:discover_packages(prefix_path) check parameters
[0.487s] Level 1:colcon.colcon_core.package_discovery:discover_packages(prefix_path) discover
[0.490s] DEBUG:colcon.colcon_installed_package_information.package_discovery:Found 6 installed packages in /home/me/maedongyee_ws/install
[0.492s] DEBUG:colcon.colcon_installed_package_information.package_discovery:Found 292 installed packages in /opt/ros/jazzy
[0.495s] Level 1:colcon.colcon_core.package_discovery:discover_packages(prefix_path) using defaults
[0.568s] Level 5:colcon.colcon_core.verb:set package 'aicar_driver' build argument 'cmake_args' from command line to 'None'
[0.568s] Level 5:colcon.colcon_core.verb:set package 'aicar_driver' build argument 'cmake_target' from command line to 'None'
[0.568s] Level 5:colcon.colcon_core.verb:set package 'aicar_driver' build argument 'cmake_target_skip_unavailable' from command line to 'False'
[0.568s] Level 5:colcon.colcon_core.verb:set package 'aicar_driver' build argument 'cmake_clean_cache' from command line to 'False'
[0.568s] Level 5:colcon.colcon_core.verb:set package 'aicar_driver' build argument 'cmake_clean_first' from command line to 'False'
[0.568s] Level 5:colcon.colcon_core.verb:set package 'aicar_driver' build argument 'cmake_force_configure' from command line to 'False'
[0.568s] Level 5:colcon.colcon_core.verb:set package 'aicar_driver' build argument 'meson_args' from command line to '[]'
[0.568s] Level 5:colcon.colcon_core.verb:set package 'aicar_driver' build argument 'ament_cmake_args' from command line to 'None'
[0.568s] Level 5:colcon.colcon_core.verb:set package 'aicar_driver' build argument 'catkin_cmake_args' from command line to 'None'
[0.568s] Level 5:colcon.colcon_core.verb:set package 'aicar_driver' build argument 'catkin_skip_building_tests' from command line to 'False'
[0.568s] DEBUG:colcon.colcon_core.verb:Building package 'aicar_driver' with the following arguments: {'ament_cmake_args': None, 'build_base': '/home/me/maedongyee_ws/build/aicar_driver', 'catkin_cmake_args': None, 'catkin_skip_building_tests': False, 'cmake_args': None, 'cmake_clean_cache': False, 'cmake_clean_first': False, 'cmake_force_configure': False, 'cmake_target': None, 'cmake_target_skip_unavailable': False, 'install_base': '/home/me/maedongyee_ws/install/aicar_driver', 'merge_install': False, 'meson_args': [], 'path': '/home/me/maedongyee_ws/aicar_driver', 'symlink_install': False, 'test_result_base': None}
[0.581s] Level 5:colcon.colcon_core.verb:set package 'aicar_msgs' build argument 'cmake_args' from command line to 'None'
[0.581s] Level 5:colcon.colcon_core.verb:set package 'aicar_msgs' build argument 'cmake_target' from command line to 'None'
[0.581s] Level 5:colcon.colcon_core.verb:set package 'aicar_msgs' build argument 'cmake_target_skip_unavailable' from command line to 'False'
[0.581s] Level 5:colcon.colcon_core.verb:set package 'aicar_msgs' build argument 'cmake_clean_cache' from command line to 'False'
[0.581s] Level 5:colcon.colcon_core.verb:set package 'aicar_msgs' build argument 'cmake_clean_first' from command line to 'False'
[0.581s] Level 5:colcon.colcon_core.verb:set package 'aicar_msgs' build argument 'cmake_force_configure' from command line to 'False'
[0.581s] Level 5:colcon.colcon_core.verb:set package 'aicar_msgs' build argument 'meson_args' from command line to '[]'
[0.581s] Level 5:colcon.colcon_core.verb:set package 'aicar_msgs' build argument 'ament_cmake_args' from command line to 'None'
[0.581s] Level 5:colcon.colcon_core.verb:set package 'aicar_msgs' build argument 'catkin_cmake_args' from command line to 'None'
[0.581s] Level 5:colcon.colcon_core.verb:set package 'aicar_msgs' build argument 'catkin_skip_building_tests' from command line to 'False'
[0.582s] DEBUG:colcon.colcon_core.verb:Building package 'aicar_msgs' with the following arguments: {'ament_cmake_args': None, 'build_base': '/home/me/maedongyee_ws/build/aicar_msgs', 'catkin_cmake_args': None, 'catkin_skip_building_tests': False, 'cmake_args': None, 'cmake_clean_cache': False, 'cmake_clean_first': False, 'cmake_force_configure': False, 'cmake_target': None, 'cmake_target_skip_unavailable': False, 'install_base': '/home/me/maedongyee_ws/install/aicar_msgs', 'merge_install': False, 'meson_args': [], 'path': '/home/me/maedongyee_ws/aicar_msgs', 'symlink_install': False, 'test_result_base': None}
[0.594s] Level 5:colcon.colcon_core.verb:set package 'aicar_ui' build argument 'cmake_args' from command line to 'None'
[0.595s] Level 5:colcon.colcon_core.verb:set package 'aicar_ui' build argument 'cmake_target' from command line to 'None'
[0.595s] Level 5:colcon.colcon_core.verb:set package 'aicar_ui' build argument 'cmake_target_skip_unavailable' from command line to 'False'
[0.595s] Level 5:colcon.colcon_core.verb:set package 'aicar_ui' build argument 'cmake_clean_cache' from command line to 'False'
[0.595s] Level 5:colcon.colcon_core.verb:set package 'aicar_ui' build argument 'cmake_clean_first' from command line to 'False'
[0.595s] Level 5:colcon.colcon_core.verb:set package 'aicar_ui' build argument 'cmake_force_configure' from command line to 'False'
[0.595s] Level 5:colcon.colcon_core.verb:set package 'aicar_ui' build argument 'meson_args' from command line to '[]'
[0.595s] Level 5:colcon.colcon_core.verb:set package 'aicar_ui' build argument 'ament_cmake_args' from command line to 'None'
[0.595s] Level 5:colcon.colcon_core.verb:set package 'aicar_ui' build argument 'catkin_cmake_args' from command line to 'None'
[0.595s] Level 5:colcon.colcon_core.verb:set package 'aicar_ui' build argument 'catkin_skip_building_tests' from command line to 'False'
[0.595s] DEBUG:colcon.colcon_core.verb:Building package 'aicar_ui' with the following arguments: {'ament_cmake_args': None, 'build_base': '/home/me/maedongyee_ws/build/aicar_ui', 'catkin_cmake_args': None, 'catkin_skip_building_tests': False, 'cmake_args': None, 'cmake_clean_cache': False, 'cmake_clean_first': False, 'cmake_force_configure': False, 'cmake_target': None, 'cmake_target_skip_unavailable': False, 'install_base': '/home/me/maedongyee_ws/install/aicar_ui', 'merge_install': False, 'meson_args': [], 'path': '/home/me/maedongyee_ws/aicar_ui', 'symlink_install': False, 'test_result_base': None}
[0.608s] Level 5:colcon.colcon_core.verb:set package 'aicar_controller' build argument 'cmake_args' from command line to 'None'
[0.608s] Level 5:colcon.colcon_core.verb:set package 'aicar_controller' build argument 'cmake_target' from command line to 'None'
[0.608s] Level 5:colcon.colcon_core.verb:set package 'aicar_controller' build argument 'cmake_target_skip_unavailable' from command line to 'False'
[0.608s] Level 5:colcon.colcon_core.verb:set package 'aicar_controller' build argument 'cmake_clean_cache' from command line to 'False'
[0.608s] Level 5:colcon.colcon_core.verb:set package 'aicar_controller' build argument 'cmake_clean_first' from command line to 'False'
[0.608s] Level 5:colcon.colcon_core.verb:set package 'aicar_controller' build argument 'cmake_force_configure' from command line to 'False'
[0.608s] Level 5:colcon.colcon_core.verb:set package 'aicar_controller' build argument 'meson_args' from command line to '[]'
[0.608s] Level 5:colcon.colcon_core.verb:set package 'aicar_controller' build argument 'ament_cmake_args' from command line to 'None'
[0.608s] Level 5:colcon.colcon_core.verb:set package 'aicar_controller' build argument 'catkin_cmake_args' from command line to 'None'
[0.608s] Level 5:colcon.colcon_core.verb:set package 'aicar_controller' build argument 'catkin_skip_building_tests' from command line to 'False'
[0.608s] DEBUG:colcon.colcon_core.verb:Building package 'aicar_controller' with the following arguments: {'ament_cmake_args': None, 'build_base': '/home/me/maedongyee_ws/build/aicar_controller', 'catkin_cmake_args': None, 'catkin_skip_building_tests': False, 'cmake_args': None, 'cmake_clean_cache': False, 'cmake_clean_first': False, 'cmake_force_configure': False, 'cmake_target': None, 'cmake_target_skip_unavailable': False, 'install_base': '/home/me/maedongyee_ws/install/aicar_controller', 'merge_install': False, 'meson_args': [], 'path': '/home/me/maedongyee_ws/aicar_controller', 'symlink_install': False, 'test_result_base': None}
[0.623s] Level 5:colcon.colcon_core.verb:set package 'aicar_vision' build argument 'cmake_args' from command line to 'None'
[0.623s] Level 5:colcon.colcon_core.verb:set package 'aicar_vision' build argument 'cmake_target' from command line to 'None'
[0.623s] Level 5:colcon.colcon_core.verb:set package 'aicar_vision' build argument 'cmake_target_skip_unavailable' from command line to 'False'
[0.623s] Level 5:colcon.colcon_core.verb:set package 'aicar_vision' build argument 'cmake_clean_cache' from command line to 'False'
[0.623s] Level 5:colcon.colcon_core.verb:set package 'aicar_vision' build argument 'cmake_clean_first' from command line to 'False'
[0.623s] Level 5:colcon.colcon_core.verb:set package 'aicar_vision' build argument 'cmake_force_configure' from command line to 'False'
[0.623s] Level 5:colcon.colcon_core.verb:set package 'aicar_vision' build argument 'meson_args' from command line to '[]'
[0.624s] Level 5:colcon.colcon_core.verb:set package 'aicar_vision' build argument 'ament_cmake_args' from command line to 'None'
[0.624s] Level 5:colcon.colcon_core.verb:set package 'aicar_vision' build argument 'catkin_cmake_args' from command line to 'None'
[0.624s] Level 5:colcon.colcon_core.verb:set package 'aicar_vision' build argument 'catkin_skip_building_tests' from command line to 'False'
[0.624s] DEBUG:colcon.colcon_core.verb:Building package 'aicar_vision' with the following arguments: {'ament_cmake_args': None, 'build_base': '/home/me/maedongyee_ws/build/aicar_vision', 'catkin_cmake_args': None, 'catkin_skip_building_tests': False, 'cmake_args': None, 'cmake_clean_cache': False, 'cmake_clean_first': False, 'cmake_force_configure': False, 'cmake_target': None, 'cmake_target_skip_unavailable': False, 'install_base': '/home/me/maedongyee_ws/install/aicar_vision', 'merge_install': False, 'meson_args': [], 'path': '/home/me/maedongyee_ws/aicar_vision', 'symlink_install': False, 'test_result_base': None}
[0.636s] Level 5:colcon.colcon_core.verb:set package 'aicar_bringup' build argument 'cmake_args' from command line to 'None'
[0.636s] Level 5:colcon.colcon_core.verb:set package 'aicar_bringup' build argument 'cmake_target' from command line to 'None'
[0.636s] Level 5:colcon.colcon_core.verb:set package 'aicar_bringup' build argument 'cmake_target_skip_unavailable' from command line to 'False'
[0.636s] Level 5:colcon.colcon_core.verb:set package 'aicar_bringup' build argument 'cmake_clean_cache' from command line to 'False'
[0.637s] Level 5:colcon.colcon_core.verb:set package 'aicar_bringup' build argument 'cmake_clean_first' from command line to 'False'
[0.637s] Level 5:colcon.colcon_core.verb:set package 'aicar_bringup' build argument 'cmake_force_configure' from command line to 'False'
[0.637s] Level 5:colcon.colcon_core.verb:set package 'aicar_bringup' build argument 'meson_args' from command line to '[]'
[0.637s] Level 5:colcon.colcon_core.verb:set package 'aicar_bringup' build argument 'ament_cmake_args' from command line to 'None'
[0.637s] Level 5:colcon.colcon_core.verb:set package 'aicar_bringup' build argument 'catkin_cmake_args' from command line to 'None'
[0.637s] Level 5:colcon.colcon_core.verb:set package 'aicar_bringup' build argument 'catkin_skip_building_tests' from command line to 'False'
[0.637s] DEBUG:colcon.colcon_core.verb:Building package 'aicar_bringup' with the following arguments: {'ament_cmake_args': None, 'build_base': '/home/me/maedongyee_ws/build/aicar_bringup', 'catkin_cmake_args': None, 'catkin_skip_building_tests': False, 'cmake_args': None, 'cmake_clean_cache': False, 'cmake_clean_first': False, 'cmake_force_configure': False, 'cmake_target': None, 'cmake_target_skip_unavailable': False, 'install_base': '/home/me/maedongyee_ws/install/aicar_bringup', 'merge_install': False, 'meson_args': [], 'path': '/home/me/maedongyee_ws/aicar_bringup', 'symlink_install': False, 'test_result_base': None}
[0.637s] INFO:colcon.colcon_core.executor:Executing jobs using 'parallel' executor
[0.639s] DEBUG:colcon.colcon_parallel_executor.executor.parallel:run_until_complete
[0.639s] INFO:colcon.colcon_ros.task.ament_cmake.build:Building ROS package in '/home/me/maedongyee_ws/aicar_msgs' with build type 'ament_cmake'
[0.639s] INFO:colcon.colcon_cmake.task.cmake.build:Building CMake package in '/home/me/maedongyee_ws/aicar_msgs'
[0.644s] INFO:colcon.colcon_core.plugin_system:Skipping extension 'colcon_core.shell.bat': Not used on non-Windows systems
[0.644s] INFO:colcon.colcon_core.shell:Skip shell extension 'powershell' for command environment: Not usable outside of PowerShell
[0.644s] DEBUG:colcon.colcon_core.shell:Skip shell extension 'dsv' for command environment
[0.651s] INFO:colcon.colcon_ros.task.ament_python.build:Building ROS package in '/home/me/maedongyee_ws/aicar_driver' with build type 'ament_python'
[0.651s] Level 1:colcon.colcon_core.shell:create_environment_hook('aicar_driver', 'ament_prefix_path')
[0.652s] INFO:colcon.colcon_core.shell:Creating environment hook '/home/me/maedongyee_ws/install/aicar_driver/share/aicar_driver/hook/ament_prefix_path.ps1'
[0.655s] INFO:colcon.colcon_core.shell:Creating environment descriptor '/home/me/maedongyee_ws/install/aicar_driver/share/aicar_driver/hook/ament_prefix_path.dsv'
[0.656s] INFO:colcon.colcon_core.shell:Creating environment hook '/home/me/maedongyee_ws/install/aicar_driver/share/aicar_driver/hook/ament_prefix_path.sh'
[0.658s] INFO:colcon.colcon_core.shell:Skip shell extension 'powershell' for command environment: Not usable outside of PowerShell
[0.658s] DEBUG:colcon.colcon_core.shell:Skip shell extension 'dsv' for command environment
[0.664s] INFO:colcon.colcon_ros.task.ament_python.build:Building ROS package in '/home/me/maedongyee_ws/aicar_ui' with build type 'ament_python'
[0.664s] Level 1:colcon.colcon_core.shell:create_environment_hook('aicar_ui', 'ament_prefix_path')
[0.664s] INFO:colcon.colcon_core.shell:Creating environment hook '/home/me/maedongyee_ws/install/aicar_ui/share/aicar_ui/hook/ament_prefix_path.ps1'
[0.665s] INFO:colcon.colcon_core.shell:Creating environment descriptor '/home/me/maedongyee_ws/install/aicar_ui/share/aicar_ui/hook/ament_prefix_path.dsv'
[0.667s] INFO:colcon.colcon_core.shell:Creating environment hook '/home/me/maedongyee_ws/install/aicar_ui/share/aicar_ui/hook/ament_prefix_path.sh'
[0.668s] INFO:colcon.colcon_core.shell:Skip shell extension 'powershell' for command environment: Not usable outside of PowerShell
[0.668s] DEBUG:colcon.colcon_core.shell:Skip shell extension 'dsv' for command environment
[0.679s] DEBUG:colcon.colcon_core.event_handler.log_command:Invoking command in '/home/me/maedongyee_ws/build/aicar_msgs': CMAKE_PREFIX_PATH=${CMAKE_PREFIX_PATH}:/home/me/maedongyee_ws/install/aicar_vision:/home/me/maedongyee_ws/install/aicar_ui:/home/me/maedongyee_ws/install/aicar_controller:/home/me/maedongyee_ws/install/aicar_driver:/opt/ros/jazzy DEBUGINFOD_URLS=https://debuginfod.ubuntu.com /usr/bin/cmake --build /home/me/maedongyee_ws/build/aicar_msgs -- -j4 -l4
[1.062s] INFO:colcon.colcon_core.task.python.build:Building Python package in '/home/me/maedongyee_ws/aicar_driver'
[1.062s] INFO:colcon.colcon_core.shell:Skip shell extension 'powershell' for command environment: Not usable outside of PowerShell
[1.062s] DEBUG:colcon.colcon_core.shell:Skip shell extension 'dsv' for command environment
[1.445s] INFO:colcon.colcon_core.task.python.build:Building Python package in '/home/me/maedongyee_ws/aicar_ui'
[1.446s] INFO:colcon.colcon_core.shell:Skip shell extension 'powershell' for command environment: Not usable outside of PowerShell
[1.446s] DEBUG:colcon.colcon_core.shell:Skip shell extension 'dsv' for command environment
[2.727s] DEBUG:colcon.colcon_core.event_handler.log_command:Invoked command in '/home/me/maedongyee_ws/build/aicar_msgs' returned '0': CMAKE_PREFIX_PATH=${CMAKE_PREFIX_PATH}:/home/me/maedongyee_ws/install/aicar_vision:/home/me/maedongyee_ws/install/aicar_ui:/home/me/maedongyee_ws/install/aicar_controller:/home/me/maedongyee_ws/install/aicar_driver:/opt/ros/jazzy DEBUGINFOD_URLS=https://debuginfod.ubuntu.com /usr/bin/cmake --build /home/me/maedongyee_ws/build/aicar_msgs -- -j4 -l4
[2.756s] DEBUG:colcon.colcon_core.event_handler.log_command:Invoking command in '/home/me/maedongyee_ws/build/aicar_msgs': CMAKE_PREFIX_PATH=${CMAKE_PREFIX_PATH}:/home/me/maedongyee_ws/install/aicar_vision:/home/me/maedongyee_ws/install/aicar_ui:/home/me/maedongyee_ws/install/aicar_controller:/home/me/maedongyee_ws/install/aicar_driver:/opt/ros/jazzy DEBUGINFOD_URLS=https://debuginfod.ubuntu.com /usr/bin/cmake --install /home/me/maedongyee_ws/build/aicar_msgs
[2.995s] Level 1:colcon.colcon_core.environment:create_environment_scripts_only(aicar_msgs)
[2.995s] DEBUG:colcon.colcon_core.event_handler.log_command:Invoked command in '/home/me/maedongyee_ws/build/aicar_msgs' returned '0': CMAKE_PREFIX_PATH=${CMAKE_PREFIX_PATH}:/home/me/maedongyee_ws/install/aicar_vision:/home/me/maedongyee_ws/install/aicar_ui:/home/me/maedongyee_ws/install/aicar_controller:/home/me/maedongyee_ws/install/aicar_driver:/opt/ros/jazzy DEBUGINFOD_URLS=https://debuginfod.ubuntu.com /usr/bin/cmake --install /home/me/maedongyee_ws/build/aicar_msgs
[3.012s] Level 1:colcon.colcon_core.environment:checking '/home/me/maedongyee_ws/install/aicar_msgs' for CMake module files
[3.013s] Level 1:colcon.colcon_core.environment:checking '/home/me/maedongyee_ws/install/aicar_msgs' for CMake config files
[3.013s] Level 1:colcon.colcon_core.shell:create_environment_hook('aicar_msgs', 'cmake_prefix_path')
[3.014s] INFO:colcon.colcon_core.shell:Creating environment hook '/home/me/maedongyee_ws/install/aicar_msgs/share/aicar_msgs/hook/cmake_prefix_path.ps1'
[3.014s] INFO:colcon.colcon_core.shell:Creating environment descriptor '/home/me/maedongyee_ws/install/aicar_msgs/share/aicar_msgs/hook/cmake_prefix_path.dsv'
[3.016s] INFO:colcon.colcon_core.shell:Creating environment hook '/home/me/maedongyee_ws/install/aicar_msgs/share/aicar_msgs/hook/cmake_prefix_path.sh'
[3.018s] Level 1:colcon.colcon_core.environment:checking '/home/me/maedongyee_ws/install/aicar_msgs/lib'
[3.018s] Level 1:colcon.colcon_core.shell:create_environment_hook('aicar_msgs', 'ld_library_path_lib')
[3.018s] INFO:colcon.colcon_core.shell:Creating environment hook '/home/me/maedongyee_ws/install/aicar_msgs/share/aicar_msgs/hook/ld_library_path_lib.ps1'
[3.019s] INFO:colcon.colcon_core.shell:Creating environment descriptor '/home/me/maedongyee_ws/install/aicar_msgs/share/aicar_msgs/hook/ld_library_path_lib.dsv'
[3.020s] INFO:colcon.colcon_core.shell:Creating environment hook '/home/me/maedongyee_ws/install/aicar_msgs/share/aicar_msgs/hook/ld_library_path_lib.sh'
[3.021s] Level 1:colcon.colcon_core.environment:checking '/home/me/maedongyee_ws/install/aicar_msgs/bin'
[3.021s] Level 1:colcon.colcon_core.environment:checking '/home/me/maedongyee_ws/install/aicar_msgs/lib/pkgconfig/aicar_msgs.pc'
[3.021s] Level 1:colcon.colcon_core.environment:checking '/home/me/maedongyee_ws/install/aicar_msgs/lib/python3.12/site-packages'
[3.021s] Level 1:colcon.colcon_core.shell:create_environment_hook('aicar_msgs', 'pythonpath')
[3.022s] INFO:colcon.colcon_core.shell:Creating environment hook '/home/me/maedongyee_ws/install/aicar_msgs/share/aicar_msgs/hook/pythonpath.ps1'
[3.023s] INFO:colcon.colcon_core.shell:Creating environment descriptor '/home/me/maedongyee_ws/install/aicar_msgs/share/aicar_msgs/hook/pythonpath.dsv'
[3.024s] INFO:colcon.colcon_core.shell:Creating environment hook '/home/me/maedongyee_ws/install/aicar_msgs/share/aicar_msgs/hook/pythonpath.sh'
[3.025s] Level 1:colcon.colcon_core.environment:checking '/home/me/maedongyee_ws/install/aicar_msgs/bin'
[3.026s] INFO:colcon.colcon_core.shell:Creating package script '/home/me/maedongyee_ws/install/aicar_msgs/share/aicar_msgs/package.ps1'
[3.028s] INFO:colcon.colcon_core.shell:Creating package descriptor '/home/me/maedongyee_ws/install/aicar_msgs/share/aicar_msgs/package.dsv'
[3.033s] INFO:colcon.colcon_core.shell:Creating package script '/home/me/maedongyee_ws/install/aicar_msgs/share/aicar_msgs/package.sh'
[3.037s] INFO:colcon.colcon_core.shell:Creating package script '/home/me/maedongyee_ws/install/aicar_msgs/share/aicar_msgs/package.bash'
[3.040s] INFO:colcon.colcon_core.shell:Creating package script '/home/me/maedongyee_ws/install/aicar_msgs/share/aicar_msgs/package.zsh'
[3.042s] Level 1:colcon.colcon_core.environment:create_file_with_runtime_dependencies(/home/me/maedongyee_ws/install/aicar_msgs/share/colcon-core/packages/aicar_msgs)
[3.043s] Level 1:colcon.colcon_core.environment:create_environment_scripts_only(aicar_msgs)
[3.043s] Level 1:colcon.colcon_core.environment:checking '/home/me/maedongyee_ws/install/aicar_msgs' for CMake module files
[3.045s] Level 1:colcon.colcon_core.environment:checking '/home/me/maedongyee_ws/install/aicar_msgs' for CMake config files
[3.045s] Level 1:colcon.colcon_core.shell:create_environment_hook('aicar_msgs', 'cmake_prefix_path')
[3.046s] INFO:colcon.colcon_core.shell:Creating environment hook '/home/me/maedongyee_ws/install/aicar_msgs/share/aicar_msgs/hook/cmake_prefix_path.ps1'
[3.048s] INFO:colcon.colcon_core.shell:Creating environment descriptor '/home/me/maedongyee_ws/install/aicar_msgs/share/aicar_msgs/hook/cmake_prefix_path.dsv'
[3.049s] INFO:colcon.colcon_core.shell:Creating environment hook '/home/me/maedongyee_ws/install/aicar_msgs/share/aicar_msgs/hook/cmake_prefix_path.sh'
[3.050s] Level 1:colcon.colcon_core.environment:checking '/home/me/maedongyee_ws/install/aicar_msgs/lib'
[3.051s] Level 1:colcon.colcon_core.shell:create_environment_hook('aicar_msgs', 'ld_library_path_lib')
[3.051s] INFO:colcon.colcon_core.shell:Creating environment hook '/home/me/maedongyee_ws/install/aicar_msgs/share/aicar_msgs/hook/ld_library_path_lib.ps1'
[3.052s] INFO:colcon.colcon_core.shell:Creating environment descriptor '/home/me/maedongyee_ws/install/aicar_msgs/share/aicar_msgs/hook/ld_library_path_lib.dsv'
[3.053s] INFO:colcon.colcon_core.shell:Creating environment hook '/home/me/maedongyee_ws/install/aicar_msgs/share/aicar_msgs/hook/ld_library_path_lib.sh'
[3.054s] Level 1:colcon.colcon_core.environment:checking '/home/me/maedongyee_ws/install/aicar_msgs/bin'
[3.054s] Level 1:colcon.colcon_core.environment:checking '/home/me/maedongyee_ws/install/aicar_msgs/lib/pkgconfig/aicar_msgs.pc'
[3.054s] Level 1:colcon.colcon_core.environment:checking '/home/me/maedongyee_ws/install/aicar_msgs/lib/python3.12/site-packages'
[3.054s] Level 1:colcon.colcon_core.shell:create_environment_hook('aicar_msgs', 'pythonpath')
[3.055s] INFO:colcon.colcon_core.shell:Creating environment hook '/home/me/maedongyee_ws/install/aicar_msgs/share/aicar_msgs/hook/pythonpath.ps1'
[3.056s] INFO:colcon.colcon_core.shell:Creating environment descriptor '/home/me/maedongyee_ws/install/aicar_msgs/share/aicar_msgs/hook/pythonpath.dsv'
[3.057s] INFO:colcon.colcon_core.shell:Creating environment hook '/home/me/maedongyee_ws/install/aicar_msgs/share/aicar_msgs/hook/pythonpath.sh'
[3.058s] Level 1:colcon.colcon_core.environment:checking '/home/me/maedongyee_ws/install/aicar_msgs/bin'
[3.058s] INFO:colcon.colcon_core.shell:Creating package script '/home/me/maedongyee_ws/install/aicar_msgs/share/aicar_msgs/package.ps1'
[3.059s] INFO:colcon.colcon_core.shell:Creating package descriptor '/home/me/maedongyee_ws/install/aicar_msgs/share/aicar_msgs/package.dsv'
[3.060s] INFO:colcon.colcon_core.shell:Creating package script '/home/me/maedongyee_ws/install/aicar_msgs/share/aicar_msgs/package.sh'
[3.060s] INFO:colcon.colcon_core.shell:Creating package script '/home/me/maedongyee_ws/install/aicar_msgs/share/aicar_msgs/package.bash'
[3.061s] INFO:colcon.colcon_core.shell:Creating package script '/home/me/maedongyee_ws/install/aicar_msgs/share/aicar_msgs/package.zsh'
[3.063s] Level 1:colcon.colcon_core.environment:create_file_with_runtime_dependencies(/home/me/maedongyee_ws/install/aicar_msgs/share/colcon-core/packages/aicar_msgs)
[3.064s] INFO:colcon.colcon_ros.task.ament_python.build:Building ROS package in '/home/me/maedongyee_ws/aicar_controller' with build type 'ament_python'
[3.064s] Level 1:colcon.colcon_core.shell:create_environment_hook('aicar_controller', 'ament_prefix_path')
[3.064s] INFO:colcon.colcon_core.shell:Creating environment hook '/home/me/maedongyee_ws/install/aicar_controller/share/aicar_controller/hook/ament_prefix_path.ps1'
[3.066s] INFO:colcon.colcon_core.shell:Creating environment descriptor '/home/me/maedongyee_ws/install/aicar_controller/share/aicar_controller/hook/ament_prefix_path.dsv'
[3.067s] INFO:colcon.colcon_core.shell:Creating environment hook '/home/me/maedongyee_ws/install/aicar_controller/share/aicar_controller/hook/ament_prefix_path.sh'
[3.069s] INFO:colcon.colcon_core.shell:Skip shell extension 'powershell' for command environment: Not usable outside of PowerShell
[3.069s] DEBUG:colcon.colcon_core.shell:Skip shell extension 'dsv' for command environment
[3.074s] INFO:colcon.colcon_ros.task.ament_python.build:Building ROS package in '/home/me/maedongyee_ws/aicar_vision' with build type 'ament_python'
[3.075s] Level 1:colcon.colcon_core.shell:create_environment_hook('aicar_vision', 'ament_prefix_path')
[3.075s] INFO:colcon.colcon_core.shell:Creating environment hook '/home/me/maedongyee_ws/install/aicar_vision/share/aicar_vision/hook/ament_prefix_path.ps1'
[3.076s] INFO:colcon.colcon_core.shell:Creating environment descriptor '/home/me/maedongyee_ws/install/aicar_vision/share/aicar_vision/hook/ament_prefix_path.dsv'
[3.077s] INFO:colcon.colcon_core.shell:Creating environment hook '/home/me/maedongyee_ws/install/aicar_vision/share/aicar_vision/hook/ament_prefix_path.sh'
[3.078s] INFO:colcon.colcon_core.shell:Skip shell extension 'powershell' for command environment: Not usable outside of PowerShell
[3.078s] DEBUG:colcon.colcon_core.shell:Skip shell extension 'dsv' for command environment
[3.474s] INFO:colcon.colcon_core.task.python.build:Building Python package in '/home/me/maedongyee_ws/aicar_controller'
[3.475s] INFO:colcon.colcon_core.shell:Skip shell extension 'powershell' for command environment: Not usable outside of PowerShell
[3.475s] DEBUG:colcon.colcon_core.shell:Skip shell extension 'dsv' for command environment
[3.879s] INFO:colcon.colcon_core.task.python.build:Building Python package in '/home/me/maedongyee_ws/aicar_vision'
[3.879s] INFO:colcon.colcon_core.shell:Skip shell extension 'powershell' for command environment: Not usable outside of PowerShell
[3.879s] DEBUG:colcon.colcon_core.shell:Skip shell extension 'dsv' for command environment
[3.891s] DEBUG:colcon.colcon_core.event_handler.log_command:Invoking command in '/home/me/maedongyee_ws/aicar_driver': DEBUGINFOD_URLS=https://debuginfod.ubuntu.com PYTHONPATH=/home/me/maedongyee_ws/build/aicar_driver/prefix_override:/usr/lib/python3/dist-packages/colcon_core/task/python/colcon_distutils_commands:/home/me/maedongyee_ws/install/aicar_driver/lib/python3.12/site-packages:${PYTHONPATH} /usr/bin/python3 -W ignore:setup.py install is deprecated -W ignore:easy_install command is deprecated setup.py egg_info --egg-base ../build/aicar_driver build --build-base /home/me/maedongyee_ws/build/aicar_driver/build install --record /home/me/maedongyee_ws/build/aicar_driver/install.log --single-version-externally-managed install_data
[3.896s] DEBUG:colcon.colcon_core.event_handler.log_command:Invoking command in '/home/me/maedongyee_ws/aicar_ui': DEBUGINFOD_URLS=https://debuginfod.ubuntu.com PYTHONPATH=/home/me/maedongyee_ws/build/aicar_ui/prefix_override:/usr/lib/python3/dist-packages/colcon_core/task/python/colcon_distutils_commands:/home/me/maedongyee_ws/install/aicar_ui/lib/python3.12/site-packages:${PYTHONPATH} /usr/bin/python3 -W ignore:setup.py install is deprecated -W ignore:easy_install command is deprecated setup.py egg_info --egg-base ../build/aicar_ui build --build-base /home/me/maedongyee_ws/build/aicar_ui/build install --record /home/me/maedongyee_ws/build/aicar_ui/install.log --single-version-externally-managed install_data
[5.143s] Level 1:colcon.colcon_core.environment:checking '/home/me/maedongyee_ws/install/aicar_ui' for CMake module files
[5.147s] Level 1:colcon.colcon_core.environment:checking '/home/me/maedongyee_ws/install/aicar_ui' for CMake config files
[5.148s] Level 1:colcon.colcon_core.environment:checking '/home/me/maedongyee_ws/install/aicar_ui/lib'
[5.148s] Level 1:colcon.colcon_core.environment:checking '/home/me/maedongyee_ws/install/aicar_ui/bin'
[5.144s] DEBUG:colcon.colcon_core.event_handler.log_command:Invoked command in '/home/me/maedongyee_ws/aicar_ui' returned '0': DEBUGINFOD_URLS=https://debuginfod.ubuntu.com PYTHONPATH=/home/me/maedongyee_ws/build/aicar_ui/prefix_override:/usr/lib/python3/dist-packages/colcon_core/task/python/colcon_distutils_commands:/home/me/maedongyee_ws/install/aicar_ui/lib/python3.12/site-packages:${PYTHONPATH} /usr/bin/python3 -W ignore:setup.py install is deprecated -W ignore:easy_install command is deprecated setup.py egg_info --egg-base ../build/aicar_ui build --build-base /home/me/maedongyee_ws/build/aicar_ui/build install --record /home/me/maedongyee_ws/build/aicar_ui/install.log --single-version-externally-managed install_data
[5.148s] Level 1:colcon.colcon_core.environment:checking '/home/me/maedongyee_ws/install/aicar_ui/lib/pkgconfig/aicar_ui.pc'
[5.149s] Level 1:colcon.colcon_core.environment:checking '/home/me/maedongyee_ws/install/aicar_ui/lib/python3.12/site-packages'
[5.150s] Level 1:colcon.colcon_core.shell:create_environment_hook('aicar_ui', 'pythonpath')
[5.150s] INFO:colcon.colcon_core.shell:Creating environment hook '/home/me/maedongyee_ws/install/aicar_ui/share/aicar_ui/hook/pythonpath.ps1'
[5.151s] INFO:colcon.colcon_core.shell:Creating environment descriptor '/home/me/maedongyee_ws/install/aicar_ui/share/aicar_ui/hook/pythonpath.dsv'
[5.152s] INFO:colcon.colcon_core.shell:Creating environment hook '/home/me/maedongyee_ws/install/aicar_ui/share/aicar_ui/hook/pythonpath.sh'
[5.154s] Level 1:colcon.colcon_core.environment:checking '/home/me/maedongyee_ws/install/aicar_ui/bin'
[5.154s] Level 1:colcon.colcon_core.environment:create_environment_scripts_only(aicar_ui)
[5.155s] INFO:colcon.colcon_core.shell:Creating package script '/home/me/maedongyee_ws/install/aicar_ui/share/aicar_ui/package.ps1'
[5.156s] INFO:colcon.colcon_core.shell:Creating package descriptor '/home/me/maedongyee_ws/install/aicar_ui/share/aicar_ui/package.dsv'
[5.157s] INFO:colcon.colcon_core.shell:Creating package script '/home/me/maedongyee_ws/install/aicar_ui/share/aicar_ui/package.sh'
[5.158s] INFO:colcon.colcon_core.shell:Creating package script '/home/me/maedongyee_ws/install/aicar_ui/share/aicar_ui/package.bash'
[5.160s] INFO:colcon.colcon_core.shell:Creating package script '/home/me/maedongyee_ws/install/aicar_ui/share/aicar_ui/package.zsh'
[5.161s] Level 1:colcon.colcon_core.environment:create_file_with_runtime_dependencies(/home/me/maedongyee_ws/install/aicar_ui/share/colcon-core/packages/aicar_ui)
[5.318s] Level 1:colcon.colcon_core.environment:checking '/home/me/maedongyee_ws/install/aicar_driver' for CMake module files
[5.318s] Level 1:colcon.colcon_core.environment:checking '/home/me/maedongyee_ws/install/aicar_driver' for CMake config files
[5.324s] DEBUG:colcon.colcon_core.event_handler.log_command:Invoked command in '/home/me/maedongyee_ws/aicar_driver' returned '0': DEBUGINFOD_URLS=https://debuginfod.ubuntu.com PYTHONPATH=/home/me/maedongyee_ws/build/aicar_driver/prefix_override:/usr/lib/python3/dist-packages/colcon_core/task/python/colcon_distutils_commands:/home/me/maedongyee_ws/install/aicar_driver/lib/python3.12/site-packages:${PYTHONPATH} /usr/bin/python3 -W ignore:setup.py install is deprecated -W ignore:easy_install command is deprecated setup.py egg_info --egg-base ../build/aicar_driver build --build-base /home/me/maedongyee_ws/build/aicar_driver/build install --record /home/me/maedongyee_ws/build/aicar_driver/install.log --single-version-externally-managed install_data
[5.324s] Level 1:colcon.colcon_core.environment:checking '/home/me/maedongyee_ws/install/aicar_driver/lib'
[5.325s] Level 1:colcon.colcon_core.environment:checking '/home/me/maedongyee_ws/install/aicar_driver/bin'
[5.325s] Level 1:colcon.colcon_core.environment:checking '/home/me/maedongyee_ws/install/aicar_driver/lib/pkgconfig/aicar_driver.pc'
[5.325s] Level 1:colcon.colcon_core.environment:checking '/home/me/maedongyee_ws/install/aicar_driver/lib/python3.12/site-packages'
[5.326s] Level 1:colcon.colcon_core.shell:create_environment_hook('aicar_driver', 'pythonpath')
[5.327s] INFO:colcon.colcon_core.shell:Creating environment hook '/home/me/maedongyee_ws/install/aicar_driver/share/aicar_driver/hook/pythonpath.ps1'
[5.329s] INFO:colcon.colcon_core.shell:Creating environment descriptor '/home/me/maedongyee_ws/install/aicar_driver/share/aicar_driver/hook/pythonpath.dsv'
[5.330s] INFO:colcon.colcon_core.shell:Creating environment hook '/home/me/maedongyee_ws/install/aicar_driver/share/aicar_driver/hook/pythonpath.sh'
[5.331s] Level 1:colcon.colcon_core.environment:checking '/home/me/maedongyee_ws/install/aicar_driver/bin'
[5.331s] Level 1:colcon.colcon_core.environment:create_environment_scripts_only(aicar_driver)
[5.332s] INFO:colcon.colcon_core.shell:Creating package script '/home/me/maedongyee_ws/install/aicar_driver/share/aicar_driver/package.ps1'
[5.333s] INFO:colcon.colcon_core.shell:Creating package descriptor '/home/me/maedongyee_ws/install/aicar_driver/share/aicar_driver/package.dsv'
[5.334s] INFO:colcon.colcon_core.shell:Creating package script '/home/me/maedongyee_ws/install/aicar_driver/share/aicar_driver/package.sh'
[5.336s] INFO:colcon.colcon_core.shell:Creating package script '/home/me/maedongyee_ws/install/aicar_driver/share/aicar_driver/package.bash'
[5.338s] INFO:colcon.colcon_core.shell:Creating package script '/home/me/maedongyee_ws/install/aicar_driver/share/aicar_driver/package.zsh'
[5.339s] Level 1:colcon.colcon_core.environment:create_file_with_runtime_dependencies(/home/me/maedongyee_ws/install/aicar_driver/share/colcon-core/packages/aicar_driver)
[5.557s] DEBUG:colcon.colcon_core.event_handler.log_command:Invoking command in '/home/me/maedongyee_ws/aicar_vision': CMAKE_PREFIX_PATH=/home/me/maedongyee_ws/install/aicar_msgs:/home/me/maedongyee_ws/install/aicar_bringup:/opt/ros/jazzy/opt/gz_math_vendor:/opt/ros/jazzy/opt/gz_utils_vendor:/opt/ros/jazzy/opt/gz_cmake_vendor DEBUGINFOD_URLS=https://debuginfod.ubuntu.com PYTHONPATH=/home/me/maedongyee_ws/build/aicar_vision/prefix_override:/usr/lib/python3/dist-packages/colcon_core/task/python/colcon_distutils_commands:/home/me/maedongyee_ws/install/aicar_vision/lib/python3.12/site-packages:/home/me/maedongyee_ws/install/aicar_msgs/lib/python3.12/site-packages:/home/me/maedongyee_ws/install/aicar_vision/lib/python3.12/site-packages:/home/me/maedongyee_ws/install/aicar_ui/lib/python3.12/site-packages:/home/me/maedongyee_ws/install/aicar_controller/lib/python3.12/site-packages:/home/me/maedongyee_ws/install/aicar_driver/lib/python3.12/site-packages:/opt/ros/jazzy/lib/python3.12/site-packages /usr/bin/python3 -W ignore:setup.py install is deprecated -W ignore:easy_install command is deprecated setup.py egg_info --egg-base ../build/aicar_vision build --build-base /home/me/maedongyee_ws/build/aicar_vision/build install --record /home/me/maedongyee_ws/build/aicar_vision/install.log --single-version-externally-managed install_data
[5.615s] DEBUG:colcon.colcon_core.event_handler.log_command:Invoking command in '/home/me/maedongyee_ws/aicar_controller': CMAKE_PREFIX_PATH=/home/me/maedongyee_ws/install/aicar_msgs:/home/me/maedongyee_ws/install/aicar_bringup:/opt/ros/jazzy/opt/gz_math_vendor:/opt/ros/jazzy/opt/gz_utils_vendor:/opt/ros/jazzy/opt/gz_cmake_vendor DEBUGINFOD_URLS=https://debuginfod.ubuntu.com PYTHONPATH=/home/me/maedongyee_ws/build/aicar_controller/prefix_override:/usr/lib/python3/dist-packages/colcon_core/task/python/colcon_distutils_commands:/home/me/maedongyee_ws/install/aicar_controller/lib/python3.12/site-packages:/home/me/maedongyee_ws/install/aicar_msgs/lib/python3.12/site-packages:/home/me/maedongyee_ws/install/aicar_vision/lib/python3.12/site-packages:/home/me/maedongyee_ws/install/aicar_ui/lib/python3.12/site-packages:/home/me/maedongyee_ws/install/aicar_controller/lib/python3.12/site-packages:/home/me/maedongyee_ws/install/aicar_driver/lib/python3.12/site-packages:/opt/ros/jazzy/lib/python3.12/site-packages /usr/bin/python3 -W ignore:setup.py install is deprecated -W ignore:easy_install command is deprecated setup.py egg_info --egg-base ../build/aicar_controller build --build-base /home/me/maedongyee_ws/build/aicar_controller/build install --record /home/me/maedongyee_ws/build/aicar_controller/install.log --single-version-externally-managed install_data
[6.495s] Level 1:colcon.colcon_core.environment:checking '/home/me/maedongyee_ws/install/aicar_vision' for CMake module files
[6.496s] Level 1:colcon.colcon_core.environment:checking '/home/me/maedongyee_ws/install/aicar_vision' for CMake config files
[6.498s] Level 1:colcon.colcon_core.environment:checking '/home/me/maedongyee_ws/install/aicar_vision/lib'
[6.498s] DEBUG:colcon.colcon_core.event_handler.log_command:Invoked command in '/home/me/maedongyee_ws/aicar_vision' returned '0': CMAKE_PREFIX_PATH=/home/me/maedongyee_ws/install/aicar_msgs:/home/me/maedongyee_ws/install/aicar_bringup:/opt/ros/jazzy/opt/gz_math_vendor:/opt/ros/jazzy/opt/gz_utils_vendor:/opt/ros/jazzy/opt/gz_cmake_vendor DEBUGINFOD_URLS=https://debuginfod.ubuntu.com PYTHONPATH=/home/me/maedongyee_ws/build/aicar_vision/prefix_override:/usr/lib/python3/dist-packages/colcon_core/task/python/colcon_distutils_commands:/home/me/maedongyee_ws/install/aicar_vision/lib/python3.12/site-packages:/home/me/maedongyee_ws/install/aicar_msgs/lib/python3.12/site-packages:/home/me/maedongyee_ws/install/aicar_vision/lib/python3.12/site-packages:/home/me/maedongyee_ws/install/aicar_ui/lib/python3.12/site-packages:/home/me/maedongyee_ws/install/aicar_controller/lib/python3.12/site-packages:/home/me/maedongyee_ws/install/aicar_driver/lib/python3.12/site-packages:/opt/ros/jazzy/lib/python3.12/site-packages /usr/bin/python3 -W ignore:setup.py install is deprecated -W ignore:easy_install command is deprecated setup.py egg_info --egg-base ../build/aicar_vision build --build-base /home/me/maedongyee_ws/build/aicar_vision/build install --record /home/me/maedongyee_ws/build/aicar_vision/install.log --single-version-externally-managed install_data
[6.498s] Level 1:colcon.colcon_core.environment:checking '/home/me/maedongyee_ws/install/aicar_vision/bin'
[6.498s] Level 1:colcon.colcon_core.environment:checking '/home/me/maedongyee_ws/install/aicar_vision/lib/pkgconfig/aicar_vision.pc'
[6.499s] Level 1:colcon.colcon_core.environment:checking '/home/me/maedongyee_ws/install/aicar_vision/lib/python3.12/site-packages'
[6.499s] Level 1:colcon.colcon_core.shell:create_environment_hook('aicar_vision', 'pythonpath')
[6.499s] INFO:colcon.colcon_core.shell:Creating environment hook '/home/me/maedongyee_ws/install/aicar_vision/share/aicar_vision/hook/pythonpath.ps1'
[6.500s] INFO:colcon.colcon_core.shell:Creating environment descriptor '/home/me/maedongyee_ws/install/aicar_vision/share/aicar_vision/hook/pythonpath.dsv'
[6.501s] INFO:colcon.colcon_core.shell:Creating environment hook '/home/me/maedongyee_ws/install/aicar_vision/share/aicar_vision/hook/pythonpath.sh'
[6.502s] Level 1:colcon.colcon_core.environment:checking '/home/me/maedongyee_ws/install/aicar_vision/bin'
[6.503s] Level 1:colcon.colcon_core.environment:create_environment_scripts_only(aicar_vision)
[6.503s] INFO:colcon.colcon_core.shell:Creating package script '/home/me/maedongyee_ws/install/aicar_vision/share/aicar_vision/package.ps1'
[6.504s] INFO:colcon.colcon_core.shell:Creating package descriptor '/home/me/maedongyee_ws/install/aicar_vision/share/aicar_vision/package.dsv'
[6.505s] INFO:colcon.colcon_core.shell:Creating package script '/home/me/maedongyee_ws/install/aicar_vision/share/aicar_vision/package.sh'
[6.507s] INFO:colcon.colcon_core.shell:Creating package script '/home/me/maedongyee_ws/install/aicar_vision/share/aicar_vision/package.bash'
[6.508s] INFO:colcon.colcon_core.shell:Creating package script '/home/me/maedongyee_ws/install/aicar_vision/share/aicar_vision/package.zsh'
[6.509s] Level 1:colcon.colcon_core.environment:create_file_with_runtime_dependencies(/home/me/maedongyee_ws/install/aicar_vision/share/colcon-core/packages/aicar_vision)
[6.531s] Level 1:colcon.colcon_core.environment:checking '/home/me/maedongyee_ws/install/aicar_controller' for CMake module files
[6.532s] DEBUG:colcon.colcon_core.event_handler.log_command:Invoked command in '/home/me/maedongyee_ws/aicar_controller' returned '0': CMAKE_PREFIX_PATH=/home/me/maedongyee_ws/install/aicar_msgs:/home/me/maedongyee_ws/install/aicar_bringup:/opt/ros/jazzy/opt/gz_math_vendor:/opt/ros/jazzy/opt/gz_utils_vendor:/opt/ros/jazzy/opt/gz_cmake_vendor DEBUGINFOD_URLS=https://debuginfod.ubuntu.com PYTHONPATH=/home/me/maedongyee_ws/build/aicar_controller/prefix_override:/usr/lib/python3/dist-packages/colcon_core/task/python/colcon_distutils_commands:/home/me/maedongyee_ws/install/aicar_controller/lib/python3.12/site-packages:/home/me/maedongyee_ws/install/aicar_msgs/lib/python3.12/site-packages:/home/me/maedongyee_ws/install/aicar_vision/lib/python3.12/site-packages:/home/me/maedongyee_ws/install/aicar_ui/lib/python3.12/site-packages:/home/me/maedongyee_ws/install/aicar_controller/lib/python3.12/site-packages:/home/me/maedongyee_ws/install/aicar_driver/lib/python3.12/site-packages:/opt/ros/jazzy/lib/python3.12/site-packages /usr/bin/python3 -W ignore:setup.py install is deprecated -W ignore:easy_install command is deprecated setup.py egg_info --egg-base ../build/aicar_controller build --build-base /home/me/maedongyee_ws/build/aicar_controller/build install --record /home/me/maedongyee_ws/build/aicar_controller/install.log --single-version-externally-managed install_data
[6.532s] Level 1:colcon.colcon_core.environment:checking '/home/me/maedongyee_ws/install/aicar_controller' for CMake config files
[6.533s] Level 1:colcon.colcon_core.environment:checking '/home/me/maedongyee_ws/install/aicar_controller/lib'
[6.533s] Level 1:colcon.colcon_core.environment:checking '/home/me/maedongyee_ws/install/aicar_controller/bin'
[6.533s] Level 1:colcon.colcon_core.environment:checking '/home/me/maedongyee_ws/install/aicar_controller/lib/pkgconfig/aicar_controller.pc'
[6.533s] Level 1:colcon.colcon_core.environment:checking '/home/me/maedongyee_ws/install/aicar_controller/lib/python3.12/site-packages'
[6.533s] Level 1:colcon.colcon_core.shell:create_environment_hook('aicar_controller', 'pythonpath')
[6.534s] INFO:colcon.colcon_core.shell:Creating environment hook '/home/me/maedongyee_ws/install/aicar_controller/share/aicar_controller/hook/pythonpath.ps1'
[6.534s] INFO:colcon.colcon_core.shell:Creating environment descriptor '/home/me/maedongyee_ws/install/aicar_controller/share/aicar_controller/hook/pythonpath.dsv'
[6.535s] INFO:colcon.colcon_core.shell:Creating environment hook '/home/me/maedongyee_ws/install/aicar_controller/share/aicar_controller/hook/pythonpath.sh'
[6.536s] Level 1:colcon.colcon_core.environment:checking '/home/me/maedongyee_ws/install/aicar_controller/bin'
[6.536s] Level 1:colcon.colcon_core.environment:create_environment_scripts_only(aicar_controller)
[6.537s] INFO:colcon.colcon_core.shell:Creating package script '/home/me/maedongyee_ws/install/aicar_controller/share/aicar_controller/package.ps1'
[6.538s] INFO:colcon.colcon_core.shell:Creating package descriptor '/home/me/maedongyee_ws/install/aicar_controller/share/aicar_controller/package.dsv'
[6.539s] INFO:colcon.colcon_core.shell:Creating package script '/home/me/maedongyee_ws/install/aicar_controller/share/aicar_controller/package.sh'
[6.539s] INFO:colcon.colcon_core.shell:Creating package script '/home/me/maedongyee_ws/install/aicar_controller/share/aicar_controller/package.bash'
[6.540s] INFO:colcon.colcon_core.shell:Creating package script '/home/me/maedongyee_ws/install/aicar_controller/share/aicar_controller/package.zsh'
[6.541s] Level 1:colcon.colcon_core.environment:create_file_with_runtime_dependencies(/home/me/maedongyee_ws/install/aicar_controller/share/colcon-core/packages/aicar_controller)
[6.542s] INFO:colcon.colcon_ros.task.ament_cmake.build:Building ROS package in '/home/me/maedongyee_ws/aicar_bringup' with build type 'ament_cmake'
[6.542s] INFO:colcon.colcon_cmake.task.cmake.build:Building CMake package in '/home/me/maedongyee_ws/aicar_bringup'
[6.543s] INFO:colcon.colcon_core.shell:Skip shell extension 'powershell' for command environment: Not usable outside of PowerShell
[6.543s] DEBUG:colcon.colcon_core.shell:Skip shell extension 'dsv' for command environment
[6.569s] DEBUG:colcon.colcon_core.event_handler.log_command:Invoking command in '/home/me/maedongyee_ws/build/aicar_bringup': AMENT_PREFIX_PATH=/home/me/maedongyee_ws/install/aicar_vision:/home/me/maedongyee_ws/install/aicar_controller:/home/me/maedongyee_ws/install/aicar_ui:/home/me/maedongyee_ws/install/aicar_driver:/home/me/maedongyee_ws/install/aicar_bringup:/home/me/maedongyee_ws/install/aicar_msgs:/opt/ros/jazzy CMAKE_PREFIX_PATH=/home/me/maedongyee_ws/install/aicar_msgs:/home/me/maedongyee_ws/install/aicar_bringup:/opt/ros/jazzy/opt/gz_math_vendor:/opt/ros/jazzy/opt/gz_utils_vendor:/opt/ros/jazzy/opt/gz_cmake_vendor:/home/me/maedongyee_ws/install/aicar_vision:/home/me/maedongyee_ws/install/aicar_ui:/home/me/maedongyee_ws/install/aicar_controller:/home/me/maedongyee_ws/install/aicar_driver:/opt/ros/jazzy DEBUGINFOD_URLS=https://debuginfod.ubuntu.com PYTHONPATH=/home/me/maedongyee_ws/install/aicar_vision/lib/python3.12/site-packages:/home/me/maedongyee_ws/install/aicar_controller/lib/python3.12/site-packages:/home/me/maedongyee_ws/install/aicar_ui/lib/python3.12/site-packages:/home/me/maedongyee_ws/install/aicar_msgs/lib/python3.12/site-packages:/home/me/maedongyee_ws/install/aicar_driver/lib/python3.12/site-packages:/opt/ros/jazzy/lib/python3.12/site-packages /usr/bin/cmake --build /home/me/maedongyee_ws/build/aicar_bringup -- -j4 -l4
[6.645s] DEBUG:colcon.colcon_core.event_handler.log_command:Invoked command in '/home/me/maedongyee_ws/build/aicar_bringup' returned '0': AMENT_PREFIX_PATH=/home/me/maedongyee_ws/install/aicar_vision:/home/me/maedongyee_ws/install/aicar_controller:/home/me/maedongyee_ws/install/aicar_ui:/home/me/maedongyee_ws/install/aicar_driver:/home/me/maedongyee_ws/install/aicar_bringup:/home/me/maedongyee_ws/install/aicar_msgs:/opt/ros/jazzy CMAKE_PREFIX_PATH=/home/me/maedongyee_ws/install/aicar_msgs:/home/me/maedongyee_ws/install/aicar_bringup:/opt/ros/jazzy/opt/gz_math_vendor:/opt/ros/jazzy/opt/gz_utils_vendor:/opt/ros/jazzy/opt/gz_cmake_vendor:/home/me/maedongyee_ws/install/aicar_vision:/home/me/maedongyee_ws/install/aicar_ui:/home/me/maedongyee_ws/install/aicar_controller:/home/me/maedongyee_ws/install/aicar_driver:/opt/ros/jazzy DEBUGINFOD_URLS=https://debuginfod.ubuntu.com PYTHONPATH=/home/me/maedongyee_ws/install/aicar_vision/lib/python3.12/site-packages:/home/me/maedongyee_ws/install/aicar_controller/lib/python3.12/site-packages:/home/me/maedongyee_ws/install/aicar_ui/lib/python3.12/site-packages:/home/me/maedongyee_ws/install/aicar_msgs/lib/python3.12/site-packages:/home/me/maedongyee_ws/install/aicar_driver/lib/python3.12/site-packages:/opt/ros/jazzy/lib/python3.12/site-packages /usr/bin/cmake --build /home/me/maedongyee_ws/build/aicar_bringup -- -j4 -l4
[6.648s] DEBUG:colcon.colcon_core.event_handler.log_command:Invoking command in '/home/me/maedongyee_ws/build/aicar_bringup': AMENT_PREFIX_PATH=/home/me/maedongyee_ws/install/aicar_vision:/home/me/maedongyee_ws/install/aicar_controller:/home/me/maedongyee_ws/install/aicar_ui:/home/me/maedongyee_ws/install/aicar_driver:/home/me/maedongyee_ws/install/aicar_bringup:/home/me/maedongyee_ws/install/aicar_msgs:/opt/ros/jazzy CMAKE_PREFIX_PATH=/home/me/maedongyee_ws/install/aicar_msgs:/home/me/maedongyee_ws/install/aicar_bringup:/opt/ros/jazzy/opt/gz_math_vendor:/opt/ros/jazzy/opt/gz_utils_vendor:/opt/ros/jazzy/opt/gz_cmake_vendor:/home/me/maedongyee_ws/install/aicar_vision:/home/me/maedongyee_ws/install/aicar_ui:/home/me/maedongyee_ws/install/aicar_controller:/home/me/maedongyee_ws/install/aicar_driver:/opt/ros/jazzy DEBUGINFOD_URLS=https://debuginfod.ubuntu.com PYTHONPATH=/home/me/maedongyee_ws/install/aicar_vision/lib/python3.12/site-packages:/home/me/maedongyee_ws/install/aicar_controller/lib/python3.12/site-packages:/home/me/maedongyee_ws/install/aicar_ui/lib/python3.12/site-packages:/home/me/maedongyee_ws/install/aicar_msgs/lib/python3.12/site-packages:/home/me/maedongyee_ws/install/aicar_driver/lib/python3.12/site-packages:/opt/ros/jazzy/lib/python3.12/site-packages /usr/bin/cmake --install /home/me/maedongyee_ws/build/aicar_bringup
[6.668s] Level 1:colcon.colcon_core.environment:create_environment_scripts_only(aicar_bringup)
[6.668s] Level 1:colcon.colcon_core.environment:checking '/home/me/maedongyee_ws/install/aicar_bringup' for CMake module files
[6.669s] DEBUG:colcon.colcon_core.event_handler.log_command:Invoked command in '/home/me/maedongyee_ws/build/aicar_bringup' returned '0': AMENT_PREFIX_PATH=/home/me/maedongyee_ws/install/aicar_vision:/home/me/maedongyee_ws/install/aicar_controller:/home/me/maedongyee_ws/install/aicar_ui:/home/me/maedongyee_ws/install/aicar_driver:/home/me/maedongyee_ws/install/aicar_bringup:/home/me/maedongyee_ws/install/aicar_msgs:/opt/ros/jazzy CMAKE_PREFIX_PATH=/home/me/maedongyee_ws/install/aicar_msgs:/home/me/maedongyee_ws/install/aicar_bringup:/opt/ros/jazzy/opt/gz_math_vendor:/opt/ros/jazzy/opt/gz_utils_vendor:/opt/ros/jazzy/opt/gz_cmake_vendor:/home/me/maedongyee_ws/install/aicar_vision:/home/me/maedongyee_ws/install/aicar_ui:/home/me/maedongyee_ws/install/aicar_controller:/home/me/maedongyee_ws/install/aicar_driver:/opt/ros/jazzy DEBUGINFOD_URLS=https://debuginfod.ubuntu.com PYTHONPATH=/home/me/maedongyee_ws/install/aicar_vision/lib/python3.12/site-packages:/home/me/maedongyee_ws/install/aicar_controller/lib/python3.12/site-packages:/home/me/maedongyee_ws/install/aicar_ui/lib/python3.12/site-packages:/home/me/maedongyee_ws/install/aicar_msgs/lib/python3.12/site-packages:/home/me/maedongyee_ws/install/aicar_driver/lib/python3.12/site-packages:/opt/ros/jazzy/lib/python3.12/site-packages /usr/bin/cmake --install /home/me/maedongyee_ws/build/aicar_bringup
[6.670s] Level 1:colcon.colcon_core.environment:checking '/home/me/maedongyee_ws/install/aicar_bringup' for CMake config files
[6.670s] Level 1:colcon.colcon_core.shell:create_environment_hook('aicar_bringup', 'cmake_prefix_path')
[6.670s] INFO:colcon.colcon_core.shell:Creating environment hook '/home/me/maedongyee_ws/install/aicar_bringup/share/aicar_bringup/hook/cmake_prefix_path.ps1'
[6.671s] INFO:colcon.colcon_core.shell:Creating environment descriptor '/home/me/maedongyee_ws/install/aicar_bringup/share/aicar_bringup/hook/cmake_prefix_path.dsv'
[6.672s] INFO:colcon.colcon_core.shell:Creating environment hook '/home/me/maedongyee_ws/install/aicar_bringup/share/aicar_bringup/hook/cmake_prefix_path.sh'
[6.673s] Level 1:colcon.colcon_core.environment:checking '/home/me/maedongyee_ws/install/aicar_bringup/bin'
[6.673s] Level 1:colcon.colcon_core.environment:checking '/home/me/maedongyee_ws/install/aicar_bringup/lib/pkgconfig/aicar_bringup.pc'
[6.674s] Level 1:colcon.colcon_core.environment:checking '/home/me/maedongyee_ws/install/aicar_bringup/lib/python3.12/site-packages'
[6.674s] Level 1:colcon.colcon_core.environment:checking '/home/me/maedongyee_ws/install/aicar_bringup/bin'
[6.675s] INFO:colcon.colcon_core.shell:Creating package script '/home/me/maedongyee_ws/install/aicar_bringup/share/aicar_bringup/package.ps1'
[6.676s] INFO:colcon.colcon_core.shell:Creating package descriptor '/home/me/maedongyee_ws/install/aicar_bringup/share/aicar_bringup/package.dsv'
[6.677s] INFO:colcon.colcon_core.shell:Creating package script '/home/me/maedongyee_ws/install/aicar_bringup/share/aicar_bringup/package.sh'
[6.678s] INFO:colcon.colcon_core.shell:Creating package script '/home/me/maedongyee_ws/install/aicar_bringup/share/aicar_bringup/package.bash'
[6.679s] INFO:colcon.colcon_core.shell:Creating package script '/home/me/maedongyee_ws/install/aicar_bringup/share/aicar_bringup/package.zsh'
[6.680s] Level 1:colcon.colcon_core.environment:create_file_with_runtime_dependencies(/home/me/maedongyee_ws/install/aicar_bringup/share/colcon-core/packages/aicar_bringup)
[6.682s] Level 1:colcon.colcon_core.environment:create_environment_scripts_only(aicar_bringup)
[6.682s] Level 1:colcon.colcon_core.environment:checking '/home/me/maedongyee_ws/install/aicar_bringup' for CMake module files
[6.683s] Level 1:colcon.colcon_core.environment:checking '/home/me/maedongyee_ws/install/aicar_bringup' for CMake config files
[6.683s] Level 1:colcon.colcon_core.shell:create_environment_hook('aicar_bringup', 'cmake_prefix_path')
[6.684s] INFO:colcon.colcon_core.shell:Creating environment hook '/home/me/maedongyee_ws/install/aicar_bringup/share/aicar_bringup/hook/cmake_prefix_path.ps1'
[6.684s] INFO:colcon.colcon_core.shell:Creating environment descriptor '/home/me/maedongyee_ws/install/aicar_bringup/share/aicar_bringup/hook/cmake_prefix_path.dsv'
[6.685s] INFO:colcon.colcon_core.shell:Creating environment hook '/home/me/maedongyee_ws/install/aicar_bringup/share/aicar_bringup/hook/cmake_prefix_path.sh'
[6.686s] Level 1:colcon.colcon_core.environment:checking '/home/me/maedongyee_ws/install/aicar_bringup/bin'
[6.686s] Level 1:colcon.colcon_core.environment:checking '/home/me/maedongyee_ws/install/aicar_bringup/lib/pkgconfig/aicar_bringup.pc'
[6.686s] Level 1:colcon.colcon_core.environment:checking '/home/me/maedongyee_ws/install/aicar_bringup/lib/python3.12/site-packages'
[6.687s] Level 1:colcon.colcon_core.environment:checking '/home/me/maedongyee_ws/install/aicar_bringup/bin'
[6.687s] INFO:colcon.colcon_core.shell:Creating package script '/home/me/maedongyee_ws/install/aicar_bringup/share/aicar_bringup/package.ps1'
[6.688s] INFO:colcon.colcon_core.shell:Creating package descriptor '/home/me/maedongyee_ws/install/aicar_bringup/share/aicar_bringup/package.dsv'
[6.689s] INFO:colcon.colcon_core.shell:Creating package script '/home/me/maedongyee_ws/install/aicar_bringup/share/aicar_bringup/package.sh'
[6.690s] INFO:colcon.colcon_core.shell:Creating package script '/home/me/maedongyee_ws/install/aicar_bringup/share/aicar_bringup/package.bash'
[6.691s] INFO:colcon.colcon_core.shell:Creating package script '/home/me/maedongyee_ws/install/aicar_bringup/share/aicar_bringup/package.zsh'
[6.692s] Level 1:colcon.colcon_core.environment:create_file_with_runtime_dependencies(/home/me/maedongyee_ws/install/aicar_bringup/share/colcon-core/packages/aicar_bringup)
[6.693s] DEBUG:colcon.colcon_parallel_executor.executor.parallel:closing loop
[6.694s] DEBUG:colcon.colcon_parallel_executor.executor.parallel:loop closed
[6.694s] DEBUG:colcon.colcon_parallel_executor.executor.parallel:run_until_complete finished with '0'
[6.694s] DEBUG:colcon.colcon_core.event_reactor:joining thread
[6.705s] INFO:colcon.colcon_core.plugin_system:Skipping extension 'colcon_notification.desktop_notification.terminal_notifier': Not used on non-Darwin systems
[6.705s] INFO:colcon.colcon_core.plugin_system:Skipping extension 'colcon_notification.desktop_notification.win32': Not used on non-Windows systems
[6.705s] INFO:colcon.colcon_notification.desktop_notification:Sending desktop notification using 'notify2'
[6.736s] DEBUG:colcon.colcon_core.event_reactor:joined thread
[6.737s] INFO:colcon.colcon_core.shell:Creating prefix script '/home/me/maedongyee_ws/install/local_setup.ps1'
[6.738s] INFO:colcon.colcon_core.shell:Creating prefix util module '/home/me/maedongyee_ws/install/_local_setup_util_ps1.py'
[6.740s] INFO:colcon.colcon_core.shell:Creating prefix chain script '/home/me/maedongyee_ws/install/setup.ps1'
[6.742s] INFO:colcon.colcon_core.shell:Creating prefix script '/home/me/maedongyee_ws/install/local_setup.sh'
[6.743s] INFO:colcon.colcon_core.shell:Creating prefix util module '/home/me/maedongyee_ws/install/_local_setup_util_sh.py'
[6.744s] INFO:colcon.colcon_core.shell:Creating prefix chain script '/home/me/maedongyee_ws/install/setup.sh'
[6.746s] INFO:colcon.colcon_core.shell:Creating prefix script '/home/me/maedongyee_ws/install/local_setup.bash'
[6.747s] INFO:colcon.colcon_core.shell:Creating prefix chain script '/home/me/maedongyee_ws/install/setup.bash'
[6.749s] INFO:colcon.colcon_core.shell:Creating prefix script '/home/me/maedongyee_ws/install/local_setup.zsh'
[6.749s] INFO:colcon.colcon_core.shell:Creating prefix chain script '/home/me/maedongyee_ws/install/setup.zsh'
