[0.049s] Invoking command in '/home/me/maedongyee_ws/build/aicar_bringup': AMENT_PREFIX_PATH=/home/me/maedongyee_ws/install/aicar_vision:/home/me/maedongyee_ws/install/aicar_controller:/home/me/maedongyee_ws/install/aicar_ui:/home/me/maedongyee_ws/install/aicar_msgs:/home/me/maedongyee_ws/install/aicar_driver:${AMENT_PREFIX_PATH} CMAKE_PREFIX_PATH=/home/me/maedongyee_ws/install/aicar_msgs:/opt/ros/jazzy/opt/gz_math_vendor:/opt/ros/jazzy/opt/gz_utils_vendor:/opt/ros/jazzy/opt/gz_cmake_vendor:/opt/ros/jazzy DEBUGINFOD_URLS=https://debuginfod.ubuntu.com LD_LIBRARY_PATH=/home/me/maedongyee_ws/install/aicar_msgs/lib:${LD_LIBRARY_PATH} PYTHONPATH=/home/me/maedongyee_ws/install/aicar_vision/lib/python3.12/site-packages:/home/me/maedongyee_ws/install/aicar_controller/lib/python3.12/site-packages:/home/me/maedongyee_ws/install/aicar_ui/lib/python3.12/site-packages:/home/me/maedongyee_ws/install/aicar_msgs/lib/python3.12/site-packages:/home/me/maedongyee_ws/install/aicar_driver/lib/python3.12/site-packages:${PYTHONPATH} /usr/bin/cmake --build /home/me/maedongyee_ws/build/aicar_bringup -- -j4 -l4
[0.298s] Invoked command in '/home/me/maedongyee_ws/build/aicar_bringup' returned '0': AMENT_PREFIX_PATH=/home/me/maedongyee_ws/install/aicar_vision:/home/me/maedongyee_ws/install/aicar_controller:/home/me/maedongyee_ws/install/aicar_ui:/home/me/maedongyee_ws/install/aicar_msgs:/home/me/maedongyee_ws/install/aicar_driver:${AMENT_PREFIX_PATH} CMAKE_PREFIX_PATH=/home/me/maedongyee_ws/install/aicar_msgs:/opt/ros/jazzy/opt/gz_math_vendor:/opt/ros/jazzy/opt/gz_utils_vendor:/opt/ros/jazzy/opt/gz_cmake_vendor:/opt/ros/jazzy DEBUGINFOD_URLS=https://debuginfod.ubuntu.com LD_LIBRARY_PATH=/home/me/maedongyee_ws/install/aicar_msgs/lib:${LD_LIBRARY_PATH} PYTHONPATH=/home/me/maedongyee_ws/install/aicar_vision/lib/python3.12/site-packages:/home/me/maedongyee_ws/install/aicar_controller/lib/python3.12/site-packages:/home/me/maedongyee_ws/install/aicar_ui/lib/python3.12/site-packages:/home/me/maedongyee_ws/install/aicar_msgs/lib/python3.12/site-packages:/home/me/maedongyee_ws/install/aicar_driver/lib/python3.12/site-packages:${PYTHONPATH} /usr/bin/cmake --build /home/me/maedongyee_ws/build/aicar_bringup -- -j4 -l4
[0.321s] Invoking command in '/home/me/maedongyee_ws/build/aicar_bringup': AMENT_PREFIX_PATH=/home/me/maedongyee_ws/install/aicar_vision:/home/me/maedongyee_ws/install/aicar_controller:/home/me/maedongyee_ws/install/aicar_ui:/home/me/maedongyee_ws/install/aicar_msgs:/home/me/maedongyee_ws/install/aicar_driver:${AMENT_PREFIX_PATH} CMAKE_PREFIX_PATH=/home/me/maedongyee_ws/install/aicar_msgs:/opt/ros/jazzy/opt/gz_math_vendor:/opt/ros/jazzy/opt/gz_utils_vendor:/opt/ros/jazzy/opt/gz_cmake_vendor:/opt/ros/jazzy DEBUGINFOD_URLS=https://debuginfod.ubuntu.com LD_LIBRARY_PATH=/home/me/maedongyee_ws/install/aicar_msgs/lib:${LD_LIBRARY_PATH} PYTHONPATH=/home/me/maedongyee_ws/install/aicar_vision/lib/python3.12/site-packages:/home/me/maedongyee_ws/install/aicar_controller/lib/python3.12/site-packages:/home/me/maedongyee_ws/install/aicar_ui/lib/python3.12/site-packages:/home/me/maedongyee_ws/install/aicar_msgs/lib/python3.12/site-packages:/home/me/maedongyee_ws/install/aicar_driver/lib/python3.12/site-packages:${PYTHONPATH} /usr/bin/cmake --install /home/me/maedongyee_ws/build/aicar_bringup
[0.337s] -- Install configuration: ""
[0.337s] -- Up-to-date: /home/me/maedongyee_ws/install/aicar_bringup/share/aicar_bringup/launch
[0.337s] -- Up-to-date: /home/me/maedongyee_ws/install/aicar_bringup/share/aicar_bringup/launch/aicar_debug.launch.py
[0.338s] -- Installing: /home/me/maedongyee_ws/install/aicar_bringup/share/aicar_bringup/launch/aicar_drive.launch.py
[0.338s] -- Up-to-date: /home/me/maedongyee_ws/install/aicar_bringup/share/ament_index/resource_index/package_run_dependencies/aicar_bringup
[0.338s] -- Up-to-date: /home/me/maedongyee_ws/install/aicar_bringup/share/ament_index/resource_index/parent_prefix_path/aicar_bringup
[0.338s] -- Up-to-date: /home/me/maedongyee_ws/install/aicar_bringup/share/aicar_bringup/environment/ament_prefix_path.sh
[0.338s] -- Up-to-date: /home/me/maedongyee_ws/install/aicar_bringup/share/aicar_bringup/environment/ament_prefix_path.dsv
[0.338s] -- Up-to-date: /home/me/maedongyee_ws/install/aicar_bringup/share/aicar_bringup/environment/path.sh
[0.338s] -- Up-to-date: /home/me/maedongyee_ws/install/aicar_bringup/share/aicar_bringup/environment/path.dsv
[0.338s] -- Up-to-date: /home/me/maedongyee_ws/install/aicar_bringup/share/aicar_bringup/local_setup.bash
[0.338s] -- Up-to-date: /home/me/maedongyee_ws/install/aicar_bringup/share/aicar_bringup/local_setup.sh
[0.339s] -- Up-to-date: /home/me/maedongyee_ws/install/aicar_bringup/share/aicar_bringup/local_setup.zsh
[0.339s] -- Up-to-date: /home/me/maedongyee_ws/install/aicar_bringup/share/aicar_bringup/local_setup.dsv
[0.339s] -- Installing: /home/me/maedongyee_ws/install/aicar_bringup/share/aicar_bringup/package.dsv
[0.339s] -- Up-to-date: /home/me/maedongyee_ws/install/aicar_bringup/share/ament_index/resource_index/packages/aicar_bringup
[0.339s] -- Up-to-date: /home/me/maedongyee_ws/install/aicar_bringup/share/aicar_bringup/cmake/aicar_bringupConfig.cmake
[0.339s] -- Up-to-date: /home/me/maedongyee_ws/install/aicar_bringup/share/aicar_bringup/cmake/aicar_bringupConfig-version.cmake
[0.340s] -- Up-to-date: /home/me/maedongyee_ws/install/aicar_bringup/share/aicar_bringup/package.xml
[0.343s] Invoked command in '/home/me/maedongyee_ws/build/aicar_bringup' returned '0': AMENT_PREFIX_PATH=/home/me/maedongyee_ws/install/aicar_vision:/home/me/maedongyee_ws/install/aicar_controller:/home/me/maedongyee_ws/install/aicar_ui:/home/me/maedongyee_ws/install/aicar_msgs:/home/me/maedongyee_ws/install/aicar_driver:${AMENT_PREFIX_PATH} CMAKE_PREFIX_PATH=/home/me/maedongyee_ws/install/aicar_msgs:/opt/ros/jazzy/opt/gz_math_vendor:/opt/ros/jazzy/opt/gz_utils_vendor:/opt/ros/jazzy/opt/gz_cmake_vendor:/opt/ros/jazzy DEBUGINFOD_URLS=https://debuginfod.ubuntu.com LD_LIBRARY_PATH=/home/me/maedongyee_ws/install/aicar_msgs/lib:${LD_LIBRARY_PATH} PYTHONPATH=/home/me/maedongyee_ws/install/aicar_vision/lib/python3.12/site-packages:/home/me/maedongyee_ws/install/aicar_controller/lib/python3.12/site-packages:/home/me/maedongyee_ws/install/aicar_ui/lib/python3.12/site-packages:/home/me/maedongyee_ws/install/aicar_msgs/lib/python3.12/site-packages:/home/me/maedongyee_ws/install/aicar_driver/lib/python3.12/site-packages:${PYTHONPATH} /usr/bin/cmake --install /home/me/maedongyee_ws/build/aicar_bringup
