[3.111s] Invoking command in '/home/me/maedongyee_ws/aicar_driver': DEBUGINFOD_URLS=https://debuginfod.ubuntu.com PYTHONPATH=/home/me/maedongyee_ws/build/aicar_driver/prefix_override:/usr/lib/python3/dist-packages/colcon_core/task/python/colcon_distutils_commands:/home/me/maedongyee_ws/install/aicar_driver/lib/python3.12/site-packages:${PYTHONPATH} /usr/bin/python3 -W ignore:setup.py install is deprecated -W ignore:easy_install command is deprecated setup.py egg_info --egg-base ../build/aicar_driver build --build-base /home/me/maedongyee_ws/build/aicar_driver/build install --record /home/me/maedongyee_ws/build/aicar_driver/install.log --single-version-externally-managed install_data
[3.582s] running egg_info
[3.614s] writing ../build/aicar_driver/aicar_driver.egg-info/PKG-INFO
[3.615s] writing dependency_links to ../build/aicar_driver/aicar_driver.egg-info/dependency_links.txt
[3.616s] writing entry points to ../build/aicar_driver/aicar_driver.egg-info/entry_points.txt
[3.617s] writing requirements to ../build/aicar_driver/aicar_driver.egg-info/requires.txt
[3.618s] writing top-level names to ../build/aicar_driver/aicar_driver.egg-info/top_level.txt
[3.684s] reading manifest file '../build/aicar_driver/aicar_driver.egg-info/SOURCES.txt'
[3.686s] writing manifest file '../build/aicar_driver/aicar_driver.egg-info/SOURCES.txt'
[3.688s] running build
[3.688s] running build_py
[3.688s] running install
[3.700s] running install_lib
[3.738s] running install_data
[3.739s] running install_egg_info
[3.788s] removing '/home/me/maedongyee_ws/install/aicar_driver/lib/python3.12/site-packages/aicar_driver-0.2.0-py3.12.egg-info' (and everything under it)
[3.792s] Copying ../build/aicar_driver/aicar_driver.egg-info to /home/me/maedongyee_ws/install/aicar_driver/lib/python3.12/site-packages/aicar_driver-0.2.0-py3.12.egg-info
[3.794s] running install_scripts
[4.039s] Installing differential_drive_node script to /home/me/maedongyee_ws/install/aicar_driver/lib/aicar_driver
[4.040s] writing list of installed files to '/home/me/maedongyee_ws/build/aicar_driver/install.log'
[4.156s] Invoked command in '/home/me/maedongyee_ws/aicar_driver' returned '0': DEBUGINFOD_URLS=https://debuginfod.ubuntu.com PYTHONPATH=/home/me/maedongyee_ws/build/aicar_driver/prefix_override:/usr/lib/python3/dist-packages/colcon_core/task/python/colcon_distutils_commands:/home/me/maedongyee_ws/install/aicar_driver/lib/python3.12/site-packages:${PYTHONPATH} /usr/bin/python3 -W ignore:setup.py install is deprecated -W ignore:easy_install command is deprecated setup.py egg_info --egg-base ../build/aicar_driver build --build-base /home/me/maedongyee_ws/build/aicar_driver/build install --record /home/me/maedongyee_ws/build/aicar_driver/install.log --single-version-externally-managed install_data
