[2.850s] Invoking command in '/home/me/maedongyee_ws/aicar_driver': DEBUGINFOD_URLS=https://debuginfod.ubuntu.com PYTHONPATH=/home/me/maedongyee_ws/build/aicar_driver/prefix_override:/usr/lib/python3/dist-packages/colcon_core/task/python/colcon_distutils_commands:/home/me/maedongyee_ws/install/aicar_driver/lib/python3.12/site-packages:${PYTHONPATH} /usr/bin/python3 -W ignore:setup.py install is deprecated -W ignore:easy_install command is deprecated setup.py egg_info --egg-base ../build/aicar_driver build --build-base /home/me/maedongyee_ws/build/aicar_driver/build install --record /home/me/maedongyee_ws/build/aicar_driver/install.log --single-version-externally-managed install_data
[3.350s] running egg_info
[3.384s] writing ../build/aicar_driver/aicar_driver.egg-info/PKG-INFO
[3.385s] writing dependency_links to ../build/aicar_driver/aicar_driver.egg-info/dependency_links.txt
[3.385s] writing entry points to ../build/aicar_driver/aicar_driver.egg-info/entry_points.txt
[3.387s] writing requirements to ../build/aicar_driver/aicar_driver.egg-info/requires.txt
[3.387s] writing top-level names to ../build/aicar_driver/aicar_driver.egg-info/top_level.txt
[3.460s] reading manifest file '../build/aicar_driver/aicar_driver.egg-info/SOURCES.txt'
[3.462s] writing manifest file '../build/aicar_driver/aicar_driver.egg-info/SOURCES.txt'
[3.464s] running build
[3.465s] running build_py
[3.468s] running install
[3.477s] running install_lib
[3.514s] running install_data
[3.515s] running install_egg_info
[3.556s] removing '/home/me/maedongyee_ws/install/aicar_driver/lib/python3.12/site-packages/aicar_driver-0.2.0-py3.12.egg-info' (and everything under it)
[3.556s] Copying ../build/aicar_driver/aicar_driver.egg-info to /home/me/maedongyee_ws/install/aicar_driver/lib/python3.12/site-packages/aicar_driver-0.2.0-py3.12.egg-info
[3.559s] running install_scripts
[3.829s] Installing differential_drive_node script to /home/me/maedongyee_ws/install/aicar_driver/lib/aicar_driver
[3.831s] writing list of installed files to '/home/me/maedongyee_ws/build/aicar_driver/install.log'
[3.969s] Invoked command in '/home/me/maedongyee_ws/aicar_driver' returned '0': DEBUGINFOD_URLS=https://debuginfod.ubuntu.com PYTHONPATH=/home/me/maedongyee_ws/build/aicar_driver/prefix_override:/usr/lib/python3/dist-packages/colcon_core/task/python/colcon_distutils_commands:/home/me/maedongyee_ws/install/aicar_driver/lib/python3.12/site-packages:${PYTHONPATH} /usr/bin/python3 -W ignore:setup.py install is deprecated -W ignore:easy_install command is deprecated setup.py egg_info --egg-base ../build/aicar_driver build --build-base /home/me/maedongyee_ws/build/aicar_driver/build install --record /home/me/maedongyee_ws/build/aicar_driver/install.log --single-version-externally-managed install_data
