[5.832s] Invoking command in '/home/me/maedongyee_ws/aicar_ui': DEBUGINFOD_URLS=https://debuginfod.ubuntu.com PYTHONPATH=/home/me/maedongyee_ws/build/aicar_ui/prefix_override:/usr/lib/python3/dist-packages/colcon_core/task/python/colcon_distutils_commands:/home/me/maedongyee_ws/install/aicar_ui/lib/python3.12/site-packages:${PYTHONPATH} /usr/bin/python3 -W ignore:setup.py install is deprecated -W ignore:easy_install command is deprecated setup.py egg_info --egg-base ../build/aicar_ui build --build-base /home/me/maedongyee_ws/build/aicar_ui/build install --record /home/me/maedongyee_ws/build/aicar_ui/install.log --single-version-externally-managed install_data
[6.323s] running egg_info
[6.353s] writing ../build/aicar_ui/aicar_ui.egg-info/PKG-INFO
[6.356s] writing dependency_links to ../build/aicar_ui/aicar_ui.egg-info/dependency_links.txt
[6.356s] writing entry points to ../build/aicar_ui/aicar_ui.egg-info/entry_points.txt
[6.356s] writing requirements to ../build/aicar_ui/aicar_ui.egg-info/requires.txt
[6.356s] writing top-level names to ../build/aicar_ui/aicar_ui.egg-info/top_level.txt
[6.424s] reading manifest file '../build/aicar_ui/aicar_ui.egg-info/SOURCES.txt'
[6.426s] writing manifest file '../build/aicar_ui/aicar_ui.egg-info/SOURCES.txt'
[6.427s] running build
[6.428s] running build_py
[6.432s] running install
[6.442s] running install_lib
[6.474s] running install_data
[6.476s] running install_egg_info
[6.511s] removing '/home/me/maedongyee_ws/install/aicar_ui/lib/python3.12/site-packages/aicar_ui-0.1.0-py3.12.egg-info' (and everything under it)
[6.511s] Copying ../build/aicar_ui/aicar_ui.egg-info to /home/me/maedongyee_ws/install/aicar_ui/lib/python3.12/site-packages/aicar_ui-0.1.0-py3.12.egg-info
[6.515s] running install_scripts
[6.720s] Installing dashboard_node script to /home/me/maedongyee_ws/install/aicar_ui/lib/aicar_ui
[6.724s] writing list of installed files to '/home/me/maedongyee_ws/build/aicar_ui/install.log'
[6.910s] Invoked command in '/home/me/maedongyee_ws/aicar_ui' returned '0': DEBUGINFOD_URLS=https://debuginfod.ubuntu.com PYTHONPATH=/home/me/maedongyee_ws/build/aicar_ui/prefix_override:/usr/lib/python3/dist-packages/colcon_core/task/python/colcon_distutils_commands:/home/me/maedongyee_ws/install/aicar_ui/lib/python3.12/site-packages:${PYTHONPATH} /usr/bin/python3 -W ignore:setup.py install is deprecated -W ignore:easy_install command is deprecated setup.py egg_info --egg-base ../build/aicar_ui build --build-base /home/me/maedongyee_ws/build/aicar_ui/build install --record /home/me/maedongyee_ws/build/aicar_ui/install.log --single-version-externally-managed install_data
